<?xml version="1.0" encoding="UTF-8"?>
<testsuite xmlns:xsi="http://www.w3.org/2001/XMLSchema-instance" xsi:noNamespaceSchemaLocation="https://maven.apache.org/surefire/maven-surefire-plugin/xsd/surefire-test-report.xsd" version="3.0.2" name="com.uma.wanchinchun.WanchinchunApplicationTests" time="8.711" tests="12" errors="0" skipped="0" failures="1">
  <properties>
    <property name="java.specification.version" value="23"/>
    <property name="sun.cpu.isalist" value="amd64"/>
    <property name="sun.jnu.encoding" value="Cp1252"/>
    <property name="java.class.path" value="C:\Users\pablo\Downloads\mini-pim-plytix-wanchinchun-develop\mini-pim-plytix-wanchinchun-develop\Backend\target\test-classes;C:\Users\pablo\Downloads\mini-pim-plytix-wanchinchun-develop\mini-pim-plytix-wanchinchun-develop\Backend\target\classes;C:\Users\pablo\.m2\repository\org\springframework\boot\spring-boot-starter\3.4.4\spring-boot-starter-3.4.4.jar;C:\Users\pablo\.m2\repository\org\springframework\boot\spring-boot\3.4.4\spring-boot-3.4.4.jar;C:\Users\pablo\.m2\repository\org\springframework\spring-context\6.2.5\spring-context-6.2.5.jar;C:\Users\pablo\.m2\repository\org\springframework\boot\spring-boot-autoconfigure\3.4.4\spring-boot-autoconfigure-3.4.4.jar;C:\Users\pablo\.m2\repository\org\springframework\boot\spring-boot-starter-logging\3.4.4\spring-boot-starter-logging-3.4.4.jar;C:\Users\pablo\.m2\repository\ch\qos\logback\logback-classic\1.5.18\logback-classic-1.5.18.jar;C:\Users\pablo\.m2\repository\ch\qos\logback\logback-core\1.5.18\logback-core-1.5.18.jar;C:\Users\pablo\.m2\repository\org\apache\logging\log4j\log4j-to-slf4j\2.24.3\log4j-to-slf4j-2.24.3.jar;C:\Users\pablo\.m2\repository\org\apache\logging\log4j\log4j-api\2.24.3\log4j-api-2.24.3.jar;C:\Users\pablo\.m2\repository\org\slf4j\jul-to-slf4j\2.0.17\jul-to-slf4j-2.0.17.jar;C:\Users\pablo\.m2\repository\jakarta\annotation\jakarta.annotation-api\2.1.1\jakarta.annotation-api-2.1.1.jar;C:\Users\pablo\.m2\repository\org\springframework\spring-core\6.2.5\spring-core-6.2.5.jar;C:\Users\pablo\.m2\repository\org\springframework\spring-jcl\6.2.5\spring-jcl-6.2.5.jar;C:\Users\pablo\.m2\repository\org\yaml\snakeyaml\2.3\snakeyaml-2.3.jar;C:\Users\pablo\.m2\repository\org\springframework\boot\spring-boot-starter-data-jpa\3.4.4\spring-boot-starter-data-jpa-3.4.4.jar;C:\Users\pablo\.m2\repository\org\springframework\boot\spring-boot-starter-jdbc\3.4.4\spring-boot-starter-jdbc-3.4.4.jar;C:\Users\pablo\.m2\repository\com\zaxxer\HikariCP\5.1.0\HikariCP-5.1.0.jar;C:\Users\pablo\.m2\repository\org\springframework\spring-jdbc\6.2.5\spring-jdbc-6.2.5.jar;C:\Users\pablo\.m2\repository\org\hibernate\orm\hibernate-core\6.6.11.Final\hibernate-core-6.6.11.Final.jar;C:\Users\pablo\.m2\repository\jakarta\persistence\jakarta.persistence-api\3.1.0\jakarta.persistence-api-3.1.0.jar;C:\Users\pablo\.m2\repository\jakarta\transaction\jakarta.transaction-api\2.0.1\jakarta.transaction-api-2.0.1.jar;C:\Users\pablo\.m2\repository\org\jboss\logging\jboss-logging\3.6.1.Final\jboss-logging-3.6.1.Final.jar;C:\Users\pablo\.m2\repository\org\hibernate\common\hibernate-commons-annotations\7.0.3.Final\hibernate-commons-annotations-7.0.3.Final.jar;C:\Users\pablo\.m2\repository\io\smallrye\jandex\3.2.0\jandex-3.2.0.jar;C:\Users\pablo\.m2\repository\com\fasterxml\classmate\1.7.0\classmate-1.7.0.jar;C:\Users\pablo\.m2\repository\net\bytebuddy\byte-buddy\1.15.11\byte-buddy-1.15.11.jar;C:\Users\pablo\.m2\repository\org\glassfish\jaxb\jaxb-runtime\4.0.5\jaxb-runtime-4.0.5.jar;C:\Users\pablo\.m2\repository\org\glassfish\jaxb\jaxb-core\4.0.5\jaxb-core-4.0.5.jar;C:\Users\pablo\.m2\repository\org\eclipse\angus\angus-activation\2.0.2\angus-activation-2.0.2.jar;C:\Users\pablo\.m2\repository\org\glassfish\jaxb\txw2\4.0.5\txw2-4.0.5.jar;C:\Users\pablo\.m2\repository\com\sun\istack\istack-commons-runtime\4.1.2\istack-commons-runtime-4.1.2.jar;C:\Users\pablo\.m2\repository\jakarta\inject\jakarta.inject-api\2.0.1\jakarta.inject-api-2.0.1.jar;C:\Users\pablo\.m2\repository\org\antlr\antlr4-runtime\4.13.0\antlr4-runtime-4.13.0.jar;C:\Users\pablo\.m2\repository\org\springframework\data\spring-data-jpa\3.4.4\spring-data-jpa-3.4.4.jar;C:\Users\pablo\.m2\repository\org\springframework\data\spring-data-commons\3.4.4\spring-data-commons-3.4.4.jar;C:\Users\pablo\.m2\repository\org\springframework\spring-orm\6.2.5\spring-orm-6.2.5.jar;C:\Users\pablo\.m2\repository\org\springframework\spring-aop\6.2.5\spring-aop-6.2.5.jar;C:\Users\pablo\.m2\repository\org\springframework\spring-tx\6.2.5\spring-tx-6.2.5.jar;C:\Users\pablo\.m2\repository\org\springframework\spring-beans\6.2.5\spring-beans-6.2.5.jar;C:\Users\pablo\.m2\repository\org\slf4j\slf4j-api\2.0.17\slf4j-api-2.0.17.jar;C:\Users\pablo\.m2\repository\org\springframework\spring-aspects\6.2.5\spring-aspects-6.2.5.jar;C:\Users\pablo\.m2\repository\org\aspectj\aspectjweaver\1.9.23\aspectjweaver-1.9.23.jar;C:\Users\pablo\.m2\repository\org\springframework\boot\spring-boot-starter-web\3.4.4\spring-boot-starter-web-3.4.4.jar;C:\Users\pablo\.m2\repository\org\springframework\boot\spring-boot-starter-json\3.4.4\spring-boot-starter-json-3.4.4.jar;C:\Users\pablo\.m2\repository\com\fasterxml\jackson\core\jackson-databind\2.18.3\jackson-databind-2.18.3.jar;C:\Users\pablo\.m2\repository\com\fasterxml\jackson\core\jackson-annotations\2.18.3\jackson-annotations-2.18.3.jar;C:\Users\pablo\.m2\repository\com\fasterxml\jackson\core\jackson-core\2.18.3\jackson-core-2.18.3.jar;C:\Users\pablo\.m2\repository\com\fasterxml\jackson\datatype\jackson-datatype-jdk8\2.18.3\jackson-datatype-jdk8-2.18.3.jar;C:\Users\pablo\.m2\repository\com\fasterxml\jackson\datatype\jackson-datatype-jsr310\2.18.3\jackson-datatype-jsr310-2.18.3.jar;C:\Users\pablo\.m2\repository\com\fasterxml\jackson\module\jackson-module-parameter-names\2.18.3\jackson-module-parameter-names-2.18.3.jar;C:\Users\pablo\.m2\repository\org\springframework\boot\spring-boot-starter-tomcat\3.4.4\spring-boot-starter-tomcat-3.4.4.jar;C:\Users\pablo\.m2\repository\org\apache\tomcat\embed\tomcat-embed-core\10.1.39\tomcat-embed-core-10.1.39.jar;C:\Users\pablo\.m2\repository\org\apache\tomcat\embed\tomcat-embed-el\10.1.39\tomcat-embed-el-10.1.39.jar;C:\Users\pablo\.m2\repository\org\apache\tomcat\embed\tomcat-embed-websocket\10.1.39\tomcat-embed-websocket-10.1.39.jar;C:\Users\pablo\.m2\repository\org\springframework\spring-web\6.2.5\spring-web-6.2.5.jar;C:\Users\pablo\.m2\repository\io\micrometer\micrometer-observation\1.14.5\micrometer-observation-1.14.5.jar;C:\Users\pablo\.m2\repository\io\micrometer\micrometer-commons\1.14.5\micrometer-commons-1.14.5.jar;C:\Users\pablo\.m2\repository\org\springframework\spring-webmvc\6.2.5\spring-webmvc-6.2.5.jar;C:\Users\pablo\.m2\repository\org\springframework\spring-expression\6.2.5\spring-expression-6.2.5.jar;C:\Users\pablo\.m2\repository\org\springframework\boot\spring-boot-starter-test\3.4.4\spring-boot-starter-test-3.4.4.jar;C:\Users\pablo\.m2\repository\org\springframework\boot\spring-boot-test\3.4.4\spring-boot-test-3.4.4.jar;C:\Users\pablo\.m2\repository\org\springframework\boot\spring-boot-test-autoconfigure\3.4.4\spring-boot-test-autoconfigure-3.4.4.jar;C:\Users\pablo\.m2\repository\com\jayway\jsonpath\json-path\2.9.0\json-path-2.9.0.jar;C:\Users\pablo\.m2\repository\jakarta\xml\bind\jakarta.xml.bind-api\4.0.2\jakarta.xml.bind-api-4.0.2.jar;C:\Users\pablo\.m2\repository\jakarta\activation\jakarta.activation-api\2.1.3\jakarta.activation-api-2.1.3.jar;C:\Users\pablo\.m2\repository\net\minidev\json-smart\2.5.2\json-smart-2.5.2.jar;C:\Users\pablo\.m2\repository\net\minidev\accessors-smart\2.5.2\accessors-smart-2.5.2.jar;C:\Users\pablo\.m2\repository\org\ow2\asm\asm\9.7.1\asm-9.7.1.jar;C:\Users\pablo\.m2\repository\org\assertj\assertj-core\3.26.3\assertj-core-3.26.3.jar;C:\Users\pablo\.m2\repository\org\awaitility\awaitility\4.2.2\awaitility-4.2.2.jar;C:\Users\pablo\.m2\repository\org\hamcrest\hamcrest\2.2\hamcrest-2.2.jar;C:\Users\pablo\.m2\repository\org\junit\jupiter\junit-jupiter\5.11.4\junit-jupiter-5.11.4.jar;C:\Users\pablo\.m2\repository\org\junit\jupiter\junit-jupiter-api\5.11.4\junit-jupiter-api-5.11.4.jar;C:\Users\pablo\.m2\repository\org\opentest4j\opentest4j\1.3.0\opentest4j-1.3.0.jar;C:\Users\pablo\.m2\repository\org\junit\platform\junit-platform-commons\1.11.4\junit-platform-commons-1.11.4.jar;C:\Users\pablo\.m2\repository\org\apiguardian\apiguardian-api\1.1.2\apiguardian-api-1.1.2.jar;C:\Users\pablo\.m2\repository\org\junit\jupiter\junit-jupiter-params\5.11.4\junit-jupiter-params-5.11.4.jar;C:\Users\pablo\.m2\repository\org\junit\jupiter\junit-jupiter-engine\5.11.4\junit-jupiter-engine-5.11.4.jar;C:\Users\pablo\.m2\repository\org\junit\platform\junit-platform-engine\1.11.4\junit-platform-engine-1.11.4.jar;C:\Users\pablo\.m2\repository\org\mockito\mockito-core\5.14.2\mockito-core-5.14.2.jar;C:\Users\pablo\.m2\repository\net\bytebuddy\byte-buddy-agent\1.15.11\byte-buddy-agent-1.15.11.jar;C:\Users\pablo\.m2\repository\org\objenesis\objenesis\3.3\objenesis-3.3.jar;C:\Users\pablo\.m2\repository\org\mockito\mockito-junit-jupiter\5.14.2\mockito-junit-jupiter-5.14.2.jar;C:\Users\pablo\.m2\repository\org\skyscreamer\jsonassert\1.5.3\jsonassert-1.5.3.jar;C:\Users\pablo\.m2\repository\com\vaadin\external\google\android-json\0.0.20131108.vaadin1\android-json-0.0.20131108.vaadin1.jar;C:\Users\pablo\.m2\repository\org\springframework\spring-test\6.2.5\spring-test-6.2.5.jar;C:\Users\pablo\.m2\repository\org\xmlunit\xmlunit-core\2.10.0\xmlunit-core-2.10.0.jar;C:\Users\pablo\.m2\repository\com\h2database\h2\2.3.232\h2-2.3.232.jar;"/>
    <property name="java.vm.vendor" value="Oracle Corporation"/>
    <property name="sun.arch.data.model" value="64"/>
    <property name="user.variant" value=""/>
    <property name="catalina.useNaming" value="false"/>
    <property name="java.vendor.url" value="https://java.oracle.com/"/>
    <property name="user.timezone" value="Europe/Madrid"/>
    <property name="org.jboss.logging.provider" value="slf4j"/>
    <property name="os.name" value="Windows 11"/>
    <property name="java.vm.specification.version" value="23"/>
    <property name="APPLICATION_NAME" value="wanchinchun"/>
    <property name="sun.java.launcher" value="SUN_STANDARD"/>
    <property name="user.country" value="ES"/>
    <property name="sun.boot.library.path" value="C:\Program Files\Java\jdk-23\bin"/>
    <property name="sun.java.command" value="C:\Users\pablo\AppData\Local\Temp\surefire10559722557536342816\surefirebooter-20250528205751939_3.jar C:\Users\pablo\AppData\Local\Temp\surefire10559722557536342816 2025-05-28T20-57-51_771-jvmRun1 surefire-20250528205751939_1tmp surefire_0-20250528205751939_2tmp"/>
    <property name="jdk.debug" value="release"/>
    <property name="surefire.test.class.path" value="C:\Users\pablo\Downloads\mini-pim-plytix-wanchinchun-develop\mini-pim-plytix-wanchinchun-develop\Backend\target\test-classes;C:\Users\pablo\Downloads\mini-pim-plytix-wanchinchun-develop\mini-pim-plytix-wanchinchun-develop\Backend\target\classes;C:\Users\pablo\.m2\repository\org\springframework\boot\spring-boot-starter\3.4.4\spring-boot-starter-3.4.4.jar;C:\Users\pablo\.m2\repository\org\springframework\boot\spring-boot\3.4.4\spring-boot-3.4.4.jar;C:\Users\pablo\.m2\repository\org\springframework\spring-context\6.2.5\spring-context-6.2.5.jar;C:\Users\pablo\.m2\repository\org\springframework\boot\spring-boot-autoconfigure\3.4.4\spring-boot-autoconfigure-3.4.4.jar;C:\Users\pablo\.m2\repository\org\springframework\boot\spring-boot-starter-logging\3.4.4\spring-boot-starter-logging-3.4.4.jar;C:\Users\pablo\.m2\repository\ch\qos\logback\logback-classic\1.5.18\logback-classic-1.5.18.jar;C:\Users\pablo\.m2\repository\ch\qos\logback\logback-core\1.5.18\logback-core-1.5.18.jar;C:\Users\pablo\.m2\repository\org\apache\logging\log4j\log4j-to-slf4j\2.24.3\log4j-to-slf4j-2.24.3.jar;C:\Users\pablo\.m2\repository\org\apache\logging\log4j\log4j-api\2.24.3\log4j-api-2.24.3.jar;C:\Users\pablo\.m2\repository\org\slf4j\jul-to-slf4j\2.0.17\jul-to-slf4j-2.0.17.jar;C:\Users\pablo\.m2\repository\jakarta\annotation\jakarta.annotation-api\2.1.1\jakarta.annotation-api-2.1.1.jar;C:\Users\pablo\.m2\repository\org\springframework\spring-core\6.2.5\spring-core-6.2.5.jar;C:\Users\pablo\.m2\repository\org\springframework\spring-jcl\6.2.5\spring-jcl-6.2.5.jar;C:\Users\pablo\.m2\repository\org\yaml\snakeyaml\2.3\snakeyaml-2.3.jar;C:\Users\pablo\.m2\repository\org\springframework\boot\spring-boot-starter-data-jpa\3.4.4\spring-boot-starter-data-jpa-3.4.4.jar;C:\Users\pablo\.m2\repository\org\springframework\boot\spring-boot-starter-jdbc\3.4.4\spring-boot-starter-jdbc-3.4.4.jar;C:\Users\pablo\.m2\repository\com\zaxxer\HikariCP\5.1.0\HikariCP-5.1.0.jar;C:\Users\pablo\.m2\repository\org\springframework\spring-jdbc\6.2.5\spring-jdbc-6.2.5.jar;C:\Users\pablo\.m2\repository\org\hibernate\orm\hibernate-core\6.6.11.Final\hibernate-core-6.6.11.Final.jar;C:\Users\pablo\.m2\repository\jakarta\persistence\jakarta.persistence-api\3.1.0\jakarta.persistence-api-3.1.0.jar;C:\Users\pablo\.m2\repository\jakarta\transaction\jakarta.transaction-api\2.0.1\jakarta.transaction-api-2.0.1.jar;C:\Users\pablo\.m2\repository\org\jboss\logging\jboss-logging\3.6.1.Final\jboss-logging-3.6.1.Final.jar;C:\Users\pablo\.m2\repository\org\hibernate\common\hibernate-commons-annotations\7.0.3.Final\hibernate-commons-annotations-7.0.3.Final.jar;C:\Users\pablo\.m2\repository\io\smallrye\jandex\3.2.0\jandex-3.2.0.jar;C:\Users\pablo\.m2\repository\com\fasterxml\classmate\1.7.0\classmate-1.7.0.jar;C:\Users\pablo\.m2\repository\net\bytebuddy\byte-buddy\1.15.11\byte-buddy-1.15.11.jar;C:\Users\pablo\.m2\repository\org\glassfish\jaxb\jaxb-runtime\4.0.5\jaxb-runtime-4.0.5.jar;C:\Users\pablo\.m2\repository\org\glassfish\jaxb\jaxb-core\4.0.5\jaxb-core-4.0.5.jar;C:\Users\pablo\.m2\repository\org\eclipse\angus\angus-activation\2.0.2\angus-activation-2.0.2.jar;C:\Users\pablo\.m2\repository\org\glassfish\jaxb\txw2\4.0.5\txw2-4.0.5.jar;C:\Users\pablo\.m2\repository\com\sun\istack\istack-commons-runtime\4.1.2\istack-commons-runtime-4.1.2.jar;C:\Users\pablo\.m2\repository\jakarta\inject\jakarta.inject-api\2.0.1\jakarta.inject-api-2.0.1.jar;C:\Users\pablo\.m2\repository\org\antlr\antlr4-runtime\4.13.0\antlr4-runtime-4.13.0.jar;C:\Users\pablo\.m2\repository\org\springframework\data\spring-data-jpa\3.4.4\spring-data-jpa-3.4.4.jar;C:\Users\pablo\.m2\repository\org\springframework\data\spring-data-commons\3.4.4\spring-data-commons-3.4.4.jar;C:\Users\pablo\.m2\repository\org\springframework\spring-orm\6.2.5\spring-orm-6.2.5.jar;C:\Users\pablo\.m2\repository\org\springframework\spring-aop\6.2.5\spring-aop-6.2.5.jar;C:\Users\pablo\.m2\repository\org\springframework\spring-tx\6.2.5\spring-tx-6.2.5.jar;C:\Users\pablo\.m2\repository\org\springframework\spring-beans\6.2.5\spring-beans-6.2.5.jar;C:\Users\pablo\.m2\repository\org\slf4j\slf4j-api\2.0.17\slf4j-api-2.0.17.jar;C:\Users\pablo\.m2\repository\org\springframework\spring-aspects\6.2.5\spring-aspects-6.2.5.jar;C:\Users\pablo\.m2\repository\org\aspectj\aspectjweaver\1.9.23\aspectjweaver-1.9.23.jar;C:\Users\pablo\.m2\repository\org\springframework\boot\spring-boot-starter-web\3.4.4\spring-boot-starter-web-3.4.4.jar;C:\Users\pablo\.m2\repository\org\springframework\boot\spring-boot-starter-json\3.4.4\spring-boot-starter-json-3.4.4.jar;C:\Users\pablo\.m2\repository\com\fasterxml\jackson\core\jackson-databind\2.18.3\jackson-databind-2.18.3.jar;C:\Users\pablo\.m2\repository\com\fasterxml\jackson\core\jackson-annotations\2.18.3\jackson-annotations-2.18.3.jar;C:\Users\pablo\.m2\repository\com\fasterxml\jackson\core\jackson-core\2.18.3\jackson-core-2.18.3.jar;C:\Users\pablo\.m2\repository\com\fasterxml\jackson\datatype\jackson-datatype-jdk8\2.18.3\jackson-datatype-jdk8-2.18.3.jar;C:\Users\pablo\.m2\repository\com\fasterxml\jackson\datatype\jackson-datatype-jsr310\2.18.3\jackson-datatype-jsr310-2.18.3.jar;C:\Users\pablo\.m2\repository\com\fasterxml\jackson\module\jackson-module-parameter-names\2.18.3\jackson-module-parameter-names-2.18.3.jar;C:\Users\pablo\.m2\repository\org\springframework\boot\spring-boot-starter-tomcat\3.4.4\spring-boot-starter-tomcat-3.4.4.jar;C:\Users\pablo\.m2\repository\org\apache\tomcat\embed\tomcat-embed-core\10.1.39\tomcat-embed-core-10.1.39.jar;C:\Users\pablo\.m2\repository\org\apache\tomcat\embed\tomcat-embed-el\10.1.39\tomcat-embed-el-10.1.39.jar;C:\Users\pablo\.m2\repository\org\apache\tomcat\embed\tomcat-embed-websocket\10.1.39\tomcat-embed-websocket-10.1.39.jar;C:\Users\pablo\.m2\repository\org\springframework\spring-web\6.2.5\spring-web-6.2.5.jar;C:\Users\pablo\.m2\repository\io\micrometer\micrometer-observation\1.14.5\micrometer-observation-1.14.5.jar;C:\Users\pablo\.m2\repository\io\micrometer\micrometer-commons\1.14.5\micrometer-commons-1.14.5.jar;C:\Users\pablo\.m2\repository\org\springframework\spring-webmvc\6.2.5\spring-webmvc-6.2.5.jar;C:\Users\pablo\.m2\repository\org\springframework\spring-expression\6.2.5\spring-expression-6.2.5.jar;C:\Users\pablo\.m2\repository\org\springframework\boot\spring-boot-starter-test\3.4.4\spring-boot-starter-test-3.4.4.jar;C:\Users\pablo\.m2\repository\org\springframework\boot\spring-boot-test\3.4.4\spring-boot-test-3.4.4.jar;C:\Users\pablo\.m2\repository\org\springframework\boot\spring-boot-test-autoconfigure\3.4.4\spring-boot-test-autoconfigure-3.4.4.jar;C:\Users\pablo\.m2\repository\com\jayway\jsonpath\json-path\2.9.0\json-path-2.9.0.jar;C:\Users\pablo\.m2\repository\jakarta\xml\bind\jakarta.xml.bind-api\4.0.2\jakarta.xml.bind-api-4.0.2.jar;C:\Users\pablo\.m2\repository\jakarta\activation\jakarta.activation-api\2.1.3\jakarta.activation-api-2.1.3.jar;C:\Users\pablo\.m2\repository\net\minidev\json-smart\2.5.2\json-smart-2.5.2.jar;C:\Users\pablo\.m2\repository\net\minidev\accessors-smart\2.5.2\accessors-smart-2.5.2.jar;C:\Users\pablo\.m2\repository\org\ow2\asm\asm\9.7.1\asm-9.7.1.jar;C:\Users\pablo\.m2\repository\org\assertj\assertj-core\3.26.3\assertj-core-3.26.3.jar;C:\Users\pablo\.m2\repository\org\awaitility\awaitility\4.2.2\awaitility-4.2.2.jar;C:\Users\pablo\.m2\repository\org\hamcrest\hamcrest\2.2\hamcrest-2.2.jar;C:\Users\pablo\.m2\repository\org\junit\jupiter\junit-jupiter\5.11.4\junit-jupiter-5.11.4.jar;C:\Users\pablo\.m2\repository\org\junit\jupiter\junit-jupiter-api\5.11.4\junit-jupiter-api-5.11.4.jar;C:\Users\pablo\.m2\repository\org\opentest4j\opentest4j\1.3.0\opentest4j-1.3.0.jar;C:\Users\pablo\.m2\repository\org\junit\platform\junit-platform-commons\1.11.4\junit-platform-commons-1.11.4.jar;C:\Users\pablo\.m2\repository\org\apiguardian\apiguardian-api\1.1.2\apiguardian-api-1.1.2.jar;C:\Users\pablo\.m2\repository\org\junit\jupiter\junit-jupiter-params\5.11.4\junit-jupiter-params-5.11.4.jar;C:\Users\pablo\.m2\repository\org\junit\jupiter\junit-jupiter-engine\5.11.4\junit-jupiter-engine-5.11.4.jar;C:\Users\pablo\.m2\repository\org\junit\platform\junit-platform-engine\1.11.4\junit-platform-engine-1.11.4.jar;C:\Users\pablo\.m2\repository\org\mockito\mockito-core\5.14.2\mockito-core-5.14.2.jar;C:\Users\pablo\.m2\repository\net\bytebuddy\byte-buddy-agent\1.15.11\byte-buddy-agent-1.15.11.jar;C:\Users\pablo\.m2\repository\org\objenesis\objenesis\3.3\objenesis-3.3.jar;C:\Users\pablo\.m2\repository\org\mockito\mockito-junit-jupiter\5.14.2\mockito-junit-jupiter-5.14.2.jar;C:\Users\pablo\.m2\repository\org\skyscreamer\jsonassert\1.5.3\jsonassert-1.5.3.jar;C:\Users\pablo\.m2\repository\com\vaadin\external\google\android-json\0.0.20131108.vaadin1\android-json-0.0.20131108.vaadin1.jar;C:\Users\pablo\.m2\repository\org\springframework\spring-test\6.2.5\spring-test-6.2.5.jar;C:\Users\pablo\.m2\repository\org\xmlunit\xmlunit-core\2.10.0\xmlunit-core-2.10.0.jar;C:\Users\pablo\.m2\repository\com\h2database\h2\2.3.232\h2-2.3.232.jar;"/>
    <property name="sun.cpu.endian" value="little"/>
    <property name="user.home" value="C:\Users\pablo"/>
    <property name="user.language" value="es"/>
    <property name="java.specification.vendor" value="Oracle Corporation"/>
    <property name="java.version.date" value="2024-09-17"/>
    <property name="java.home" value="C:\Program Files\Java\jdk-23"/>
    <property name="file.separator" value="\"/>
    <property name="basedir" value="C:\Users\pablo\Downloads\mini-pim-plytix-wanchinchun-develop\mini-pim-plytix-wanchinchun-develop\Backend"/>
    <property name="java.vm.compressedOopsMode" value="Zero based"/>
    <property name="line.separator" value="&#10;"/>
    <property name="java.vm.specification.vendor" value="Oracle Corporation"/>
    <property name="java.specification.name" value="Java Platform API Specification"/>
    <property name="FILE_LOG_CHARSET" value="UTF-8"/>
    <property name="java.awt.headless" value="true"/>
    <property name="surefire.real.class.path" value="C:\Users\pablo\AppData\Local\Temp\surefire10559722557536342816\surefirebooter-20250528205751939_3.jar"/>
    <property name="user.script" value=""/>
    <property name="sun.management.compiler" value="HotSpot 64-Bit Tiered Compilers"/>
    <property name="java.runtime.version" value="23+37-2369"/>
    <property name="user.name" value="pablo"/>
    <property name="stdout.encoding" value="Cp1252"/>
    <property name="path.separator" value=";"/>
    <property name="os.version" value="10.0"/>
    <property name="java.runtime.name" value="Java(TM) SE Runtime Environment"/>
    <property name="file.encoding" value="UTF-8"/>
    <property name="java.vm.name" value="Java HotSpot(TM) 64-Bit Server VM"/>
    <property name="localRepository" value="C:\Users\pablo\.m2\repository"/>
    <property name="java.vendor.url.bug" value="https://bugreport.java.com/bugreport/"/>
    <property name="java.io.tmpdir" value="C:\Users\pablo\AppData\Local\Temp\"/>
    <property name="catalina.home" value="C:\Users\pablo\AppData\Local\Temp\tomcat.0.8505626554522332051"/>
    <property name="com.zaxxer.hikari.pool_number" value="1"/>
    <property name="java.version" value="23"/>
    <property name="user.dir" value="C:\Users\pablo\Downloads\mini-pim-plytix-wanchinchun-develop\mini-pim-plytix-wanchinchun-develop\Backend"/>
    <property name="os.arch" value="amd64"/>
    <property name="java.vm.specification.name" value="Java Virtual Machine Specification"/>
    <property name="PID" value="2092"/>
    <property name="sun.os.patch.level" value=""/>
    <property name="CONSOLE_LOG_CHARSET" value="UTF-8"/>
    <property name="catalina.base" value="C:\Users\pablo\AppData\Local\Temp\tomcat.0.8505626554522332051"/>
    <property name="native.encoding" value="Cp1252"/>
    <property name="java.library.path" value="C:\Program Files\Java\jdk-23\bin;C:\WINDOWS\Sun\Java\bin;C:\WINDOWS\system32;C:\WINDOWS;C:\Program Files\PowerShell\7;C:\Program Files\Rockwell Software\RSCommon;C:\Program Files\Common Files\Oracle\Java\javapath;C:\ProgramData\Oracle\Java\javapath;C:\WINDOWS\system32;C:\WINDOWS;C:\WINDOWS\System32\Wbem;C:\WINDOWS\System32\WindowsPowerShell\v1.0\;C:\WINDOWS\System32\OpenSSH\;C:\Program Files\dotnet\;C:\ProgramData\chocolatey\bin;C:\Users\pablo\apache-maven-3.9.9\bin;C:\Program Files\Git\cmd;C:\Program Files\Docker\Docker\resources\bin;C:\Program Files\PowerShell\7\;C:\Users\pablo\AppData\Local\Microsoft\WindowsApps;C:\Users\pablo\AppData\Local\Programs\Microsoft VS Code\bin;;c:\Users\pablo\.vscode\extensions\ms-python.debugpy-2025.8.0-win32-x64\bundled\scripts\noConfigScripts;c:\Users\pablo\AppData\Roaming\Code\User\globalStorage\github.copilot-chat\debugCommand;."/>
    <property name="java.vm.info" value="mixed mode, sharing"/>
    <property name="stderr.encoding" value="Cp1252"/>
    <property name="java.vendor" value="Oracle Corporation"/>
    <property name="java.vm.version" value="23+37-2369"/>
    <property name="sun.io.unicode.encoding" value="UnicodeLittle"/>
    <property name="java.class.version" value="67.0"/>
    <property name="LOGGED_APPLICATION_NAME" value="[wanchinchun] "/>
  </properties>
  <testcase name="getAllCategories_InsufficientPermissions_ReturnsForbidden" classname="com.uma.wanchinchun.WanchinchunApplicationTests" time="0.701">
    <system-out><![CDATA[20:57:52.914 [main] INFO org.springframework.test.context.support.AnnotationConfigContextLoaderUtils -- Could not detect default configuration classes for test class [com.uma.wanchinchun.WanchinchunApplicationTests]: WanchinchunApplicationTests does not declare any static, non-private, non-final, nested classes annotated with @Configuration.
20:57:53.073 [main] INFO org.springframework.boot.test.context.SpringBootTestContextBootstrapper -- Found @SpringBootConfiguration com.uma.wanchinchun.WanchinchunApplication for test class com.uma.wanchinchun.WanchinchunApplicationTests

  .   ____          _            __ _ _
 /\\ / ___'_ __ _ _(_)_ __  __ _ \ \ \ \
( ( )\___ | '_ | '_| | '_ \/ _` | \ \ \ \
 \\/  ___)| |_)| | | | | || (_| |  ) ) ) )
  '  |____| .__|_| |_|_| |_\__, | / / / /
 =========|_|==============|___/=/_/_/_/

 :: Spring Boot ::                (v3.4.4)

2025-05-28T20:57:53.651+02:00  INFO 2092 --- [wanchinchun] [           main] c.u.w.WanchinchunApplicationTests        : Starting WanchinchunApplicationTests using Java 23 with PID 2092 (started by pablo in C:\Users\pablo\Downloads\mini-pim-plytix-wanchinchun-develop\mini-pim-plytix-wanchinchun-develop\Backend)
2025-05-28T20:57:53.654+02:00  INFO 2092 --- [wanchinchun] [           main] c.u.w.WanchinchunApplicationTests        : No active profile set, falling back to 1 default profile: "default"
2025-05-28T20:57:53.655+02:00 DEBUG 2092 --- [wanchinchun] [           main] o.s.boot.SpringApplication               : Loading source class com.uma.wanchinchun.WanchinchunApplication
2025-05-28T20:57:53.679+02:00 DEBUG 2092 --- [wanchinchun] [           main] ConfigServletWebServerApplicationContext : Refreshing org.springframework.boot.web.servlet.context.AnnotationConfigServletWebServerApplicationContext@12365c88
2025-05-28T20:57:53.706+02:00 DEBUG 2092 --- [wanchinchun] [           main] o.s.b.f.s.DefaultListableBeanFactory     : Creating shared instance of singleton bean 'org.springframework.context.annotation.internalConfigurationAnnotationProcessor'
2025-05-28T20:57:53.731+02:00 DEBUG 2092 --- [wanchinchun] [           main] o.s.b.f.s.DefaultListableBeanFactory     : Creating shared instance of singleton bean 'org.springframework.boot.autoconfigure.internalCachingMetadataReaderFactory'
2025-05-28T20:57:53.805+02:00 DEBUG 2092 --- [wanchinchun] [           main] o.s.c.a.ClassPathBeanDefinitionScanner   : Identified candidate component class: file [C:\Users\pablo\Downloads\mini-pim-plytix-wanchinchun-develop\mini-pim-plytix-wanchinchun-develop\Backend\target\classes\com\uma\wanchinchun\controllers\CategoryController.class]
2025-05-28T20:57:53.807+02:00 DEBUG 2092 --- [wanchinchun] [           main] o.s.c.a.ClassPathBeanDefinitionScanner   : Identified candidate component class: file [C:\Users\pablo\Downloads\mini-pim-plytix-wanchinchun-develop\mini-pim-plytix-wanchinchun-develop\Backend\target\classes\com\uma\wanchinchun\controllers\ProductController.class]
2025-05-28T20:57:53.808+02:00 DEBUG 2092 --- [wanchinchun] [           main] o.s.c.a.ClassPathBeanDefinitionScanner   : Identified candidate component class: file [C:\Users\pablo\Downloads\mini-pim-plytix-wanchinchun-develop\mini-pim-plytix-wanchinchun-develop\Backend\target\classes\com\uma\wanchinchun\controllers\RelationControler.class]
2025-05-28T20:57:53.809+02:00 DEBUG 2092 --- [wanchinchun] [           main] o.s.c.a.ClassPathBeanDefinitionScanner   : Identified candidate component class: file [C:\Users\pablo\Downloads\mini-pim-plytix-wanchinchun-develop\mini-pim-plytix-wanchinchun-develop\Backend\target\classes\com\uma\wanchinchun\DatabaseInitializer.class]
2025-05-28T20:57:53.815+02:00 DEBUG 2092 --- [wanchinchun] [           main] o.s.c.a.ClassPathBeanDefinitionScanner   : Identified candidate component class: file [C:\Users\pablo\Downloads\mini-pim-plytix-wanchinchun-develop\mini-pim-plytix-wanchinchun-develop\Backend\target\classes\com\uma\wanchinchun\mappers\ProductMapper.class]
2025-05-28T20:57:53.829+02:00 DEBUG 2092 --- [wanchinchun] [           main] o.s.c.a.ClassPathBeanDefinitionScanner   : Identified candidate component class: file [C:\Users\pablo\Downloads\mini-pim-plytix-wanchinchun-develop\mini-pim-plytix-wanchinchun-develop\Backend\target\classes\com\uma\wanchinchun\services\AccessManagerService.class]
2025-05-28T20:57:53.832+02:00 DEBUG 2092 --- [wanchinchun] [           main] o.s.c.a.ClassPathBeanDefinitionScanner   : Identified candidate component class: file [C:\Users\pablo\Downloads\mini-pim-plytix-wanchinchun-develop\mini-pim-plytix-wanchinchun-develop\Backend\target\classes\com\uma\wanchinchun\services\CategoryService.class]
2025-05-28T20:57:53.834+02:00 DEBUG 2092 --- [wanchinchun] [           main] o.s.c.a.ClassPathBeanDefinitionScanner   : Identified candidate component class: file [C:\Users\pablo\Downloads\mini-pim-plytix-wanchinchun-develop\mini-pim-plytix-wanchinchun-develop\Backend\target\classes\com\uma\wanchinchun\services\CategoryServiceFactory.class]
2025-05-28T20:57:53.837+02:00 DEBUG 2092 --- [wanchinchun] [           main] o.s.c.a.ClassPathBeanDefinitionScanner   : Identified candidate component class: file [C:\Users\pablo\Downloads\mini-pim-plytix-wanchinchun-develop\mini-pim-plytix-wanchinchun-develop\Backend\target\classes\com\uma\wanchinchun\services\ProductService.class]
2025-05-28T20:57:53.838+02:00 DEBUG 2092 --- [wanchinchun] [           main] o.s.c.a.ClassPathBeanDefinitionScanner   : Identified candidate component class: file [C:\Users\pablo\Downloads\mini-pim-plytix-wanchinchun-develop\mini-pim-plytix-wanchinchun-develop\Backend\target\classes\com\uma\wanchinchun\services\ProductServiceFactory.class]
2025-05-28T20:57:53.839+02:00 DEBUG 2092 --- [wanchinchun] [           main] o.s.c.a.ClassPathBeanDefinitionScanner   : Identified candidate component class: file [C:\Users\pablo\Downloads\mini-pim-plytix-wanchinchun-develop\mini-pim-plytix-wanchinchun-develop\Backend\target\classes\com\uma\wanchinchun\services\RelationService.class]
2025-05-28T20:57:54.512+02:00  INFO 2092 --- [wanchinchun] [           main] .s.d.r.c.RepositoryConfigurationDelegate : Bootstrapping Spring Data JPA repositories in DEFAULT mode.
2025-05-28T20:57:54.522+02:00 DEBUG 2092 --- [wanchinchun] [           main] o.s.b.f.s.DefaultListableBeanFactory     : Creating shared instance of singleton bean 'org.springframework.boot.autoconfigure.AutoConfigurationPackages'
2025-05-28T20:57:54.531+02:00 DEBUG 2092 --- [wanchinchun] [           main] o.s.b.a.AutoConfigurationPackages        : @EnableAutoConfiguration was declared on a class in the package 'com.uma.wanchinchun'. Automatic @Repository and @Entity scanning is enabled.
2025-05-28T20:57:54.532+02:00 DEBUG 2092 --- [wanchinchun] [           main] .s.d.r.c.RepositoryConfigurationDelegate : Scanning for JPA repositories in packages com.uma.wanchinchun.
2025-05-28T20:57:54.548+02:00 DEBUG 2092 --- [wanchinchun] [           main] o.s.d.r.c.RepositoryComponentProvider    : Identified candidate component class: file [C:\Users\pablo\Downloads\mini-pim-plytix-wanchinchun-develop\mini-pim-plytix-wanchinchun-develop\Backend\target\classes\com\uma\wanchinchun\repositories\CategoryRepository.class]
2025-05-28T20:57:54.548+02:00 DEBUG 2092 --- [wanchinchun] [           main] o.s.d.r.c.RepositoryComponentProvider    : Identified candidate component class: file [C:\Users\pablo\Downloads\mini-pim-plytix-wanchinchun-develop\mini-pim-plytix-wanchinchun-develop\Backend\target\classes\com\uma\wanchinchun\repositories\ProductRepository.class]
2025-05-28T20:57:54.548+02:00 DEBUG 2092 --- [wanchinchun] [           main] o.s.d.r.c.RepositoryComponentProvider    : Identified candidate component class: file [C:\Users\pablo\Downloads\mini-pim-plytix-wanchinchun-develop\mini-pim-plytix-wanchinchun-develop\Backend\target\classes\com\uma\wanchinchun\repositories\RelationRepository.class]
2025-05-28T20:57:54.599+02:00  INFO 2092 --- [wanchinchun] [           main] .s.d.r.c.RepositoryConfigurationDelegate : Finished Spring Data repository scanning in 66 ms. Found 3 JPA repository interfaces.
2025-05-28T20:57:54.704+02:00 DEBUG 2092 --- [wanchinchun] [           main] o.s.b.f.s.DefaultListableBeanFactory     : Creating shared instance of singleton bean 'org.springframework.boot.test.web.client.TestRestTemplateContextCustomizer$TestRestTemplateRegistrar'
2025-05-28T20:57:54.793+02:00 DEBUG 2092 --- [wanchinchun] [           main] o.s.b.f.s.DefaultListableBeanFactory     : Creating shared instance of singleton bean 'propertySourcesPlaceholderConfigurer'
2025-05-28T20:57:54.799+02:00 DEBUG 2092 --- [wanchinchun] [           main] o.s.b.f.s.DefaultListableBeanFactory     : Creating shared instance of singleton bean 'org.springframework.boot.test.mock.mockito.MockitoPostProcessor'
2025-05-28T20:57:54.802+02:00 DEBUG 2092 --- [wanchinchun] [           main] o.s.b.f.s.DefaultListableBeanFactory     : Creating shared instance of singleton bean 'emBeanDefinitionRegistrarPostProcessor'
2025-05-28T20:57:54.803+02:00 DEBUG 2092 --- [wanchinchun] [           main] o.s.b.f.s.DefaultListableBeanFactory     : Creating shared instance of singleton bean 'org.springframework.boot.sql.init.dependency.DatabaseInitializationDependencyConfigurer$DependsOnDatabaseInitializationPostProcessor'
2025-05-28T20:57:54.860+02:00 DEBUG 2092 --- [wanchinchun] [           main] o.s.b.f.s.DefaultListableBeanFactory     : Creating shared instance of singleton bean 'org.springframework.context.event.internalEventListenerProcessor'
2025-05-28T20:57:54.873+02:00 DEBUG 2092 --- [wanchinchun] [           main] o.s.b.f.s.DefaultListableBeanFactory     : Creating shared instance of singleton bean 'preserveErrorControllerTargetClassPostProcessor'
2025-05-28T20:57:54.874+02:00 DEBUG 2092 --- [wanchinchun] [           main] o.s.b.f.s.DefaultListableBeanFactory     : Creating shared instance of singleton bean 'org.springframework.context.event.internalEventListenerFactory'
2025-05-28T20:57:54.875+02:00 DEBUG 2092 --- [wanchinchun] [           main] o.s.b.f.s.DefaultListableBeanFactory     : Creating shared instance of singleton bean 'org.springframework.transaction.config.internalTransactionalEventListenerFactory'
2025-05-28T20:57:54.877+02:00 DEBUG 2092 --- [wanchinchun] [           main] o.s.b.f.s.DefaultListableBeanFactory     : Creating shared instance of singleton bean 'org.springframework.context.annotation.internalAutowiredAnnotationProcessor'
2025-05-28T20:57:54.880+02:00 DEBUG 2092 --- [wanchinchun] [           main] o.s.b.f.s.DefaultListableBeanFactory     : Creating shared instance of singleton bean 'org.springframework.context.annotation.internalCommonAnnotationProcessor'
2025-05-28T20:57:54.884+02:00 DEBUG 2092 --- [wanchinchun] [           main] o.s.b.f.s.DefaultListableBeanFactory     : Creating shared instance of singleton bean 'org.springframework.context.annotation.internalPersistenceAnnotationProcessor'
2025-05-28T20:57:54.884+02:00 DEBUG 2092 --- [wanchinchun] [           main] o.s.b.f.s.DefaultListableBeanFactory     : Creating shared instance of singleton bean 'org.springframework.boot.test.mock.mockito.MockitoPostProcessor$SpyPostProcessor'
2025-05-28T20:57:54.885+02:00 DEBUG 2092 --- [wanchinchun] [           main] o.s.b.f.s.DefaultListableBeanFactory     : Creating shared instance of singleton bean 'org.springframework.boot.context.properties.ConfigurationPropertiesBindingPostProcessor'
2025-05-28T20:57:54.886+02:00 DEBUG 2092 --- [wanchinchun] [           main] o.s.b.f.s.DefaultListableBeanFactory     : Creating shared instance of singleton bean 'org.springframework.boot.context.internalConfigurationPropertiesBinder'
2025-05-28T20:57:54.889+02:00 DEBUG 2092 --- [wanchinchun] [           main] o.s.b.f.s.DefaultListableBeanFactory     : Creating shared instance of singleton bean 'jdbcConnectionDetailsHikariBeanPostProcessor'
2025-05-28T20:57:54.892+02:00 DEBUG 2092 --- [wanchinchun] [           main] o.s.b.f.s.DefaultListableBeanFactory     : Creating shared instance of singleton bean 'org.springframework.aop.config.internalAutoProxyCreator'
2025-05-28T20:57:54.918+02:00 DEBUG 2092 --- [wanchinchun] [           main] o.s.b.f.s.DefaultListableBeanFactory     : Creating shared instance of singleton bean 'persistenceExceptionTranslationPostProcessor'
2025-05-28T20:57:54.922+02:00 DEBUG 2092 --- [wanchinchun] [           main] o.s.b.f.s.DefaultListableBeanFactory     : Autowiring by type from bean name 'persistenceExceptionTranslationPostProcessor' via factory method to bean named 'environment'
2025-05-28T20:57:54.927+02:00 DEBUG 2092 --- [wanchinchun] [           main] o.s.b.f.s.DefaultListableBeanFactory     : Creating shared instance of singleton bean 'webServerFactoryCustomizerBeanPostProcessor'
2025-05-28T20:57:54.928+02:00 DEBUG 2092 --- [wanchinchun] [           main] o.s.b.f.s.DefaultListableBeanFactory     : Creating shared instance of singleton bean 'errorPageRegistrarBeanPostProcessor'
2025-05-28T20:57:54.929+02:00 DEBUG 2092 --- [wanchinchun] [           main] o.s.b.f.s.DefaultListableBeanFactory     : Creating shared instance of singleton bean 'projectingArgumentResolverBeanPostProcessor'
2025-05-28T20:57:54.930+02:00 DEBUG 2092 --- [wanchinchun] [           main] o.s.b.f.s.DefaultListableBeanFactory     : Creating shared instance of singleton bean 'org.springframework.transaction.config.internalTransactionAdvisor'
2025-05-28T20:57:54.930+02:00 DEBUG 2092 --- [wanchinchun] [           main] o.s.b.f.s.DefaultListableBeanFactory     : Creating shared instance of singleton bean 'org.springframework.transaction.annotation.ProxyTransactionManagementConfiguration'
2025-05-28T20:57:54.959+02:00 DEBUG 2092 --- [wanchinchun] [           main] o.s.b.f.s.DefaultListableBeanFactory     : Creating shared instance of singleton bean 'transactionAttributeSource'
2025-05-28T20:57:54.962+02:00 DEBUG 2092 --- [wanchinchun] [           main] o.s.b.f.s.DefaultListableBeanFactory     : Creating shared instance of singleton bean 'transactionInterceptor'
2025-05-28T20:57:54.962+02:00 DEBUG 2092 --- [wanchinchun] [           main] o.s.b.f.s.DefaultListableBeanFactory     : Autowiring by type from bean name 'transactionInterceptor' via factory method to bean named 'transactionAttributeSource'
2025-05-28T20:57:54.969+02:00 DEBUG 2092 --- [wanchinchun] [           main] o.s.b.f.s.DefaultListableBeanFactory     : Autowiring by type from bean name 'org.springframework.transaction.config.internalTransactionAdvisor' via factory method to bean named 'transactionAttributeSource'
2025-05-28T20:57:54.969+02:00 DEBUG 2092 --- [wanchinchun] [           main] o.s.b.f.s.DefaultListableBeanFactory     : Autowiring by type from bean name 'org.springframework.transaction.config.internalTransactionAdvisor' via factory method to bean named 'transactionInterceptor'
2025-05-28T20:57:54.999+02:00 DEBUG 2092 --- [wanchinchun] [           main] o.s.u.c.s.UiApplicationContextUtils      : Unable to locate ThemeSource with name 'themeSource': using default [org.springframework.ui.context.support.ResourceBundleThemeSource@4887de2b]
2025-05-28T20:57:55.000+02:00 DEBUG 2092 --- [wanchinchun] [           main] o.s.b.f.s.DefaultListableBeanFactory     : Creating shared instance of singleton bean 'tomcatServletWebServerFactory'
2025-05-28T20:57:55.000+02:00 DEBUG 2092 --- [wanchinchun] [           main] o.s.b.f.s.DefaultListableBeanFactory     : Creating shared instance of singleton bean 'org.springframework.boot.autoconfigure.web.servlet.ServletWebServerFactoryConfiguration$EmbeddedTomcat'
2025-05-28T20:57:55.030+02:00 DEBUG 2092 --- [wanchinchun] [           main] o.s.b.f.s.DefaultListableBeanFactory     : Creating shared instance of singleton bean 'websocketServletWebServerCustomizer'
2025-05-28T20:57:55.031+02:00 DEBUG 2092 --- [wanchinchun] [           main] o.s.b.f.s.DefaultListableBeanFactory     : Creating shared instance of singleton bean 'org.springframework.boot.autoconfigure.websocket.servlet.WebSocketServletAutoConfiguration$TomcatWebSocketConfiguration'
2025-05-28T20:57:55.033+02:00 DEBUG 2092 --- [wanchinchun] [           main] o.s.b.f.s.DefaultListableBeanFactory     : Creating shared instance of singleton bean 'servletWebServerFactoryCustomizer'
2025-05-28T20:57:55.033+02:00 DEBUG 2092 --- [wanchinchun] [           main] o.s.b.f.s.DefaultListableBeanFactory     : Creating shared instance of singleton bean 'org.springframework.boot.autoconfigure.web.servlet.ServletWebServerFactoryAutoConfiguration'
2025-05-28T20:57:55.034+02:00 DEBUG 2092 --- [wanchinchun] [           main] o.s.b.f.s.DefaultListableBeanFactory     : Creating shared instance of singleton bean 'server-org.springframework.boot.autoconfigure.web.ServerProperties'
2025-05-28T20:57:55.048+02:00 DEBUG 2092 --- [wanchinchun] [           main] o.s.b.f.s.DefaultListableBeanFactory     : Creating shared instance of singleton bean 'org.springframework.boot.context.properties.BoundConfigurationProperties'
2025-05-28T20:57:55.062+02:00 DEBUG 2092 --- [wanchinchun] [           main] o.s.b.f.s.DefaultListableBeanFactory     : Autowiring by type from bean name 'servletWebServerFactoryCustomizer' via factory method to bean named 'server-org.springframework.boot.autoconfigure.web.ServerProperties'
2025-05-28T20:57:55.067+02:00 DEBUG 2092 --- [wanchinchun] [           main] o.s.b.f.s.DefaultListableBeanFactory     : Creating shared instance of singleton bean 'sslBundleRegistry'
2025-05-28T20:57:55.067+02:00 DEBUG 2092 --- [wanchinchun] [           main] o.s.b.f.s.DefaultListableBeanFactory     : Creating shared instance of singleton bean 'org.springframework.boot.autoconfigure.ssl.SslAutoConfiguration'
2025-05-28T20:57:55.068+02:00 DEBUG 2092 --- [wanchinchun] [           main] o.s.b.f.s.DefaultListableBeanFactory     : Creating shared instance of singleton bean 'spring.ssl-org.springframework.boot.autoconfigure.ssl.SslProperties'
2025-05-28T20:57:55.069+02:00 DEBUG 2092 --- [wanchinchun] [           main] o.s.b.f.s.DefaultListableBeanFactory     : Autowiring by type from bean name 'org.springframework.boot.autoconfigure.ssl.SslAutoConfiguration' via constructor to bean named 'org.springframework.boot.web.servlet.context.AnnotationConfigServletWebServerApplicationContext@12365c88'
2025-05-28T20:57:55.069+02:00 DEBUG 2092 --- [wanchinchun] [           main] o.s.b.f.s.DefaultListableBeanFactory     : Autowiring by type from bean name 'org.springframework.boot.autoconfigure.ssl.SslAutoConfiguration' via constructor to bean named 'spring.ssl-org.springframework.boot.autoconfigure.ssl.SslProperties'
2025-05-28T20:57:55.073+02:00 DEBUG 2092 --- [wanchinchun] [           main] o.s.b.f.s.DefaultListableBeanFactory     : Creating shared instance of singleton bean 'sslPropertiesSslBundleRegistrar'
2025-05-28T20:57:55.074+02:00 DEBUG 2092 --- [wanchinchun] [           main] o.s.b.f.s.DefaultListableBeanFactory     : Creating shared instance of singleton bean 'fileWatcher'
2025-05-28T20:57:55.075+02:00 DEBUG 2092 --- [wanchinchun] [           main] o.s.b.f.s.DefaultListableBeanFactory     : Autowiring by type from bean name 'sslPropertiesSslBundleRegistrar' via factory method to bean named 'fileWatcher'
2025-05-28T20:57:55.082+02:00 DEBUG 2092 --- [wanchinchun] [           main] o.s.b.f.s.DefaultListableBeanFactory     : Creating shared instance of singleton bean 'tomcatServletWebServerFactoryCustomizer'
2025-05-28T20:57:55.082+02:00 DEBUG 2092 --- [wanchinchun] [           main] o.s.b.f.s.DefaultListableBeanFactory     : Autowiring by type from bean name 'tomcatServletWebServerFactoryCustomizer' via factory method to bean named 'server-org.springframework.boot.autoconfigure.web.ServerProperties'
2025-05-28T20:57:55.085+02:00 DEBUG 2092 --- [wanchinchun] [           main] o.s.b.f.s.DefaultListableBeanFactory     : Creating shared instance of singleton bean 'tomcatWebServerFactoryCustomizer'
2025-05-28T20:57:55.085+02:00 DEBUG 2092 --- [wanchinchun] [           main] o.s.b.f.s.DefaultListableBeanFactory     : Creating shared instance of singleton bean 'org.springframework.boot.autoconfigure.web.embedded.EmbeddedWebServerFactoryCustomizerAutoConfiguration$TomcatWebServerFactoryCustomizerConfiguration'
2025-05-28T20:57:55.086+02:00 DEBUG 2092 --- [wanchinchun] [           main] o.s.b.f.s.DefaultListableBeanFactory     : Autowiring by type from bean name 'tomcatWebServerFactoryCustomizer' via factory method to bean named 'environment'
2025-05-28T20:57:55.086+02:00 DEBUG 2092 --- [wanchinchun] [           main] o.s.b.f.s.DefaultListableBeanFactory     : Autowiring by type from bean name 'tomcatWebServerFactoryCustomizer' via factory method to bean named 'server-org.springframework.boot.autoconfigure.web.ServerProperties'
2025-05-28T20:57:55.089+02:00 DEBUG 2092 --- [wanchinchun] [           main] o.s.b.f.s.DefaultListableBeanFactory     : Creating shared instance of singleton bean 'localeCharsetMappingsCustomizer'
2025-05-28T20:57:55.089+02:00 DEBUG 2092 --- [wanchinchun] [           main] o.s.b.f.s.DefaultListableBeanFactory     : Creating shared instance of singleton bean 'org.springframework.boot.autoconfigure.web.servlet.HttpEncodingAutoConfiguration'
2025-05-28T20:57:55.089+02:00 DEBUG 2092 --- [wanchinchun] [           main] o.s.b.f.s.DefaultListableBeanFactory     : Autowiring by type from bean name 'org.springframework.boot.autoconfigure.web.servlet.HttpEncodingAutoConfiguration' via constructor to bean named 'server-org.springframework.boot.autoconfigure.web.ServerProperties'
2025-05-28T20:57:55.145+02:00 DEBUG 2092 --- [wanchinchun] [           main] o.s.b.f.s.DefaultListableBeanFactory     : Creating shared instance of singleton bean 'errorPageCustomizer'
2025-05-28T20:57:55.145+02:00 DEBUG 2092 --- [wanchinchun] [           main] o.s.b.f.s.DefaultListableBeanFactory     : Creating shared instance of singleton bean 'org.springframework.boot.autoconfigure.web.servlet.error.ErrorMvcAutoConfiguration'
2025-05-28T20:57:55.146+02:00 DEBUG 2092 --- [wanchinchun] [           main] o.s.b.f.s.DefaultListableBeanFactory     : Autowiring by type from bean name 'org.springframework.boot.autoconfigure.web.servlet.error.ErrorMvcAutoConfiguration' via constructor to bean named 'server-org.springframework.boot.autoconfigure.web.ServerProperties'
2025-05-28T20:57:55.147+02:00 DEBUG 2092 --- [wanchinchun] [           main] o.s.b.f.s.DefaultListableBeanFactory     : Creating shared instance of singleton bean 'dispatcherServletRegistration'
2025-05-28T20:57:55.147+02:00 DEBUG 2092 --- [wanchinchun] [           main] o.s.b.f.s.DefaultListableBeanFactory     : Creating shared instance of singleton bean 'org.springframework.boot.autoconfigure.web.servlet.DispatcherServletAutoConfiguration$DispatcherServletRegistrationConfiguration'
2025-05-28T20:57:55.149+02:00 DEBUG 2092 --- [wanchinchun] [           main] o.s.b.f.s.DefaultListableBeanFactory     : Creating shared instance of singleton bean 'dispatcherServlet'
2025-05-28T20:57:55.149+02:00 DEBUG 2092 --- [wanchinchun] [           main] o.s.b.f.s.DefaultListableBeanFactory     : Creating shared instance of singleton bean 'org.springframework.boot.autoconfigure.web.servlet.DispatcherServletAutoConfiguration$DispatcherServletConfiguration'
2025-05-28T20:57:55.150+02:00 DEBUG 2092 --- [wanchinchun] [           main] o.s.b.f.s.DefaultListableBeanFactory     : Creating shared instance of singleton bean 'spring.mvc-org.springframework.boot.autoconfigure.web.servlet.WebMvcProperties'
2025-05-28T20:57:55.157+02:00 DEBUG 2092 --- [wanchinchun] [           main] o.s.b.f.s.DefaultListableBeanFactory     : Autowiring by type from bean name 'dispatcherServlet' via factory method to bean named 'spring.mvc-org.springframework.boot.autoconfigure.web.servlet.WebMvcProperties'
2025-05-28T20:57:55.175+02:00 DEBUG 2092 --- [wanchinchun] [           main] o.s.b.f.s.DefaultListableBeanFactory     : Autowiring by type from bean name 'dispatcherServletRegistration' via factory method to bean named 'dispatcherServlet'
2025-05-28T20:57:55.175+02:00 DEBUG 2092 --- [wanchinchun] [           main] o.s.b.f.s.DefaultListableBeanFactory     : Autowiring by type from bean name 'dispatcherServletRegistration' via factory method to bean named 'spring.mvc-org.springframework.boot.autoconfigure.web.servlet.WebMvcProperties'
2025-05-28T20:57:55.179+02:00 DEBUG 2092 --- [wanchinchun] [           main] o.s.b.f.s.DefaultListableBeanFactory     : Creating shared instance of singleton bean 'multipartConfigElement'
2025-05-28T20:57:55.179+02:00 DEBUG 2092 --- [wanchinchun] [           main] o.s.b.f.s.DefaultListableBeanFactory     : Creating shared instance of singleton bean 'org.springframework.boot.autoconfigure.web.servlet.MultipartAutoConfiguration'
2025-05-28T20:57:55.180+02:00 DEBUG 2092 --- [wanchinchun] [           main] o.s.b.f.s.DefaultListableBeanFactory     : Creating shared instance of singleton bean 'spring.servlet.multipart-org.springframework.boot.autoconfigure.web.servlet.MultipartProperties'
2025-05-28T20:57:55.186+02:00 DEBUG 2092 --- [wanchinchun] [           main] o.s.b.f.s.DefaultListableBeanFactory     : Autowiring by type from bean name 'org.springframework.boot.autoconfigure.web.servlet.MultipartAutoConfiguration' via constructor to bean named 'spring.servlet.multipart-org.springframework.boot.autoconfigure.web.servlet.MultipartProperties'
2025-05-28T20:57:55.192+02:00 DEBUG 2092 --- [wanchinchun] [           main] o.s.b.f.s.DefaultListableBeanFactory     : Autowiring by type from bean name 'errorPageCustomizer' via factory method to bean named 'dispatcherServletRegistration'
2025-05-28T20:57:55.308+02:00 DEBUG 2092 --- [wanchinchun] [           main] .s.b.w.e.t.TomcatServletWebServerFactory : Code archive: C:\Users\pablo\.m2\repository\org\springframework\boot\spring-boot\3.4.4\spring-boot-3.4.4.jar
2025-05-28T20:57:55.309+02:00 DEBUG 2092 --- [wanchinchun] [           main] .s.b.w.e.t.TomcatServletWebServerFactory : Code archive: C:\Users\pablo\.m2\repository\org\springframework\boot\spring-boot\3.4.4\spring-boot-3.4.4.jar
2025-05-28T20:57:55.309+02:00 DEBUG 2092 --- [wanchinchun] [           main] .s.b.w.e.t.TomcatServletWebServerFactory : None of the document roots [src/main/webapp, public, static] point to a directory and will be ignored.
2025-05-28T20:57:55.343+02:00  INFO 2092 --- [wanchinchun] [           main] o.s.b.w.embedded.tomcat.TomcatWebServer  : Tomcat initialized with port 0 (http)
2025-05-28T20:57:55.366+02:00  INFO 2092 --- [wanchinchun] [           main] o.apache.catalina.core.StandardService   : Starting service [Tomcat]
2025-05-28T20:57:55.367+02:00  INFO 2092 --- [wanchinchun] [           main] o.apache.catalina.core.StandardEngine    : Starting Servlet engine: [Apache Tomcat/10.1.39]
2025-05-28T20:57:55.438+02:00  INFO 2092 --- [wanchinchun] [           main] o.a.c.c.C.[Tomcat].[localhost].[/]       : Initializing Spring embedded WebApplicationContext
2025-05-28T20:57:55.439+02:00 DEBUG 2092 --- [wanchinchun] [           main] w.s.c.ServletWebServerApplicationContext : Published root WebApplicationContext as ServletContext attribute with name [org.springframework.web.context.WebApplicationContext.ROOT]
2025-05-28T20:57:55.440+02:00  INFO 2092 --- [wanchinchun] [           main] w.s.c.ServletWebServerApplicationContext : Root WebApplicationContext: initialization completed in 1760 ms
2025-05-28T20:57:55.446+02:00 DEBUG 2092 --- [wanchinchun] [           main] o.s.b.f.s.DefaultListableBeanFactory     : Creating shared instance of singleton bean 'requestContextFilter'
2025-05-28T20:57:55.449+02:00 DEBUG 2092 --- [wanchinchun] [           main] o.s.b.f.s.DefaultListableBeanFactory     : Creating shared instance of singleton bean 'formContentFilter'
2025-05-28T20:57:55.450+02:00 DEBUG 2092 --- [wanchinchun] [           main] o.s.b.f.s.DefaultListableBeanFactory     : Creating shared instance of singleton bean 'org.springframework.boot.autoconfigure.web.servlet.WebMvcAutoConfiguration'
2025-05-28T20:57:55.462+02:00 DEBUG 2092 --- [wanchinchun] [           main] o.s.b.f.s.DefaultListableBeanFactory     : Creating shared instance of singleton bean 'characterEncodingFilter'
2025-05-28T20:57:55.473+02:00 DEBUG 2092 --- [wanchinchun] [           main] o.s.b.w.s.ServletContextInitializerBeans : Mapping filters: characterEncodingFilter urls=[/*] order=-2147483648, formContentFilter urls=[/*] order=-9900, requestContextFilter urls=[/*] order=-105
2025-05-28T20:57:55.474+02:00 DEBUG 2092 --- [wanchinchun] [           main] o.s.b.w.s.ServletContextInitializerBeans : Mapping servlets: dispatcherServlet urls=[/]
2025-05-28T20:57:55.509+02:00 DEBUG 2092 --- [wanchinchun] [           main] o.s.b.w.s.f.OrderedRequestContextFilter  : Filter 'requestContextFilter' configured for use
2025-05-28T20:57:55.512+02:00 DEBUG 2092 --- [wanchinchun] [           main] s.b.w.s.f.OrderedCharacterEncodingFilter : Filter 'characterEncodingFilter' configured for use
2025-05-28T20:57:55.512+02:00 DEBUG 2092 --- [wanchinchun] [           main] o.s.b.w.s.f.OrderedFormContentFilter     : Filter 'formContentFilter' configured for use
2025-05-28T20:57:55.523+02:00 DEBUG 2092 --- [wanchinchun] [           main] o.s.b.f.s.DefaultListableBeanFactory     : Creating shared instance of singleton bean 'org.springframework.test.context.support.internalDynamicPropertyRegistrarBeanInitializer'
2025-05-28T20:57:55.525+02:00 DEBUG 2092 --- [wanchinchun] [           main] o.s.b.f.s.DefaultListableBeanFactory     : Creating shared instance of singleton bean 'dataSourceScriptDatabaseInitializer'
2025-05-28T20:57:55.526+02:00 DEBUG 2092 --- [wanchinchun] [           main] o.s.b.f.s.DefaultListableBeanFactory     : Creating shared instance of singleton bean 'org.springframework.boot.autoconfigure.sql.init.DataSourceInitializationConfiguration'
2025-05-28T20:57:55.526+02:00 DEBUG 2092 --- [wanchinchun] [           main] o.s.b.f.s.DefaultListableBeanFactory     : Creating shared instance of singleton bean 'dataSource'
2025-05-28T20:57:55.527+02:00 DEBUG 2092 --- [wanchinchun] [           main] o.s.b.f.s.DefaultListableBeanFactory     : Creating shared instance of singleton bean 'org.springframework.boot.autoconfigure.jdbc.DataSourceConfiguration$Hikari'
2025-05-28T20:57:55.527+02:00 DEBUG 2092 --- [wanchinchun] [           main] o.s.b.f.s.DefaultListableBeanFactory     : Creating shared instance of singleton bean 'spring.datasource-org.springframework.boot.autoconfigure.jdbc.DataSourceProperties'
2025-05-28T20:57:55.536+02:00 DEBUG 2092 --- [wanchinchun] [           main] o.s.b.f.s.DefaultListableBeanFactory     : Creating shared instance of singleton bean 'jdbcConnectionDetails'
2025-05-28T20:57:55.536+02:00 DEBUG 2092 --- [wanchinchun] [           main] o.s.b.f.s.DefaultListableBeanFactory     : Creating shared instance of singleton bean 'org.springframework.boot.autoconfigure.jdbc.DataSourceAutoConfiguration$PooledDataSourceConfiguration'
2025-05-28T20:57:55.537+02:00 DEBUG 2092 --- [wanchinchun] [           main] o.s.b.f.s.DefaultListableBeanFactory     : Autowiring by type from bean name 'jdbcConnectionDetails' via factory method to bean named 'spring.datasource-org.springframework.boot.autoconfigure.jdbc.DataSourceProperties'
2025-05-28T20:57:55.538+02:00 DEBUG 2092 --- [wanchinchun] [           main] o.s.b.f.s.DefaultListableBeanFactory     : Autowiring by type from bean name 'dataSource' via factory method to bean named 'spring.datasource-org.springframework.boot.autoconfigure.jdbc.DataSourceProperties'
2025-05-28T20:57:55.538+02:00 DEBUG 2092 --- [wanchinchun] [           main] o.s.b.f.s.DefaultListableBeanFactory     : Autowiring by type from bean name 'dataSource' via factory method to bean named 'jdbcConnectionDetails'
2025-05-28T20:57:55.559+02:00 DEBUG 2092 --- [wanchinchun] [           main] o.s.b.f.s.DefaultListableBeanFactory     : Creating shared instance of singleton bean 'spring.sql.init-org.springframework.boot.autoconfigure.sql.init.SqlInitializationProperties'
2025-05-28T20:57:55.570+02:00 DEBUG 2092 --- [wanchinchun] [           main] o.s.b.f.s.DefaultListableBeanFactory     : Autowiring by type from bean name 'dataSourceScriptDatabaseInitializer' via factory method to bean named 'dataSource'
2025-05-28T20:57:55.570+02:00 DEBUG 2092 --- [wanchinchun] [           main] o.s.b.f.s.DefaultListableBeanFactory     : Autowiring by type from bean name 'dataSourceScriptDatabaseInitializer' via factory method to bean named 'spring.sql.init-org.springframework.boot.autoconfigure.sql.init.SqlInitializationProperties'
2025-05-28T20:57:55.588+02:00 DEBUG 2092 --- [wanchinchun] [           main] o.s.jdbc.datasource.DataSourceUtils      : Fetching JDBC Connection from DataSource
2025-05-28T20:57:55.590+02:00  INFO 2092 --- [wanchinchun] [           main] com.zaxxer.hikari.HikariDataSource       : HikariPool-1 - Starting...
2025-05-28T20:57:55.911+02:00  INFO 2092 --- [wanchinchun] [           main] com.zaxxer.hikari.pool.HikariPool        : HikariPool-1 - Added connection conn0: url=jdbc:h2:file:./data/wanchinchun_db user=SA
2025-05-28T20:57:55.913+02:00  INFO 2092 --- [wanchinchun] [           main] com.zaxxer.hikari.HikariDataSource       : HikariPool-1 - Start completed.
2025-05-28T20:57:55.936+02:00 DEBUG 2092 --- [wanchinchun] [           main] o.s.b.f.s.DefaultListableBeanFactory     : Creating shared instance of singleton bean 'entityManagerFactory'
2025-05-28T20:57:55.937+02:00 DEBUG 2092 --- [wanchinchun] [           main] o.s.b.f.s.DefaultListableBeanFactory     : Creating shared instance of singleton bean 'org.springframework.boot.autoconfigure.orm.jpa.HibernateJpaConfiguration'
2025-05-28T20:57:55.938+02:00 DEBUG 2092 --- [wanchinchun] [           main] o.s.b.f.s.DefaultListableBeanFactory     : Creating shared instance of singleton bean 'spring.jpa-org.springframework.boot.autoconfigure.orm.jpa.JpaProperties'
2025-05-28T20:57:55.945+02:00 DEBUG 2092 --- [wanchinchun] [           main] o.s.b.f.s.DefaultListableBeanFactory     : Creating shared instance of singleton bean 'spring.jpa.hibernate-org.springframework.boot.autoconfigure.orm.jpa.HibernateProperties'
2025-05-28T20:57:55.947+02:00 DEBUG 2092 --- [wanchinchun] [           main] o.s.b.f.s.DefaultListableBeanFactory     : Autowiring by type from bean name 'org.springframework.boot.autoconfigure.orm.jpa.HibernateJpaConfiguration' via constructor to bean named 'dataSource'
2025-05-28T20:57:55.947+02:00 DEBUG 2092 --- [wanchinchun] [           main] o.s.b.f.s.DefaultListableBeanFactory     : Autowiring by type from bean name 'org.springframework.boot.autoconfigure.orm.jpa.HibernateJpaConfiguration' via constructor to bean named 'spring.jpa-org.springframework.boot.autoconfigure.orm.jpa.JpaProperties'
2025-05-28T20:57:55.947+02:00 DEBUG 2092 --- [wanchinchun] [           main] o.s.b.f.s.DefaultListableBeanFactory     : Autowiring by type from bean name 'org.springframework.boot.autoconfigure.orm.jpa.HibernateJpaConfiguration' via constructor to bean named 'org.springframework.beans.factory.support.DefaultListableBeanFactory@6a933be2'
2025-05-28T20:57:55.947+02:00 DEBUG 2092 --- [wanchinchun] [           main] o.s.b.f.s.DefaultListableBeanFactory     : Autowiring by type from bean name 'org.springframework.boot.autoconfigure.orm.jpa.HibernateJpaConfiguration' via constructor to bean named 'spring.jpa.hibernate-org.springframework.boot.autoconfigure.orm.jpa.HibernateProperties'
2025-05-28T20:57:55.950+02:00 DEBUG 2092 --- [wanchinchun] [           main] o.s.b.f.s.DefaultListableBeanFactory     : Creating shared instance of singleton bean 'hikariPoolDataSourceMetadataProvider'
2025-05-28T20:57:55.951+02:00 DEBUG 2092 --- [wanchinchun] [           main] o.s.b.f.s.DefaultListableBeanFactory     : Creating shared instance of singleton bean 'org.springframework.boot.autoconfigure.jdbc.metadata.DataSourcePoolMetadataProvidersConfiguration$HikariPoolDataSourceMetadataProviderConfiguration'
2025-05-28T20:57:55.956+02:00 DEBUG 2092 --- [wanchinchun] [           main] o.s.b.f.s.DefaultListableBeanFactory     : Creating shared instance of singleton bean 'entityManagerFactoryBuilder'
2025-05-28T20:57:55.957+02:00 DEBUG 2092 --- [wanchinchun] [           main] o.s.b.f.s.DefaultListableBeanFactory     : Creating shared instance of singleton bean 'jpaVendorAdapter'
2025-05-28T20:57:55.976+02:00 DEBUG 2092 --- [wanchinchun] [           main] o.s.b.f.s.DefaultListableBeanFactory     : Autowiring by type from bean name 'entityManagerFactoryBuilder' via factory method to bean named 'jpaVendorAdapter'
2025-05-28T20:57:55.982+02:00 DEBUG 2092 --- [wanchinchun] [           main] o.s.b.f.s.DefaultListableBeanFactory     : Creating shared instance of singleton bean 'persistenceManagedTypes'
2025-05-28T20:57:55.984+02:00 DEBUG 2092 --- [wanchinchun] [           main] o.s.b.f.s.DefaultListableBeanFactory     : Autowiring by type from bean name 'persistenceManagedTypes' via factory method to bean named 'org.springframework.beans.factory.support.DefaultListableBeanFactory@6a933be2'
2025-05-28T20:57:55.984+02:00 DEBUG 2092 --- [wanchinchun] [           main] o.s.b.f.s.DefaultListableBeanFactory     : Autowiring by type from bean name 'persistenceManagedTypes' via factory method to bean named 'org.springframework.boot.web.servlet.context.AnnotationConfigServletWebServerApplicationContext@12365c88'
2025-05-28T20:57:55.997+02:00 DEBUG 2092 --- [wanchinchun] [           main] o.s.b.f.s.DefaultListableBeanFactory     : Autowiring by type from bean name 'entityManagerFactory' via factory method to bean named 'entityManagerFactoryBuilder'
2025-05-28T20:57:55.999+02:00 DEBUG 2092 --- [wanchinchun] [           main] o.s.b.f.s.DefaultListableBeanFactory     : Autowiring by type from bean name 'entityManagerFactory' via factory method to bean named 'persistenceManagedTypes'
2025-05-28T20:57:56.010+02:00 DEBUG 2092 --- [wanchinchun] [           main] o.s.jdbc.datasource.DataSourceUtils      : Fetching JDBC Connection from DataSource
2025-05-28T20:57:56.031+02:00 DEBUG 2092 --- [wanchinchun] [           main] j.LocalContainerEntityManagerFactoryBean : Building JPA container EntityManagerFactory for persistence unit 'default'
2025-05-28T20:57:56.077+02:00 DEBUG 2092 --- [wanchinchun] [           main] o.hibernate.jpa.internal.util.LogHelper  : PersistenceUnitInfo [
	name: default
	persistence provider classname: null
	classloader: jdk.internal.loader.ClassLoaders$AppClassLoader@70dea4e
	excludeUnlistedClasses: true
	JTA datasource: null
	Non JTA datasource: HikariDataSource (HikariPool-1)
	Transaction type: RESOURCE_LOCAL
	PU root URL: file:/C:/Users/pablo/Downloads/mini-pim-plytix-wanchinchun-develop/mini-pim-plytix-wanchinchun-develop/Backend/target/test-classes/
	Shared Cache Mode: UNSPECIFIED
	Validation Mode: AUTO
	Jar files URLs []
	Managed classes names [
		com.uma.wanchinchun.models.Attribute
		com.uma.wanchinchun.models.Category
		com.uma.wanchinchun.models.Product
		com.uma.wanchinchun.models.ProductRelationship
		com.uma.wanchinchun.models.ProductRelationshipID
		com.uma.wanchinchun.models.Relationship]
	Mapping files names []
	Properties []
2025-05-28T20:57:56.089+02:00 DEBUG 2092 --- [wanchinchun] [           main] o.h.i.internal.IntegratorServiceImpl     : Adding Integrator [org.hibernate.boot.beanvalidation.BeanValidationIntegrator].
2025-05-28T20:57:56.093+02:00 DEBUG 2092 --- [wanchinchun] [           main] o.h.i.internal.IntegratorServiceImpl     : Adding Integrator [org.hibernate.cache.internal.CollectionCacheInvalidator].
2025-05-28T20:57:56.186+02:00  INFO 2092 --- [wanchinchun] [           main] org.hibernate.Version                    : HHH000412: Hibernate ORM core version 6.6.11.Final
2025-05-28T20:57:56.189+02:00 DEBUG 2092 --- [wanchinchun] [           main] org.hibernate.cfg.Environment            : HHH000206: 'hibernate.properties' not found
2025-05-28T20:57:56.240+02:00 DEBUG 2092 --- [wanchinchun] [           main] org.hibernate.orm.idgen.factory          : Registering IdentifierGenerator strategy [uuid2] -> [org.hibernate.id.UUIDGenerator]
2025-05-28T20:57:56.242+02:00 DEBUG 2092 --- [wanchinchun] [           main] org.hibernate.orm.idgen.factory          : Registering IdentifierGenerator strategy [guid] -> [org.hibernate.id.GUIDGenerator]
2025-05-28T20:57:56.244+02:00 DEBUG 2092 --- [wanchinchun] [           main] org.hibernate.orm.idgen.factory          : Registering IdentifierGenerator strategy [uuid] -> [org.hibernate.id.UUIDHexGenerator]
2025-05-28T20:57:56.245+02:00 DEBUG 2092 --- [wanchinchun] [           main] org.hibernate.orm.idgen.factory          : Registering IdentifierGenerator strategy [uuid.hex] -> [org.hibernate.id.UUIDHexGenerator]
2025-05-28T20:57:56.245+02:00 DEBUG 2092 --- [wanchinchun] [           main] org.hibernate.orm.idgen.factory          : Registering IdentifierGenerator strategy [assigned] -> [org.hibernate.id.Assigned]
2025-05-28T20:57:56.247+02:00 DEBUG 2092 --- [wanchinchun] [           main] org.hibernate.orm.idgen.factory          : Registering IdentifierGenerator strategy [identity] -> [org.hibernate.id.IdentityGenerator]
2025-05-28T20:57:56.248+02:00 DEBUG 2092 --- [wanchinchun] [           main] org.hibernate.orm.idgen.factory          : Registering IdentifierGenerator strategy [select] -> [org.hibernate.id.SelectGenerator]
2025-05-28T20:57:56.249+02:00 DEBUG 2092 --- [wanchinchun] [           main] org.hibernate.orm.idgen.factory          : Registering IdentifierGenerator strategy [sequence] -> [org.hibernate.id.enhanced.SequenceStyleGenerator]
2025-05-28T20:57:56.250+02:00 DEBUG 2092 --- [wanchinchun] [           main] org.hibernate.orm.idgen.factory          : Registering IdentifierGenerator strategy [increment] -> [org.hibernate.id.IncrementGenerator]
2025-05-28T20:57:56.251+02:00 DEBUG 2092 --- [wanchinchun] [           main] org.hibernate.orm.idgen.factory          : Registering IdentifierGenerator strategy [foreign] -> [org.hibernate.id.ForeignGenerator]
2025-05-28T20:57:56.251+02:00 DEBUG 2092 --- [wanchinchun] [           main] org.hibernate.orm.idgen.factory          : Registering IdentifierGenerator strategy [enhanced-sequence] -> [org.hibernate.id.enhanced.SequenceStyleGenerator]
2025-05-28T20:57:56.252+02:00 DEBUG 2092 --- [wanchinchun] [           main] org.hibernate.orm.idgen.factory          : Registering IdentifierGenerator strategy [enhanced-table] -> [org.hibernate.id.enhanced.TableGenerator]
2025-05-28T20:57:56.262+02:00 DEBUG 2092 --- [wanchinchun] [           main] o.h.c.internal.RegionFactoryInitiator    : Cannot default RegionFactory based on registered strategies as `[]` RegionFactory strategies were registered
2025-05-28T20:57:56.265+02:00  INFO 2092 --- [wanchinchun] [           main] o.h.c.internal.RegionFactoryInitiator    : HHH000026: Second-level cache disabled
2025-05-28T20:57:56.422+02:00 DEBUG 2092 --- [wanchinchun] [           main] org.hibernate.type.BasicTypeRegistry     : Adding type registration boolean -> org.hibernate.type.BasicTypeReference@7bf65e0f
2025-05-28T20:57:56.422+02:00 DEBUG 2092 --- [wanchinchun] [           main] org.hibernate.type.BasicTypeRegistry     : Adding type registration boolean -> org.hibernate.type.BasicTypeReference@7bf65e0f
2025-05-28T20:57:56.422+02:00 DEBUG 2092 --- [wanchinchun] [           main] org.hibernate.type.BasicTypeRegistry     : Adding type registration java.lang.Boolean -> org.hibernate.type.BasicTypeReference@7bf65e0f
2025-05-28T20:57:56.422+02:00 DEBUG 2092 --- [wanchinchun] [           main] org.hibernate.type.BasicTypeRegistry     : Adding type registration numeric_boolean -> org.hibernate.type.BasicTypeReference@33215ffb
2025-05-28T20:57:56.422+02:00 DEBUG 2092 --- [wanchinchun] [           main] org.hibernate.type.BasicTypeRegistry     : Adding type registration org.hibernate.type.NumericBooleanConverter -> org.hibernate.type.BasicTypeReference@33215ffb
2025-05-28T20:57:56.422+02:00 DEBUG 2092 --- [wanchinchun] [           main] org.hibernate.type.BasicTypeRegistry     : Adding type registration true_false -> org.hibernate.type.BasicTypeReference@6f289728
2025-05-28T20:57:56.422+02:00 DEBUG 2092 --- [wanchinchun] [           main] org.hibernate.type.BasicTypeRegistry     : Adding type registration org.hibernate.type.TrueFalseConverter -> org.hibernate.type.BasicTypeReference@6f289728
2025-05-28T20:57:56.422+02:00 DEBUG 2092 --- [wanchinchun] [           main] org.hibernate.type.BasicTypeRegistry     : Adding type registration yes_no -> org.hibernate.type.BasicTypeReference@7c421952
2025-05-28T20:57:56.422+02:00 DEBUG 2092 --- [wanchinchun] [           main] org.hibernate.type.BasicTypeRegistry     : Adding type registration org.hibernate.type.YesNoConverter -> org.hibernate.type.BasicTypeReference@7c421952
2025-05-28T20:57:56.422+02:00 DEBUG 2092 --- [wanchinchun] [           main] org.hibernate.type.BasicTypeRegistry     : Adding type registration byte -> org.hibernate.type.BasicTypeReference@350d26f3
2025-05-28T20:57:56.423+02:00 DEBUG 2092 --- [wanchinchun] [           main] org.hibernate.type.BasicTypeRegistry     : Adding type registration byte -> org.hibernate.type.BasicTypeReference@350d26f3
2025-05-28T20:57:56.423+02:00 DEBUG 2092 --- [wanchinchun] [           main] org.hibernate.type.BasicTypeRegistry     : Adding type registration java.lang.Byte -> org.hibernate.type.BasicTypeReference@350d26f3
2025-05-28T20:57:56.423+02:00 DEBUG 2092 --- [wanchinchun] [           main] org.hibernate.type.BasicTypeRegistry     : Adding type registration binary -> org.hibernate.type.BasicTypeReference@c6a692e
2025-05-28T20:57:56.423+02:00 DEBUG 2092 --- [wanchinchun] [           main] org.hibernate.type.BasicTypeRegistry     : Adding type registration byte[] -> org.hibernate.type.BasicTypeReference@c6a692e
2025-05-28T20:57:56.423+02:00 DEBUG 2092 --- [wanchinchun] [           main] org.hibernate.type.BasicTypeRegistry     : Adding type registration [B -> org.hibernate.type.BasicTypeReference@c6a692e
2025-05-28T20:57:56.423+02:00 DEBUG 2092 --- [wanchinchun] [           main] org.hibernate.type.BasicTypeRegistry     : Adding type registration binary_wrapper -> org.hibernate.type.BasicTypeReference@27502e5c
2025-05-28T20:57:56.423+02:00 DEBUG 2092 --- [wanchinchun] [           main] org.hibernate.type.BasicTypeRegistry     : Adding type registration wrapper-binary -> org.hibernate.type.BasicTypeReference@27502e5c
2025-05-28T20:57:56.423+02:00 DEBUG 2092 --- [wanchinchun] [           main] org.hibernate.type.BasicTypeRegistry     : Adding type registration image -> org.hibernate.type.BasicTypeReference@4b343b6d
2025-05-28T20:57:56.423+02:00 DEBUG 2092 --- [wanchinchun] [           main] org.hibernate.type.BasicTypeRegistry     : Adding type registration blob -> org.hibernate.type.BasicTypeReference@17d2b646
2025-05-28T20:57:56.424+02:00 DEBUG 2092 --- [wanchinchun] [           main] org.hibernate.type.BasicTypeRegistry     : Adding type registration java.sql.Blob -> org.hibernate.type.BasicTypeReference@17d2b646
2025-05-28T20:57:56.424+02:00 DEBUG 2092 --- [wanchinchun] [           main] org.hibernate.type.BasicTypeRegistry     : Adding type registration materialized_blob -> org.hibernate.type.BasicTypeReference@48ae9e8b
2025-05-28T20:57:56.424+02:00 DEBUG 2092 --- [wanchinchun] [           main] org.hibernate.type.BasicTypeRegistry     : Adding type registration materialized_blob_wrapper -> org.hibernate.type.BasicTypeReference@6eaa6b0c
2025-05-28T20:57:56.424+02:00 DEBUG 2092 --- [wanchinchun] [           main] org.hibernate.type.BasicTypeRegistry     : Adding type registration short -> org.hibernate.type.BasicTypeReference@4afcae7
2025-05-28T20:57:56.424+02:00 DEBUG 2092 --- [wanchinchun] [           main] org.hibernate.type.BasicTypeRegistry     : Adding type registration short -> org.hibernate.type.BasicTypeReference@4afcae7
2025-05-28T20:57:56.424+02:00 DEBUG 2092 --- [wanchinchun] [           main] org.hibernate.type.BasicTypeRegistry     : Adding type registration java.lang.Short -> org.hibernate.type.BasicTypeReference@4afcae7
2025-05-28T20:57:56.424+02:00 DEBUG 2092 --- [wanchinchun] [           main] org.hibernate.type.BasicTypeRegistry     : Adding type registration integer -> org.hibernate.type.BasicTypeReference@6cd2cb2
2025-05-28T20:57:56.424+02:00 DEBUG 2092 --- [wanchinchun] [           main] org.hibernate.type.BasicTypeRegistry     : Adding type registration int -> org.hibernate.type.BasicTypeReference@6cd2cb2
2025-05-28T20:57:56.424+02:00 DEBUG 2092 --- [wanchinchun] [           main] org.hibernate.type.BasicTypeRegistry     : Adding type registration java.lang.Integer -> org.hibernate.type.BasicTypeReference@6cd2cb2
2025-05-28T20:57:56.424+02:00 DEBUG 2092 --- [wanchinchun] [           main] org.hibernate.type.BasicTypeRegistry     : Adding type registration long -> org.hibernate.type.BasicTypeReference@3a2bb026
2025-05-28T20:57:56.424+02:00 DEBUG 2092 --- [wanchinchun] [           main] org.hibernate.type.BasicTypeRegistry     : Adding type registration long -> org.hibernate.type.BasicTypeReference@3a2bb026
2025-05-28T20:57:56.426+02:00 DEBUG 2092 --- [wanchinchun] [           main] org.hibernate.type.BasicTypeRegistry     : Adding type registration java.lang.Long -> org.hibernate.type.BasicTypeReference@3a2bb026
2025-05-28T20:57:56.426+02:00 DEBUG 2092 --- [wanchinchun] [           main] org.hibernate.type.BasicTypeRegistry     : Adding type registration float -> org.hibernate.type.BasicTypeReference@7645e64
2025-05-28T20:57:56.426+02:00 DEBUG 2092 --- [wanchinchun] [           main] org.hibernate.type.BasicTypeRegistry     : Adding type registration float -> org.hibernate.type.BasicTypeReference@7645e64
2025-05-28T20:57:56.426+02:00 DEBUG 2092 --- [wanchinchun] [           main] org.hibernate.type.BasicTypeRegistry     : Adding type registration java.lang.Float -> org.hibernate.type.BasicTypeReference@7645e64
2025-05-28T20:57:56.426+02:00 DEBUG 2092 --- [wanchinchun] [           main] org.hibernate.type.BasicTypeRegistry     : Adding type registration double -> org.hibernate.type.BasicTypeReference@7de6549d
2025-05-28T20:57:56.426+02:00 DEBUG 2092 --- [wanchinchun] [           main] org.hibernate.type.BasicTypeRegistry     : Adding type registration double -> org.hibernate.type.BasicTypeReference@7de6549d
2025-05-28T20:57:56.426+02:00 DEBUG 2092 --- [wanchinchun] [           main] org.hibernate.type.BasicTypeRegistry     : Adding type registration java.lang.Double -> org.hibernate.type.BasicTypeReference@7de6549d
2025-05-28T20:57:56.426+02:00 DEBUG 2092 --- [wanchinchun] [           main] org.hibernate.type.BasicTypeRegistry     : Adding type registration big_integer -> org.hibernate.type.BasicTypeReference@12214f2f
2025-05-28T20:57:56.426+02:00 DEBUG 2092 --- [wanchinchun] [           main] org.hibernate.type.BasicTypeRegistry     : Adding type registration java.math.BigInteger -> org.hibernate.type.BasicTypeReference@12214f2f
2025-05-28T20:57:56.426+02:00 DEBUG 2092 --- [wanchinchun] [           main] org.hibernate.type.BasicTypeRegistry     : Adding type registration big_decimal -> org.hibernate.type.BasicTypeReference@756c67cd
2025-05-28T20:57:56.426+02:00 DEBUG 2092 --- [wanchinchun] [           main] org.hibernate.type.BasicTypeRegistry     : Adding type registration java.math.BigDecimal -> org.hibernate.type.BasicTypeReference@756c67cd
2025-05-28T20:57:56.427+02:00 DEBUG 2092 --- [wanchinchun] [           main] org.hibernate.type.BasicTypeRegistry     : Adding type registration character -> org.hibernate.type.BasicTypeReference@50de907a
2025-05-28T20:57:56.427+02:00 DEBUG 2092 --- [wanchinchun] [           main] org.hibernate.type.BasicTypeRegistry     : Adding type registration char -> org.hibernate.type.BasicTypeReference@50de907a
2025-05-28T20:57:56.427+02:00 DEBUG 2092 --- [wanchinchun] [           main] org.hibernate.type.BasicTypeRegistry     : Adding type registration java.lang.Character -> org.hibernate.type.BasicTypeReference@50de907a
2025-05-28T20:57:56.427+02:00 DEBUG 2092 --- [wanchinchun] [           main] org.hibernate.type.BasicTypeRegistry     : Adding type registration character_nchar -> org.hibernate.type.BasicTypeReference@1fd37440
2025-05-28T20:57:56.427+02:00 DEBUG 2092 --- [wanchinchun] [           main] org.hibernate.type.BasicTypeRegistry     : Adding type registration string -> org.hibernate.type.BasicTypeReference@79308a2
2025-05-28T20:57:56.427+02:00 DEBUG 2092 --- [wanchinchun] [           main] org.hibernate.type.BasicTypeRegistry     : Adding type registration java.lang.String -> org.hibernate.type.BasicTypeReference@79308a2
2025-05-28T20:57:56.427+02:00 DEBUG 2092 --- [wanchinchun] [           main] org.hibernate.type.BasicTypeRegistry     : Adding type registration nstring -> org.hibernate.type.BasicTypeReference@11574592
2025-05-28T20:57:56.427+02:00 DEBUG 2092 --- [wanchinchun] [           main] org.hibernate.type.BasicTypeRegistry     : Adding type registration characters -> org.hibernate.type.BasicTypeReference@352e5a82
2025-05-28T20:57:56.427+02:00 DEBUG 2092 --- [wanchinchun] [           main] org.hibernate.type.BasicTypeRegistry     : Adding type registration char[] -> org.hibernate.type.BasicTypeReference@352e5a82
2025-05-28T20:57:56.427+02:00 DEBUG 2092 --- [wanchinchun] [           main] org.hibernate.type.BasicTypeRegistry     : Adding type registration [C -> org.hibernate.type.BasicTypeReference@352e5a82
2025-05-28T20:57:56.427+02:00 DEBUG 2092 --- [wanchinchun] [           main] org.hibernate.type.BasicTypeRegistry     : Adding type registration wrapper-characters -> org.hibernate.type.BasicTypeReference@315b5913
2025-05-28T20:57:56.427+02:00 DEBUG 2092 --- [wanchinchun] [           main] org.hibernate.type.BasicTypeRegistry     : Adding type registration text -> org.hibernate.type.BasicTypeReference@2e929182
2025-05-28T20:57:56.427+02:00 DEBUG 2092 --- [wanchinchun] [           main] org.hibernate.type.BasicTypeRegistry     : Adding type registration ntext -> org.hibernate.type.BasicTypeReference@5423a17
2025-05-28T20:57:56.427+02:00 DEBUG 2092 --- [wanchinchun] [           main] org.hibernate.type.BasicTypeRegistry     : Adding type registration clob -> org.hibernate.type.BasicTypeReference@42ff9a77
2025-05-28T20:57:56.427+02:00 DEBUG 2092 --- [wanchinchun] [           main] org.hibernate.type.BasicTypeRegistry     : Adding type registration java.sql.Clob -> org.hibernate.type.BasicTypeReference@42ff9a77
2025-05-28T20:57:56.427+02:00 DEBUG 2092 --- [wanchinchun] [           main] org.hibernate.type.BasicTypeRegistry     : Adding type registration nclob -> org.hibernate.type.BasicTypeReference@2987d0fa
2025-05-28T20:57:56.427+02:00 DEBUG 2092 --- [wanchinchun] [           main] org.hibernate.type.BasicTypeRegistry     : Adding type registration java.sql.NClob -> org.hibernate.type.BasicTypeReference@2987d0fa
2025-05-28T20:57:56.427+02:00 DEBUG 2092 --- [wanchinchun] [           main] org.hibernate.type.BasicTypeRegistry     : Adding type registration materialized_clob -> org.hibernate.type.BasicTypeReference@13234ac9
2025-05-28T20:57:56.428+02:00 DEBUG 2092 --- [wanchinchun] [           main] org.hibernate.type.BasicTypeRegistry     : Adding type registration materialized_clob_char_array -> org.hibernate.type.BasicTypeReference@7254838
2025-05-28T20:57:56.428+02:00 DEBUG 2092 --- [wanchinchun] [           main] org.hibernate.type.BasicTypeRegistry     : Adding type registration materialized_clob_character_array -> org.hibernate.type.BasicTypeReference@39374689
2025-05-28T20:57:56.428+02:00 DEBUG 2092 --- [wanchinchun] [           main] org.hibernate.type.BasicTypeRegistry     : Adding type registration materialized_nclob -> org.hibernate.type.BasicTypeReference@2e204155
2025-05-28T20:57:56.428+02:00 DEBUG 2092 --- [wanchinchun] [           main] org.hibernate.type.BasicTypeRegistry     : Adding type registration materialized_nclob_character_array -> org.hibernate.type.BasicTypeReference@27dc335a
2025-05-28T20:57:56.428+02:00 DEBUG 2092 --- [wanchinchun] [           main] org.hibernate.type.BasicTypeRegistry     : Adding type registration materialized_nclob_char_array -> org.hibernate.type.BasicTypeReference@a95cb11
2025-05-28T20:57:56.428+02:00 DEBUG 2092 --- [wanchinchun] [           main] org.hibernate.type.BasicTypeRegistry     : Adding type registration Duration -> org.hibernate.type.BasicTypeReference@915d7c4
2025-05-28T20:57:56.428+02:00 DEBUG 2092 --- [wanchinchun] [           main] org.hibernate.type.BasicTypeRegistry     : Adding type registration java.time.Duration -> org.hibernate.type.BasicTypeReference@915d7c4
2025-05-28T20:57:56.428+02:00 DEBUG 2092 --- [wanchinchun] [           main] org.hibernate.type.BasicTypeRegistry     : Adding type registration LocalDateTime -> org.hibernate.type.BasicTypeReference@2513155a
2025-05-28T20:57:56.428+02:00 DEBUG 2092 --- [wanchinchun] [           main] org.hibernate.type.BasicTypeRegistry     : Adding type registration java.time.LocalDateTime -> org.hibernate.type.BasicTypeReference@2513155a
2025-05-28T20:57:56.428+02:00 DEBUG 2092 --- [wanchinchun] [           main] org.hibernate.type.BasicTypeRegistry     : Adding type registration LocalDate -> org.hibernate.type.BasicTypeReference@6313b441
2025-05-28T20:57:56.428+02:00 DEBUG 2092 --- [wanchinchun] [           main] org.hibernate.type.BasicTypeRegistry     : Adding type registration java.time.LocalDate -> org.hibernate.type.BasicTypeReference@6313b441
2025-05-28T20:57:56.428+02:00 DEBUG 2092 --- [wanchinchun] [           main] org.hibernate.type.BasicTypeRegistry     : Adding type registration LocalTime -> org.hibernate.type.BasicTypeReference@47fa3671
2025-05-28T20:57:56.428+02:00 DEBUG 2092 --- [wanchinchun] [           main] org.hibernate.type.BasicTypeRegistry     : Adding type registration java.time.LocalTime -> org.hibernate.type.BasicTypeReference@47fa3671
2025-05-28T20:57:56.428+02:00 DEBUG 2092 --- [wanchinchun] [           main] org.hibernate.type.BasicTypeRegistry     : Adding type registration OffsetDateTime -> org.hibernate.type.BasicTypeReference@60f662bd
2025-05-28T20:57:56.428+02:00 DEBUG 2092 --- [wanchinchun] [           main] org.hibernate.type.BasicTypeRegistry     : Adding type registration java.time.OffsetDateTime -> org.hibernate.type.BasicTypeReference@60f662bd
2025-05-28T20:57:56.428+02:00 DEBUG 2092 --- [wanchinchun] [           main] org.hibernate.type.BasicTypeRegistry     : Adding type registration OffsetDateTimeWithTimezone -> org.hibernate.type.BasicTypeReference@5df2023c
2025-05-28T20:57:56.428+02:00 DEBUG 2092 --- [wanchinchun] [           main] org.hibernate.type.BasicTypeRegistry     : Adding type registration OffsetDateTimeWithoutTimezone -> org.hibernate.type.BasicTypeReference@23bd047f
2025-05-28T20:57:56.429+02:00 DEBUG 2092 --- [wanchinchun] [           main] org.hibernate.type.BasicTypeRegistry     : Adding type registration OffsetTime -> org.hibernate.type.BasicTypeReference@3562e7c7
2025-05-28T20:57:56.429+02:00 DEBUG 2092 --- [wanchinchun] [           main] org.hibernate.type.BasicTypeRegistry     : Adding type registration java.time.OffsetTime -> org.hibernate.type.BasicTypeReference@3562e7c7
2025-05-28T20:57:56.429+02:00 DEBUG 2092 --- [wanchinchun] [           main] org.hibernate.type.BasicTypeRegistry     : Adding type registration OffsetTimeUtc -> org.hibernate.type.BasicTypeReference@66d2885c
2025-05-28T20:57:56.429+02:00 DEBUG 2092 --- [wanchinchun] [           main] org.hibernate.type.BasicTypeRegistry     : Adding type registration OffsetTimeWithTimezone -> org.hibernate.type.BasicTypeReference@2bfc8558
2025-05-28T20:57:56.429+02:00 DEBUG 2092 --- [wanchinchun] [           main] org.hibernate.type.BasicTypeRegistry     : Adding type registration OffsetTimeWithoutTimezone -> org.hibernate.type.BasicTypeReference@6029f2a4
2025-05-28T20:57:56.429+02:00 DEBUG 2092 --- [wanchinchun] [           main] org.hibernate.type.BasicTypeRegistry     : Adding type registration ZonedDateTime -> org.hibernate.type.BasicTypeReference@42576db9
2025-05-28T20:57:56.429+02:00 DEBUG 2092 --- [wanchinchun] [           main] org.hibernate.type.BasicTypeRegistry     : Adding type registration java.time.ZonedDateTime -> org.hibernate.type.BasicTypeReference@42576db9
2025-05-28T20:57:56.429+02:00 DEBUG 2092 --- [wanchinchun] [           main] org.hibernate.type.BasicTypeRegistry     : Adding type registration ZonedDateTimeWithTimezone -> org.hibernate.type.BasicTypeReference@30358dc7
2025-05-28T20:57:56.429+02:00 DEBUG 2092 --- [wanchinchun] [           main] org.hibernate.type.BasicTypeRegistry     : Adding type registration ZonedDateTimeWithoutTimezone -> org.hibernate.type.BasicTypeReference@7fac18dc
2025-05-28T20:57:56.429+02:00 DEBUG 2092 --- [wanchinchun] [           main] org.hibernate.type.BasicTypeRegistry     : Adding type registration date -> org.hibernate.type.BasicTypeReference@50bf795f
2025-05-28T20:57:56.429+02:00 DEBUG 2092 --- [wanchinchun] [           main] org.hibernate.type.BasicTypeRegistry     : Adding type registration java.sql.Date -> org.hibernate.type.BasicTypeReference@50bf795f
2025-05-28T20:57:56.429+02:00 DEBUG 2092 --- [wanchinchun] [           main] org.hibernate.type.BasicTypeRegistry     : Adding type registration time -> org.hibernate.type.BasicTypeReference@29fcfc54
2025-05-28T20:57:56.429+02:00 DEBUG 2092 --- [wanchinchun] [           main] org.hibernate.type.BasicTypeRegistry     : Adding type registration java.sql.Time -> org.hibernate.type.BasicTypeReference@29fcfc54
2025-05-28T20:57:56.430+02:00 DEBUG 2092 --- [wanchinchun] [           main] org.hibernate.type.BasicTypeRegistry     : Adding type registration timestamp -> org.hibernate.type.BasicTypeReference@353b0719
2025-05-28T20:57:56.430+02:00 DEBUG 2092 --- [wanchinchun] [           main] org.hibernate.type.BasicTypeRegistry     : Adding type registration java.sql.Timestamp -> org.hibernate.type.BasicTypeReference@353b0719
2025-05-28T20:57:56.430+02:00 DEBUG 2092 --- [wanchinchun] [           main] org.hibernate.type.BasicTypeRegistry     : Adding type registration java.util.Date -> org.hibernate.type.BasicTypeReference@353b0719
2025-05-28T20:57:56.430+02:00 DEBUG 2092 --- [wanchinchun] [           main] org.hibernate.type.BasicTypeRegistry     : Adding type registration calendar -> org.hibernate.type.BasicTypeReference@2a4e939a
2025-05-28T20:57:56.430+02:00 DEBUG 2092 --- [wanchinchun] [           main] org.hibernate.type.BasicTypeRegistry     : Adding type registration java.util.Calendar -> org.hibernate.type.BasicTypeReference@2a4e939a
2025-05-28T20:57:56.430+02:00 DEBUG 2092 --- [wanchinchun] [           main] org.hibernate.type.BasicTypeRegistry     : Adding type registration java.util.GregorianCalendar -> org.hibernate.type.BasicTypeReference@2a4e939a
2025-05-28T20:57:56.430+02:00 DEBUG 2092 --- [wanchinchun] [           main] org.hibernate.type.BasicTypeRegistry     : Adding type registration calendar_date -> org.hibernate.type.BasicTypeReference@110620d
2025-05-28T20:57:56.430+02:00 DEBUG 2092 --- [wanchinchun] [           main] org.hibernate.type.BasicTypeRegistry     : Adding type registration calendar_time -> org.hibernate.type.BasicTypeReference@4f402027
2025-05-28T20:57:56.430+02:00 DEBUG 2092 --- [wanchinchun] [           main] org.hibernate.type.BasicTypeRegistry     : Adding type registration instant -> org.hibernate.type.BasicTypeReference@22aee519
2025-05-28T20:57:56.430+02:00 DEBUG 2092 --- [wanchinchun] [           main] org.hibernate.type.BasicTypeRegistry     : Adding type registration java.time.Instant -> org.hibernate.type.BasicTypeReference@22aee519
2025-05-28T20:57:56.430+02:00 DEBUG 2092 --- [wanchinchun] [           main] org.hibernate.type.BasicTypeRegistry     : Adding type registration uuid -> org.hibernate.type.BasicTypeReference@7c226095
2025-05-28T20:57:56.430+02:00 DEBUG 2092 --- [wanchinchun] [           main] org.hibernate.type.BasicTypeRegistry     : Adding type registration java.util.UUID -> org.hibernate.type.BasicTypeReference@7c226095
2025-05-28T20:57:56.430+02:00 DEBUG 2092 --- [wanchinchun] [           main] org.hibernate.type.BasicTypeRegistry     : Adding type registration pg-uuid -> org.hibernate.type.BasicTypeReference@7c226095
2025-05-28T20:57:56.430+02:00 DEBUG 2092 --- [wanchinchun] [           main] org.hibernate.type.BasicTypeRegistry     : Adding type registration uuid-binary -> org.hibernate.type.BasicTypeReference@7ea07516
2025-05-28T20:57:56.430+02:00 DEBUG 2092 --- [wanchinchun] [           main] org.hibernate.type.BasicTypeRegistry     : Adding type registration uuid-char -> org.hibernate.type.BasicTypeReference@30af23fd
2025-05-28T20:57:56.430+02:00 DEBUG 2092 --- [wanchinchun] [           main] org.hibernate.type.BasicTypeRegistry     : Adding type registration class -> org.hibernate.type.BasicTypeReference@65fc8edc
2025-05-28T20:57:56.431+02:00 DEBUG 2092 --- [wanchinchun] [           main] org.hibernate.type.BasicTypeRegistry     : Adding type registration java.lang.Class -> org.hibernate.type.BasicTypeReference@65fc8edc
2025-05-28T20:57:56.431+02:00 DEBUG 2092 --- [wanchinchun] [           main] org.hibernate.type.BasicTypeRegistry     : Adding type registration currency -> org.hibernate.type.BasicTypeReference@a357c3e
2025-05-28T20:57:56.431+02:00 DEBUG 2092 --- [wanchinchun] [           main] org.hibernate.type.BasicTypeRegistry     : Adding type registration Currency -> org.hibernate.type.BasicTypeReference@a357c3e
2025-05-28T20:57:56.432+02:00 DEBUG 2092 --- [wanchinchun] [           main] org.hibernate.type.BasicTypeRegistry     : Adding type registration java.util.Currency -> org.hibernate.type.BasicTypeReference@a357c3e
2025-05-28T20:57:56.432+02:00 DEBUG 2092 --- [wanchinchun] [           main] org.hibernate.type.BasicTypeRegistry     : Adding type registration locale -> org.hibernate.type.BasicTypeReference@3eb9c575
2025-05-28T20:57:56.432+02:00 DEBUG 2092 --- [wanchinchun] [           main] org.hibernate.type.BasicTypeRegistry     : Adding type registration java.util.Locale -> org.hibernate.type.BasicTypeReference@3eb9c575
2025-05-28T20:57:56.432+02:00 DEBUG 2092 --- [wanchinchun] [           main] org.hibernate.type.BasicTypeRegistry     : Adding type registration serializable -> org.hibernate.type.BasicTypeReference@3f322610
2025-05-28T20:57:56.432+02:00 DEBUG 2092 --- [wanchinchun] [           main] org.hibernate.type.BasicTypeRegistry     : Adding type registration java.io.Serializable -> org.hibernate.type.BasicTypeReference@3f322610
2025-05-28T20:57:56.432+02:00 DEBUG 2092 --- [wanchinchun] [           main] org.hibernate.type.BasicTypeRegistry     : Adding type registration timezone -> org.hibernate.type.BasicTypeReference@1e477944
2025-05-28T20:57:56.432+02:00 DEBUG 2092 --- [wanchinchun] [           main] org.hibernate.type.BasicTypeRegistry     : Adding type registration java.util.TimeZone -> org.hibernate.type.BasicTypeReference@1e477944
2025-05-28T20:57:56.432+02:00 DEBUG 2092 --- [wanchinchun] [           main] org.hibernate.type.BasicTypeRegistry     : Adding type registration ZoneOffset -> org.hibernate.type.BasicTypeReference@6cf047cf
2025-05-28T20:57:56.432+02:00 DEBUG 2092 --- [wanchinchun] [           main] org.hibernate.type.BasicTypeRegistry     : Adding type registration java.time.ZoneOffset -> org.hibernate.type.BasicTypeReference@6cf047cf
2025-05-28T20:57:56.432+02:00 DEBUG 2092 --- [wanchinchun] [           main] org.hibernate.type.BasicTypeRegistry     : Adding type registration url -> org.hibernate.type.BasicTypeReference@1c92a549
2025-05-28T20:57:56.432+02:00 DEBUG 2092 --- [wanchinchun] [           main] org.hibernate.type.BasicTypeRegistry     : Adding type registration java.net.URL -> org.hibernate.type.BasicTypeReference@1c92a549
2025-05-28T20:57:56.432+02:00 DEBUG 2092 --- [wanchinchun] [           main] org.hibernate.type.BasicTypeRegistry     : Adding type registration vector -> org.hibernate.type.BasicTypeReference@323e026d
2025-05-28T20:57:56.433+02:00 DEBUG 2092 --- [wanchinchun] [           main] org.hibernate.type.BasicTypeRegistry     : Adding type registration float_vector -> org.hibernate.type.BasicTypeReference@1716c037
2025-05-28T20:57:56.433+02:00 DEBUG 2092 --- [wanchinchun] [           main] org.hibernate.type.BasicTypeRegistry     : Adding type registration double_vector -> org.hibernate.type.BasicTypeReference@79b63325
2025-05-28T20:57:56.433+02:00 DEBUG 2092 --- [wanchinchun] [           main] org.hibernate.type.BasicTypeRegistry     : Adding type registration byte_vector -> org.hibernate.type.BasicTypeReference@708769b7
2025-05-28T20:57:56.433+02:00 DEBUG 2092 --- [wanchinchun] [           main] org.hibernate.type.BasicTypeRegistry     : Adding type registration row_version -> org.hibernate.type.BasicTypeReference@32e830a0
2025-05-28T20:57:56.441+02:00 DEBUG 2092 --- [wanchinchun] [           main] org.hibernate.type.BasicTypeRegistry     : Adding type registration object -> org.hibernate.type.JavaObjectType@166e5a6d
2025-05-28T20:57:56.441+02:00 DEBUG 2092 --- [wanchinchun] [           main] org.hibernate.type.BasicTypeRegistry     : Adding type registration java.lang.Object -> org.hibernate.type.JavaObjectType@166e5a6d
2025-05-28T20:57:56.444+02:00 DEBUG 2092 --- [wanchinchun] [           main] org.hibernate.type.BasicTypeRegistry     : Adding type registration null -> org.hibernate.type.NullType@5597ca3
2025-05-28T20:57:56.445+02:00 DEBUG 2092 --- [wanchinchun] [           main] org.hibernate.type.BasicTypeRegistry     : Adding type registration imm_date -> org.hibernate.type.BasicTypeReference@31b741e2
2025-05-28T20:57:56.445+02:00 DEBUG 2092 --- [wanchinchun] [           main] org.hibernate.type.BasicTypeRegistry     : Adding type registration imm_time -> org.hibernate.type.BasicTypeReference@573a078
2025-05-28T20:57:56.445+02:00 DEBUG 2092 --- [wanchinchun] [           main] org.hibernate.type.BasicTypeRegistry     : Adding type registration imm_timestamp -> org.hibernate.type.BasicTypeReference@28f05b0c
2025-05-28T20:57:56.445+02:00 DEBUG 2092 --- [wanchinchun] [           main] org.hibernate.type.BasicTypeRegistry     : Adding type registration imm_calendar -> org.hibernate.type.BasicTypeReference@660296d5
2025-05-28T20:57:56.445+02:00 DEBUG 2092 --- [wanchinchun] [           main] org.hibernate.type.BasicTypeRegistry     : Adding type registration imm_calendar_date -> org.hibernate.type.BasicTypeReference@6d3163a6
2025-05-28T20:57:56.445+02:00 DEBUG 2092 --- [wanchinchun] [           main] org.hibernate.type.BasicTypeRegistry     : Adding type registration imm_calendar_time -> org.hibernate.type.BasicTypeReference@75d97e18
2025-05-28T20:57:56.445+02:00 DEBUG 2092 --- [wanchinchun] [           main] org.hibernate.type.BasicTypeRegistry     : Adding type registration imm_binary -> org.hibernate.type.BasicTypeReference@5fdb7394
2025-05-28T20:57:56.445+02:00 DEBUG 2092 --- [wanchinchun] [           main] org.hibernate.type.BasicTypeRegistry     : Adding type registration imm_serializable -> org.hibernate.type.BasicTypeReference@2d9de284
2025-05-28T20:57:56.454+02:00 DEBUG 2092 --- [wanchinchun] [           main] o.h.boot.internal.BootstrapContextImpl   : Injecting JPA temp ClassLoader [org.springframework.instrument.classloading.SimpleThrowawayClassLoader@45c90a05] into BootstrapContext; was [null]
2025-05-28T20:57:56.455+02:00 DEBUG 2092 --- [wanchinchun] [           main] o.h.boot.internal.ClassLoaderAccessImpl  : ClassLoaderAccessImpl#injectTempClassLoader(org.springframework.instrument.classloading.SimpleThrowawayClassLoader@45c90a05) [was null]
2025-05-28T20:57:56.455+02:00 DEBUG 2092 --- [wanchinchun] [           main] o.h.boot.internal.BootstrapContextImpl   : Injecting ScanEnvironment [org.hibernate.jpa.boot.internal.StandardJpaScanEnvironmentImpl@4fa91d5b] into BootstrapContext; was [null]
2025-05-28T20:57:56.456+02:00 DEBUG 2092 --- [wanchinchun] [           main] o.h.boot.internal.BootstrapContextImpl   : Injecting ScanOptions [org.hibernate.boot.archive.scan.internal.StandardScanOptions@7ce30c0b] into BootstrapContext; was [org.hibernate.boot.archive.scan.internal.StandardScanOptions@1d7f2f0a]
2025-05-28T20:57:56.477+02:00 DEBUG 2092 --- [wanchinchun] [           main] o.h.j.b.i.PersistenceUnitInfoDescriptor  : Pushing class transformers for PU named 'default' on loading classloader jdk.internal.loader.ClassLoaders$AppClassLoader@70dea4e
2025-05-28T20:57:56.738+02:00  INFO 2092 --- [wanchinchun] [           main] o.s.o.j.p.SpringPersistenceUnitInfo      : No LoadTimeWeaver setup: ignoring JPA class transformer
2025-05-28T20:57:56.738+02:00 DEBUG 2092 --- [wanchinchun] [           main] o.h.boot.internal.BootstrapContextImpl   : Injecting JPA temp ClassLoader [null] into BootstrapContext; was [org.springframework.instrument.classloading.SimpleThrowawayClassLoader@45c90a05]
2025-05-28T20:57:56.738+02:00 DEBUG 2092 --- [wanchinchun] [           main] o.h.boot.internal.ClassLoaderAccessImpl  : ClassLoaderAccessImpl#injectTempClassLoader(null) [was org.springframework.instrument.classloading.SimpleThrowawayClassLoader@45c90a05]
2025-05-28T20:57:56.781+02:00 DEBUG 2092 --- [wanchinchun] [           main] o.h.e.j.e.i.JdbcEnvironmentInitiator     : Database ->
	   name : H2
	version : 2.3.232 (2024-08-11)
	  major : 2
	  minor : 3
2025-05-28T20:57:56.781+02:00 DEBUG 2092 --- [wanchinchun] [           main] o.h.e.j.e.i.JdbcEnvironmentInitiator     : Driver ->
	   name : H2 JDBC Driver
	version : 2.3.232 (2024-08-11)
	  major : 2
	  minor : 3
2025-05-28T20:57:56.781+02:00 DEBUG 2092 --- [wanchinchun] [           main] o.h.e.j.e.i.JdbcEnvironmentInitiator     : JDBC version : 4.3
2025-05-28T20:57:56.815+02:00 DEBUG 2092 --- [wanchinchun] [           main] org.hibernate.orm.dialect                : HHH035001: Using dialect: org.hibernate.dialect.H2Dialect, version: 2.3.232
2025-05-28T20:57:56.819+02:00 DEBUG 2092 --- [wanchinchun] [           main] o.h.e.j.env.spi.IdentifierHelperBuilder  : JDBC driver metadata reported database stores quoted identifiers in neither upper, lower nor mixed case
2025-05-28T20:57:56.832+02:00  INFO 2092 --- [wanchinchun] [           main] org.hibernate.orm.connections.pooling    : HHH10001005: Database info:
	Database JDBC URL [Connecting through datasource 'HikariDataSource (HikariPool-1)']
	Database driver: undefined/unknown
	Database version: 2.3.232
	Autocommit mode: undefined/unknown
	Isolation level: undefined/unknown
	Minimum pool size: undefined/unknown
	Maximum pool size: undefined/unknown
2025-05-28T20:57:56.842+02:00 DEBUG 2092 --- [wanchinchun] [           main] o.h.t.d.jdbc.spi.JdbcTypeRegistry        : addDescriptor(NCharTypeDescriptor) replaced previous registration(CharTypeDescriptor)
2025-05-28T20:57:56.842+02:00 DEBUG 2092 --- [wanchinchun] [           main] o.h.t.d.jdbc.spi.JdbcTypeRegistry        : addDescriptor(NVarcharTypeDescriptor) replaced previous registration(VarcharTypeDescriptor)
2025-05-28T20:57:56.844+02:00 DEBUG 2092 --- [wanchinchun] [           main] o.h.t.d.jdbc.spi.JdbcTypeRegistry        : addDescriptor(LongNVarcharTypeDescriptor) replaced previous registration(LongVarcharTypeDescriptor)
2025-05-28T20:57:56.847+02:00 DEBUG 2092 --- [wanchinchun] [           main] o.h.t.d.jdbc.spi.JdbcTypeRegistry        : addDescriptor(NClobTypeDescriptor(DEFAULT)) replaced previous registration(ClobTypeDescriptor(DEFAULT))
2025-05-28T20:57:56.848+02:00 DEBUG 2092 --- [wanchinchun] [           main] o.h.t.d.jdbc.spi.JdbcTypeRegistry        : addDescriptor(TimestampUtcDescriptor) replaced previous registration(TimestampUtcDescriptor)
2025-05-28T20:57:56.854+02:00 DEBUG 2092 --- [wanchinchun] [           main] org.hibernate.type.BasicTypeRegistry     : Adding type registration org.hibernate.type.DurationType -> basicType@1(java.time.Duration,3015)
2025-05-28T20:57:56.854+02:00 DEBUG 2092 --- [wanchinchun] [           main] org.hibernate.type.BasicTypeRegistry     : Adding type registration Duration -> basicType@1(java.time.Duration,3015)
2025-05-28T20:57:56.854+02:00 DEBUG 2092 --- [wanchinchun] [           main] org.hibernate.type.BasicTypeRegistry     : Adding type registration java.time.Duration -> basicType@1(java.time.Duration,3015)
2025-05-28T20:57:56.858+02:00 DEBUG 2092 --- [wanchinchun] [           main] o.h.type.spi.TypeConfiguration$Scope     : Scoping TypeConfiguration [org.hibernate.type.spi.TypeConfiguration@1818390b] to MetadataBuildingContext [org.hibernate.boot.internal.MetadataBuildingContextRootImpl@67a38]
2025-05-28T20:57:56.894+02:00 DEBUG 2092 --- [wanchinchun] [           main] o.h.boot.model.relational.Namespace      : Created database namespace [logicalName=Name{catalog=null, schema=null}, physicalName=Name{catalog=null, schema=null}]
2025-05-28T20:57:56.919+02:00 DEBUG 2092 --- [wanchinchun] [           main] o.h.boot.model.internal.EntityBinder     : Binding entity from annotated class: com.uma.wanchinchun.models.Category
2025-05-28T20:57:56.927+02:00 DEBUG 2092 --- [wanchinchun] [           main] o.h.boot.model.internal.EntityBinder     : Import with entity name Category
2025-05-28T20:57:56.934+02:00 DEBUG 2092 --- [wanchinchun] [           main] o.h.boot.model.internal.EntityBinder     : Bind entity com.uma.wanchinchun.models.Category on table categorias
2025-05-28T20:57:56.945+02:00 DEBUG 2092 --- [wanchinchun] [           main] o.h.boot.model.internal.AnnotatedColumn  : Binding column: AnnotatedDiscriminatorColumn(column='DTYPE')
2025-05-28T20:57:56.966+02:00 DEBUG 2092 --- [wanchinchun] [           main] o.h.boot.model.internal.AnnotatedColumn  : Binding column: AnnotatedColumn()
2025-05-28T20:57:56.967+02:00 DEBUG 2092 --- [wanchinchun] [           main] o.h.boot.internal.ClassLoaderAccessImpl  : Not known whether passed class name [com.uma.wanchinchun.models.Category] is safe
2025-05-28T20:57:56.967+02:00 DEBUG 2092 --- [wanchinchun] [           main] o.h.boot.internal.ClassLoaderAccessImpl  : No temp ClassLoader provided; using live ClassLoader for loading potentially unsafe class : com.uma.wanchinchun.models.Category
2025-05-28T20:57:56.971+02:00 DEBUG 2092 --- [wanchinchun] [           main] o.h.boot.model.internal.PropertyBinder   : MetadataSourceProcessor property id with lazy=false
2025-05-28T20:57:56.975+02:00 DEBUG 2092 --- [wanchinchun] [           main] o.h.b.m.internal.AbstractPropertyHolder  : Attempting to locate auto-apply AttributeConverter for property [com.uma.wanchinchun.models.Category:id]
2025-05-28T20:57:56.979+02:00 DEBUG 2092 --- [wanchinchun] [           main] o.h.b.model.internal.BasicValueBinder    : building BasicValue for id
2025-05-28T20:57:56.982+02:00 DEBUG 2092 --- [wanchinchun] [           main] org.hibernate.mapping.BasicValue         : Skipping column re-registration: categorias.id
2025-05-28T20:57:56.982+02:00 DEBUG 2092 --- [wanchinchun] [           main] o.h.boot.model.internal.PropertyBinder   : Building property id
2025-05-28T20:57:56.986+02:00 DEBUG 2092 --- [wanchinchun] [           main] o.h.boot.model.internal.BinderHelper     : #makeIdGenerator(BasicValue([Column(id)]), id, org.hibernate.id.enhanced.SequenceStyleGenerator, , ...)
2025-05-28T20:57:56.987+02:00 DEBUG 2092 --- [wanchinchun] [           main] o.h.boot.model.internal.AnnotatedColumn  : Binding column: AnnotatedColumn()
2025-05-28T20:57:56.987+02:00 DEBUG 2092 --- [wanchinchun] [           main] o.h.boot.model.internal.PropertyBinder   : MetadataSourceProcessor property nombre with lazy=false
2025-05-28T20:57:56.987+02:00 DEBUG 2092 --- [wanchinchun] [           main] o.h.b.m.internal.AbstractPropertyHolder  : Attempting to locate auto-apply AttributeConverter for property [com.uma.wanchinchun.models.Category:nombre]
2025-05-28T20:57:56.987+02:00 DEBUG 2092 --- [wanchinchun] [           main] o.h.b.model.internal.BasicValueBinder    : building BasicValue for nombre
2025-05-28T20:57:56.987+02:00 DEBUG 2092 --- [wanchinchun] [           main] org.hibernate.mapping.BasicValue         : Skipping column re-registration: categorias.nombre
2025-05-28T20:57:56.987+02:00 DEBUG 2092 --- [wanchinchun] [           main] o.h.boot.model.internal.PropertyBinder   : Building property nombre
2025-05-28T20:57:56.998+02:00 DEBUG 2092 --- [wanchinchun] [           main] o.h.boot.model.internal.AnnotatedColumn  : Binding column: IndexColumn(column='productos_ORDER')
2025-05-28T20:57:57.000+02:00 DEBUG 2092 --- [wanchinchun] [           main] o.h.boot.model.internal.AnnotatedColumn  : Binding column: AnnotatedColumn()
2025-05-28T20:57:57.001+02:00 DEBUG 2092 --- [wanchinchun] [           main] o.h.boot.model.internal.AnnotatedColumn  : Binding column: AnnotatedColumn(column='productos_KEY')
2025-05-28T20:57:57.003+02:00 DEBUG 2092 --- [wanchinchun] [           main] o.h.boot.model.internal.AnnotatedColumn  : Binding column: AnnotatedJoinColumn(column='productos_KEY')
2025-05-28T20:57:57.004+02:00 DEBUG 2092 --- [wanchinchun] [           main] o.h.boot.model.internal.AnnotatedColumn  : Binding column: AnnotatedJoinColumn()
2025-05-28T20:57:57.004+02:00 DEBUG 2092 --- [wanchinchun] [           main] o.h.boot.model.internal.AnnotatedColumn  : Binding column: AnnotatedJoinColumn()
2025-05-28T20:57:57.007+02:00 DEBUG 2092 --- [wanchinchun] [           main] o.h.b.model.internal.CollectionBinder    : Collection role: com.uma.wanchinchun.models.Category.productos
2025-05-28T20:57:57.010+02:00 DEBUG 2092 --- [wanchinchun] [           main] o.h.boot.model.internal.PropertyBinder   : Building property productos
2025-05-28T20:57:57.012+02:00 DEBUG 2092 --- [wanchinchun] [           main] o.h.b.r.c.i.ClassLoaderServiceImpl       : HHH000194: Package not found or no package-info.java: com.uma.wanchinchun.models
2025-05-28T20:57:57.017+02:00 DEBUG 2092 --- [wanchinchun] [           main] o.h.boot.model.internal.EntityBinder     : Binding entity from annotated class: com.uma.wanchinchun.models.Product
2025-05-28T20:57:57.018+02:00 DEBUG 2092 --- [wanchinchun] [           main] o.h.boot.model.internal.EntityBinder     : Import with entity name Product
2025-05-28T20:57:57.018+02:00 DEBUG 2092 --- [wanchinchun] [           main] o.h.boot.model.internal.EntityBinder     : Bind entity com.uma.wanchinchun.models.Product on table productos
2025-05-28T20:57:57.018+02:00 DEBUG 2092 --- [wanchinchun] [           main] o.h.boot.model.internal.AnnotatedColumn  : Binding column: AnnotatedDiscriminatorColumn(column='DTYPE')
2025-05-28T20:57:57.028+02:00 DEBUG 2092 --- [wanchinchun] [           main] o.h.boot.model.internal.AnnotatedColumn  : Binding column: AnnotatedColumn()
2025-05-28T20:57:57.028+02:00 DEBUG 2092 --- [wanchinchun] [           main] o.h.boot.internal.ClassLoaderAccessImpl  : Not known whether passed class name [com.uma.wanchinchun.models.Product] is safe
2025-05-28T20:57:57.028+02:00 DEBUG 2092 --- [wanchinchun] [           main] o.h.boot.internal.ClassLoaderAccessImpl  : No temp ClassLoader provided; using live ClassLoader for loading potentially unsafe class : com.uma.wanchinchun.models.Product
2025-05-28T20:57:57.028+02:00 DEBUG 2092 --- [wanchinchun] [           main] o.h.boot.model.internal.PropertyBinder   : MetadataSourceProcessor property id with lazy=false
2025-05-28T20:57:57.028+02:00 DEBUG 2092 --- [wanchinchun] [           main] o.h.b.m.internal.AbstractPropertyHolder  : Attempting to locate auto-apply AttributeConverter for property [com.uma.wanchinchun.models.Product:id]
2025-05-28T20:57:57.028+02:00 DEBUG 2092 --- [wanchinchun] [           main] o.h.b.model.internal.BasicValueBinder    : building BasicValue for id
2025-05-28T20:57:57.028+02:00 DEBUG 2092 --- [wanchinchun] [           main] org.hibernate.mapping.BasicValue         : Skipping column re-registration: productos.id
2025-05-28T20:57:57.028+02:00 DEBUG 2092 --- [wanchinchun] [           main] o.h.boot.model.internal.PropertyBinder   : Building property id
2025-05-28T20:57:57.029+02:00 DEBUG 2092 --- [wanchinchun] [           main] o.h.boot.model.internal.BinderHelper     : #makeIdGenerator(BasicValue([Column(id)]), id, org.hibernate.id.enhanced.SequenceStyleGenerator, , ...)
2025-05-28T20:57:57.029+02:00 DEBUG 2092 --- [wanchinchun] [           main] o.h.boot.model.internal.AnnotatedColumn  : Binding column: AnnotatedJoinColumn()
2025-05-28T20:57:57.029+02:00 DEBUG 2092 --- [wanchinchun] [           main] o.h.boot.model.internal.AnnotatedColumn  : Binding column: AnnotatedColumn()
2025-05-28T20:57:57.031+02:00 DEBUG 2092 --- [wanchinchun] [           main] o.h.boot.model.internal.AnnotatedColumn  : Binding column: IndexColumn(column='attributes_ORDER')
2025-05-28T20:57:57.031+02:00 DEBUG 2092 --- [wanchinchun] [           main] o.h.boot.model.internal.AnnotatedColumn  : Binding column: AnnotatedColumn()
2025-05-28T20:57:57.033+02:00 DEBUG 2092 --- [wanchinchun] [           main] o.h.boot.model.internal.AnnotatedColumn  : Binding column: AnnotatedColumn(column='attributes_KEY')
2025-05-28T20:57:57.033+02:00 DEBUG 2092 --- [wanchinchun] [           main] o.h.boot.model.internal.AnnotatedColumn  : Binding column: AnnotatedJoinColumn(column='attributes_KEY')
2025-05-28T20:57:57.033+02:00 DEBUG 2092 --- [wanchinchun] [           main] o.h.boot.model.internal.AnnotatedColumn  : Binding column: AnnotatedJoinColumn(column='id_producto')
2025-05-28T20:57:57.033+02:00 DEBUG 2092 --- [wanchinchun] [           main] o.h.boot.model.internal.AnnotatedColumn  : Binding column: AnnotatedJoinColumn()
2025-05-28T20:57:57.034+02:00 DEBUG 2092 --- [wanchinchun] [           main] o.h.b.model.internal.CollectionBinder    : Collection role: com.uma.wanchinchun.models.Product.attributes
2025-05-28T20:57:57.034+02:00 DEBUG 2092 --- [wanchinchun] [           main] o.h.boot.model.internal.PropertyBinder   : Building property attributes
2025-05-28T20:57:57.034+02:00 DEBUG 2092 --- [wanchinchun] [           main] o.h.boot.model.internal.AnnotatedColumn  : Binding column: IndexColumn(column='categorias_ORDER')
2025-05-28T20:57:57.035+02:00 DEBUG 2092 --- [wanchinchun] [           main] o.h.boot.model.internal.AnnotatedColumn  : Binding column: AnnotatedColumn()
2025-05-28T20:57:57.035+02:00 DEBUG 2092 --- [wanchinchun] [           main] o.h.boot.model.internal.AnnotatedColumn  : Binding column: AnnotatedColumn(column='categorias_KEY')
2025-05-28T20:57:57.035+02:00 DEBUG 2092 --- [wanchinchun] [           main] o.h.boot.model.internal.AnnotatedColumn  : Binding column: AnnotatedJoinColumn(column='categorias_KEY')
2025-05-28T20:57:57.035+02:00 DEBUG 2092 --- [wanchinchun] [           main] o.h.boot.model.internal.AnnotatedColumn  : Binding column: AnnotatedJoinColumn(column='producto_id')
2025-05-28T20:57:57.035+02:00 DEBUG 2092 --- [wanchinchun] [           main] o.h.boot.model.internal.AnnotatedColumn  : Binding column: AnnotatedJoinColumn(column='categoria_id')
2025-05-28T20:57:57.035+02:00 DEBUG 2092 --- [wanchinchun] [           main] o.h.b.model.internal.CollectionBinder    : Collection role: com.uma.wanchinchun.models.Product.categorias
2025-05-28T20:57:57.036+02:00 DEBUG 2092 --- [wanchinchun] [           main] o.h.boot.model.internal.PropertyBinder   : Building property categorias
2025-05-28T20:57:57.040+02:00 DEBUG 2092 --- [wanchinchun] [           main] o.h.boot.model.internal.AnnotatedColumn  : Binding column: AnnotatedColumn()
2025-05-28T20:57:57.041+02:00 DEBUG 2092 --- [wanchinchun] [           main] o.h.boot.model.internal.PropertyBinder   : MetadataSourceProcessor property creado with lazy=false
2025-05-28T20:57:57.041+02:00 DEBUG 2092 --- [wanchinchun] [           main] o.h.b.m.internal.AbstractPropertyHolder  : Attempting to locate auto-apply AttributeConverter for property [com.uma.wanchinchun.models.Product:creado]
2025-05-28T20:57:57.041+02:00 DEBUG 2092 --- [wanchinchun] [           main] o.h.b.model.internal.BasicValueBinder    : building BasicValue for creado
2025-05-28T20:57:57.041+02:00 DEBUG 2092 --- [wanchinchun] [           main] org.hibernate.mapping.BasicValue         : Skipping column re-registration: productos.creado
2025-05-28T20:57:57.041+02:00 DEBUG 2092 --- [wanchinchun] [           main] o.h.boot.model.internal.PropertyBinder   : Building property creado
2025-05-28T20:57:57.045+02:00 DEBUG 2092 --- [wanchinchun] [           main] o.h.boot.model.internal.AnnotatedColumn  : Binding column: AnnotatedColumn()
2025-05-28T20:57:57.045+02:00 DEBUG 2092 --- [wanchinchun] [           main] o.h.boot.model.internal.PropertyBinder   : MetadataSourceProcessor property gtin with lazy=false
2025-05-28T20:57:57.046+02:00 DEBUG 2092 --- [wanchinchun] [           main] o.h.b.m.internal.AbstractPropertyHolder  : Attempting to locate auto-apply AttributeConverter for property [com.uma.wanchinchun.models.Product:gtin]
2025-05-28T20:57:57.046+02:00 DEBUG 2092 --- [wanchinchun] [           main] o.h.b.model.internal.BasicValueBinder    : building BasicValue for gtin
2025-05-28T20:57:57.046+02:00 DEBUG 2092 --- [wanchinchun] [           main] org.hibernate.mapping.BasicValue         : Skipping column re-registration: productos.gtin
2025-05-28T20:57:57.046+02:00 DEBUG 2092 --- [wanchinchun] [           main] o.h.boot.model.internal.PropertyBinder   : Building property gtin
2025-05-28T20:57:57.046+02:00 DEBUG 2092 --- [wanchinchun] [           main] o.h.boot.model.internal.AnnotatedColumn  : Binding column: AnnotatedColumn()
2025-05-28T20:57:57.046+02:00 DEBUG 2092 --- [wanchinchun] [           main] o.h.boot.model.internal.PropertyBinder   : MetadataSourceProcessor property idCuenta with lazy=false
2025-05-28T20:57:57.046+02:00 DEBUG 2092 --- [wanchinchun] [           main] o.h.b.m.internal.AbstractPropertyHolder  : Attempting to locate auto-apply AttributeConverter for property [com.uma.wanchinchun.models.Product:idCuenta]
2025-05-28T20:57:57.046+02:00 DEBUG 2092 --- [wanchinchun] [           main] o.h.b.model.internal.BasicValueBinder    : building BasicValue for idCuenta
2025-05-28T20:57:57.046+02:00 DEBUG 2092 --- [wanchinchun] [           main] org.hibernate.mapping.BasicValue         : Skipping column re-registration: productos.id_cuenta
2025-05-28T20:57:57.046+02:00 DEBUG 2092 --- [wanchinchun] [           main] o.h.boot.model.internal.PropertyBinder   : Building property idCuenta
2025-05-28T20:57:57.047+02:00 DEBUG 2092 --- [wanchinchun] [           main] o.h.boot.model.internal.AnnotatedColumn  : Binding column: AnnotatedColumn()
2025-05-28T20:57:57.047+02:00 DEBUG 2092 --- [wanchinchun] [           main] o.h.boot.model.internal.PropertyBinder   : MetadataSourceProcessor property miniatura with lazy=false
2025-05-28T20:57:57.047+02:00 DEBUG 2092 --- [wanchinchun] [           main] o.h.b.m.internal.AbstractPropertyHolder  : Attempting to locate auto-apply AttributeConverter for property [com.uma.wanchinchun.models.Product:miniatura]
2025-05-28T20:57:57.047+02:00 DEBUG 2092 --- [wanchinchun] [           main] o.h.b.model.internal.BasicValueBinder    : building BasicValue for miniatura
2025-05-28T20:57:57.047+02:00 DEBUG 2092 --- [wanchinchun] [           main] org.hibernate.mapping.BasicValue         : Skipping column re-registration: productos.miniatura
2025-05-28T20:57:57.047+02:00 DEBUG 2092 --- [wanchinchun] [           main] o.h.boot.model.internal.PropertyBinder   : Building property miniatura
2025-05-28T20:57:57.047+02:00 DEBUG 2092 --- [wanchinchun] [           main] o.h.boot.model.internal.AnnotatedColumn  : Binding column: AnnotatedColumn()
2025-05-28T20:57:57.047+02:00 DEBUG 2092 --- [wanchinchun] [           main] o.h.boot.model.internal.PropertyBinder   : MetadataSourceProcessor property modificado with lazy=false
2025-05-28T20:57:57.047+02:00 DEBUG 2092 --- [wanchinchun] [           main] o.h.b.m.internal.AbstractPropertyHolder  : Attempting to locate auto-apply AttributeConverter for property [com.uma.wanchinchun.models.Product:modificado]
2025-05-28T20:57:57.047+02:00 DEBUG 2092 --- [wanchinchun] [           main] o.h.b.model.internal.BasicValueBinder    : building BasicValue for modificado
2025-05-28T20:57:57.047+02:00 DEBUG 2092 --- [wanchinchun] [           main] org.hibernate.mapping.BasicValue         : Skipping column re-registration: productos.modificado
2025-05-28T20:57:57.047+02:00 DEBUG 2092 --- [wanchinchun] [           main] o.h.boot.model.internal.PropertyBinder   : Building property modificado
2025-05-28T20:57:57.047+02:00 DEBUG 2092 --- [wanchinchun] [           main] o.h.boot.model.internal.AnnotatedColumn  : Binding column: AnnotatedColumn()
2025-05-28T20:57:57.047+02:00 DEBUG 2092 --- [wanchinchun] [           main] o.h.boot.model.internal.PropertyBinder   : MetadataSourceProcessor property nombre with lazy=false
2025-05-28T20:57:57.048+02:00 DEBUG 2092 --- [wanchinchun] [           main] o.h.b.m.internal.AbstractPropertyHolder  : Attempting to locate auto-apply AttributeConverter for property [com.uma.wanchinchun.models.Product:nombre]
2025-05-28T20:57:57.048+02:00 DEBUG 2092 --- [wanchinchun] [           main] o.h.b.model.internal.BasicValueBinder    : building BasicValue for nombre
2025-05-28T20:57:57.048+02:00 DEBUG 2092 --- [wanchinchun] [           main] org.hibernate.mapping.BasicValue         : Skipping column re-registration: productos.nombre
2025-05-28T20:57:57.048+02:00 DEBUG 2092 --- [wanchinchun] [           main] o.h.boot.model.internal.PropertyBinder   : Building property nombre
2025-05-28T20:57:57.048+02:00 DEBUG 2092 --- [wanchinchun] [           main] o.h.boot.model.internal.AnnotatedColumn  : Binding column: AnnotatedJoinColumn()
2025-05-28T20:57:57.048+02:00 DEBUG 2092 --- [wanchinchun] [           main] o.h.boot.model.internal.AnnotatedColumn  : Binding column: AnnotatedColumn()
2025-05-28T20:57:57.048+02:00 DEBUG 2092 --- [wanchinchun] [           main] o.h.boot.model.internal.AnnotatedColumn  : Binding column: IndexColumn(column='relacionesDestino_ORDER')
2025-05-28T20:57:57.048+02:00 DEBUG 2092 --- [wanchinchun] [           main] o.h.boot.model.internal.AnnotatedColumn  : Binding column: AnnotatedColumn()
2025-05-28T20:57:57.048+02:00 DEBUG 2092 --- [wanchinchun] [           main] o.h.boot.model.internal.AnnotatedColumn  : Binding column: AnnotatedColumn(column='relacionesDestino_KEY')
2025-05-28T20:57:57.048+02:00 DEBUG 2092 --- [wanchinchun] [           main] o.h.boot.model.internal.AnnotatedColumn  : Binding column: AnnotatedJoinColumn(column='relacionesDestino_KEY')
2025-05-28T20:57:57.048+02:00 DEBUG 2092 --- [wanchinchun] [           main] o.h.boot.model.internal.AnnotatedColumn  : Binding column: AnnotatedJoinColumn()
2025-05-28T20:57:57.048+02:00 DEBUG 2092 --- [wanchinchun] [           main] o.h.boot.model.internal.AnnotatedColumn  : Binding column: AnnotatedJoinColumn()
2025-05-28T20:57:57.048+02:00 DEBUG 2092 --- [wanchinchun] [           main] o.h.b.model.internal.CollectionBinder    : Collection role: com.uma.wanchinchun.models.Product.relacionesDestino
2025-05-28T20:57:57.048+02:00 DEBUG 2092 --- [wanchinchun] [           main] o.h.boot.model.internal.PropertyBinder   : Building property relacionesDestino
2025-05-28T20:57:57.049+02:00 DEBUG 2092 --- [wanchinchun] [           main] o.h.boot.model.internal.AnnotatedColumn  : Binding column: AnnotatedJoinColumn()
2025-05-28T20:57:57.049+02:00 DEBUG 2092 --- [wanchinchun] [           main] o.h.boot.model.internal.AnnotatedColumn  : Binding column: AnnotatedColumn()
2025-05-28T20:57:57.049+02:00 DEBUG 2092 --- [wanchinchun] [           main] o.h.boot.model.internal.AnnotatedColumn  : Binding column: IndexColumn(column='relacionesOrigen_ORDER')
2025-05-28T20:57:57.049+02:00 DEBUG 2092 --- [wanchinchun] [           main] o.h.boot.model.internal.AnnotatedColumn  : Binding column: AnnotatedColumn()
2025-05-28T20:57:57.049+02:00 DEBUG 2092 --- [wanchinchun] [           main] o.h.boot.model.internal.AnnotatedColumn  : Binding column: AnnotatedColumn(column='relacionesOrigen_KEY')
2025-05-28T20:57:57.049+02:00 DEBUG 2092 --- [wanchinchun] [           main] o.h.boot.model.internal.AnnotatedColumn  : Binding column: AnnotatedJoinColumn(column='relacionesOrigen_KEY')
2025-05-28T20:57:57.049+02:00 DEBUG 2092 --- [wanchinchun] [           main] o.h.boot.model.internal.AnnotatedColumn  : Binding column: AnnotatedJoinColumn()
2025-05-28T20:57:57.049+02:00 DEBUG 2092 --- [wanchinchun] [           main] o.h.boot.model.internal.AnnotatedColumn  : Binding column: AnnotatedJoinColumn()
2025-05-28T20:57:57.049+02:00 DEBUG 2092 --- [wanchinchun] [           main] o.h.b.model.internal.CollectionBinder    : Collection role: com.uma.wanchinchun.models.Product.relacionesOrigen
2025-05-28T20:57:57.049+02:00 DEBUG 2092 --- [wanchinchun] [           main] o.h.boot.model.internal.PropertyBinder   : Building property relacionesOrigen
2025-05-28T20:57:57.050+02:00 DEBUG 2092 --- [wanchinchun] [           main] o.h.boot.model.internal.AnnotatedColumn  : Binding column: AnnotatedColumn()
2025-05-28T20:57:57.050+02:00 DEBUG 2092 --- [wanchinchun] [           main] o.h.boot.model.internal.PropertyBinder   : MetadataSourceProcessor property sku with lazy=false
2025-05-28T20:57:57.050+02:00 DEBUG 2092 --- [wanchinchun] [           main] o.h.b.m.internal.AbstractPropertyHolder  : Attempting to locate auto-apply AttributeConverter for property [com.uma.wanchinchun.models.Product:sku]
2025-05-28T20:57:57.050+02:00 DEBUG 2092 --- [wanchinchun] [           main] o.h.b.model.internal.BasicValueBinder    : building BasicValue for sku
2025-05-28T20:57:57.050+02:00 DEBUG 2092 --- [wanchinchun] [           main] org.hibernate.mapping.BasicValue         : Skipping column re-registration: productos.sku
2025-05-28T20:57:57.050+02:00 DEBUG 2092 --- [wanchinchun] [           main] o.h.boot.model.internal.PropertyBinder   : Building property sku
2025-05-28T20:57:57.050+02:00 DEBUG 2092 --- [wanchinchun] [           main] o.h.boot.model.internal.AnnotatedColumn  : Binding column: AnnotatedColumn()
2025-05-28T20:57:57.050+02:00 DEBUG 2092 --- [wanchinchun] [           main] o.h.boot.model.internal.PropertyBinder   : MetadataSourceProcessor property textoCorto with lazy=false
2025-05-28T20:57:57.050+02:00 DEBUG 2092 --- [wanchinchun] [           main] o.h.b.m.internal.AbstractPropertyHolder  : Attempting to locate auto-apply AttributeConverter for property [com.uma.wanchinchun.models.Product:textoCorto]
2025-05-28T20:57:57.050+02:00 DEBUG 2092 --- [wanchinchun] [           main] o.h.b.model.internal.BasicValueBinder    : building BasicValue for textoCorto
2025-05-28T20:57:57.050+02:00 DEBUG 2092 --- [wanchinchun] [           main] org.hibernate.mapping.BasicValue         : Skipping column re-registration: productos.texto_corto
2025-05-28T20:57:57.050+02:00 DEBUG 2092 --- [wanchinchun] [           main] o.h.boot.model.internal.PropertyBinder   : Building property textoCorto
2025-05-28T20:57:57.051+02:00 DEBUG 2092 --- [wanchinchun] [           main] o.h.b.r.c.i.ClassLoaderServiceImpl       : HHH000194: Package not found or no package-info.java: com.uma.wanchinchun.models
2025-05-28T20:57:57.053+02:00 DEBUG 2092 --- [wanchinchun] [           main] o.h.boot.model.internal.EntityBinder     : Binding entity from annotated class: com.uma.wanchinchun.models.ProductRelationship
2025-05-28T20:57:57.053+02:00 DEBUG 2092 --- [wanchinchun] [           main] o.h.boot.model.internal.EntityBinder     : Import with entity name ProductRelationship
2025-05-28T20:57:57.053+02:00 DEBUG 2092 --- [wanchinchun] [           main] o.h.boot.model.internal.EntityBinder     : Bind entity com.uma.wanchinchun.models.ProductRelationship on table productos_relacionados
2025-05-28T20:57:57.054+02:00 DEBUG 2092 --- [wanchinchun] [           main] o.h.boot.model.internal.AnnotatedColumn  : Binding column: AnnotatedDiscriminatorColumn(column='DTYPE')
2025-05-28T20:57:57.063+02:00 DEBUG 2092 --- [wanchinchun] [           main] o.h.boot.model.internal.AnnotatedColumn  : Binding column: AnnotatedColumn()
2025-05-28T20:57:57.063+02:00 DEBUG 2092 --- [wanchinchun] [           main] o.h.boot.internal.ClassLoaderAccessImpl  : Not known whether passed class name [com.uma.wanchinchun.models.ProductRelationship] is safe
2025-05-28T20:57:57.063+02:00 DEBUG 2092 --- [wanchinchun] [           main] o.h.boot.internal.ClassLoaderAccessImpl  : No temp ClassLoader provided; using live ClassLoader for loading potentially unsafe class : com.uma.wanchinchun.models.ProductRelationship
2025-05-28T20:57:57.064+02:00 DEBUG 2092 --- [wanchinchun] [           main] o.h.boot.model.internal.PropertyBinder   : MetadataSourceProcessor property idProductoDestino with lazy=false
2025-05-28T20:57:57.064+02:00 DEBUG 2092 --- [wanchinchun] [           main] o.h.b.m.internal.AbstractPropertyHolder  : Attempting to locate auto-apply AttributeConverter for property [com.uma.wanchinchun.models.ProductRelationship.id:idProductoDestino]
2025-05-28T20:57:57.064+02:00 DEBUG 2092 --- [wanchinchun] [           main] o.h.b.model.internal.BasicValueBinder    : building BasicValue for idProductoDestino
2025-05-28T20:57:57.064+02:00 DEBUG 2092 --- [wanchinchun] [           main] org.hibernate.mapping.BasicValue         : Skipping column re-registration: productos_relacionados.id_producto_destino
2025-05-28T20:57:57.064+02:00 DEBUG 2092 --- [wanchinchun] [           main] o.h.boot.model.internal.PropertyBinder   : Building property idProductoDestino
2025-05-28T20:57:57.064+02:00 DEBUG 2092 --- [wanchinchun] [           main] o.h.boot.model.internal.AnnotatedColumn  : Binding column: AnnotatedColumn()
2025-05-28T20:57:57.064+02:00 DEBUG 2092 --- [wanchinchun] [           main] o.h.boot.model.internal.PropertyBinder   : MetadataSourceProcessor property idProductoOrigen with lazy=false
2025-05-28T20:57:57.064+02:00 DEBUG 2092 --- [wanchinchun] [           main] o.h.b.m.internal.AbstractPropertyHolder  : Attempting to locate auto-apply AttributeConverter for property [com.uma.wanchinchun.models.ProductRelationship.id:idProductoOrigen]
2025-05-28T20:57:57.064+02:00 DEBUG 2092 --- [wanchinchun] [           main] o.h.b.model.internal.BasicValueBinder    : building BasicValue for idProductoOrigen
2025-05-28T20:57:57.064+02:00 DEBUG 2092 --- [wanchinchun] [           main] org.hibernate.mapping.BasicValue         : Skipping column re-registration: productos_relacionados.id_producto_origen
2025-05-28T20:57:57.065+02:00 DEBUG 2092 --- [wanchinchun] [           main] o.h.boot.model.internal.PropertyBinder   : Building property idProductoOrigen
2025-05-28T20:57:57.065+02:00 DEBUG 2092 --- [wanchinchun] [           main] o.h.boot.model.internal.BinderHelper     : #makeIdGenerator(Component(com.uma.wanchinchun.models.ProductRelationshipID), null, assigned, , ...)
2025-05-28T20:57:57.065+02:00 DEBUG 2092 --- [wanchinchun] [           main] o.h.boot.model.internal.AnnotatedColumn  : Binding column: AnnotatedColumn()
2025-05-28T20:57:57.065+02:00 DEBUG 2092 --- [wanchinchun] [           main] o.h.boot.model.internal.PropertyBinder   : MetadataSourceProcessor property idProductoDestino with lazy=false
2025-05-28T20:57:57.066+02:00 DEBUG 2092 --- [wanchinchun] [           main] o.h.b.m.internal.AbstractPropertyHolder  : Attempting to locate auto-apply AttributeConverter for property [com.uma.wanchinchun.models.ProductRelationship._identifierMapper:idProductoDestino]
2025-05-28T20:57:57.066+02:00 DEBUG 2092 --- [wanchinchun] [           main] o.h.b.model.internal.BasicValueBinder    : building BasicValue for idProductoDestino
2025-05-28T20:57:57.066+02:00 DEBUG 2092 --- [wanchinchun] [           main] org.hibernate.mapping.BasicValue         : Skipping column re-registration: productos_relacionados.id_producto_destino
2025-05-28T20:57:57.066+02:00 DEBUG 2092 --- [wanchinchun] [           main] o.h.boot.model.internal.PropertyBinder   : Building property idProductoDestino
2025-05-28T20:57:57.066+02:00 DEBUG 2092 --- [wanchinchun] [           main] o.h.boot.model.internal.AnnotatedColumn  : Binding column: AnnotatedColumn()
2025-05-28T20:57:57.066+02:00 DEBUG 2092 --- [wanchinchun] [           main] o.h.boot.model.internal.PropertyBinder   : MetadataSourceProcessor property idProductoOrigen with lazy=false
2025-05-28T20:57:57.066+02:00 DEBUG 2092 --- [wanchinchun] [           main] o.h.b.m.internal.AbstractPropertyHolder  : Attempting to locate auto-apply AttributeConverter for property [com.uma.wanchinchun.models.ProductRelationship._identifierMapper:idProductoOrigen]
2025-05-28T20:57:57.066+02:00 DEBUG 2092 --- [wanchinchun] [           main] o.h.b.model.internal.BasicValueBinder    : building BasicValue for idProductoOrigen
2025-05-28T20:57:57.066+02:00 DEBUG 2092 --- [wanchinchun] [           main] org.hibernate.mapping.BasicValue         : Skipping column re-registration: productos_relacionados.id_producto_origen
2025-05-28T20:57:57.066+02:00 DEBUG 2092 --- [wanchinchun] [           main] o.h.boot.model.internal.PropertyBinder   : Building property idProductoOrigen
2025-05-28T20:57:57.067+02:00 DEBUG 2092 --- [wanchinchun] [           main] o.h.boot.model.internal.AnnotatedColumn  : Binding column: AnnotatedJoinColumn(column='idProductoDestino')
2025-05-28T20:57:57.067+02:00 DEBUG 2092 --- [wanchinchun] [           main] o.h.boot.model.internal.AnnotatedColumn  : Binding column: AnnotatedColumn()
2025-05-28T20:57:57.070+02:00 DEBUG 2092 --- [wanchinchun] [           main] o.h.boot.model.internal.PropertyBinder   : Building property productoDestino
2025-05-28T20:57:57.070+02:00 DEBUG 2092 --- [wanchinchun] [           main] o.h.boot.model.internal.AnnotatedColumn  : Binding column: AnnotatedJoinColumn(column='idProductoOrigen')
2025-05-28T20:57:57.070+02:00 DEBUG 2092 --- [wanchinchun] [           main] o.h.boot.model.internal.AnnotatedColumn  : Binding column: AnnotatedColumn()
2025-05-28T20:57:57.070+02:00 DEBUG 2092 --- [wanchinchun] [           main] o.h.boot.model.internal.PropertyBinder   : Building property productoOrigen
2025-05-28T20:57:57.070+02:00 DEBUG 2092 --- [wanchinchun] [           main] o.h.boot.model.internal.AnnotatedColumn  : Binding column: AnnotatedJoinColumn(column='relacion_fk')
2025-05-28T20:57:57.070+02:00 DEBUG 2092 --- [wanchinchun] [           main] o.h.boot.model.internal.AnnotatedColumn  : Binding column: AnnotatedColumn()
2025-05-28T20:57:57.070+02:00 DEBUG 2092 --- [wanchinchun] [           main] o.h.boot.model.internal.PropertyBinder   : Building property relacion
2025-05-28T20:57:57.071+02:00 DEBUG 2092 --- [wanchinchun] [           main] o.h.b.r.c.i.ClassLoaderServiceImpl       : HHH000194: Package not found or no package-info.java: com.uma.wanchinchun.models
2025-05-28T20:57:57.071+02:00 DEBUG 2092 --- [wanchinchun] [           main] o.h.boot.model.internal.EntityBinder     : Binding entity from annotated class: com.uma.wanchinchun.models.Relationship
2025-05-28T20:57:57.071+02:00 DEBUG 2092 --- [wanchinchun] [           main] o.h.boot.model.internal.EntityBinder     : Import with entity name Relationship
2025-05-28T20:57:57.072+02:00 DEBUG 2092 --- [wanchinchun] [           main] o.h.boot.model.internal.EntityBinder     : Bind entity com.uma.wanchinchun.models.Relationship on table relaciones
2025-05-28T20:57:57.072+02:00 DEBUG 2092 --- [wanchinchun] [           main] o.h.boot.model.internal.AnnotatedColumn  : Binding column: AnnotatedDiscriminatorColumn(column='DTYPE')
2025-05-28T20:57:57.072+02:00 DEBUG 2092 --- [wanchinchun] [           main] o.h.boot.model.internal.AnnotatedColumn  : Binding column: AnnotatedColumn()
2025-05-28T20:57:57.072+02:00 DEBUG 2092 --- [wanchinchun] [           main] o.h.boot.internal.ClassLoaderAccessImpl  : Not known whether passed class name [com.uma.wanchinchun.models.Relationship] is safe
2025-05-28T20:57:57.072+02:00 DEBUG 2092 --- [wanchinchun] [           main] o.h.boot.internal.ClassLoaderAccessImpl  : No temp ClassLoader provided; using live ClassLoader for loading potentially unsafe class : com.uma.wanchinchun.models.Relationship
2025-05-28T20:57:57.072+02:00 DEBUG 2092 --- [wanchinchun] [           main] o.h.boot.model.internal.PropertyBinder   : MetadataSourceProcessor property id with lazy=false
2025-05-28T20:57:57.072+02:00 DEBUG 2092 --- [wanchinchun] [           main] o.h.b.m.internal.AbstractPropertyHolder  : Attempting to locate auto-apply AttributeConverter for property [com.uma.wanchinchun.models.Relationship:id]
2025-05-28T20:57:57.072+02:00 DEBUG 2092 --- [wanchinchun] [           main] o.h.b.model.internal.BasicValueBinder    : building BasicValue for id
2025-05-28T20:57:57.072+02:00 DEBUG 2092 --- [wanchinchun] [           main] org.hibernate.mapping.BasicValue         : Skipping column re-registration: relaciones.id
2025-05-28T20:57:57.072+02:00 DEBUG 2092 --- [wanchinchun] [           main] o.h.boot.model.internal.PropertyBinder   : Building property id
2025-05-28T20:57:57.072+02:00 DEBUG 2092 --- [wanchinchun] [           main] o.h.boot.model.internal.BinderHelper     : #makeIdGenerator(BasicValue([Column(id)]), id, org.hibernate.id.enhanced.SequenceStyleGenerator, , ...)
2025-05-28T20:57:57.074+02:00 DEBUG 2092 --- [wanchinchun] [           main] o.h.boot.model.internal.AnnotatedColumn  : Binding column: AnnotatedColumn()
2025-05-28T20:57:57.074+02:00 DEBUG 2092 --- [wanchinchun] [           main] o.h.boot.model.internal.PropertyBinder   : MetadataSourceProcessor property description with lazy=false
2025-05-28T20:57:57.074+02:00 DEBUG 2092 --- [wanchinchun] [           main] o.h.b.m.internal.AbstractPropertyHolder  : Attempting to locate auto-apply AttributeConverter for property [com.uma.wanchinchun.models.Relationship:description]
2025-05-28T20:57:57.074+02:00 DEBUG 2092 --- [wanchinchun] [           main] o.h.b.model.internal.BasicValueBinder    : building BasicValue for description
2025-05-28T20:57:57.074+02:00 DEBUG 2092 --- [wanchinchun] [           main] org.hibernate.mapping.BasicValue         : Skipping column re-registration: relaciones.description
2025-05-28T20:57:57.074+02:00 DEBUG 2092 --- [wanchinchun] [           main] o.h.boot.model.internal.PropertyBinder   : Building property description
2025-05-28T20:57:57.074+02:00 DEBUG 2092 --- [wanchinchun] [           main] o.h.boot.model.internal.AnnotatedColumn  : Binding column: AnnotatedColumn()
2025-05-28T20:57:57.074+02:00 DEBUG 2092 --- [wanchinchun] [           main] o.h.boot.model.internal.PropertyBinder   : MetadataSourceProcessor property nombre with lazy=false
2025-05-28T20:57:57.074+02:00 DEBUG 2092 --- [wanchinchun] [           main] o.h.b.m.internal.AbstractPropertyHolder  : Attempting to locate auto-apply AttributeConverter for property [com.uma.wanchinchun.models.Relationship:nombre]
2025-05-28T20:57:57.074+02:00 DEBUG 2092 --- [wanchinchun] [           main] o.h.b.model.internal.BasicValueBinder    : building BasicValue for nombre
2025-05-28T20:57:57.074+02:00 DEBUG 2092 --- [wanchinchun] [           main] org.hibernate.mapping.BasicValue         : Skipping column re-registration: relaciones.nombre
2025-05-28T20:57:57.074+02:00 DEBUG 2092 --- [wanchinchun] [           main] o.h.boot.model.internal.PropertyBinder   : Building property nombre
2025-05-28T20:57:57.074+02:00 DEBUG 2092 --- [wanchinchun] [           main] o.h.b.r.c.i.ClassLoaderServiceImpl       : HHH000194: Package not found or no package-info.java: com.uma.wanchinchun.models
2025-05-28T20:57:57.076+02:00 DEBUG 2092 --- [wanchinchun] [           main] o.h.b.model.internal.BasicValueBinder    : Starting `BasicValueBinder#fillSimpleValue` for id
2025-05-28T20:57:57.078+02:00 DEBUG 2092 --- [wanchinchun] [           main] o.h.b.model.internal.BasicValueBinder    : Starting `BasicValueBinder#fillSimpleValue` for nombre
2025-05-28T20:57:57.078+02:00 DEBUG 2092 --- [wanchinchun] [           main] o.h.b.model.internal.BasicValueBinder    : Starting `BasicValueBinder#fillSimpleValue` for id
2025-05-28T20:57:57.078+02:00 DEBUG 2092 --- [wanchinchun] [           main] o.h.b.model.internal.BasicValueBinder    : Starting `BasicValueBinder#fillSimpleValue` for creado
2025-05-28T20:57:57.078+02:00 DEBUG 2092 --- [wanchinchun] [           main] o.h.b.model.internal.BasicValueBinder    : Starting `BasicValueBinder#fillSimpleValue` for gtin
2025-05-28T20:57:57.078+02:00 DEBUG 2092 --- [wanchinchun] [           main] o.h.b.model.internal.BasicValueBinder    : Starting `BasicValueBinder#fillSimpleValue` for idCuenta
2025-05-28T20:57:57.078+02:00 DEBUG 2092 --- [wanchinchun] [           main] o.h.b.model.internal.BasicValueBinder    : Starting `BasicValueBinder#fillSimpleValue` for miniatura
2025-05-28T20:57:57.078+02:00 DEBUG 2092 --- [wanchinchun] [           main] o.h.b.model.internal.BasicValueBinder    : Starting `BasicValueBinder#fillSimpleValue` for modificado
2025-05-28T20:57:57.078+02:00 DEBUG 2092 --- [wanchinchun] [           main] o.h.b.model.internal.BasicValueBinder    : Starting `BasicValueBinder#fillSimpleValue` for nombre
2025-05-28T20:57:57.078+02:00 DEBUG 2092 --- [wanchinchun] [           main] o.h.b.model.internal.BasicValueBinder    : Starting `BasicValueBinder#fillSimpleValue` for sku
2025-05-28T20:57:57.078+02:00 DEBUG 2092 --- [wanchinchun] [           main] o.h.b.model.internal.BasicValueBinder    : Starting `BasicValueBinder#fillSimpleValue` for textoCorto
2025-05-28T20:57:57.078+02:00 DEBUG 2092 --- [wanchinchun] [           main] o.h.b.model.internal.BasicValueBinder    : Starting `BasicValueBinder#fillSimpleValue` for idProductoDestino
2025-05-28T20:57:57.078+02:00 DEBUG 2092 --- [wanchinchun] [           main] o.h.b.model.internal.BasicValueBinder    : Starting `BasicValueBinder#fillSimpleValue` for idProductoOrigen
2025-05-28T20:57:57.078+02:00 DEBUG 2092 --- [wanchinchun] [           main] o.h.b.model.internal.BasicValueBinder    : Starting `BasicValueBinder#fillSimpleValue` for idProductoDestino
2025-05-28T20:57:57.078+02:00 DEBUG 2092 --- [wanchinchun] [           main] o.h.b.model.internal.BasicValueBinder    : Starting `BasicValueBinder#fillSimpleValue` for idProductoOrigen
2025-05-28T20:57:57.078+02:00 DEBUG 2092 --- [wanchinchun] [           main] o.h.b.model.internal.BasicValueBinder    : Starting `BasicValueBinder#fillSimpleValue` for id
2025-05-28T20:57:57.078+02:00 DEBUG 2092 --- [wanchinchun] [           main] o.h.b.model.internal.BasicValueBinder    : Starting `BasicValueBinder#fillSimpleValue` for description
2025-05-28T20:57:57.078+02:00 DEBUG 2092 --- [wanchinchun] [           main] o.h.b.model.internal.BasicValueBinder    : Starting `BasicValueBinder#fillSimpleValue` for nombre
2025-05-28T20:57:57.085+02:00 DEBUG 2092 --- [wanchinchun] [           main] org.hibernate.mapping.PrimaryKey         : Forcing column [id] to be non-null as it is part of the primary key for table [categorias]
2025-05-28T20:57:57.085+02:00 DEBUG 2092 --- [wanchinchun] [           main] org.hibernate.mapping.PrimaryKey         : Forcing column [id] to be non-null as it is part of the primary key for table [productos]
2025-05-28T20:57:57.085+02:00 DEBUG 2092 --- [wanchinchun] [           main] org.hibernate.mapping.PrimaryKey         : Forcing column [id_producto_destino] to be non-null as it is part of the primary key for table [productos_relacionados]
2025-05-28T20:57:57.085+02:00 DEBUG 2092 --- [wanchinchun] [           main] org.hibernate.mapping.PrimaryKey         : Forcing column [id_producto_origen] to be non-null as it is part of the primary key for table [productos_relacionados]
2025-05-28T20:57:57.085+02:00 DEBUG 2092 --- [wanchinchun] [           main] org.hibernate.mapping.PrimaryKey         : Forcing column [id] to be non-null as it is part of the primary key for table [relaciones]
2025-05-28T20:57:57.085+02:00 DEBUG 2092 --- [wanchinchun] [           main] o.h.b.m.internal.CollectionSecondPass    : Second pass for collection: com.uma.wanchinchun.models.Product.categorias
2025-05-28T20:57:57.085+02:00 DEBUG 2092 --- [wanchinchun] [           main] o.h.b.model.internal.CollectionBinder    : Binding a ManyToMany: com.uma.wanchinchun.models.Product.categorias
2025-05-28T20:57:57.086+02:00 DEBUG 2092 --- [wanchinchun] [           main] o.h.b.r.c.i.ClassLoaderServiceImpl       : HHH000194: Package not found or no package-info.java: com.uma.wanchinchun.models
2025-05-28T20:57:57.090+02:00 DEBUG 2092 --- [wanchinchun] [           main] org.hibernate.mapping.PrimaryKey         : Forcing column [producto_id] to be non-null as it is part of the primary key for table [producto_categoria]
2025-05-28T20:57:57.091+02:00 DEBUG 2092 --- [wanchinchun] [           main] org.hibernate.mapping.PrimaryKey         : Forcing column [categoria_id] to be non-null as it is part of the primary key for table [producto_categoria]
2025-05-28T20:57:57.091+02:00 DEBUG 2092 --- [wanchinchun] [           main] o.h.b.m.internal.CollectionSecondPass    : Mapped collection key: producto_id, element: categoria_id
2025-05-28T20:57:57.091+02:00 DEBUG 2092 --- [wanchinchun] [           main] o.h.b.m.internal.CollectionSecondPass    : Second pass for collection: com.uma.wanchinchun.models.Product.attributes
2025-05-28T20:57:57.091+02:00 DEBUG 2092 --- [wanchinchun] [           main] o.h.b.model.internal.CollectionBinder    : Binding a collection of element: com.uma.wanchinchun.models.Product.attributes
2025-05-28T20:57:57.091+02:00 DEBUG 2092 --- [wanchinchun] [           main] o.h.b.r.c.i.ClassLoaderServiceImpl       : HHH000194: Package not found or no package-info.java: com.uma.wanchinchun.models
2025-05-28T20:57:57.092+02:00 DEBUG 2092 --- [wanchinchun] [           main] o.h.boot.model.internal.AnnotatedColumn  : Binding column: AnnotatedColumn()
2025-05-28T20:57:57.094+02:00 DEBUG 2092 --- [wanchinchun] [           main] o.h.boot.model.internal.PropertyBinder   : MetadataSourceProcessor property nombre with lazy=false
2025-05-28T20:57:57.094+02:00 DEBUG 2092 --- [wanchinchun] [           main] o.h.b.m.internal.AbstractPropertyHolder  : Attempting to locate auto-apply AttributeConverter for property [com.uma.wanchinchun.models.Product.attributes.collection&&element:nombre]
2025-05-28T20:57:57.094+02:00 DEBUG 2092 --- [wanchinchun] [           main] o.h.b.model.internal.BasicValueBinder    : building BasicValue for nombre
2025-05-28T20:57:57.094+02:00 DEBUG 2092 --- [wanchinchun] [           main] org.hibernate.mapping.BasicValue         : Skipping column re-registration: atributos_producto.nombre
2025-05-28T20:57:57.094+02:00 DEBUG 2092 --- [wanchinchun] [           main] o.h.b.model.internal.BasicValueBinder    : Starting `BasicValueBinder#fillSimpleValue` for nombre
2025-05-28T20:57:57.094+02:00 DEBUG 2092 --- [wanchinchun] [           main] o.h.boot.model.internal.PropertyBinder   : Building property nombre
2025-05-28T20:57:57.094+02:00 DEBUG 2092 --- [wanchinchun] [           main] o.h.boot.model.internal.AnnotatedColumn  : Binding column: AnnotatedColumn()
2025-05-28T20:57:57.095+02:00 DEBUG 2092 --- [wanchinchun] [           main] o.h.boot.model.internal.PropertyBinder   : MetadataSourceProcessor property valor with lazy=false
2025-05-28T20:57:57.095+02:00 DEBUG 2092 --- [wanchinchun] [           main] o.h.b.m.internal.AbstractPropertyHolder  : Attempting to locate auto-apply AttributeConverter for property [com.uma.wanchinchun.models.Product.attributes.collection&&element:valor]
2025-05-28T20:57:57.095+02:00 DEBUG 2092 --- [wanchinchun] [           main] o.h.b.model.internal.BasicValueBinder    : building BasicValue for valor
2025-05-28T20:57:57.095+02:00 DEBUG 2092 --- [wanchinchun] [           main] org.hibernate.mapping.BasicValue         : Skipping column re-registration: atributos_producto.valor
2025-05-28T20:57:57.095+02:00 DEBUG 2092 --- [wanchinchun] [           main] o.h.b.model.internal.BasicValueBinder    : Starting `BasicValueBinder#fillSimpleValue` for valor
2025-05-28T20:57:57.095+02:00 DEBUG 2092 --- [wanchinchun] [           main] o.h.boot.model.internal.PropertyBinder   : Building property valor
2025-05-28T20:57:57.095+02:00 DEBUG 2092 --- [wanchinchun] [           main] o.h.b.m.internal.CollectionSecondPass    : Mapped collection key: id_producto, element: nombre, valor
2025-05-28T20:57:57.095+02:00 DEBUG 2092 --- [wanchinchun] [           main] o.h.b.m.internal.CollectionSecondPass    : Second pass for collection: com.uma.wanchinchun.models.Category.productos
2025-05-28T20:57:57.096+02:00 DEBUG 2092 --- [wanchinchun] [           main] o.h.b.model.internal.CollectionBinder    : Binding a ManyToMany: com.uma.wanchinchun.models.Category.productos
2025-05-28T20:57:57.096+02:00 DEBUG 2092 --- [wanchinchun] [           main] o.h.b.r.c.i.ClassLoaderServiceImpl       : HHH000194: Package not found or no package-info.java: com.uma.wanchinchun.models
2025-05-28T20:57:57.096+02:00 DEBUG 2092 --- [wanchinchun] [           main] o.h.boot.model.internal.TableBinder      : Retrieving property com.uma.wanchinchun.models.Product.categorias
2025-05-28T20:57:57.096+02:00 DEBUG 2092 --- [wanchinchun] [           main] o.h.b.m.internal.CollectionSecondPass    : Mapped collection key: categoria_id, element: producto_id
2025-05-28T20:57:57.096+02:00 DEBUG 2092 --- [wanchinchun] [           main] o.h.b.m.internal.CollectionSecondPass    : Second pass for collection: com.uma.wanchinchun.models.Product.relacionesDestino
2025-05-28T20:57:57.096+02:00 DEBUG 2092 --- [wanchinchun] [           main] o.h.b.model.internal.CollectionBinder    : Binding a OneToMany: com.uma.wanchinchun.models.Product.relacionesDestino through a foreign key
2025-05-28T20:57:57.097+02:00 DEBUG 2092 --- [wanchinchun] [           main] o.h.b.model.internal.CollectionBinder    : Mapping collection: com.uma.wanchinchun.models.Product.relacionesDestino -> productos_relacionados
2025-05-28T20:57:57.097+02:00 DEBUG 2092 --- [wanchinchun] [           main] o.h.boot.model.internal.TableBinder      : Retrieving property com.uma.wanchinchun.models.ProductRelationship.idProductoDestino
2025-05-28T20:57:57.097+02:00 DEBUG 2092 --- [wanchinchun] [           main] o.h.b.m.internal.CollectionSecondPass    : Mapped collection key: id_producto_destino, one-to-many: com.uma.wanchinchun.models.ProductRelationship
2025-05-28T20:57:57.097+02:00 DEBUG 2092 --- [wanchinchun] [           main] o.h.b.m.internal.CollectionSecondPass    : Second pass for collection: com.uma.wanchinchun.models.Product.relacionesOrigen
2025-05-28T20:57:57.097+02:00 DEBUG 2092 --- [wanchinchun] [           main] o.h.b.model.internal.CollectionBinder    : Binding a OneToMany: com.uma.wanchinchun.models.Product.relacionesOrigen through a foreign key
2025-05-28T20:57:57.098+02:00 DEBUG 2092 --- [wanchinchun] [           main] o.h.b.model.internal.CollectionBinder    : Mapping collection: com.uma.wanchinchun.models.Product.relacionesOrigen -> productos_relacionados
2025-05-28T20:57:57.098+02:00 DEBUG 2092 --- [wanchinchun] [           main] o.h.boot.model.internal.TableBinder      : Retrieving property com.uma.wanchinchun.models.ProductRelationship.idProductoOrigen
2025-05-28T20:57:57.098+02:00 DEBUG 2092 --- [wanchinchun] [           main] o.h.b.m.internal.CollectionSecondPass    : Mapped collection key: id_producto_origen, one-to-many: com.uma.wanchinchun.models.ProductRelationship
2025-05-28T20:57:57.128+02:00 DEBUG 2092 --- [wanchinchun] [           main] .h.t.s.s.SchemaManagementToolCoordinator : No schema actions specified for contributor `orm`; doing nothing
2025-05-28T20:57:57.156+02:00 DEBUG 2092 --- [wanchinchun] [           main] .h.t.s.s.SchemaManagementToolCoordinator : No schema actions specified for contributor `orm`; doing nothing
2025-05-28T20:57:57.161+02:00 DEBUG 2092 --- [wanchinchun] [           main] .h.t.s.s.SchemaManagementToolCoordinator : No schema actions specified for contributor `orm`; doing nothing
2025-05-28T20:57:57.227+02:00 DEBUG 2092 --- [wanchinchun] [           main] o.hibernate.internal.SessionFactoryImpl  : Building session factory
2025-05-28T20:57:57.274+02:00 DEBUG 2092 --- [wanchinchun] [           main] .h.s.i.SessionFactoryServiceRegistryImpl : EventListenerRegistry access via ServiceRegistry is deprecated.  Use `sessionFactory.getEventEngine().getListenerRegistry()` instead
2025-05-28T20:57:57.274+02:00 DEBUG 2092 --- [wanchinchun] [           main] o.hibernate.internal.SessionFactoryImpl  : Instantiating SessionFactory with settings: {hibernate.format_sql=true, java.specification.version=23, sun.cpu.isalist=amd64, hibernate.resource.beans.container=org.springframework.orm.hibernate5.SpringBeanContainer@6fc6f68f, hibernate.connection.handling_mode=DELAYED_ACQUISITION_AND_HOLD, sun.jnu.encoding=Cp1252, hibernate.implicit_naming_strategy=org.springframework.boot.orm.jpa.hibernate.SpringImplicitNamingStrategy, java.class.path=C:\Users\pablo\Downloads\mini-pim-plytix-wanchinchun-develop\mini-pim-plytix-wanchinchun-develop\Backend\target\test-classes;C:\Users\pablo\Downloads\mini-pim-plytix-wanchinchun-develop\mini-pim-plytix-wanchinchun-develop\Backend\target\classes;C:\Users\pablo\.m2\repository\org\springframework\boot\spring-boot-starter\3.4.4\spring-boot-starter-3.4.4.jar;C:\Users\pablo\.m2\repository\org\springframework\boot\spring-boot\3.4.4\spring-boot-3.4.4.jar;C:\Users\pablo\.m2\repository\org\springframework\spring-context\6.2.5\spring-context-6.2.5.jar;C:\Users\pablo\.m2\repository\org\springframework\boot\spring-boot-autoconfigure\3.4.4\spring-boot-autoconfigure-3.4.4.jar;C:\Users\pablo\.m2\repository\org\springframework\boot\spring-boot-starter-logging\3.4.4\spring-boot-starter-logging-3.4.4.jar;C:\Users\pablo\.m2\repository\ch\qos\logback\logback-classic\1.5.18\logback-classic-1.5.18.jar;C:\Users\pablo\.m2\repository\ch\qos\logback\logback-core\1.5.18\logback-core-1.5.18.jar;C:\Users\pablo\.m2\repository\org\apache\logging\log4j\log4j-to-slf4j\2.24.3\log4j-to-slf4j-2.24.3.jar;C:\Users\pablo\.m2\repository\org\apache\logging\log4j\log4j-api\2.24.3\log4j-api-2.24.3.jar;C:\Users\pablo\.m2\repository\org\slf4j\jul-to-slf4j\2.0.17\jul-to-slf4j-2.0.17.jar;C:\Users\pablo\.m2\repository\jakarta\annotation\jakarta.annotation-api\2.1.1\jakarta.annotation-api-2.1.1.jar;C:\Users\pablo\.m2\repository\org\springframework\spring-core\6.2.5\spring-core-6.2.5.jar;C:\Users\pablo\.m2\repository\org\springframework\spring-jcl\6.2.5\spring-jcl-6.2.5.jar;C:\Users\pablo\.m2\repository\org\yaml\snakeyaml\2.3\snakeyaml-2.3.jar;C:\Users\pablo\.m2\repository\org\springframework\boot\spring-boot-starter-data-jpa\3.4.4\spring-boot-starter-data-jpa-3.4.4.jar;C:\Users\pablo\.m2\repository\org\springframework\boot\spring-boot-starter-jdbc\3.4.4\spring-boot-starter-jdbc-3.4.4.jar;C:\Users\pablo\.m2\repository\com\zaxxer\HikariCP\5.1.0\HikariCP-5.1.0.jar;C:\Users\pablo\.m2\repository\org\springframework\spring-jdbc\6.2.5\spring-jdbc-6.2.5.jar;C:\Users\pablo\.m2\repository\org\hibernate\orm\hibernate-core\6.6.11.Final\hibernate-core-6.6.11.Final.jar;C:\Users\pablo\.m2\repository\jakarta\persistence\jakarta.persistence-api\3.1.0\jakarta.persistence-api-3.1.0.jar;C:\Users\pablo\.m2\repository\jakarta\transaction\jakarta.transaction-api\2.0.1\jakarta.transaction-api-2.0.1.jar;C:\Users\pablo\.m2\repository\org\jboss\logging\jboss-logging\3.6.1.Final\jboss-logging-3.6.1.Final.jar;C:\Users\pablo\.m2\repository\org\hibernate\common\hibernate-commons-annotations\7.0.3.Final\hibernate-commons-annotations-7.0.3.Final.jar;C:\Users\pablo\.m2\repository\io\smallrye\jandex\3.2.0\jandex-3.2.0.jar;C:\Users\pablo\.m2\repository\com\fasterxml\classmate\1.7.0\classmate-1.7.0.jar;C:\Users\pablo\.m2\repository\net\bytebuddy\byte-buddy\1.15.11\byte-buddy-1.15.11.jar;C:\Users\pablo\.m2\repository\org\glassfish\jaxb\jaxb-runtime\4.0.5\jaxb-runtime-4.0.5.jar;C:\Users\pablo\.m2\repository\org\glassfish\jaxb\jaxb-core\4.0.5\jaxb-core-4.0.5.jar;C:\Users\pablo\.m2\repository\org\eclipse\angus\angus-activation\2.0.2\angus-activation-2.0.2.jar;C:\Users\pablo\.m2\repository\org\glassfish\jaxb\txw2\4.0.5\txw2-4.0.5.jar;C:\Users\pablo\.m2\repository\com\sun\istack\istack-commons-runtime\4.1.2\istack-commons-runtime-4.1.2.jar;C:\Users\pablo\.m2\repository\jakarta\inject\jakarta.inject-api\2.0.1\jakarta.inject-api-2.0.1.jar;C:\Users\pablo\.m2\repository\org\antlr\antlr4-runtime\4.13.0\antlr4-runtime-4.13.0.jar;C:\Users\pablo\.m2\repository\org\springframework\data\spring-data-jpa\3.4.4\spring-data-jpa-3.4.4.jar;C:\Users\pablo\.m2\repository\org\springframework\data\spring-data-commons\3.4.4\spring-data-commons-3.4.4.jar;C:\Users\pablo\.m2\repository\org\springframework\spring-orm\6.2.5\spring-orm-6.2.5.jar;C:\Users\pablo\.m2\repository\org\springframework\spring-aop\6.2.5\spring-aop-6.2.5.jar;C:\Users\pablo\.m2\repository\org\springframework\spring-tx\6.2.5\spring-tx-6.2.5.jar;C:\Users\pablo\.m2\repository\org\springframework\spring-beans\6.2.5\spring-beans-6.2.5.jar;C:\Users\pablo\.m2\repository\org\slf4j\slf4j-api\2.0.17\slf4j-api-2.0.17.jar;C:\Users\pablo\.m2\repository\org\springframework\spring-aspects\6.2.5\spring-aspects-6.2.5.jar;C:\Users\pablo\.m2\repository\org\aspectj\aspectjweaver\1.9.23\aspectjweaver-1.9.23.jar;C:\Users\pablo\.m2\repository\org\springframework\boot\spring-boot-starter-web\3.4.4\spring-boot-starter-web-3.4.4.jar;C:\Users\pablo\.m2\repository\org\springframework\boot\spring-boot-starter-json\3.4.4\spring-boot-starter-json-3.4.4.jar;C:\Users\pablo\.m2\repository\com\fasterxml\jackson\core\jackson-databind\2.18.3\jackson-databind-2.18.3.jar;C:\Users\pablo\.m2\repository\com\fasterxml\jackson\core\jackson-annotations\2.18.3\jackson-annotations-2.18.3.jar;C:\Users\pablo\.m2\repository\com\fasterxml\jackson\core\jackson-core\2.18.3\jackson-core-2.18.3.jar;C:\Users\pablo\.m2\repository\com\fasterxml\jackson\datatype\jackson-datatype-jdk8\2.18.3\jackson-datatype-jdk8-2.18.3.jar;C:\Users\pablo\.m2\repository\com\fasterxml\jackson\datatype\jackson-datatype-jsr310\2.18.3\jackson-datatype-jsr310-2.18.3.jar;C:\Users\pablo\.m2\repository\com\fasterxml\jackson\module\jackson-module-parameter-names\2.18.3\jackson-module-parameter-names-2.18.3.jar;C:\Users\pablo\.m2\repository\org\springframework\boot\spring-boot-starter-tomcat\3.4.4\spring-boot-starter-tomcat-3.4.4.jar;C:\Users\pablo\.m2\repository\org\apache\tomcat\embed\tomcat-embed-core\10.1.39\tomcat-embed-core-10.1.39.jar;C:\Users\pablo\.m2\repository\org\apache\tomcat\embed\tomcat-embed-el\10.1.39\tomcat-embed-el-10.1.39.jar;C:\Users\pablo\.m2\repository\org\apache\tomcat\embed\tomcat-embed-websocket\10.1.39\tomcat-embed-websocket-10.1.39.jar;C:\Users\pablo\.m2\repository\org\springframework\spring-web\6.2.5\spring-web-6.2.5.jar;C:\Users\pablo\.m2\repository\io\micrometer\micrometer-observation\1.14.5\micrometer-observation-1.14.5.jar;C:\Users\pablo\.m2\repository\io\micrometer\micrometer-commons\1.14.5\micrometer-commons-1.14.5.jar;C:\Users\pablo\.m2\repository\org\springframework\spring-webmvc\6.2.5\spring-webmvc-6.2.5.jar;C:\Users\pablo\.m2\repository\org\springframework\spring-expression\6.2.5\spring-expression-6.2.5.jar;C:\Users\pablo\.m2\repository\org\springframework\boot\spring-boot-starter-test\3.4.4\spring-boot-starter-test-3.4.4.jar;C:\Users\pablo\.m2\repository\org\springframework\boot\spring-boot-test\3.4.4\spring-boot-test-3.4.4.jar;C:\Users\pablo\.m2\repository\org\springframework\boot\spring-boot-test-autoconfigure\3.4.4\spring-boot-test-autoconfigure-3.4.4.jar;C:\Users\pablo\.m2\repository\com\jayway\jsonpath\json-path\2.9.0\json-path-2.9.0.jar;C:\Users\pablo\.m2\repository\jakarta\xml\bind\jakarta.xml.bind-api\4.0.2\jakarta.xml.bind-api-4.0.2.jar;C:\Users\pablo\.m2\repository\jakarta\activation\jakarta.activation-api\2.1.3\jakarta.activation-api-2.1.3.jar;C:\Users\pablo\.m2\repository\net\minidev\json-smart\2.5.2\json-smart-2.5.2.jar;C:\Users\pablo\.m2\repository\net\minidev\accessors-smart\2.5.2\accessors-smart-2.5.2.jar;C:\Users\pablo\.m2\repository\org\ow2\asm\asm\9.7.1\asm-9.7.1.jar;C:\Users\pablo\.m2\repository\org\assertj\assertj-core\3.26.3\assertj-core-3.26.3.jar;C:\Users\pablo\.m2\repository\org\awaitility\awaitility\4.2.2\awaitility-4.2.2.jar;C:\Users\pablo\.m2\repository\org\hamcrest\hamcrest\2.2\hamcrest-2.2.jar;C:\Users\pablo\.m2\repository\org\junit\jupiter\junit-jupiter\5.11.4\junit-jupiter-5.11.4.jar;C:\Users\pablo\.m2\repository\org\junit\jupiter\junit-jupiter-api\5.11.4\junit-jupiter-api-5.11.4.jar;C:\Users\pablo\.m2\repository\org\opentest4j\opentest4j\1.3.0\opentest4j-1.3.0.jar;C:\Users\pablo\.m2\repository\org\junit\platform\junit-platform-commons\1.11.4\junit-platform-commons-1.11.4.jar;C:\Users\pablo\.m2\repository\org\apiguardian\apiguardian-api\1.1.2\apiguardian-api-1.1.2.jar;C:\Users\pablo\.m2\repository\org\junit\jupiter\junit-jupiter-params\5.11.4\junit-jupiter-params-5.11.4.jar;C:\Users\pablo\.m2\repository\org\junit\jupiter\junit-jupiter-engine\5.11.4\junit-jupiter-engine-5.11.4.jar;C:\Users\pablo\.m2\repository\org\junit\platform\junit-platform-engine\1.11.4\junit-platform-engine-1.11.4.jar;C:\Users\pablo\.m2\repository\org\mockito\mockito-core\5.14.2\mockito-core-5.14.2.jar;C:\Users\pablo\.m2\repository\net\bytebuddy\byte-buddy-agent\1.15.11\byte-buddy-agent-1.15.11.jar;C:\Users\pablo\.m2\repository\org\objenesis\objenesis\3.3\objenesis-3.3.jar;C:\Users\pablo\.m2\repository\org\mockito\mockito-junit-jupiter\5.14.2\mockito-junit-jupiter-5.14.2.jar;C:\Users\pablo\.m2\repository\org\skyscreamer\jsonassert\1.5.3\jsonassert-1.5.3.jar;C:\Users\pablo\.m2\repository\com\vaadin\external\google\android-json\0.0.20131108.vaadin1\android-json-0.0.20131108.vaadin1.jar;C:\Users\pablo\.m2\repository\org\springframework\spring-test\6.2.5\spring-test-6.2.5.jar;C:\Users\pablo\.m2\repository\org\xmlunit\xmlunit-core\2.10.0\xmlunit-core-2.10.0.jar;C:\Users\pablo\.m2\repository\com\h2database\h2\2.3.232\h2-2.3.232.jar;, java.vm.vendor=Oracle Corporation, sun.arch.data.model=64, user.variant=, catalina.useNaming=false, java.vendor.url=https://java.oracle.com/, user.timezone=Europe/Madrid, jakarta.persistence.sharedCache.mode=UNSPECIFIED, org.jboss.logging.provider=slf4j, os.name=Windows 11, java.vm.specification.version=23, APPLICATION_NAME=wanchinchun, jakarta.persistence.nonJtaDataSource=HikariDataSource (HikariPool-1), sun.java.launcher=SUN_STANDARD, user.country=ES, sun.boot.library.path=C:\Program Files\Java\jdk-23\bin, sun.java.command=C:\Users\pablo\AppData\Local\Temp\surefire10559722557536342816\surefirebooter-20250528205751939_3.jar C:\Users\pablo\AppData\Local\Temp\surefire10559722557536342816 2025-05-28T20-57-51_771-jvmRun1 surefire-20250528205751939_1tmp surefire_0-20250528205751939_2tmp, javax.persistence.nonJtaDataSource=HikariDataSource (HikariPool-1), hibernate.transaction.jta.platform=org.hibernate.engine.transaction.jta.platform.internal.NoJtaPlatform@297dff3a, jdk.debug=release, surefire.test.class.path=C:\Users\pablo\Downloads\mini-pim-plytix-wanchinchun-develop\mini-pim-plytix-wanchinchun-develop\Backend\target\test-classes;C:\Users\pablo\Downloads\mini-pim-plytix-wanchinchun-develop\mini-pim-plytix-wanchinchun-develop\Backend\target\classes;C:\Users\pablo\.m2\repository\org\springframework\boot\spring-boot-starter\3.4.4\spring-boot-starter-3.4.4.jar;C:\Users\pablo\.m2\repository\org\springframework\boot\spring-boot\3.4.4\spring-boot-3.4.4.jar;C:\Users\pablo\.m2\repository\org\springframework\spring-context\6.2.5\spring-context-6.2.5.jar;C:\Users\pablo\.m2\repository\org\springframework\boot\spring-boot-autoconfigure\3.4.4\spring-boot-autoconfigure-3.4.4.jar;C:\Users\pablo\.m2\repository\org\springframework\boot\spring-boot-starter-logging\3.4.4\spring-boot-starter-logging-3.4.4.jar;C:\Users\pablo\.m2\repository\ch\qos\logback\logback-classic\1.5.18\logback-classic-1.5.18.jar;C:\Users\pablo\.m2\repository\ch\qos\logback\logback-core\1.5.18\logback-core-1.5.18.jar;C:\Users\pablo\.m2\repository\org\apache\logging\log4j\log4j-to-slf4j\2.24.3\log4j-to-slf4j-2.24.3.jar;C:\Users\pablo\.m2\repository\org\apache\logging\log4j\log4j-api\2.24.3\log4j-api-2.24.3.jar;C:\Users\pablo\.m2\repository\org\slf4j\jul-to-slf4j\2.0.17\jul-to-slf4j-2.0.17.jar;C:\Users\pablo\.m2\repository\jakarta\annotation\jakarta.annotation-api\2.1.1\jakarta.annotation-api-2.1.1.jar;C:\Users\pablo\.m2\repository\org\springframework\spring-core\6.2.5\spring-core-6.2.5.jar;C:\Users\pablo\.m2\repository\org\springframework\spring-jcl\6.2.5\spring-jcl-6.2.5.jar;C:\Users\pablo\.m2\repository\org\yaml\snakeyaml\2.3\snakeyaml-2.3.jar;C:\Users\pablo\.m2\repository\org\springframework\boot\spring-boot-starter-data-jpa\3.4.4\spring-boot-starter-data-jpa-3.4.4.jar;C:\Users\pablo\.m2\repository\org\springframework\boot\spring-boot-starter-jdbc\3.4.4\spring-boot-starter-jdbc-3.4.4.jar;C:\Users\pablo\.m2\repository\com\zaxxer\HikariCP\5.1.0\HikariCP-5.1.0.jar;C:\Users\pablo\.m2\repository\org\springframework\spring-jdbc\6.2.5\spring-jdbc-6.2.5.jar;C:\Users\pablo\.m2\repository\org\hibernate\orm\hibernate-core\6.6.11.Final\hibernate-core-6.6.11.Final.jar;C:\Users\pablo\.m2\repository\jakarta\persistence\jakarta.persistence-api\3.1.0\jakarta.persistence-api-3.1.0.jar;C:\Users\pablo\.m2\repository\jakarta\transaction\jakarta.transaction-api\2.0.1\jakarta.transaction-api-2.0.1.jar;C:\Users\pablo\.m2\repository\org\jboss\logging\jboss-logging\3.6.1.Final\jboss-logging-3.6.1.Final.jar;C:\Users\pablo\.m2\repository\org\hibernate\common\hibernate-commons-annotations\7.0.3.Final\hibernate-commons-annotations-7.0.3.Final.jar;C:\Users\pablo\.m2\repository\io\smallrye\jandex\3.2.0\jandex-3.2.0.jar;C:\Users\pablo\.m2\repository\com\fasterxml\classmate\1.7.0\classmate-1.7.0.jar;C:\Users\pablo\.m2\repository\net\bytebuddy\byte-buddy\1.15.11\byte-buddy-1.15.11.jar;C:\Users\pablo\.m2\repository\org\glassfish\jaxb\jaxb-runtime\4.0.5\jaxb-runtime-4.0.5.jar;C:\Users\pablo\.m2\repository\org\glassfish\jaxb\jaxb-core\4.0.5\jaxb-core-4.0.5.jar;C:\Users\pablo\.m2\repository\org\eclipse\angus\angus-activation\2.0.2\angus-activation-2.0.2.jar;C:\Users\pablo\.m2\repository\org\glassfish\jaxb\txw2\4.0.5\txw2-4.0.5.jar;C:\Users\pablo\.m2\repository\com\sun\istack\istack-commons-runtime\4.1.2\istack-commons-runtime-4.1.2.jar;C:\Users\pablo\.m2\repository\jakarta\inject\jakarta.inject-api\2.0.1\jakarta.inject-api-2.0.1.jar;C:\Users\pablo\.m2\repository\org\antlr\antlr4-runtime\4.13.0\antlr4-runtime-4.13.0.jar;C:\Users\pablo\.m2\repository\org\springframework\data\spring-data-jpa\3.4.4\spring-data-jpa-3.4.4.jar;C:\Users\pablo\.m2\repository\org\springframework\data\spring-data-commons\3.4.4\spring-data-commons-3.4.4.jar;C:\Users\pablo\.m2\repository\org\springframework\spring-orm\6.2.5\spring-orm-6.2.5.jar;C:\Users\pablo\.m2\repository\org\springframework\spring-aop\6.2.5\spring-aop-6.2.5.jar;C:\Users\pablo\.m2\repository\org\springframework\spring-tx\6.2.5\spring-tx-6.2.5.jar;C:\Users\pablo\.m2\repository\org\springframework\spring-beans\6.2.5\spring-beans-6.2.5.jar;C:\Users\pablo\.m2\repository\org\slf4j\slf4j-api\2.0.17\slf4j-api-2.0.17.jar;C:\Users\pablo\.m2\repository\org\springframework\spring-aspects\6.2.5\spring-aspects-6.2.5.jar;C:\Users\pablo\.m2\repository\org\aspectj\aspectjweaver\1.9.23\aspectjweaver-1.9.23.jar;C:\Users\pablo\.m2\repository\org\springframework\boot\spring-boot-starter-web\3.4.4\spring-boot-starter-web-3.4.4.jar;C:\Users\pablo\.m2\repository\org\springframework\boot\spring-boot-starter-json\3.4.4\spring-boot-starter-json-3.4.4.jar;C:\Users\pablo\.m2\repository\com\fasterxml\jackson\core\jackson-databind\2.18.3\jackson-databind-2.18.3.jar;C:\Users\pablo\.m2\repository\com\fasterxml\jackson\core\jackson-annotations\2.18.3\jackson-annotations-2.18.3.jar;C:\Users\pablo\.m2\repository\com\fasterxml\jackson\core\jackson-core\2.18.3\jackson-core-2.18.3.jar;C:\Users\pablo\.m2\repository\com\fasterxml\jackson\datatype\jackson-datatype-jdk8\2.18.3\jackson-datatype-jdk8-2.18.3.jar;C:\Users\pablo\.m2\repository\com\fasterxml\jackson\datatype\jackson-datatype-jsr310\2.18.3\jackson-datatype-jsr310-2.18.3.jar;C:\Users\pablo\.m2\repository\com\fasterxml\jackson\module\jackson-module-parameter-names\2.18.3\jackson-module-parameter-names-2.18.3.jar;C:\Users\pablo\.m2\repository\org\springframework\boot\spring-boot-starter-tomcat\3.4.4\spring-boot-starter-tomcat-3.4.4.jar;C:\Users\pablo\.m2\repository\org\apache\tomcat\embed\tomcat-embed-core\10.1.39\tomcat-embed-core-10.1.39.jar;C:\Users\pablo\.m2\repository\org\apache\tomcat\embed\tomcat-embed-el\10.1.39\tomcat-embed-el-10.1.39.jar;C:\Users\pablo\.m2\repository\org\apache\tomcat\embed\tomcat-embed-websocket\10.1.39\tomcat-embed-websocket-10.1.39.jar;C:\Users\pablo\.m2\repository\org\springframework\spring-web\6.2.5\spring-web-6.2.5.jar;C:\Users\pablo\.m2\repository\io\micrometer\micrometer-observation\1.14.5\micrometer-observation-1.14.5.jar;C:\Users\pablo\.m2\repository\io\micrometer\micrometer-commons\1.14.5\micrometer-commons-1.14.5.jar;C:\Users\pablo\.m2\repository\org\springframework\spring-webmvc\6.2.5\spring-webmvc-6.2.5.jar;C:\Users\pablo\.m2\repository\org\springframework\spring-expression\6.2.5\spring-expression-6.2.5.jar;C:\Users\pablo\.m2\repository\org\springframework\boot\spring-boot-starter-test\3.4.4\spring-boot-starter-test-3.4.4.jar;C:\Users\pablo\.m2\repository\org\springframework\boot\spring-boot-test\3.4.4\spring-boot-test-3.4.4.jar;C:\Users\pablo\.m2\repository\org\springframework\boot\spring-boot-test-autoconfigure\3.4.4\spring-boot-test-autoconfigure-3.4.4.jar;C:\Users\pablo\.m2\repository\com\jayway\jsonpath\json-path\2.9.0\json-path-2.9.0.jar;C:\Users\pablo\.m2\repository\jakarta\xml\bind\jakarta.xml.bind-api\4.0.2\jakarta.xml.bind-api-4.0.2.jar;C:\Users\pablo\.m2\repository\jakarta\activation\jakarta.activation-api\2.1.3\jakarta.activation-api-2.1.3.jar;C:\Users\pablo\.m2\repository\net\minidev\json-smart\2.5.2\json-smart-2.5.2.jar;C:\Users\pablo\.m2\repository\net\minidev\accessors-smart\2.5.2\accessors-smart-2.5.2.jar;C:\Users\pablo\.m2\repository\org\ow2\asm\asm\9.7.1\asm-9.7.1.jar;C:\Users\pablo\.m2\repository\org\assertj\assertj-core\3.26.3\assertj-core-3.26.3.jar;C:\Users\pablo\.m2\repository\org\awaitility\awaitility\4.2.2\awaitility-4.2.2.jar;C:\Users\pablo\.m2\repository\org\hamcrest\hamcrest\2.2\hamcrest-2.2.jar;C:\Users\pablo\.m2\repository\org\junit\jupiter\junit-jupiter\5.11.4\junit-jupiter-5.11.4.jar;C:\Users\pablo\.m2\repository\org\junit\jupiter\junit-jupiter-api\5.11.4\junit-jupiter-api-5.11.4.jar;C:\Users\pablo\.m2\repository\org\opentest4j\opentest4j\1.3.0\opentest4j-1.3.0.jar;C:\Users\pablo\.m2\repository\org\junit\platform\junit-platform-commons\1.11.4\junit-platform-commons-1.11.4.jar;C:\Users\pablo\.m2\repository\org\apiguardian\apiguardian-api\1.1.2\apiguardian-api-1.1.2.jar;C:\Users\pablo\.m2\repository\org\junit\jupiter\junit-jupiter-params\5.11.4\junit-jupiter-params-5.11.4.jar;C:\Users\pablo\.m2\repository\org\junit\jupiter\junit-jupiter-engine\5.11.4\junit-jupiter-engine-5.11.4.jar;C:\Users\pablo\.m2\repository\org\junit\platform\junit-platform-engine\1.11.4\junit-platform-engine-1.11.4.jar;C:\Users\pablo\.m2\repository\org\mockito\mockito-core\5.14.2\mockito-core-5.14.2.jar;C:\Users\pablo\.m2\repository\net\bytebuddy\byte-buddy-agent\1.15.11\byte-buddy-agent-1.15.11.jar;C:\Users\pablo\.m2\repository\org\objenesis\objenesis\3.3\objenesis-3.3.jar;C:\Users\pablo\.m2\repository\org\mockito\mockito-junit-jupiter\5.14.2\mockito-junit-jupiter-5.14.2.jar;C:\Users\pablo\.m2\repository\org\skyscreamer\jsonassert\1.5.3\jsonassert-1.5.3.jar;C:\Users\pablo\.m2\repository\com\vaadin\external\google\android-json\0.0.20131108.vaadin1\android-json-0.0.20131108.vaadin1.jar;C:\Users\pablo\.m2\repository\org\springframework\spring-test\6.2.5\spring-test-6.2.5.jar;C:\Users\pablo\.m2\repository\org\xmlunit\xmlunit-core\2.10.0\xmlunit-core-2.10.0.jar;C:\Users\pablo\.m2\repository\com\h2database\h2\2.3.232\h2-2.3.232.jar;, sun.cpu.endian=little, hibernate.cdi.extensions=true, user.home=C:\Users\pablo, user.language=es, java.specification.vendor=Oracle Corporation, java.version.date=2024-09-17, java.home=C:\Program Files\Java\jdk-23, file.separator=\, basedir=C:\Users\pablo\Downloads\mini-pim-plytix-wanchinchun-develop\mini-pim-plytix-wanchinchun-develop\Backend, java.vm.compressedOopsMode=Zero based, line.separator=
, hibernate.persistenceUnitName=default, java.vm.specification.vendor=Oracle Corporation, java.specification.name=Java Platform API Specification, FILE_LOG_CHARSET=UTF-8, hibernate.transaction.coordinator_class=class org.hibernate.resource.transaction.backend.jdbc.internal.JdbcResourceLocalTransactionCoordinatorBuilderImpl, java.awt.headless=true, surefire.real.class.path=C:\Users\pablo\AppData\Local\Temp\surefire10559722557536342816\surefirebooter-20250528205751939_3.jar, jakarta.persistence.validation.mode=AUTO, user.script=, sun.management.compiler=HotSpot 64-Bit Tiered Compilers, java.runtime.version=23+37-2369, user.name=pablo, stdout.encoding=Cp1252, path.separator=;, os.version=10.0, java.runtime.name=Java(TM) SE Runtime Environment, file.encoding=UTF-8, java.vm.name=Java HotSpot(TM) 64-Bit Server VM, hibernate.show_sql=true, localRepository=C:\Users\pablo\.m2\repository, java.vendor.url.bug=https://bugreport.java.com/bugreport/, java.io.tmpdir=C:\Users\pablo\AppData\Local\Temp\, com.zaxxer.hikari.pool_number=1, catalina.home=C:\Users\pablo\AppData\Local\Temp\tomcat.0.8505626554522332051, java.version=23, hibernate.physical_naming_strategy=org.hibernate.boot.model.naming.CamelCaseToUnderscoresNamingStrategy, user.dir=C:\Users\pablo\Downloads\mini-pim-plytix-wanchinchun-develop\mini-pim-plytix-wanchinchun-develop\Backend, os.arch=amd64, java.vm.specification.name=Java Virtual Machine Specification, PID=2092, sun.os.patch.level=, CONSOLE_LOG_CHARSET=UTF-8, catalina.base=C:\Users\pablo\AppData\Local\Temp\tomcat.0.8505626554522332051, hibernate.boot.CfgXmlAccessService.key=org.hibernate.boot.registry.StandardServiceRegistryBuilder$1@30437e9c, native.encoding=Cp1252, java.library.path=C:\Program Files\Java\jdk-23\bin;C:\WINDOWS\Sun\Java\bin;C:\WINDOWS\system32;C:\WINDOWS;C:\Program Files\PowerShell\7;C:\Program Files\Rockwell Software\RSCommon;C:\Program Files\Common Files\Oracle\Java\javapath;C:\ProgramData\Oracle\Java\javapath;C:\WINDOWS\system32;C:\WINDOWS;C:\WINDOWS\System32\Wbem;C:\WINDOWS\System32\WindowsPowerShell\v1.0\;C:\WINDOWS\System32\OpenSSH\;C:\Program Files\dotnet\;C:\ProgramData\chocolatey\bin;C:\Users\pablo\apache-maven-3.9.9\bin;C:\Program Files\Git\cmd;C:\Program Files\Docker\Docker\resources\bin;C:\Program Files\PowerShell\7\;C:\Users\pablo\AppData\Local\Microsoft\WindowsApps;C:\Users\pablo\AppData\Local\Programs\Microsoft VS Code\bin;;c:\Users\pablo\.vscode\extensions\ms-python.debugpy-2025.8.0-win32-x64\bundled\scripts\noConfigScripts;c:\Users\pablo\AppData\Roaming\Code\User\globalStorage\github.copilot-chat\debugCommand;., stderr.encoding=Cp1252, java.vendor=Oracle Corporation, java.vm.info=mixed mode, sharing, java.vm.version=23+37-2369, sun.io.unicode.encoding=UnicodeLittle, hibernate.archive.scanner=org.hibernate.boot.archive.scan.internal.DisabledScanner, hibernate.connection.datasource=HikariDataSource (HikariPool-1), java.class.version=67.0, LOGGED_APPLICATION_NAME=[wanchinchun] }
2025-05-28T20:57:57.277+02:00 DEBUG 2092 --- [wanchinchun] [           main] o.hibernate.internal.SessionFactoryImpl  : Session factory constructed with filter configurations : {}
2025-05-28T20:57:57.281+02:00 DEBUG 2092 --- [wanchinchun] [           main] .h.t.s.s.SchemaManagementToolCoordinator : No schema actions specified for contributor `orm`; doing nothing
2025-05-28T20:57:57.317+02:00 DEBUG 2092 --- [wanchinchun] [           main] o.h.q.sqm.function.SqmFunctionRegistry   : Registered SqmFunctionTemplate [NamedSqmFunctionTemplate(max)] under max; prior registration was null
2025-05-28T20:57:57.317+02:00 DEBUG 2092 --- [wanchinchun] [           main] o.h.q.sqm.function.SqmFunctionRegistry   : Registered SqmFunctionTemplate [NamedSqmFunctionTemplate(min)] under min; prior registration was null
2025-05-28T20:57:57.317+02:00 DEBUG 2092 --- [wanchinchun] [           main] o.h.q.sqm.function.SqmFunctionRegistry   : Registered SqmFunctionTemplate [NamedSqmFunctionTemplate(sum)] under sum; prior registration was null
2025-05-28T20:57:57.318+02:00 DEBUG 2092 --- [wanchinchun] [           main] o.h.q.sqm.function.SqmFunctionRegistry   : Registered SqmFunctionTemplate [NamedSqmFunctionTemplate(avg)] under avg; prior registration was null
2025-05-28T20:57:57.319+02:00 DEBUG 2092 --- [wanchinchun] [           main] o.h.q.sqm.function.SqmFunctionRegistry   : Registered SqmFunctionTemplate [org.hibernate.dialect.function.CountFunction@8e3449e] under count; prior registration was null
2025-05-28T20:57:57.320+02:00 DEBUG 2092 --- [wanchinchun] [           main] o.h.q.sqm.function.SqmFunctionRegistry   : Registered SqmFunctionTemplate [org.hibernate.dialect.function.EveryAnyEmulation@1c5cd2ea] under every; prior registration was null
2025-05-28T20:57:57.320+02:00 DEBUG 2092 --- [wanchinchun] [           main] o.h.q.sqm.function.SqmFunctionRegistry   : Registered SqmFunctionTemplate [org.hibernate.dialect.function.EveryAnyEmulation@72bdbfe9] under any; prior registration was null
2025-05-28T20:57:57.320+02:00 DEBUG 2092 --- [wanchinchun] [           main] o.h.q.sqm.function.SqmFunctionRegistry   : Registered SqmFunctionTemplate [NamedSqmFunctionTemplate(floor)] under floor; prior registration was null
2025-05-28T20:57:57.320+02:00 DEBUG 2092 --- [wanchinchun] [           main] o.h.q.sqm.function.SqmFunctionRegistry   : Registered SqmFunctionTemplate [NamedSqmFunctionTemplate(ceiling)] under ceiling; prior registration was null
2025-05-28T20:57:57.320+02:00 DEBUG 2092 --- [wanchinchun] [           main] o.h.q.sqm.function.SqmFunctionRegistry   : Registered SqmFunctionTemplate [NamedSqmFunctionTemplate(mod)] under mod; prior registration was null
2025-05-28T20:57:57.320+02:00 DEBUG 2092 --- [wanchinchun] [           main] o.h.q.sqm.function.SqmFunctionRegistry   : Registered SqmFunctionTemplate [NamedSqmFunctionTemplate(abs)] under abs; prior registration was null
2025-05-28T20:57:57.320+02:00 DEBUG 2092 --- [wanchinchun] [           main] o.h.q.sqm.function.SqmFunctionRegistry   : Registered SqmFunctionTemplate [NamedSqmFunctionTemplate(sign)] under sign; prior registration was null
2025-05-28T20:57:57.320+02:00 DEBUG 2092 --- [wanchinchun] [           main] o.h.q.sqm.function.SqmFunctionRegistry   : Registered SqmFunctionTemplate [NamedSqmFunctionTemplate(sqrt)] under sqrt; prior registration was null
2025-05-28T20:57:57.320+02:00 DEBUG 2092 --- [wanchinchun] [           main] o.h.q.sqm.function.SqmFunctionRegistry   : Registered SqmFunctionTemplate [NamedSqmFunctionTemplate(ln)] under ln; prior registration was null
2025-05-28T20:57:57.320+02:00 DEBUG 2092 --- [wanchinchun] [           main] o.h.q.sqm.function.SqmFunctionRegistry   : Registered SqmFunctionTemplate [NamedSqmFunctionTemplate(exp)] under exp; prior registration was null
2025-05-28T20:57:57.320+02:00 DEBUG 2092 --- [wanchinchun] [           main] o.h.q.sqm.function.SqmFunctionRegistry   : Registered SqmFunctionTemplate [NamedSqmFunctionTemplate(power)] under power; prior registration was null
2025-05-28T20:57:57.321+02:00 DEBUG 2092 --- [wanchinchun] [           main] o.h.q.sqm.function.SqmFunctionRegistry   : Registered SqmFunctionTemplate [NamedSqmFunctionTemplate(round)] under round; prior registration was null
2025-05-28T20:57:57.321+02:00 DEBUG 2092 --- [wanchinchun] [           main] o.h.q.sqm.function.SqmFunctionRegistry   : Registered SqmFunctionTemplate [NamedSqmFunctionTemplate(sin)] under sin; prior registration was null
2025-05-28T20:57:57.321+02:00 DEBUG 2092 --- [wanchinchun] [           main] o.h.q.sqm.function.SqmFunctionRegistry   : Registered SqmFunctionTemplate [NamedSqmFunctionTemplate(cos)] under cos; prior registration was null
2025-05-28T20:57:57.321+02:00 DEBUG 2092 --- [wanchinchun] [           main] o.h.q.sqm.function.SqmFunctionRegistry   : Registered SqmFunctionTemplate [NamedSqmFunctionTemplate(tan)] under tan; prior registration was null
2025-05-28T20:57:57.321+02:00 DEBUG 2092 --- [wanchinchun] [           main] o.h.q.sqm.function.SqmFunctionRegistry   : Registered SqmFunctionTemplate [NamedSqmFunctionTemplate(asin)] under asin; prior registration was null
2025-05-28T20:57:57.321+02:00 DEBUG 2092 --- [wanchinchun] [           main] o.h.q.sqm.function.SqmFunctionRegistry   : Registered SqmFunctionTemplate [NamedSqmFunctionTemplate(acos)] under acos; prior registration was null
2025-05-28T20:57:57.321+02:00 DEBUG 2092 --- [wanchinchun] [           main] o.h.q.sqm.function.SqmFunctionRegistry   : Registered SqmFunctionTemplate [NamedSqmFunctionTemplate(atan)] under atan; prior registration was null
2025-05-28T20:57:57.321+02:00 DEBUG 2092 --- [wanchinchun] [           main] o.h.q.sqm.function.SqmFunctionRegistry   : Registered SqmFunctionTemplate [NamedSqmFunctionTemplate(atan2)] under atan2; prior registration was null
2025-05-28T20:57:57.323+02:00 DEBUG 2092 --- [wanchinchun] [           main] o.h.q.sqm.function.SqmFunctionRegistry   : Registered SqmFunctionTemplate [org.hibernate.query.sqm.function.PatternBasedSqmFunctionDescriptor@796cf2b5] under sinh; prior registration was null
2025-05-28T20:57:57.323+02:00 DEBUG 2092 --- [wanchinchun] [           main] o.h.q.sqm.function.SqmFunctionRegistry   : Registered SqmFunctionTemplate [org.hibernate.query.sqm.function.PatternBasedSqmFunctionDescriptor@7a71ebf1] under cosh; prior registration was null
2025-05-28T20:57:57.323+02:00 DEBUG 2092 --- [wanchinchun] [           main] o.h.q.sqm.function.SqmFunctionRegistry   : Registered SqmFunctionTemplate [org.hibernate.query.sqm.function.PatternBasedSqmFunctionDescriptor@16890f00] under tanh; prior registration was null
2025-05-28T20:57:57.323+02:00 DEBUG 2092 --- [wanchinchun] [           main] o.h.q.sqm.function.SqmFunctionRegistry   : Registered SqmFunctionTemplate [org.hibernate.query.sqm.function.PatternBasedSqmFunctionDescriptor@77e1dacd] under pi; prior registration was null
2025-05-28T20:57:57.323+02:00 DEBUG 2092 --- [wanchinchun] [           main] o.h.q.sqm.function.SqmFunctionRegistry   : Registered SqmFunctionTemplate [org.hibernate.query.sqm.function.PatternBasedSqmFunctionDescriptor@690677de] under log; prior registration was null
2025-05-28T20:57:57.323+02:00 DEBUG 2092 --- [wanchinchun] [           main] o.h.q.sqm.function.SqmFunctionRegistry   : Registered SqmFunctionTemplate [NamedSqmFunctionTemplate(coalesce)] under coalesce; prior registration was null
2025-05-28T20:57:57.323+02:00 DEBUG 2092 --- [wanchinchun] [           main] o.h.q.sqm.function.SqmFunctionRegistry   : Registered SqmFunctionTemplate [NamedSqmFunctionTemplate(nullif)] under nullif; prior registration was null
2025-05-28T20:57:57.323+02:00 DEBUG 2092 --- [wanchinchun] [           main] o.h.q.sqm.function.SqmFunctionRegistry   : Registered SqmFunctionTemplate [NamedSqmFunctionTemplate(left)] under left; prior registration was null
2025-05-28T20:57:57.323+02:00 DEBUG 2092 --- [wanchinchun] [           main] o.h.q.sqm.function.SqmFunctionRegistry   : Registered SqmFunctionTemplate [NamedSqmFunctionTemplate(right)] under right; prior registration was null
2025-05-28T20:57:57.323+02:00 DEBUG 2092 --- [wanchinchun] [           main] o.h.q.sqm.function.SqmFunctionRegistry   : Registered SqmFunctionTemplate [NamedSqmFunctionTemplate(replace)] under replace; prior registration was null
2025-05-28T20:57:57.323+02:00 DEBUG 2092 --- [wanchinchun] [           main] o.h.q.sqm.function.SqmFunctionRegistry   : Registered SqmFunctionTemplate [NamedSqmFunctionTemplate(concat)] under concat; prior registration was null
2025-05-28T20:57:57.323+02:00 DEBUG 2092 --- [wanchinchun] [           main] o.h.q.sqm.function.SqmFunctionRegistry   : Registered SqmFunctionTemplate [NamedSqmFunctionTemplate(lower)] under lower; prior registration was null
2025-05-28T20:57:57.324+02:00 DEBUG 2092 --- [wanchinchun] [           main] o.h.q.sqm.function.SqmFunctionRegistry   : Registered SqmFunctionTemplate [NamedSqmFunctionTemplate(upper)] under upper; prior registration was null
2025-05-28T20:57:57.324+02:00 DEBUG 2092 --- [wanchinchun] [           main] o.h.q.sqm.function.SqmFunctionRegistry   : Registered SqmFunctionTemplate [NamedSqmFunctionTemplate(substring)] under substring; prior registration was null
2025-05-28T20:57:57.324+02:00 DEBUG 2092 --- [wanchinchun] [           main] o.h.q.sqm.function.SqmFunctionRegistry   : Registered SqmFunctionTemplate [NamedSqmFunctionTemplate(locate)] under locate; prior registration was null
2025-05-28T20:57:57.324+02:00 DEBUG 2092 --- [wanchinchun] [           main] o.h.q.sqm.function.SqmFunctionRegistry   : Registered SqmFunctionTemplate [NamedSqmFunctionTemplate(character_length)] under character_length; prior registration was null
2025-05-28T20:57:57.324+02:00 DEBUG 2092 --- [wanchinchun] [           main] o.h.q.sqm.function.SqmFunctionRegistry   : Registering alternate key : length -> character_length
2025-05-28T20:57:57.324+02:00 DEBUG 2092 --- [wanchinchun] [           main] o.h.q.sqm.function.SqmFunctionRegistry   : Registered SqmFunctionTemplate [org.hibernate.dialect.function.LocatePositionEmulation@56976b8b] under position; prior registration was null
2025-05-28T20:57:57.325+02:00 DEBUG 2092 --- [wanchinchun] [           main] o.h.q.sqm.function.SqmFunctionRegistry   : Registered SqmFunctionTemplate [org.hibernate.dialect.function.InsertSubstringOverlayEmulation@34ede267] under overlay; prior registration was null
2025-05-28T20:57:57.326+02:00 DEBUG 2092 --- [wanchinchun] [           main] o.h.q.sqm.function.SqmFunctionRegistry   : Registered SqmFunctionTemplate [org.hibernate.dialect.function.TrimFunction@6c8d638a] under trim; prior registration was null
2025-05-28T20:57:57.327+02:00 DEBUG 2092 --- [wanchinchun] [           main] o.h.q.sqm.function.SqmFunctionRegistry   : Registered SqmFunctionTemplate [org.hibernate.dialect.function.CastFunction@7df5549e] under cast; prior registration was null
2025-05-28T20:57:57.327+02:00 DEBUG 2092 --- [wanchinchun] [           main] o.h.q.sqm.function.SqmFunctionRegistry   : Registered SqmFunctionTemplate [org.hibernate.query.sqm.function.PatternBasedSqmFunctionDescriptor@cbdc0f4] under collate; prior registration was null
2025-05-28T20:57:57.327+02:00 DEBUG 2092 --- [wanchinchun] [           main] o.h.q.sqm.function.SqmFunctionRegistry   : Registered SqmFunctionTemplate [org.hibernate.dialect.function.ExtractFunction@7a522157] under extract; prior registration was null
2025-05-28T20:57:57.327+02:00 DEBUG 2092 --- [wanchinchun] [           main] o.h.q.sqm.function.SqmFunctionRegistry   : Registered SqmFunctionTemplate [NamedSqmFunctionTemplate(least)] under least; prior registration was null
2025-05-28T20:57:57.327+02:00 DEBUG 2092 --- [wanchinchun] [           main] o.h.q.sqm.function.SqmFunctionRegistry   : Registered SqmFunctionTemplate [NamedSqmFunctionTemplate(greatest)] under greatest; prior registration was null
2025-05-28T20:57:57.328+02:00 DEBUG 2092 --- [wanchinchun] [           main] o.h.q.sqm.function.SqmFunctionRegistry   : Registered SqmFunctionTemplate [org.hibernate.dialect.function.CoalesceIfnullEmulation@7bdf94f2] under ifnull; prior registration was null
2025-05-28T20:57:57.328+02:00 DEBUG 2092 --- [wanchinchun] [           main] o.h.q.sqm.function.SqmFunctionRegistry   : Registered SqmFunctionTemplate [NamedSqmFunctionTemplate(lpad)] under lpad; prior registration was null
2025-05-28T20:57:57.328+02:00 DEBUG 2092 --- [wanchinchun] [           main] o.h.q.sqm.function.SqmFunctionRegistry   : Registered SqmFunctionTemplate [NamedSqmFunctionTemplate(rpad)] under rpad; prior registration was null
2025-05-28T20:57:57.328+02:00 DEBUG 2092 --- [wanchinchun] [           main] o.h.q.sqm.function.SqmFunctionRegistry   : Registered SqmFunctionTemplate [org.hibernate.dialect.function.LpadRpadPadEmulation@3ec62141] under pad; prior registration was null
2025-05-28T20:57:57.328+02:00 DEBUG 2092 --- [wanchinchun] [           main] o.h.q.sqm.function.SqmFunctionRegistry   : Registered SqmFunctionTemplate [org.hibernate.dialect.function.CastStrEmulation@11e3d08] under str; prior registration was null
2025-05-28T20:57:57.330+02:00 DEBUG 2092 --- [wanchinchun] [           main] o.h.q.sqm.function.SqmFunctionRegistry   : Registered SqmFunctionTemplate [org.hibernate.dialect.function.FormatFunction@aa794a3] under format; prior registration was null
2025-05-28T20:57:57.330+02:00 DEBUG 2092 --- [wanchinchun] [           main] o.h.q.sqm.function.SqmFunctionRegistry   : Registered SqmFunctionTemplate [org.hibernate.dialect.function.TimestampaddFunction@7341baa3] under timestampadd; prior registration was null
2025-05-28T20:57:57.331+02:00 DEBUG 2092 --- [wanchinchun] [           main] o.h.q.sqm.function.SqmFunctionRegistry   : Registered SqmFunctionTemplate [org.hibernate.dialect.function.TimestampdiffFunction@40edc64e] under timestampdiff; prior registration was null
2025-05-28T20:57:57.331+02:00 DEBUG 2092 --- [wanchinchun] [           main] o.h.q.sqm.function.SqmFunctionRegistry   : Registering alternate key : dateadd -> timestampadd
2025-05-28T20:57:57.331+02:00 DEBUG 2092 --- [wanchinchun] [           main] o.h.q.sqm.function.SqmFunctionRegistry   : Registering alternate key : datediff -> timestampdiff
2025-05-28T20:57:57.331+02:00 DEBUG 2092 --- [wanchinchun] [           main] o.h.q.sqm.function.SqmFunctionRegistry   : Registered SqmFunctionTemplate [org.hibernate.dialect.function.CurrentFunction@2699b656] under current_date; prior registration was null
2025-05-28T20:57:57.331+02:00 DEBUG 2092 --- [wanchinchun] [           main] o.h.q.sqm.function.SqmFunctionRegistry   : Registered SqmFunctionTemplate [org.hibernate.dialect.function.CurrentFunction@5d67b2b3] under current_time; prior registration was null
2025-05-28T20:57:57.333+02:00 DEBUG 2092 --- [wanchinchun] [           main] o.h.q.sqm.function.SqmFunctionRegistry   : Registered SqmFunctionTemplate [org.hibernate.dialect.function.CurrentFunction@49bc71b4] under current_timestamp; prior registration was null
2025-05-28T20:57:57.333+02:00 DEBUG 2092 --- [wanchinchun] [           main] o.h.q.sqm.function.SqmFunctionRegistry   : Registering alternate key : current date -> current_date
2025-05-28T20:57:57.333+02:00 DEBUG 2092 --- [wanchinchun] [           main] o.h.q.sqm.function.SqmFunctionRegistry   : Registering alternate key : current time -> current_time
2025-05-28T20:57:57.333+02:00 DEBUG 2092 --- [wanchinchun] [           main] o.h.q.sqm.function.SqmFunctionRegistry   : Registering alternate key : current timestamp -> current_timestamp
2025-05-28T20:57:57.333+02:00 DEBUG 2092 --- [wanchinchun] [           main] o.h.q.sqm.function.SqmFunctionRegistry   : Registered SqmFunctionTemplate [org.hibernate.dialect.function.CurrentFunction@7efa366] under local_date; prior registration was null
2025-05-28T20:57:57.333+02:00 DEBUG 2092 --- [wanchinchun] [           main] o.h.q.sqm.function.SqmFunctionRegistry   : Registered SqmFunctionTemplate [org.hibernate.dialect.function.CurrentFunction@6c2f8ecb] under local_time; prior registration was null
2025-05-28T20:57:57.333+02:00 DEBUG 2092 --- [wanchinchun] [           main] o.h.q.sqm.function.SqmFunctionRegistry   : Registered SqmFunctionTemplate [org.hibernate.dialect.function.CurrentFunction@c3d4bd7] under local_datetime; prior registration was null
2025-05-28T20:57:57.333+02:00 DEBUG 2092 --- [wanchinchun] [           main] o.h.q.sqm.function.SqmFunctionRegistry   : Registered SqmFunctionTemplate [org.hibernate.dialect.function.CurrentFunction@2626aa35] under offset_datetime; prior registration was null
2025-05-28T20:57:57.333+02:00 DEBUG 2092 --- [wanchinchun] [           main] o.h.q.sqm.function.SqmFunctionRegistry   : Registering alternate key : local date -> local_date
2025-05-28T20:57:57.333+02:00 DEBUG 2092 --- [wanchinchun] [           main] o.h.q.sqm.function.SqmFunctionRegistry   : Registering alternate key : local time -> local_time
2025-05-28T20:57:57.333+02:00 DEBUG 2092 --- [wanchinchun] [           main] o.h.q.sqm.function.SqmFunctionRegistry   : Registering alternate key : local datetime -> local_datetime
2025-05-28T20:57:57.333+02:00 DEBUG 2092 --- [wanchinchun] [           main] o.h.q.sqm.function.SqmFunctionRegistry   : Registering alternate key : offset datetime -> offset_datetime
2025-05-28T20:57:57.333+02:00 DEBUG 2092 --- [wanchinchun] [           main] o.h.q.sqm.function.SqmFunctionRegistry   : Registered SqmFunctionTemplate [org.hibernate.dialect.function.CurrentFunction@5ca8c904] under instant; prior registration was null
2025-05-28T20:57:57.333+02:00 DEBUG 2092 --- [wanchinchun] [           main] o.h.q.sqm.function.SqmFunctionRegistry   : Registering alternate key : current_instant -> instant
2025-05-28T20:57:57.333+02:00 DEBUG 2092 --- [wanchinchun] [           main] o.h.q.sqm.function.SqmFunctionRegistry   : Registered SqmFunctionTemplate [org.hibernate.dialect.function.SqlFunction@237aba92] under sql; prior registration was null
2025-05-28T20:57:57.333+02:00 DEBUG 2092 --- [wanchinchun] [           main] o.h.q.sqm.function.SqmFunctionRegistry   : Registered SqmFunctionTemplate [NamedSqmFunctionTemplate(max)] under max; prior registration was NamedSqmFunctionTemplate(max)
2025-05-28T20:57:57.333+02:00 DEBUG 2092 --- [wanchinchun] [           main] o.h.q.sqm.function.SqmFunctionRegistry   : Registered SqmFunctionTemplate [NamedSqmFunctionTemplate(min)] under min; prior registration was NamedSqmFunctionTemplate(min)
2025-05-28T20:57:57.333+02:00 DEBUG 2092 --- [wanchinchun] [           main] o.h.q.sqm.function.SqmFunctionRegistry   : Registered SqmFunctionTemplate [NamedSqmFunctionTemplate(sum)] under sum; prior registration was NamedSqmFunctionTemplate(sum)
2025-05-28T20:57:57.333+02:00 DEBUG 2092 --- [wanchinchun] [           main] o.h.q.sqm.function.SqmFunctionRegistry   : Registered SqmFunctionTemplate [NamedSqmFunctionTemplate(avg)] under avg; prior registration was NamedSqmFunctionTemplate(avg)
2025-05-28T20:57:57.333+02:00 DEBUG 2092 --- [wanchinchun] [           main] o.h.q.sqm.function.SqmFunctionRegistry   : Registered SqmFunctionTemplate [org.hibernate.dialect.function.CountFunction@65b19e5c] under count; prior registration was org.hibernate.dialect.function.CountFunction@8e3449e
2025-05-28T20:57:57.334+02:00 DEBUG 2092 --- [wanchinchun] [           main] o.h.q.sqm.function.SqmFunctionRegistry   : Registered SqmFunctionTemplate [org.hibernate.dialect.function.AvgFunction@4a14f7d7] under avg; prior registration was NamedSqmFunctionTemplate(avg)
2025-05-28T20:57:57.334+02:00 DEBUG 2092 --- [wanchinchun] [           main] o.h.q.sqm.function.SqmFunctionRegistry   : Registered SqmFunctionTemplate [NamedSqmFunctionTemplate(pi)] under pi; prior registration was org.hibernate.query.sqm.function.PatternBasedSqmFunctionDescriptor@77e1dacd
2025-05-28T20:57:57.334+02:00 DEBUG 2092 --- [wanchinchun] [           main] o.h.q.sqm.function.SqmFunctionRegistry   : Registered SqmFunctionTemplate [NamedSqmFunctionTemplate(cot)] under cot; prior registration was null
2025-05-28T20:57:57.334+02:00 DEBUG 2092 --- [wanchinchun] [           main] o.h.q.sqm.function.SqmFunctionRegistry   : Registered SqmFunctionTemplate [NamedSqmFunctionTemplate(radians)] under radians; prior registration was null
2025-05-28T20:57:57.334+02:00 DEBUG 2092 --- [wanchinchun] [           main] o.h.q.sqm.function.SqmFunctionRegistry   : Registered SqmFunctionTemplate [NamedSqmFunctionTemplate(degrees)] under degrees; prior registration was null
2025-05-28T20:57:57.334+02:00 DEBUG 2092 --- [wanchinchun] [           main] o.h.q.sqm.function.SqmFunctionRegistry   : Registered SqmFunctionTemplate [NamedSqmFunctionTemplate(log10)] under log10; prior registration was null
2025-05-28T20:57:57.334+02:00 DEBUG 2092 --- [wanchinchun] [           main] o.h.q.sqm.function.SqmFunctionRegistry   : Registered SqmFunctionTemplate [org.hibernate.query.sqm.function.PatternBasedSqmFunctionDescriptor@66596c4c] under mod; prior registration was NamedSqmFunctionTemplate(mod)
2025-05-28T20:57:57.334+02:00 DEBUG 2092 --- [wanchinchun] [           main] o.h.q.sqm.function.SqmFunctionRegistry   : Registered SqmFunctionTemplate [NamedSqmFunctionTemplate(rand)] under rand; prior registration was null
2025-05-28T20:57:57.334+02:00 DEBUG 2092 --- [wanchinchun] [           main] o.h.q.sqm.function.SqmFunctionRegistry   : Registered SqmFunctionTemplate [NamedSqmFunctionTemplate(soundex)] under soundex; prior registration was null
2025-05-28T20:57:57.334+02:00 DEBUG 2092 --- [wanchinchun] [           main] o.h.q.sqm.function.SqmFunctionRegistry   : Registered SqmFunctionTemplate [NamedSqmFunctionTemplate(translate)] under translate; prior registration was null
2025-05-28T20:57:57.334+02:00 DEBUG 2092 --- [wanchinchun] [           main] o.h.q.sqm.function.SqmFunctionRegistry   : Registered SqmFunctionTemplate [NamedSqmFunctionTemplate(bitand)] under bitand; prior registration was null
2025-05-28T20:57:57.334+02:00 DEBUG 2092 --- [wanchinchun] [           main] o.h.q.sqm.function.SqmFunctionRegistry   : Registered SqmFunctionTemplate [NamedSqmFunctionTemplate(bitor)] under bitor; prior registration was null
2025-05-28T20:57:57.334+02:00 DEBUG 2092 --- [wanchinchun] [           main] o.h.q.sqm.function.SqmFunctionRegistry   : Registered SqmFunctionTemplate [NamedSqmFunctionTemplate(bitxor)] under bitxor; prior registration was null
2025-05-28T20:57:57.334+02:00 DEBUG 2092 --- [wanchinchun] [           main] o.h.q.sqm.function.SqmFunctionRegistry   : Registered SqmFunctionTemplate [NamedSqmFunctionTemplate(bitnot)] under bitnot; prior registration was null
2025-05-28T20:57:57.334+02:00 DEBUG 2092 --- [wanchinchun] [           main] o.h.q.sqm.function.SqmFunctionRegistry   : Registered SqmFunctionTemplate [NamedSqmFunctionTemplate(bit_and)] under bit_and; prior registration was null
2025-05-28T20:57:57.334+02:00 DEBUG 2092 --- [wanchinchun] [           main] o.h.q.sqm.function.SqmFunctionRegistry   : Registered SqmFunctionTemplate [NamedSqmFunctionTemplate(bit_or)] under bit_or; prior registration was null
2025-05-28T20:57:57.334+02:00 DEBUG 2092 --- [wanchinchun] [           main] o.h.q.sqm.function.SqmFunctionRegistry   : Registered SqmFunctionTemplate [NamedSqmFunctionTemplate(day)] under day; prior registration was null
2025-05-28T20:57:57.334+02:00 DEBUG 2092 --- [wanchinchun] [           main] o.h.q.sqm.function.SqmFunctionRegistry   : Registered SqmFunctionTemplate [NamedSqmFunctionTemplate(month)] under month; prior registration was null
2025-05-28T20:57:57.334+02:00 DEBUG 2092 --- [wanchinchun] [           main] o.h.q.sqm.function.SqmFunctionRegistry   : Registered SqmFunctionTemplate [NamedSqmFunctionTemplate(year)] under year; prior registration was null
2025-05-28T20:57:57.334+02:00 DEBUG 2092 --- [wanchinchun] [           main] o.h.q.sqm.function.SqmFunctionRegistry   : Registered SqmFunctionTemplate [NamedSqmFunctionTemplate(hour)] under hour; prior registration was null
2025-05-28T20:57:57.334+02:00 DEBUG 2092 --- [wanchinchun] [           main] o.h.q.sqm.function.SqmFunctionRegistry   : Registered SqmFunctionTemplate [NamedSqmFunctionTemplate(minute)] under minute; prior registration was null
2025-05-28T20:57:57.334+02:00 DEBUG 2092 --- [wanchinchun] [           main] o.h.q.sqm.function.SqmFunctionRegistry   : Registered SqmFunctionTemplate [NamedSqmFunctionTemplate(second)] under second; prior registration was null
2025-05-28T20:57:57.334+02:00 DEBUG 2092 --- [wanchinchun] [           main] o.h.q.sqm.function.SqmFunctionRegistry   : Registered SqmFunctionTemplate [NamedSqmFunctionTemplate(microsecond)] under microsecond; prior registration was null
2025-05-28T20:57:57.334+02:00 DEBUG 2092 --- [wanchinchun] [           main] o.h.q.sqm.function.SqmFunctionRegistry   : Registered SqmFunctionTemplate [NamedSqmFunctionTemplate(day_of_week)] under day_of_week; prior registration was null
2025-05-28T20:57:57.334+02:00 DEBUG 2092 --- [wanchinchun] [           main] o.h.q.sqm.function.SqmFunctionRegistry   : Registered SqmFunctionTemplate [NamedSqmFunctionTemplate(day_of_month)] under day_of_month; prior registration was null
2025-05-28T20:57:57.334+02:00 DEBUG 2092 --- [wanchinchun] [           main] o.h.q.sqm.function.SqmFunctionRegistry   : Registering alternate key : day -> day_of_month
2025-05-28T20:57:57.334+02:00 DEBUG 2092 --- [wanchinchun] [           main] o.h.q.sqm.function.SqmFunctionRegistry   : Registered SqmFunctionTemplate [NamedSqmFunctionTemplate(day_of_year)] under day_of_year; prior registration was null
2025-05-28T20:57:57.334+02:00 DEBUG 2092 --- [wanchinchun] [           main] o.h.q.sqm.function.SqmFunctionRegistry   : Registered SqmFunctionTemplate [NamedSqmFunctionTemplate(week)] under week; prior registration was null
2025-05-28T20:57:57.334+02:00 DEBUG 2092 --- [wanchinchun] [           main] o.h.q.sqm.function.SqmFunctionRegistry   : Registered SqmFunctionTemplate [NamedSqmFunctionTemplate(quarter)] under quarter; prior registration was null
2025-05-28T20:57:57.334+02:00 DEBUG 2092 --- [wanchinchun] [           main] o.h.q.sqm.function.SqmFunctionRegistry   : Registered SqmFunctionTemplate [NamedSqmFunctionTemplate(monthname)] under monthname; prior registration was null
2025-05-28T20:57:57.334+02:00 DEBUG 2092 --- [wanchinchun] [           main] o.h.q.sqm.function.SqmFunctionRegistry   : Registered SqmFunctionTemplate [NamedSqmFunctionTemplate(dayname)] under dayname; prior registration was null
2025-05-28T20:57:57.335+02:00 DEBUG 2092 --- [wanchinchun] [           main] o.h.q.sqm.function.SqmFunctionRegistry   : Registered SqmFunctionTemplate [NamedSqmFunctionTemplate(localtime)] under localtime; prior registration was null
2025-05-28T20:57:57.335+02:00 DEBUG 2092 --- [wanchinchun] [           main] o.h.q.sqm.function.SqmFunctionRegistry   : Registered SqmFunctionTemplate [NamedSqmFunctionTemplate(localtimestamp)] under localtimestamp; prior registration was null
2025-05-28T20:57:57.335+02:00 DEBUG 2092 --- [wanchinchun] [           main] o.h.q.sqm.function.SqmFunctionRegistry   : Registered SqmFunctionTemplate [NamedSqmFunctionTemplate(localtime)] under local_time; prior registration was org.hibernate.dialect.function.CurrentFunction@6c2f8ecb
2025-05-28T20:57:57.335+02:00 DEBUG 2092 --- [wanchinchun] [           main] o.h.q.sqm.function.SqmFunctionRegistry   : Registered SqmFunctionTemplate [NamedSqmFunctionTemplate(localtimestamp)] under local_datetime; prior registration was org.hibernate.dialect.function.CurrentFunction@c3d4bd7
2025-05-28T20:57:57.336+02:00 DEBUG 2092 --- [wanchinchun] [           main] o.h.q.sqm.function.SqmFunctionRegistry   : Registered SqmFunctionTemplate [org.hibernate.dialect.function.TruncFunction@48b9773b] under trunc; prior registration was null
2025-05-28T20:57:57.336+02:00 DEBUG 2092 --- [wanchinchun] [           main] o.h.q.sqm.function.SqmFunctionRegistry   : Registering alternate key : truncate -> trunc
2025-05-28T20:57:57.336+02:00 DEBUG 2092 --- [wanchinchun] [           main] o.h.q.sqm.function.SqmFunctionRegistry   : Registered SqmFunctionTemplate [org.hibernate.query.sqm.function.PatternBasedSqmFunctionDescriptor@43ca96a0] under date_trunc; prior registration was null
2025-05-28T20:57:57.336+02:00 DEBUG 2092 --- [wanchinchun] [           main] o.h.q.sqm.function.SqmFunctionRegistry   : Registered SqmFunctionTemplate [NamedSqmFunctionTemplate(bit_length)] under bit_length; prior registration was null
2025-05-28T20:57:57.336+02:00 DEBUG 2092 --- [wanchinchun] [           main] o.h.q.sqm.function.SqmFunctionRegistry   : Registered SqmFunctionTemplate [NamedSqmFunctionTemplate(octet_length)] under octet_length; prior registration was null
2025-05-28T20:57:57.336+02:00 DEBUG 2092 --- [wanchinchun] [           main] o.h.q.sqm.function.SqmFunctionRegistry   : Registered SqmFunctionTemplate [NamedSqmFunctionTemplate(ascii)] under ascii; prior registration was null
2025-05-28T20:57:57.336+02:00 DEBUG 2092 --- [wanchinchun] [           main] o.h.q.sqm.function.SqmFunctionRegistry   : Registered SqmFunctionTemplate [NamedSqmFunctionTemplate(octet_length)] under octet_length; prior registration was NamedSqmFunctionTemplate(octet_length)
2025-05-28T20:57:57.336+02:00 DEBUG 2092 --- [wanchinchun] [           main] o.h.q.sqm.function.SqmFunctionRegistry   : Registered SqmFunctionTemplate [NamedSqmFunctionTemplate(space)] under space; prior registration was null
2025-05-28T20:57:57.336+02:00 DEBUG 2092 --- [wanchinchun] [           main] o.h.q.sqm.function.SqmFunctionRegistry   : Registered SqmFunctionTemplate [NamedSqmFunctionTemplate(repeat)] under repeat; prior registration was null
2025-05-28T20:57:57.336+02:00 DEBUG 2092 --- [wanchinchun] [           main] o.h.q.sqm.function.SqmFunctionRegistry   : Registered SqmFunctionTemplate [NamedSqmFunctionTemplate(char)] under char; prior registration was null
2025-05-28T20:57:57.336+02:00 DEBUG 2092 --- [wanchinchun] [           main] o.h.q.sqm.function.SqmFunctionRegistry   : Registering alternate key : chr -> char
2025-05-28T20:57:57.336+02:00 DEBUG 2092 --- [wanchinchun] [           main] o.h.q.sqm.function.SqmFunctionRegistry   : Registered SqmFunctionTemplate [NamedSqmFunctionTemplate(instr)] under instr; prior registration was null
2025-05-28T20:57:57.337+02:00 DEBUG 2092 --- [wanchinchun] [           main] o.h.q.sqm.function.SqmFunctionRegistry   : Registered SqmFunctionTemplate [NamedSqmFunctionTemplate(substr)] under substr; prior registration was null
2025-05-28T20:57:57.337+02:00 DEBUG 2092 --- [wanchinchun] [           main] o.h.q.sqm.function.SqmFunctionRegistry   : Registered SqmFunctionTemplate [org.hibernate.query.sqm.function.PatternBasedSqmFunctionDescriptor@7c68a63c] under position; prior registration was org.hibernate.dialect.function.LocatePositionEmulation@56976b8b
2025-05-28T20:57:57.337+02:00 DEBUG 2092 --- [wanchinchun] [           main] o.h.q.sqm.function.SqmFunctionRegistry   : Registered SqmFunctionTemplate [NamedSqmFunctionTemplate(ltrim)] under ltrim; prior registration was null
2025-05-28T20:57:57.337+02:00 DEBUG 2092 --- [wanchinchun] [           main] o.h.q.sqm.function.SqmFunctionRegistry   : Registered SqmFunctionTemplate [NamedSqmFunctionTemplate(rtrim)] under rtrim; prior registration was null
2025-05-28T20:57:57.337+02:00 DEBUG 2092 --- [wanchinchun] [           main] o.h.q.sqm.function.SqmFunctionRegistry   : Registered SqmFunctionTemplate [org.hibernate.query.sqm.function.PatternBasedSqmFunctionDescriptor@5443086a] under concat; prior registration was NamedSqmFunctionTemplate(concat)
2025-05-28T20:57:57.337+02:00 DEBUG 2092 --- [wanchinchun] [           main] o.h.q.sqm.function.SqmFunctionRegistry   : Registered SqmFunctionTemplate [NamedSqmFunctionTemplate(curtime)] under curtime; prior registration was null
2025-05-28T20:57:57.337+02:00 DEBUG 2092 --- [wanchinchun] [           main] o.h.q.sqm.function.SqmFunctionRegistry   : Registered SqmFunctionTemplate [NamedSqmFunctionTemplate(curdate)] under curdate; prior registration was null
2025-05-28T20:57:57.337+02:00 DEBUG 2092 --- [wanchinchun] [           main] o.h.q.sqm.function.SqmFunctionRegistry   : Registered SqmFunctionTemplate [NamedSqmFunctionTemplate(now)] under now; prior registration was null
2025-05-28T20:57:57.337+02:00 DEBUG 2092 --- [wanchinchun] [           main] o.h.q.sqm.function.SqmFunctionRegistry   : Registered SqmFunctionTemplate [NamedSqmFunctionTemplate(sysdate)] under sysdate; prior registration was null
2025-05-28T20:57:57.337+02:00 DEBUG 2092 --- [wanchinchun] [           main] o.h.q.sqm.function.SqmFunctionRegistry   : Registered SqmFunctionTemplate [NamedSqmFunctionTemplate(insert)] under insert; prior registration was null
2025-05-28T20:57:57.337+02:00 DEBUG 2092 --- [wanchinchun] [           main] o.h.q.sqm.function.SqmFunctionRegistry   : Registered SqmFunctionTemplate [NamedSqmFunctionTemplate(bool_and)] under bool_and; prior registration was null
2025-05-28T20:57:57.337+02:00 DEBUG 2092 --- [wanchinchun] [           main] o.h.q.sqm.function.SqmFunctionRegistry   : Registering alternate key : every -> bool_and
2025-05-28T20:57:57.337+02:00 DEBUG 2092 --- [wanchinchun] [           main] o.h.q.sqm.function.SqmFunctionRegistry   : Registered SqmFunctionTemplate [NamedSqmFunctionTemplate(bool_or)] under bool_or; prior registration was null
2025-05-28T20:57:57.337+02:00 DEBUG 2092 --- [wanchinchun] [           main] o.h.q.sqm.function.SqmFunctionRegistry   : Registering alternate key : any -> bool_or
2025-05-28T20:57:57.337+02:00 DEBUG 2092 --- [wanchinchun] [           main] o.h.q.sqm.function.SqmFunctionRegistry   : Registered SqmFunctionTemplate [NamedSqmFunctionTemplate(median)] under median; prior registration was null
2025-05-28T20:57:57.337+02:00 DEBUG 2092 --- [wanchinchun] [           main] o.h.q.sqm.function.SqmFunctionRegistry   : Registered SqmFunctionTemplate [NamedSqmFunctionTemplate(stddev_pop)] under stddev_pop; prior registration was null
2025-05-28T20:57:57.337+02:00 DEBUG 2092 --- [wanchinchun] [           main] o.h.q.sqm.function.SqmFunctionRegistry   : Registered SqmFunctionTemplate [NamedSqmFunctionTemplate(stddev_samp)] under stddev_samp; prior registration was null
2025-05-28T20:57:57.337+02:00 DEBUG 2092 --- [wanchinchun] [           main] o.h.q.sqm.function.SqmFunctionRegistry   : Registered SqmFunctionTemplate [NamedSqmFunctionTemplate(var_pop)] under var_pop; prior registration was null
2025-05-28T20:57:57.337+02:00 DEBUG 2092 --- [wanchinchun] [           main] o.h.q.sqm.function.SqmFunctionRegistry   : Registered SqmFunctionTemplate [NamedSqmFunctionTemplate(var_samp)] under var_samp; prior registration was null
2025-05-28T20:57:57.337+02:00 DEBUG 2092 --- [wanchinchun] [           main] o.h.q.sqm.function.SqmFunctionRegistry   : Registered SqmFunctionTemplate [org.hibernate.dialect.function.FormatFunction@5740ad76] under format; prior registration was org.hibernate.dialect.function.FormatFunction@aa794a3
2025-05-28T20:57:57.337+02:00 DEBUG 2092 --- [wanchinchun] [           main] o.h.q.sqm.function.SqmFunctionRegistry   : Registered SqmFunctionTemplate [NamedSqmFunctionTemplate(rownum)] under rownum; prior registration was null
2025-05-28T20:57:57.337+02:00 DEBUG 2092 --- [wanchinchun] [           main] o.h.q.sqm.function.SqmFunctionRegistry   : Registered SqmFunctionTemplate [NamedSqmFunctionTemplate(row_number)] under row_number; prior registration was null
2025-05-28T20:57:57.337+02:00 DEBUG 2092 --- [wanchinchun] [           main] o.h.q.sqm.function.SqmFunctionRegistry   : Registered SqmFunctionTemplate [NamedSqmFunctionTemplate(lag)] under lag; prior registration was null
2025-05-28T20:57:57.338+02:00 DEBUG 2092 --- [wanchinchun] [           main] o.h.q.sqm.function.SqmFunctionRegistry   : Registered SqmFunctionTemplate [NamedSqmFunctionTemplate(lead)] under lead; prior registration was null
2025-05-28T20:57:57.338+02:00 DEBUG 2092 --- [wanchinchun] [           main] o.h.q.sqm.function.SqmFunctionRegistry   : Registered SqmFunctionTemplate [NamedSqmFunctionTemplate(first_value)] under first_value; prior registration was null
2025-05-28T20:57:57.338+02:00 DEBUG 2092 --- [wanchinchun] [           main] o.h.q.sqm.function.SqmFunctionRegistry   : Registered SqmFunctionTemplate [NamedSqmFunctionTemplate(last_value)] under last_value; prior registration was null
2025-05-28T20:57:57.338+02:00 DEBUG 2092 --- [wanchinchun] [           main] o.h.q.sqm.function.SqmFunctionRegistry   : Registered SqmFunctionTemplate [NamedSqmFunctionTemplate(nth_value)] under nth_value; prior registration was null
2025-05-28T20:57:57.338+02:00 DEBUG 2092 --- [wanchinchun] [           main] o.h.q.sqm.function.SqmFunctionRegistry   : Registered SqmFunctionTemplate [org.hibernate.dialect.function.ListaggFunction@65a2e14e] under listagg; prior registration was null
2025-05-28T20:57:57.339+02:00 DEBUG 2092 --- [wanchinchun] [           main] o.h.q.sqm.function.SqmFunctionRegistry   : Registered SqmFunctionTemplate [org.hibernate.dialect.function.InverseDistributionFunction@1e54e900] under mode; prior registration was null
2025-05-28T20:57:57.340+02:00 DEBUG 2092 --- [wanchinchun] [           main] o.h.q.sqm.function.SqmFunctionRegistry   : Registered SqmFunctionTemplate [org.hibernate.dialect.function.InverseDistributionFunction@7c8689e] under percentile_cont; prior registration was null
2025-05-28T20:57:57.340+02:00 DEBUG 2092 --- [wanchinchun] [           main] o.h.q.sqm.function.SqmFunctionRegistry   : Registered SqmFunctionTemplate [org.hibernate.dialect.function.InverseDistributionFunction@3da61af2] under percentile_disc; prior registration was null
2025-05-28T20:57:57.340+02:00 DEBUG 2092 --- [wanchinchun] [           main] o.h.q.sqm.function.SqmFunctionRegistry   : Registered SqmFunctionTemplate [org.hibernate.dialect.function.HypotheticalSetFunction@8c3b634] under rank; prior registration was null
2025-05-28T20:57:57.340+02:00 DEBUG 2092 --- [wanchinchun] [           main] o.h.q.sqm.function.SqmFunctionRegistry   : Registered SqmFunctionTemplate [org.hibernate.dialect.function.HypotheticalSetFunction@65259737] under dense_rank; prior registration was null
2025-05-28T20:57:57.340+02:00 DEBUG 2092 --- [wanchinchun] [           main] o.h.q.sqm.function.SqmFunctionRegistry   : Registered SqmFunctionTemplate [org.hibernate.dialect.function.HypotheticalSetFunction@1e27bb89] under percent_rank; prior registration was null
2025-05-28T20:57:57.340+02:00 DEBUG 2092 --- [wanchinchun] [           main] o.h.q.sqm.function.SqmFunctionRegistry   : Registered SqmFunctionTemplate [org.hibernate.dialect.function.HypotheticalSetFunction@6108fd23] under cume_dist; prior registration was null
2025-05-28T20:57:57.341+02:00 DEBUG 2092 --- [wanchinchun] [           main] o.h.q.sqm.function.SqmFunctionRegistry   : Registered SqmFunctionTemplate [org.hibernate.dialect.function.array.ArrayConstructorFunction@3130ca39] under array; prior registration was null
2025-05-28T20:57:57.341+02:00 DEBUG 2092 --- [wanchinchun] [           main] o.h.q.sqm.function.SqmFunctionRegistry   : Registered SqmFunctionTemplate [org.hibernate.dialect.function.array.ArrayConstructorFunction@17fb5184] under array_list; prior registration was null
2025-05-28T20:57:57.342+02:00 DEBUG 2092 --- [wanchinchun] [           main] o.h.q.sqm.function.SqmFunctionRegistry   : Registered SqmFunctionTemplate [org.hibernate.dialect.function.array.ArrayAggFunction@13809363] under array_agg; prior registration was null
2025-05-28T20:57:57.343+02:00 DEBUG 2092 --- [wanchinchun] [           main] o.h.q.sqm.function.SqmFunctionRegistry   : Registered SqmFunctionTemplate [org.hibernate.dialect.function.array.H2ArrayPositionFunction@6fe9c048] under array_position; prior registration was null
2025-05-28T20:57:57.350+02:00 DEBUG 2092 --- [wanchinchun] [           main] o.h.q.sqm.function.SqmFunctionRegistry   : Registered SqmFunctionTemplate [org.hibernate.dialect.function.array.H2ArrayPositionsFunction@5dfec221] under array_positions; prior registration was null
2025-05-28T20:57:57.353+02:00 DEBUG 2092 --- [wanchinchun] [           main] o.h.q.sqm.function.SqmFunctionRegistry   : Registered SqmFunctionTemplate [org.hibernate.dialect.function.array.H2ArrayPositionsFunction@6e6f5842] under array_positions_list; prior registration was null
2025-05-28T20:57:57.353+02:00 DEBUG 2092 --- [wanchinchun] [           main] o.h.q.sqm.function.SqmFunctionRegistry   : Registered SqmFunctionTemplate [org.hibernate.query.sqm.function.PatternBasedSqmFunctionDescriptor@60b4c754] under array_length; prior registration was null
2025-05-28T20:57:57.353+02:00 DEBUG 2092 --- [wanchinchun] [           main] o.h.q.sqm.function.SqmFunctionRegistry   : Registered SqmFunctionTemplate [org.hibernate.dialect.function.DynamicDispatchFunction@21a0795f] under length; prior registration was null
2025-05-28T20:57:57.355+02:00 DEBUG 2092 --- [wanchinchun] [           main] o.h.q.sqm.function.SqmFunctionRegistry   : Registered SqmFunctionTemplate [org.hibernate.dialect.function.array.ArrayConcatFunction@280099a0] under array_concat; prior registration was null
2025-05-28T20:57:57.356+02:00 DEBUG 2092 --- [wanchinchun] [           main] o.h.q.sqm.function.SqmFunctionRegistry   : Registered SqmFunctionTemplate [org.hibernate.dialect.function.array.ArrayConcatElementFunction@71458178] under array_prepend; prior registration was null
2025-05-28T20:57:57.356+02:00 DEBUG 2092 --- [wanchinchun] [           main] o.h.q.sqm.function.SqmFunctionRegistry   : Registered SqmFunctionTemplate [org.hibernate.dialect.function.array.ArrayConcatElementFunction@723c5f86] under array_append; prior registration was null
2025-05-28T20:57:57.359+02:00 DEBUG 2092 --- [wanchinchun] [           main] o.h.q.sqm.function.SqmFunctionRegistry   : Registered SqmFunctionTemplate [org.hibernate.dialect.function.array.H2ArrayContainsFunction@355b53cc] under array_contains; prior registration was null
2025-05-28T20:57:57.359+02:00 DEBUG 2092 --- [wanchinchun] [           main] o.h.q.sqm.function.SqmFunctionRegistry   : Registered SqmFunctionTemplate [org.hibernate.dialect.function.array.H2ArrayContainsFunction@2568611c] under array_contains_nullable; prior registration was null
2025-05-28T20:57:57.361+02:00 DEBUG 2092 --- [wanchinchun] [           main] o.h.q.sqm.function.SqmFunctionRegistry   : Registered SqmFunctionTemplate [org.hibernate.dialect.function.array.H2ArrayIncludesFunction@62581ef6] under array_includes; prior registration was null
2025-05-28T20:57:57.361+02:00 DEBUG 2092 --- [wanchinchun] [           main] o.h.q.sqm.function.SqmFunctionRegistry   : Registered SqmFunctionTemplate [org.hibernate.dialect.function.array.H2ArrayIncludesFunction@1e36baca] under array_includes_nullable; prior registration was null
2025-05-28T20:57:57.361+02:00 DEBUG 2092 --- [wanchinchun] [           main] o.h.q.sqm.function.SqmFunctionRegistry   : Registered SqmFunctionTemplate [org.hibernate.dialect.function.array.H2ArrayIntersectsFunction@4fce3ed7] under array_intersects; prior registration was null
2025-05-28T20:57:57.361+02:00 DEBUG 2092 --- [wanchinchun] [           main] o.h.q.sqm.function.SqmFunctionRegistry   : Registered SqmFunctionTemplate [org.hibernate.dialect.function.array.H2ArrayIntersectsFunction@54033a65] under array_intersects_nullable; prior registration was null
2025-05-28T20:57:57.361+02:00 DEBUG 2092 --- [wanchinchun] [           main] o.h.q.sqm.function.SqmFunctionRegistry   : Registering alternate key : array_overlaps -> array_intersects
2025-05-28T20:57:57.361+02:00 DEBUG 2092 --- [wanchinchun] [           main] o.h.q.sqm.function.SqmFunctionRegistry   : Registering alternate key : array_overlaps_nullable -> array_intersects_nullable
2025-05-28T20:57:57.362+02:00 DEBUG 2092 --- [wanchinchun] [           main] o.h.q.sqm.function.SqmFunctionRegistry   : Registered SqmFunctionTemplate [org.hibernate.query.sqm.function.PatternBasedSqmFunctionDescriptor@5e8698c0] under array_get; prior registration was null
2025-05-28T20:57:57.362+02:00 DEBUG 2092 --- [wanchinchun] [           main] o.h.q.sqm.function.SqmFunctionRegistry   : Registered SqmFunctionTemplate [org.hibernate.dialect.function.array.H2ArraySetFunction@70df41f9] under array_set; prior registration was null
2025-05-28T20:57:57.364+02:00 DEBUG 2092 --- [wanchinchun] [           main] o.h.q.sqm.function.SqmFunctionRegistry   : Registered SqmFunctionTemplate [org.hibernate.dialect.function.array.H2ArrayRemoveFunction@467cd4b9] under array_remove; prior registration was null
2025-05-28T20:57:57.364+02:00 DEBUG 2092 --- [wanchinchun] [           main] o.h.q.sqm.function.SqmFunctionRegistry   : Registered SqmFunctionTemplate [org.hibernate.dialect.function.array.H2ArrayRemoveIndexFunction@40b8158d] under array_remove_index; prior registration was null
2025-05-28T20:57:57.364+02:00 DEBUG 2092 --- [wanchinchun] [           main] o.h.q.sqm.function.SqmFunctionRegistry   : Registered SqmFunctionTemplate [org.hibernate.query.sqm.function.PatternBasedSqmFunctionDescriptor@24e7087a] under array_slice; prior registration was null
2025-05-28T20:57:57.365+02:00 DEBUG 2092 --- [wanchinchun] [           main] o.h.q.sqm.function.SqmFunctionRegistry   : Registered SqmFunctionTemplate [org.hibernate.dialect.function.array.H2ArrayReplaceFunction@52325940] under array_replace; prior registration was null
2025-05-28T20:57:57.365+02:00 DEBUG 2092 --- [wanchinchun] [           main] o.h.q.sqm.function.SqmFunctionRegistry   : Registered SqmFunctionTemplate [org.hibernate.query.sqm.function.PatternBasedSqmFunctionDescriptor@7f792530] under array_trim; prior registration was null
2025-05-28T20:57:57.366+02:00 DEBUG 2092 --- [wanchinchun] [           main] o.h.q.sqm.function.SqmFunctionRegistry   : Registered SqmFunctionTemplate [org.hibernate.dialect.function.array.H2ArrayFillFunction@1aef7428] under array_fill; prior registration was null
2025-05-28T20:57:57.366+02:00 DEBUG 2092 --- [wanchinchun] [           main] o.h.q.sqm.function.SqmFunctionRegistry   : Registered SqmFunctionTemplate [org.hibernate.dialect.function.array.H2ArrayFillFunction@1610c03c] under array_fill_list; prior registration was null
2025-05-28T20:57:57.367+02:00 DEBUG 2092 --- [wanchinchun] [           main] o.h.q.sqm.function.SqmFunctionRegistry   : Registered SqmFunctionTemplate [org.hibernate.dialect.function.array.H2ArrayToStringFunction@3e1897d] under array_to_string; prior registration was null
2025-05-28T20:57:57.368+02:00 DEBUG 2092 --- [wanchinchun] [           main] org.hibernate.HQL_FUNCTIONS              : abs(NUMERIC arg)
2025-05-28T20:57:57.368+02:00 DEBUG 2092 --- [wanchinchun] [           main] org.hibernate.HQL_FUNCTIONS              : Double acos(NUMERIC arg)
2025-05-28T20:57:57.368+02:00 DEBUG 2092 --- [wanchinchun] [           main] org.hibernate.HQL_FUNCTIONS              : Boolean any(BOOLEAN predicate)
2025-05-28T20:57:57.369+02:00 DEBUG 2092 --- [wanchinchun] [           main] org.hibernate.HQL_FUNCTIONS              : array( ... )
2025-05-28T20:57:57.369+02:00 DEBUG 2092 --- [wanchinchun] [           main] org.hibernate.HQL_FUNCTIONS              : array_agg(arg)
2025-05-28T20:57:57.369+02:00 DEBUG 2092 --- [wanchinchun] [           main] org.hibernate.HQL_FUNCTIONS              : array_append( ... )
2025-05-28T20:57:57.369+02:00 DEBUG 2092 --- [wanchinchun] [           main] org.hibernate.HQL_FUNCTIONS              : array_concat( ... )
2025-05-28T20:57:57.369+02:00 DEBUG 2092 --- [wanchinchun] [           main] org.hibernate.HQL_FUNCTIONS              : Boolean array_contains(ARRAY haystackArray, OBJECT needleElementOrArray)
2025-05-28T20:57:57.369+02:00 DEBUG 2092 --- [wanchinchun] [           main] org.hibernate.HQL_FUNCTIONS              : Boolean array_contains_nullable(ARRAY haystackArray, OBJECT needleElementOrArray)
2025-05-28T20:57:57.369+02:00 DEBUG 2092 --- [wanchinchun] [           main] org.hibernate.HQL_FUNCTIONS              : array_fill(OBJECT element, INTEGER elementCount)
2025-05-28T20:57:57.369+02:00 DEBUG 2092 --- [wanchinchun] [           main] org.hibernate.HQL_FUNCTIONS              : array_fill_list(OBJECT element, INTEGER elementCount)
2025-05-28T20:57:57.369+02:00 DEBUG 2092 --- [wanchinchun] [           main] org.hibernate.HQL_FUNCTIONS              : array_get(ARRAY array, INTEGER index)
2025-05-28T20:57:57.369+02:00 DEBUG 2092 --- [wanchinchun] [           main] org.hibernate.HQL_FUNCTIONS              : Boolean array_includes(ARRAY haystackArray, OBJECT needleArray)
2025-05-28T20:57:57.369+02:00 DEBUG 2092 --- [wanchinchun] [           main] org.hibernate.HQL_FUNCTIONS              : Boolean array_includes_nullable(ARRAY haystackArray, OBJECT needleArray)
2025-05-28T20:57:57.369+02:00 DEBUG 2092 --- [wanchinchun] [           main] org.hibernate.HQL_FUNCTIONS              : Boolean array_intersects(ARRAY array0, OBJECT array1)
2025-05-28T20:57:57.369+02:00 DEBUG 2092 --- [wanchinchun] [           main] org.hibernate.HQL_FUNCTIONS              : Boolean array_intersects_nullable(ARRAY array0, OBJECT array1)
2025-05-28T20:57:57.369+02:00 DEBUG 2092 --- [wanchinchun] [           main] org.hibernate.HQL_FUNCTIONS              : Integer array_length(ARRAY array)
2025-05-28T20:57:57.369+02:00 DEBUG 2092 --- [wanchinchun] [           main] org.hibernate.HQL_FUNCTIONS              : array_list( ... )
2025-05-28T20:57:57.369+02:00 DEBUG 2092 --- [wanchinchun] [           main] org.hibernate.HQL_FUNCTIONS              : Boolean array_overlaps(ARRAY array0, OBJECT array1)
2025-05-28T20:57:57.369+02:00 DEBUG 2092 --- [wanchinchun] [           main] org.hibernate.HQL_FUNCTIONS              : Boolean array_overlaps_nullable(ARRAY array0, OBJECT array1)
2025-05-28T20:57:57.369+02:00 DEBUG 2092 --- [wanchinchun] [           main] org.hibernate.HQL_FUNCTIONS              : Integer array_position(ARRAY array, OBJECT element[, INTEGER startPosition])
2025-05-28T20:57:57.369+02:00 DEBUG 2092 --- [wanchinchun] [           main] org.hibernate.HQL_FUNCTIONS              : int[] array_positions(ARRAY array, OBJECT element)
2025-05-28T20:57:57.369+02:00 DEBUG 2092 --- [wanchinchun] [           main] org.hibernate.HQL_FUNCTIONS              : List array_positions_list(ARRAY array, OBJECT element)
2025-05-28T20:57:57.369+02:00 DEBUG 2092 --- [wanchinchun] [           main] org.hibernate.HQL_FUNCTIONS              : array_prepend( ... )
2025-05-28T20:57:57.369+02:00 DEBUG 2092 --- [wanchinchun] [           main] org.hibernate.HQL_FUNCTIONS              : array_remove( ... )
2025-05-28T20:57:57.369+02:00 DEBUG 2092 --- [wanchinchun] [           main] org.hibernate.HQL_FUNCTIONS              : array_remove_index( ... )
2025-05-28T20:57:57.369+02:00 DEBUG 2092 --- [wanchinchun] [           main] org.hibernate.HQL_FUNCTIONS              : array_replace( ... )
2025-05-28T20:57:57.369+02:00 DEBUG 2092 --- [wanchinchun] [           main] org.hibernate.HQL_FUNCTIONS              : array_set( ... )
2025-05-28T20:57:57.369+02:00 DEBUG 2092 --- [wanchinchun] [           main] org.hibernate.HQL_FUNCTIONS              : array_slice(ARRAY array, INTEGER start, INTEGER end)
2025-05-28T20:57:57.369+02:00 DEBUG 2092 --- [wanchinchun] [           main] org.hibernate.HQL_FUNCTIONS              : String array_to_string( ... )
2025-05-28T20:57:57.369+02:00 DEBUG 2092 --- [wanchinchun] [           main] org.hibernate.HQL_FUNCTIONS              : array_trim(ARRAY array, INTEGER elementsToRemove)
2025-05-28T20:57:57.369+02:00 DEBUG 2092 --- [wanchinchun] [           main] org.hibernate.HQL_FUNCTIONS              : Integer ascii(STRING arg)
2025-05-28T20:57:57.369+02:00 DEBUG 2092 --- [wanchinchun] [           main] org.hibernate.HQL_FUNCTIONS              : Double asin(NUMERIC arg)
2025-05-28T20:57:57.369+02:00 DEBUG 2092 --- [wanchinchun] [           main] org.hibernate.HQL_FUNCTIONS              : Double atan(NUMERIC arg)
2025-05-28T20:57:57.369+02:00 DEBUG 2092 --- [wanchinchun] [           main] org.hibernate.HQL_FUNCTIONS              : Double atan2(NUMERIC arg0, NUMERIC arg1)
2025-05-28T20:57:57.369+02:00 DEBUG 2092 --- [wanchinchun] [           main] org.hibernate.HQL_FUNCTIONS              : avg(NUMERIC arg)
2025-05-28T20:57:57.369+02:00 DEBUG 2092 --- [wanchinchun] [           main] org.hibernate.HQL_FUNCTIONS              : bit_and(arg)
2025-05-28T20:57:57.369+02:00 DEBUG 2092 --- [wanchinchun] [           main] org.hibernate.HQL_FUNCTIONS              : Integer bit_length(STRING_OR_CLOB arg)
2025-05-28T20:57:57.369+02:00 DEBUG 2092 --- [wanchinchun] [           main] org.hibernate.HQL_FUNCTIONS              : bit_or(arg)
2025-05-28T20:57:57.370+02:00 DEBUG 2092 --- [wanchinchun] [           main] org.hibernate.HQL_FUNCTIONS              : bitand(arg0, arg1)
2025-05-28T20:57:57.370+02:00 DEBUG 2092 --- [wanchinchun] [           main] org.hibernate.HQL_FUNCTIONS              : bitnot(arg)
2025-05-28T20:57:57.370+02:00 DEBUG 2092 --- [wanchinchun] [           main] org.hibernate.HQL_FUNCTIONS              : bitor(arg0, arg1)
2025-05-28T20:57:57.370+02:00 DEBUG 2092 --- [wanchinchun] [           main] org.hibernate.HQL_FUNCTIONS              : bitxor(arg0, arg1)
2025-05-28T20:57:57.370+02:00 DEBUG 2092 --- [wanchinchun] [           main] org.hibernate.HQL_FUNCTIONS              : Boolean bool_and(BOOLEAN predicate)
2025-05-28T20:57:57.370+02:00 DEBUG 2092 --- [wanchinchun] [           main] org.hibernate.HQL_FUNCTIONS              : Boolean bool_or(BOOLEAN predicate)
2025-05-28T20:57:57.370+02:00 DEBUG 2092 --- [wanchinchun] [           main] org.hibernate.HQL_FUNCTIONS              : cast(arg as Type)
2025-05-28T20:57:57.370+02:00 DEBUG 2092 --- [wanchinchun] [           main] org.hibernate.HQL_FUNCTIONS              : ceiling(NUMERIC arg)
2025-05-28T20:57:57.370+02:00 DEBUG 2092 --- [wanchinchun] [           main] org.hibernate.HQL_FUNCTIONS              : Character char(INTEGER arg)
2025-05-28T20:57:57.370+02:00 DEBUG 2092 --- [wanchinchun] [           main] org.hibernate.HQL_FUNCTIONS              : Integer character_length(STRING_OR_CLOB arg)
2025-05-28T20:57:57.370+02:00 DEBUG 2092 --- [wanchinchun] [           main] org.hibernate.HQL_FUNCTIONS              : Character chr(INTEGER arg)
2025-05-28T20:57:57.370+02:00 DEBUG 2092 --- [wanchinchun] [           main] org.hibernate.HQL_FUNCTIONS              : coalesce(arg0[, arg1[, ...]])
2025-05-28T20:57:57.370+02:00 DEBUG 2092 --- [wanchinchun] [           main] org.hibernate.HQL_FUNCTIONS              : String collate(STRING string as COLLATION collation)
2025-05-28T20:57:57.370+02:00 DEBUG 2092 --- [wanchinchun] [           main] org.hibernate.HQL_FUNCTIONS              : String concat(STRING string0[, STRING string1[, ...]])
2025-05-28T20:57:57.370+02:00 DEBUG 2092 --- [wanchinchun] [           main] org.hibernate.HQL_FUNCTIONS              : Double cos(NUMERIC arg)
2025-05-28T20:57:57.370+02:00 DEBUG 2092 --- [wanchinchun] [           main] org.hibernate.HQL_FUNCTIONS              : Double cosh(NUMERIC arg)
2025-05-28T20:57:57.370+02:00 DEBUG 2092 --- [wanchinchun] [           main] org.hibernate.HQL_FUNCTIONS              : Double cot(NUMERIC arg)
2025-05-28T20:57:57.370+02:00 DEBUG 2092 --- [wanchinchun] [           main] org.hibernate.HQL_FUNCTIONS              : Long count([distinct ]{arg|*})
2025-05-28T20:57:57.370+02:00 DEBUG 2092 --- [wanchinchun] [           main] org.hibernate.HQL_FUNCTIONS              : Double cume_dist([arg0[, ...]])
2025-05-28T20:57:57.370+02:00 DEBUG 2092 --- [wanchinchun] [           main] org.hibernate.HQL_FUNCTIONS              : Date curdate()
2025-05-28T20:57:57.370+02:00 DEBUG 2092 --- [wanchinchun] [           main] org.hibernate.HQL_FUNCTIONS              : Date current date
2025-05-28T20:57:57.370+02:00 DEBUG 2092 --- [wanchinchun] [           main] org.hibernate.HQL_FUNCTIONS              : Time current time
2025-05-28T20:57:57.370+02:00 DEBUG 2092 --- [wanchinchun] [           main] org.hibernate.HQL_FUNCTIONS              : Timestamp current timestamp
2025-05-28T20:57:57.370+02:00 DEBUG 2092 --- [wanchinchun] [           main] org.hibernate.HQL_FUNCTIONS              : Date current_date
2025-05-28T20:57:57.370+02:00 DEBUG 2092 --- [wanchinchun] [           main] org.hibernate.HQL_FUNCTIONS              : Instant current_instant
2025-05-28T20:57:57.370+02:00 DEBUG 2092 --- [wanchinchun] [           main] org.hibernate.HQL_FUNCTIONS              : Time current_time
2025-05-28T20:57:57.370+02:00 DEBUG 2092 --- [wanchinchun] [           main] org.hibernate.HQL_FUNCTIONS              : Timestamp current_timestamp
2025-05-28T20:57:57.370+02:00 DEBUG 2092 --- [wanchinchun] [           main] org.hibernate.HQL_FUNCTIONS              : Time curtime()
2025-05-28T20:57:57.370+02:00 DEBUG 2092 --- [wanchinchun] [           main] org.hibernate.HQL_FUNCTIONS              : date_trunc(STRING field, TEMPORAL datetime)
2025-05-28T20:57:57.370+02:00 DEBUG 2092 --- [wanchinchun] [           main] org.hibernate.HQL_FUNCTIONS              : dateadd(TEMPORAL_UNIT field, INTEGER magnitude, TEMPORAL datetime)
2025-05-28T20:57:57.370+02:00 DEBUG 2092 --- [wanchinchun] [           main] org.hibernate.HQL_FUNCTIONS              : Long|Double datediff(TEMPORAL_UNIT field, TEMPORAL start, TEMPORAL end)
2025-05-28T20:57:57.370+02:00 DEBUG 2092 --- [wanchinchun] [           main] org.hibernate.HQL_FUNCTIONS              : Integer day(DATE arg)
2025-05-28T20:57:57.370+02:00 DEBUG 2092 --- [wanchinchun] [           main] org.hibernate.HQL_FUNCTIONS              : Integer day_of_month(DATE arg)
2025-05-28T20:57:57.370+02:00 DEBUG 2092 --- [wanchinchun] [           main] org.hibernate.HQL_FUNCTIONS              : Integer day_of_week(DATE arg)
2025-05-28T20:57:57.370+02:00 DEBUG 2092 --- [wanchinchun] [           main] org.hibernate.HQL_FUNCTIONS              : Integer day_of_year(DATE arg)
2025-05-28T20:57:57.371+02:00 DEBUG 2092 --- [wanchinchun] [           main] org.hibernate.HQL_FUNCTIONS              : String dayname(DATE arg)
2025-05-28T20:57:57.371+02:00 DEBUG 2092 --- [wanchinchun] [           main] org.hibernate.HQL_FUNCTIONS              : Double degrees(NUMERIC arg)
2025-05-28T20:57:57.371+02:00 DEBUG 2092 --- [wanchinchun] [           main] org.hibernate.HQL_FUNCTIONS              : Long dense_rank([arg0[, ...]])
2025-05-28T20:57:57.371+02:00 DEBUG 2092 --- [wanchinchun] [           main] org.hibernate.HQL_FUNCTIONS              : Boolean every(BOOLEAN predicate)
2025-05-28T20:57:57.371+02:00 DEBUG 2092 --- [wanchinchun] [           main] org.hibernate.HQL_FUNCTIONS              : Double exp(NUMERIC arg)
2025-05-28T20:57:57.371+02:00 DEBUG 2092 --- [wanchinchun] [           main] org.hibernate.HQL_FUNCTIONS              : extract(TEMPORAL_UNIT field from TEMPORAL arg)
2025-05-28T20:57:57.371+02:00 DEBUG 2092 --- [wanchinchun] [           main] org.hibernate.HQL_FUNCTIONS              : first_valueANY value
2025-05-28T20:57:57.371+02:00 DEBUG 2092 --- [wanchinchun] [           main] org.hibernate.HQL_FUNCTIONS              : floor(NUMERIC arg)
2025-05-28T20:57:57.371+02:00 DEBUG 2092 --- [wanchinchun] [           main] org.hibernate.HQL_FUNCTIONS              : String format(TEMPORAL datetime as STRING pattern)
2025-05-28T20:57:57.371+02:00 DEBUG 2092 --- [wanchinchun] [           main] org.hibernate.HQL_FUNCTIONS              : greatest(COMPARABLE arg0, COMPARABLE arg1[, arg2[, ...]])
2025-05-28T20:57:57.371+02:00 DEBUG 2092 --- [wanchinchun] [           main] org.hibernate.HQL_FUNCTIONS              : Integer hour(TIME arg)
2025-05-28T20:57:57.371+02:00 DEBUG 2092 --- [wanchinchun] [           main] org.hibernate.HQL_FUNCTIONS              : ifnull(arg0, arg1)
2025-05-28T20:57:57.371+02:00 DEBUG 2092 --- [wanchinchun] [           main] org.hibernate.HQL_FUNCTIONS              : String insert(STRING string, INTEGER start, INTEGER length, STRING replacement)
2025-05-28T20:57:57.371+02:00 DEBUG 2092 --- [wanchinchun] [           main] org.hibernate.HQL_FUNCTIONS              : Instant instant
2025-05-28T20:57:57.371+02:00 DEBUG 2092 --- [wanchinchun] [           main] org.hibernate.HQL_FUNCTIONS              : Integer instr(STRING string, STRING pattern[, INTEGER start[, INTEGER occurrence]])
2025-05-28T20:57:57.371+02:00 DEBUG 2092 --- [wanchinchun] [           main] org.hibernate.HQL_FUNCTIONS              : lagANY value[, INTEGER offset[, ANY default]]
2025-05-28T20:57:57.371+02:00 DEBUG 2092 --- [wanchinchun] [           main] org.hibernate.HQL_FUNCTIONS              : last_valueANY value
2025-05-28T20:57:57.371+02:00 DEBUG 2092 --- [wanchinchun] [           main] org.hibernate.HQL_FUNCTIONS              : leadANY value[, INTEGER offset[, ANY default]]
2025-05-28T20:57:57.371+02:00 DEBUG 2092 --- [wanchinchun] [           main] org.hibernate.HQL_FUNCTIONS              : least(COMPARABLE arg0, COMPARABLE arg1[, arg2[, ...]])
2025-05-28T20:57:57.371+02:00 DEBUG 2092 --- [wanchinchun] [           main] org.hibernate.HQL_FUNCTIONS              : String left(STRING string, INTEGER length)
2025-05-28T20:57:57.371+02:00 DEBUG 2092 --- [wanchinchun] [           main] org.hibernate.HQL_FUNCTIONS              : length
2025-05-28T20:57:57.371+02:00 DEBUG 2092 --- [wanchinchun] [           main] org.hibernate.HQL_FUNCTIONS              : String listagg(STRING arg0, STRING arg1)
2025-05-28T20:57:57.371+02:00 DEBUG 2092 --- [wanchinchun] [           main] org.hibernate.HQL_FUNCTIONS              : Double ln(NUMERIC arg)
2025-05-28T20:57:57.371+02:00 DEBUG 2092 --- [wanchinchun] [           main] org.hibernate.HQL_FUNCTIONS              : LocalDate local date
2025-05-28T20:57:57.371+02:00 DEBUG 2092 --- [wanchinchun] [           main] org.hibernate.HQL_FUNCTIONS              : LocalDateTime local datetime
2025-05-28T20:57:57.371+02:00 DEBUG 2092 --- [wanchinchun] [           main] org.hibernate.HQL_FUNCTIONS              : LocalTime local time
2025-05-28T20:57:57.371+02:00 DEBUG 2092 --- [wanchinchun] [           main] org.hibernate.HQL_FUNCTIONS              : LocalDate local_date
2025-05-28T20:57:57.371+02:00 DEBUG 2092 --- [wanchinchun] [           main] org.hibernate.HQL_FUNCTIONS              : LocalDateTime local_datetime
2025-05-28T20:57:57.371+02:00 DEBUG 2092 --- [wanchinchun] [           main] org.hibernate.HQL_FUNCTIONS              : LocalTime local_time
2025-05-28T20:57:57.371+02:00 DEBUG 2092 --- [wanchinchun] [           main] org.hibernate.HQL_FUNCTIONS              : Time localtime
2025-05-28T20:57:57.371+02:00 DEBUG 2092 --- [wanchinchun] [           main] org.hibernate.HQL_FUNCTIONS              : Timestamp localtimestamp
2025-05-28T20:57:57.371+02:00 DEBUG 2092 --- [wanchinchun] [           main] org.hibernate.HQL_FUNCTIONS              : Integer locate(STRING pattern, STRING string[, INTEGER start])
2025-05-28T20:57:57.371+02:00 DEBUG 2092 --- [wanchinchun] [           main] org.hibernate.HQL_FUNCTIONS              : Double log(NUMERIC base, NUMERIC arg)
2025-05-28T20:57:57.371+02:00 DEBUG 2092 --- [wanchinchun] [           main] org.hibernate.HQL_FUNCTIONS              : Double log10(NUMERIC arg)
2025-05-28T20:57:57.371+02:00 DEBUG 2092 --- [wanchinchun] [           main] org.hibernate.HQL_FUNCTIONS              : String lower(STRING string)
2025-05-28T20:57:57.371+02:00 DEBUG 2092 --- [wanchinchun] [           main] org.hibernate.HQL_FUNCTIONS              : String lpad(STRING string, INTEGER length[, STRING padding])
2025-05-28T20:57:57.371+02:00 DEBUG 2092 --- [wanchinchun] [           main] org.hibernate.HQL_FUNCTIONS              : String ltrim(STRING string)
2025-05-28T20:57:57.371+02:00 DEBUG 2092 --- [wanchinchun] [           main] org.hibernate.HQL_FUNCTIONS              : max(COMPARABLE arg)
2025-05-28T20:57:57.371+02:00 DEBUG 2092 --- [wanchinchun] [           main] org.hibernate.HQL_FUNCTIONS              : Double median(NUMERIC arg)
2025-05-28T20:57:57.371+02:00 DEBUG 2092 --- [wanchinchun] [           main] org.hibernate.HQL_FUNCTIONS              : Integer microsecond(TIME arg)
2025-05-28T20:57:57.371+02:00 DEBUG 2092 --- [wanchinchun] [           main] org.hibernate.HQL_FUNCTIONS              : min(COMPARABLE arg)
2025-05-28T20:57:57.371+02:00 DEBUG 2092 --- [wanchinchun] [           main] org.hibernate.HQL_FUNCTIONS              : Integer minute(TIME arg)
2025-05-28T20:57:57.371+02:00 DEBUG 2092 --- [wanchinchun] [           main] org.hibernate.HQL_FUNCTIONS              : Integer mod(INTEGER arg0, INTEGER arg1)
2025-05-28T20:57:57.371+02:00 DEBUG 2092 --- [wanchinchun] [           main] org.hibernate.HQL_FUNCTIONS              : mode()
2025-05-28T20:57:57.371+02:00 DEBUG 2092 --- [wanchinchun] [           main] org.hibernate.HQL_FUNCTIONS              : Integer month(DATE arg)
2025-05-28T20:57:57.371+02:00 DEBUG 2092 --- [wanchinchun] [           main] org.hibernate.HQL_FUNCTIONS              : String monthname(DATE arg)
2025-05-28T20:57:57.371+02:00 DEBUG 2092 --- [wanchinchun] [           main] org.hibernate.HQL_FUNCTIONS              : Timestamp now()
2025-05-28T20:57:57.371+02:00 DEBUG 2092 --- [wanchinchun] [           main] org.hibernate.HQL_FUNCTIONS              : nth_valueANY value, INTEGER nth
2025-05-28T20:57:57.371+02:00 DEBUG 2092 --- [wanchinchun] [           main] org.hibernate.HQL_FUNCTIONS              : nullif(arg0, arg1)
2025-05-28T20:57:57.371+02:00 DEBUG 2092 --- [wanchinchun] [           main] org.hibernate.HQL_FUNCTIONS              : Integer octet_length(STRING_OR_CLOB arg)
2025-05-28T20:57:57.371+02:00 DEBUG 2092 --- [wanchinchun] [           main] org.hibernate.HQL_FUNCTIONS              : OffsetDateTime offset datetime
2025-05-28T20:57:57.371+02:00 DEBUG 2092 --- [wanchinchun] [           main] org.hibernate.HQL_FUNCTIONS              : OffsetDateTime offset_datetime
2025-05-28T20:57:57.371+02:00 DEBUG 2092 --- [wanchinchun] [           main] org.hibernate.HQL_FUNCTIONS              : String overlay(STRING string placing STRING replacement from INTEGER start[ for INTEGER length])
2025-05-28T20:57:57.371+02:00 DEBUG 2092 --- [wanchinchun] [           main] org.hibernate.HQL_FUNCTIONS              : String pad(STRING string with INTEGER length {leading|trailing}[ STRING character])
2025-05-28T20:57:57.371+02:00 DEBUG 2092 --- [wanchinchun] [           main] org.hibernate.HQL_FUNCTIONS              : Double percent_rank([arg0[, ...]])
2025-05-28T20:57:57.371+02:00 DEBUG 2092 --- [wanchinchun] [           main] org.hibernate.HQL_FUNCTIONS              : percentile_cont(NUMERIC arg)
2025-05-28T20:57:57.371+02:00 DEBUG 2092 --- [wanchinchun] [           main] org.hibernate.HQL_FUNCTIONS              : percentile_disc(NUMERIC arg)
2025-05-28T20:57:57.371+02:00 DEBUG 2092 --- [wanchinchun] [           main] org.hibernate.HQL_FUNCTIONS              : Double pi
2025-05-28T20:57:57.371+02:00 DEBUG 2092 --- [wanchinchun] [           main] org.hibernate.HQL_FUNCTIONS              : Integer position(STRING pattern in STRING string)
2025-05-28T20:57:57.371+02:00 DEBUG 2092 --- [wanchinchun] [           main] org.hibernate.HQL_FUNCTIONS              : Double power(NUMERIC arg0, NUMERIC arg1)
2025-05-28T20:57:57.372+02:00 DEBUG 2092 --- [wanchinchun] [           main] org.hibernate.HQL_FUNCTIONS              : Integer quarter(DATE arg)
2025-05-28T20:57:57.372+02:00 DEBUG 2092 --- [wanchinchun] [           main] org.hibernate.HQL_FUNCTIONS              : Double radians(NUMERIC arg)
2025-05-28T20:57:57.372+02:00 DEBUG 2092 --- [wanchinchun] [           main] org.hibernate.HQL_FUNCTIONS              : Double rand([INTEGER seed])
2025-05-28T20:57:57.372+02:00 DEBUG 2092 --- [wanchinchun] [           main] org.hibernate.HQL_FUNCTIONS              : Long rank([arg0[, ...]])
2025-05-28T20:57:57.372+02:00 DEBUG 2092 --- [wanchinchun] [           main] org.hibernate.HQL_FUNCTIONS              : String repeat(STRING string, INTEGER times)
2025-05-28T20:57:57.372+02:00 DEBUG 2092 --- [wanchinchun] [           main] org.hibernate.HQL_FUNCTIONS              : String replace(STRING string, STRING pattern, STRING replacement)
2025-05-28T20:57:57.372+02:00 DEBUG 2092 --- [wanchinchun] [           main] org.hibernate.HQL_FUNCTIONS              : String right(STRING string, INTEGER length)
2025-05-28T20:57:57.372+02:00 DEBUG 2092 --- [wanchinchun] [           main] org.hibernate.HQL_FUNCTIONS              : round(NUMERIC number[, INTEGER places])
2025-05-28T20:57:57.372+02:00 DEBUG 2092 --- [wanchinchun] [           main] org.hibernate.HQL_FUNCTIONS              : Long row_number()
2025-05-28T20:57:57.372+02:00 DEBUG 2092 --- [wanchinchun] [           main] org.hibernate.HQL_FUNCTIONS              : Long rownum()
2025-05-28T20:57:57.372+02:00 DEBUG 2092 --- [wanchinchun] [           main] org.hibernate.HQL_FUNCTIONS              : String rpad(STRING string, INTEGER length[, STRING padding])
2025-05-28T20:57:57.372+02:00 DEBUG 2092 --- [wanchinchun] [           main] org.hibernate.HQL_FUNCTIONS              : String rtrim(STRING string)
2025-05-28T20:57:57.372+02:00 DEBUG 2092 --- [wanchinchun] [           main] org.hibernate.HQL_FUNCTIONS              : Integer second(TIME arg)
2025-05-28T20:57:57.372+02:00 DEBUG 2092 --- [wanchinchun] [           main] org.hibernate.HQL_FUNCTIONS              : Integer sign(NUMERIC arg)
2025-05-28T20:57:57.372+02:00 DEBUG 2092 --- [wanchinchun] [           main] org.hibernate.HQL_FUNCTIONS              : Double sin(NUMERIC arg)
2025-05-28T20:57:57.372+02:00 DEBUG 2092 --- [wanchinchun] [           main] org.hibernate.HQL_FUNCTIONS              : Double sinh(NUMERIC arg)
2025-05-28T20:57:57.372+02:00 DEBUG 2092 --- [wanchinchun] [           main] org.hibernate.HQL_FUNCTIONS              : String soundex(arg)
2025-05-28T20:57:57.372+02:00 DEBUG 2092 --- [wanchinchun] [           main] org.hibernate.HQL_FUNCTIONS              : String space(INTEGER arg)
2025-05-28T20:57:57.372+02:00 DEBUG 2092 --- [wanchinchun] [           main] org.hibernate.HQL_FUNCTIONS              : Object sql
2025-05-28T20:57:57.372+02:00 DEBUG 2092 --- [wanchinchun] [           main] org.hibernate.HQL_FUNCTIONS              : Double sqrt(NUMERIC arg)
2025-05-28T20:57:57.372+02:00 DEBUG 2092 --- [wanchinchun] [           main] org.hibernate.HQL_FUNCTIONS              : Double stddev_pop(NUMERIC arg)
2025-05-28T20:57:57.372+02:00 DEBUG 2092 --- [wanchinchun] [           main] org.hibernate.HQL_FUNCTIONS              : Double stddev_samp(NUMERIC arg)
2025-05-28T20:57:57.372+02:00 DEBUG 2092 --- [wanchinchun] [           main] org.hibernate.HQL_FUNCTIONS              : String str(arg)
2025-05-28T20:57:57.372+02:00 DEBUG 2092 --- [wanchinchun] [           main] org.hibernate.HQL_FUNCTIONS              : String substr(STRING string, INTEGER start[, INTEGER length])
2025-05-28T20:57:57.372+02:00 DEBUG 2092 --- [wanchinchun] [           main] org.hibernate.HQL_FUNCTIONS              : String substring(STRING string{ from|,} INTEGER start[{ for|,} INTEGER length])
2025-05-28T20:57:57.372+02:00 DEBUG 2092 --- [wanchinchun] [           main] org.hibernate.HQL_FUNCTIONS              : sum(arg)
2025-05-28T20:57:57.372+02:00 DEBUG 2092 --- [wanchinchun] [           main] org.hibernate.HQL_FUNCTIONS              : Timestamp sysdate
2025-05-28T20:57:57.372+02:00 DEBUG 2092 --- [wanchinchun] [           main] org.hibernate.HQL_FUNCTIONS              : Double tan(NUMERIC arg)
2025-05-28T20:57:57.372+02:00 DEBUG 2092 --- [wanchinchun] [           main] org.hibernate.HQL_FUNCTIONS              : Double tanh(NUMERIC arg)
2025-05-28T20:57:57.372+02:00 DEBUG 2092 --- [wanchinchun] [           main] org.hibernate.HQL_FUNCTIONS              : timestampadd(TEMPORAL_UNIT field, INTEGER magnitude, TEMPORAL datetime)
2025-05-28T20:57:57.372+02:00 DEBUG 2092 --- [wanchinchun] [           main] org.hibernate.HQL_FUNCTIONS              : Long|Double timestampdiff(TEMPORAL_UNIT field, TEMPORAL start, TEMPORAL end)
2025-05-28T20:57:57.372+02:00 DEBUG 2092 --- [wanchinchun] [           main] org.hibernate.HQL_FUNCTIONS              : String translate(STRING arg0, STRING arg1, STRING arg2)
2025-05-28T20:57:57.372+02:00 DEBUG 2092 --- [wanchinchun] [           main] org.hibernate.HQL_FUNCTIONS              : String trim([[{leading|trailing|both} ][STRING arg0 ]from] STRING arg1)
2025-05-28T20:57:57.372+02:00 DEBUG 2092 --- [wanchinchun] [           main] org.hibernate.HQL_FUNCTIONS              : trunc( ... )
2025-05-28T20:57:57.372+02:00 DEBUG 2092 --- [wanchinchun] [           main] org.hibernate.HQL_FUNCTIONS              : truncate( ... )
2025-05-28T20:57:57.372+02:00 DEBUG 2092 --- [wanchinchun] [           main] org.hibernate.HQL_FUNCTIONS              : String upper(STRING string)
2025-05-28T20:57:57.372+02:00 DEBUG 2092 --- [wanchinchun] [           main] org.hibernate.HQL_FUNCTIONS              : Double var_pop(NUMERIC arg)
2025-05-28T20:57:57.373+02:00 DEBUG 2092 --- [wanchinchun] [           main] org.hibernate.HQL_FUNCTIONS              : Double var_samp(NUMERIC arg)
2025-05-28T20:57:57.373+02:00 DEBUG 2092 --- [wanchinchun] [           main] org.hibernate.HQL_FUNCTIONS              : Integer week(DATE arg)
2025-05-28T20:57:57.373+02:00 DEBUG 2092 --- [wanchinchun] [           main] org.hibernate.HQL_FUNCTIONS              : Integer year(DATE arg)
2025-05-28T20:57:57.378+02:00 DEBUG 2092 --- [wanchinchun] [           main] org.hibernate.orm.query.plan.cache       : Starting QueryInterpretationCache(2048)
2025-05-28T20:57:57.453+02:00 DEBUG 2092 --- [wanchinchun] [           main] .h.s.i.SessionFactoryServiceRegistryImpl : EventListenerRegistry access via ServiceRegistry is deprecated.  Use `sessionFactory.getEventEngine().getListenerRegistry()` instead
2025-05-28T20:57:57.455+02:00 DEBUG 2092 --- [wanchinchun] [           main] h.e.i.EntityCopyObserverFactoryInitiator : Configured EntityCopyObserver strategy: disallow
2025-05-28T20:57:57.541+02:00 DEBUG 2092 --- [wanchinchun] [           main] o.h.boot.internal.ClassLoaderAccessImpl  : Not known whether passed class name [com.uma.wanchinchun.models.Relationship] is safe
2025-05-28T20:57:57.542+02:00 DEBUG 2092 --- [wanchinchun] [           main] o.h.boot.internal.ClassLoaderAccessImpl  : No temp ClassLoader provided; using live ClassLoader for loading potentially unsafe class : com.uma.wanchinchun.models.Relationship
2025-05-28T20:57:57.715+02:00 DEBUG 2092 --- [wanchinchun] [           main] o.h.b.i.bytebuddy.BytecodeProviderImpl   : HHH000513: Unable to create the ReflectionOptimizer for [com.uma.wanchinchun.models.Relationship]: private accessor [description]
2025-05-28T20:57:57.752+02:00 DEBUG 2092 --- [wanchinchun] [           main] o.h.boot.internal.ClassLoaderAccessImpl  : Not known whether passed class name [com.uma.wanchinchun.models.Product] is safe
2025-05-28T20:57:57.753+02:00 DEBUG 2092 --- [wanchinchun] [           main] o.h.boot.internal.ClassLoaderAccessImpl  : No temp ClassLoader provided; using live ClassLoader for loading potentially unsafe class : com.uma.wanchinchun.models.Product
2025-05-28T20:57:57.784+02:00 DEBUG 2092 --- [wanchinchun] [           main] o.h.b.i.bytebuddy.BytecodeProviderImpl   : HHH000513: Unable to create the ReflectionOptimizer for [com.uma.wanchinchun.models.Product]: private accessor [attributes]
2025-05-28T20:57:57.788+02:00 DEBUG 2092 --- [wanchinchun] [           main] org.hibernate.ormbytecode.interceptor    : To-one property `com.uma.wanchinchun.models.ProductRelationship#productoDestino` was mapped with LAZY + NO_PROXY but the class was not enhanced
2025-05-28T20:57:57.788+02:00 DEBUG 2092 --- [wanchinchun] [           main] org.hibernate.ormbytecode.interceptor    : To-one property `com.uma.wanchinchun.models.ProductRelationship#productoDestino` was mapped with LAZY + NO_PROXY but the class was not enhanced
2025-05-28T20:57:57.788+02:00 DEBUG 2092 --- [wanchinchun] [           main] o.h.boot.internal.ClassLoaderAccessImpl  : Not known whether passed class name [com.uma.wanchinchun.models.ProductRelationship] is safe
2025-05-28T20:57:57.788+02:00 DEBUG 2092 --- [wanchinchun] [           main] o.h.boot.internal.ClassLoaderAccessImpl  : No temp ClassLoader provided; using live ClassLoader for loading potentially unsafe class : com.uma.wanchinchun.models.ProductRelationship
2025-05-28T20:57:57.805+02:00 DEBUG 2092 --- [wanchinchun] [           main] o.h.b.i.bytebuddy.BytecodeProviderImpl   : HHH000513: Unable to create the ReflectionOptimizer for [com.uma.wanchinchun.models.ProductRelationship]: private accessor [productoDestino]
2025-05-28T20:57:57.806+02:00 DEBUG 2092 --- [wanchinchun] [           main] org.hibernate.ormbytecode.interceptor    : To-one property `com.uma.wanchinchun.models.ProductRelationship#productoDestino` was mapped with LAZY + NO_PROXY but the class was not enhanced
2025-05-28T20:57:57.807+02:00 DEBUG 2092 --- [wanchinchun] [           main] o.h.boot.internal.ClassLoaderAccessImpl  : Not known whether passed class name [com.uma.wanchinchun.models.Category] is safe
2025-05-28T20:57:57.807+02:00 DEBUG 2092 --- [wanchinchun] [           main] o.h.boot.internal.ClassLoaderAccessImpl  : No temp ClassLoader provided; using live ClassLoader for loading potentially unsafe class : com.uma.wanchinchun.models.Category
2025-05-28T20:57:57.818+02:00 DEBUG 2092 --- [wanchinchun] [           main] o.h.b.i.bytebuddy.BytecodeProviderImpl   : HHH000513: Unable to create the ReflectionOptimizer for [com.uma.wanchinchun.models.Category]: private accessor [nombre]
2025-05-28T20:57:57.836+02:00 DEBUG 2092 --- [wanchinchun] [           main] org.hibernate.orm.jdbc.mutation          : Skipping collection row updates - com.uma.wanchinchun.models.Product.categorias
2025-05-28T20:57:57.839+02:00 DEBUG 2092 --- [wanchinchun] [           main] org.hibernate.orm.jdbc.mutation          : Skipping collection (re)creation - com.uma.wanchinchun.models.Product.relacionesOrigen
2025-05-28T20:57:57.840+02:00 DEBUG 2092 --- [wanchinchun] [           main] org.hibernate.orm.jdbc.mutation          : Skipping collection row deletions - com.uma.wanchinchun.models.Product.relacionesOrigen
2025-05-28T20:57:57.840+02:00 DEBUG 2092 --- [wanchinchun] [           main] org.hibernate.orm.jdbc.mutation          : Skipping collection removals - com.uma.wanchinchun.models.Product.relacionesOrigen
2025-05-28T20:57:57.841+02:00 DEBUG 2092 --- [wanchinchun] [           main] org.hibernate.orm.jdbc.mutation          : Skipping collection row updates - com.uma.wanchinchun.models.Product.attributes
2025-05-28T20:57:57.841+02:00 DEBUG 2092 --- [wanchinchun] [           main] org.hibernate.orm.jdbc.mutation          : Skipping collection (re)creation - com.uma.wanchinchun.models.Product.relacionesDestino
2025-05-28T20:57:57.841+02:00 DEBUG 2092 --- [wanchinchun] [           main] org.hibernate.orm.jdbc.mutation          : Skipping collection row deletions - com.uma.wanchinchun.models.Product.relacionesDestino
2025-05-28T20:57:57.841+02:00 DEBUG 2092 --- [wanchinchun] [           main] org.hibernate.orm.jdbc.mutation          : Skipping collection removals - com.uma.wanchinchun.models.Product.relacionesDestino
2025-05-28T20:57:57.841+02:00 DEBUG 2092 --- [wanchinchun] [           main] org.hibernate.orm.jdbc.mutation          : Skipping collection inserts - com.uma.wanchinchun.models.Category.productos
2025-05-28T20:57:57.841+02:00 DEBUG 2092 --- [wanchinchun] [           main] org.hibernate.orm.jdbc.mutation          : Skipping collection row updates - com.uma.wanchinchun.models.Category.productos
2025-05-28T20:57:57.841+02:00 DEBUG 2092 --- [wanchinchun] [           main] org.hibernate.orm.jdbc.mutation          : Skipping collection row deletions - com.uma.wanchinchun.models.Category.productos
2025-05-28T20:57:57.841+02:00 DEBUG 2092 --- [wanchinchun] [           main] org.hibernate.orm.jdbc.mutation          : Skipping collection removals - com.uma.wanchinchun.models.Category.productos
2025-05-28T20:57:57.886+02:00 DEBUG 2092 --- [wanchinchun] [           main] o.hibernate.orm.model.mapping.creation   : Starting post-init callbacks
2025-05-28T20:57:57.887+02:00 DEBUG 2092 --- [wanchinchun] [           main] o.hibernate.orm.model.mapping.creation   : Starting PostInitCallbackEntry : Entity(com.uma.wanchinchun.models.Relationship) `staticFetchableList` generator
2025-05-28T20:57:57.887+02:00 DEBUG 2092 --- [wanchinchun] [           main] o.hibernate.orm.model.mapping.creation   : Starting PostInitCallbackEntry : Entity(com.uma.wanchinchun.models.Relationship) `sqmMultiTableInsertStrategy` interpretation
2025-05-28T20:57:57.892+02:00 DEBUG 2092 --- [wanchinchun] [           main] h.q.s.m.i.t.GlobalTemporaryTableStrategy : Creating global-temp ID table : HTE_relaciones
2025-05-28T20:57:57.896+02:00 DEBUG 2092 --- [wanchinchun] [           main] org.hibernate.SQL                        : 
    create global temporary table HTE_relaciones(rn_ integer not null, id bigint, description varchar(255), nombre varchar(255), primary key (rn_)) TRANSACTIONAL
Hibernate: 
    create global temporary table HTE_relaciones(rn_ integer not null, id bigint, description varchar(255), nombre varchar(255), primary key (rn_)) TRANSACTIONAL
2025-05-28T20:57:57.898+02:00 DEBUG 2092 --- [wanchinchun] [           main] o.hibernate.orm.model.mapping.creation   : Starting PostInitCallbackEntry : EmbeddableMappingType(com.uma.wanchinchun.models.Product.attributes#{element})#finishInitialization
2025-05-28T20:57:57.899+02:00 DEBUG 2092 --- [wanchinchun] [           main] o.hibernate.orm.model.mapping.creation   : Starting PostInitCallbackEntry : PluralAttributeMapping(com.uma.wanchinchun.models.Product.attributes)#finishInitialization
2025-05-28T20:57:57.899+02:00 DEBUG 2092 --- [wanchinchun] [           main] o.hibernate.orm.model.mapping.creation   : Starting PostInitCallbackEntry : PluralAttributeMapping(com.uma.wanchinchun.models.Product.attributes) - key descriptor
2025-05-28T20:57:57.902+02:00 DEBUG 2092 --- [wanchinchun] [           main] o.hibernate.orm.model.mapping.creation   : Starting PostInitCallbackEntry : PluralAttributeMapping( NavigableRole[com.uma.wanchinchun.models.Product.categorias#{element}]) - element descriptor
2025-05-28T20:57:57.902+02:00 DEBUG 2092 --- [wanchinchun] [           main] o.hibernate.orm.model.mapping.creation   : Starting PostInitCallbackEntry : PluralAttributeMapping(com.uma.wanchinchun.models.Product.categorias)#finishInitialization
2025-05-28T20:57:57.902+02:00 DEBUG 2092 --- [wanchinchun] [           main] o.hibernate.orm.model.mapping.creation   : Starting PostInitCallbackEntry : PluralAttributeMapping(com.uma.wanchinchun.models.Product.categorias) - key descriptor
2025-05-28T20:57:57.902+02:00 DEBUG 2092 --- [wanchinchun] [           main] o.hibernate.orm.model.mapping.creation   : Starting PostInitCallbackEntry : PluralAttributeMapping( NavigableRole[com.uma.wanchinchun.models.Product.relacionesDestino#{element}]) - element descriptor
2025-05-28T20:57:57.902+02:00 DEBUG 2092 --- [wanchinchun] [           main] o.hibernate.orm.model.mapping.creation   : Starting PostInitCallbackEntry : PluralAttributeMapping(com.uma.wanchinchun.models.Product.relacionesDestino)#finishInitialization
2025-05-28T20:57:57.902+02:00 DEBUG 2092 --- [wanchinchun] [           main] o.hibernate.orm.model.mapping.creation   : Starting PostInitCallbackEntry : PluralAttributeMapping(com.uma.wanchinchun.models.Product.relacionesDestino) - key descriptor
2025-05-28T20:57:57.902+02:00 DEBUG 2092 --- [wanchinchun] [           main] o.hibernate.orm.model.mapping.creation   : Mapping-model creation encountered (possibly) transient error : java.lang.IllegalStateException: Not yet ready
2025-05-28T20:57:57.902+02:00 DEBUG 2092 --- [wanchinchun] [           main] o.hibernate.orm.model.mapping.creation   : Starting PostInitCallbackEntry : PluralAttributeMapping( NavigableRole[com.uma.wanchinchun.models.Product.relacionesOrigen#{element}]) - element descriptor
2025-05-28T20:57:57.902+02:00 DEBUG 2092 --- [wanchinchun] [           main] o.hibernate.orm.model.mapping.creation   : Starting PostInitCallbackEntry : PluralAttributeMapping(com.uma.wanchinchun.models.Product.relacionesOrigen)#finishInitialization
2025-05-28T20:57:57.902+02:00 DEBUG 2092 --- [wanchinchun] [           main] o.hibernate.orm.model.mapping.creation   : Starting PostInitCallbackEntry : PluralAttributeMapping(com.uma.wanchinchun.models.Product.relacionesOrigen) - key descriptor
2025-05-28T20:57:57.902+02:00 DEBUG 2092 --- [wanchinchun] [           main] o.hibernate.orm.model.mapping.creation   : Mapping-model creation encountered (possibly) transient error : java.lang.IllegalStateException: Not yet ready
2025-05-28T20:57:57.902+02:00 DEBUG 2092 --- [wanchinchun] [           main] o.hibernate.orm.model.mapping.creation   : Starting PostInitCallbackEntry : Entity(com.uma.wanchinchun.models.Product) `staticFetchableList` generator
2025-05-28T20:57:57.902+02:00 DEBUG 2092 --- [wanchinchun] [           main] o.hibernate.orm.model.mapping.creation   : Starting PostInitCallbackEntry : Entity(com.uma.wanchinchun.models.Product) `sqmMultiTableInsertStrategy` interpretation
2025-05-28T20:57:57.902+02:00 DEBUG 2092 --- [wanchinchun] [           main] h.q.s.m.i.t.GlobalTemporaryTableStrategy : Creating global-temp ID table : HTE_productos
2025-05-28T20:57:57.902+02:00 DEBUG 2092 --- [wanchinchun] [           main] org.hibernate.SQL                        : 
    create global temporary table HTE_productos(rn_ integer not null, creado timestamp(6) with time zone, id bigint, id_cuenta bigint, modificado timestamp(6) with time zone, gtin varchar(255), miniatura varchar(255), nombre varchar(255), sku varchar(255), texto_corto varchar(255), primary key (rn_)) TRANSACTIONAL
Hibernate: 
    create global temporary table HTE_productos(rn_ integer not null, creado timestamp(6) with time zone, id bigint, id_cuenta bigint, modificado timestamp(6) with time zone, gtin varchar(255), miniatura varchar(255), nombre varchar(255), sku varchar(255), texto_corto varchar(255), primary key (rn_)) TRANSACTIONAL
2025-05-28T20:57:57.902+02:00 DEBUG 2092 --- [wanchinchun] [           main] o.hibernate.orm.model.mapping.creation   : Starting PostInitCallbackEntry : VirtualIdEmbeddable(com.uma.wanchinchun.models.ProductRelationship#{id})#finishInitialization
2025-05-28T20:57:57.906+02:00 DEBUG 2092 --- [wanchinchun] [           main] o.hibernate.orm.model.mapping.creation   : Starting PostInitCallbackEntry : IdClassEmbeddable(com.uma.wanchinchun.models.ProductRelationship#{id})#finishInitialization
2025-05-28T20:57:57.906+02:00 DEBUG 2092 --- [wanchinchun] [           main] o.hibernate.orm.model.mapping.creation   : Starting PostInitCallbackEntry : EmbeddableMappingType(com.uma.wanchinchun.models.ProductRelationship)#finishInitialization
2025-05-28T20:57:57.907+02:00 DEBUG 2092 --- [wanchinchun] [           main] o.hibernate.orm.model.mapping.creation   : Starting PostInitCallbackEntry : To-one key - NavigableRole[com.uma.wanchinchun.models.ProductRelationship.productoDestino]
2025-05-28T20:57:57.907+02:00 DEBUG 2092 --- [wanchinchun] [           main] o.hibernate.orm.model.mapping.creation   : Starting PostInitCallbackEntry : To-one key - NavigableRole[com.uma.wanchinchun.models.ProductRelationship.productoOrigen]
2025-05-28T20:57:57.907+02:00 DEBUG 2092 --- [wanchinchun] [           main] o.hibernate.orm.model.mapping.creation   : Starting PostInitCallbackEntry : To-one key - NavigableRole[com.uma.wanchinchun.models.ProductRelationship.relacion]
2025-05-28T20:57:57.907+02:00 DEBUG 2092 --- [wanchinchun] [           main] o.hibernate.orm.model.mapping.creation   : Starting PostInitCallbackEntry : Entity(com.uma.wanchinchun.models.ProductRelationship) `staticFetchableList` generator
2025-05-28T20:57:57.908+02:00 DEBUG 2092 --- [wanchinchun] [           main] o.hibernate.orm.model.mapping.creation   : Starting PostInitCallbackEntry : PluralAttributeMapping( NavigableRole[com.uma.wanchinchun.models.Category.productos#{element}]) - element descriptor
2025-05-28T20:57:57.908+02:00 DEBUG 2092 --- [wanchinchun] [           main] o.hibernate.orm.model.mapping.creation   : Starting PostInitCallbackEntry : PluralAttributeMapping(com.uma.wanchinchun.models.Category.productos)#finishInitialization
2025-05-28T20:57:57.908+02:00 DEBUG 2092 --- [wanchinchun] [           main] o.hibernate.orm.model.mapping.creation   : Starting PostInitCallbackEntry : PluralAttributeMapping(com.uma.wanchinchun.models.Category.productos) - key descriptor
2025-05-28T20:57:57.908+02:00 DEBUG 2092 --- [wanchinchun] [           main] o.hibernate.orm.model.mapping.creation   : Starting PostInitCallbackEntry : Entity(com.uma.wanchinchun.models.Category) `staticFetchableList` generator
2025-05-28T20:57:57.908+02:00 DEBUG 2092 --- [wanchinchun] [           main] o.hibernate.orm.model.mapping.creation   : Starting PostInitCallbackEntry : Entity(com.uma.wanchinchun.models.Category) `sqmMultiTableInsertStrategy` interpretation
2025-05-28T20:57:57.908+02:00 DEBUG 2092 --- [wanchinchun] [           main] h.q.s.m.i.t.GlobalTemporaryTableStrategy : Creating global-temp ID table : HTE_categorias
2025-05-28T20:57:57.908+02:00 DEBUG 2092 --- [wanchinchun] [           main] org.hibernate.SQL                        : 
    create global temporary table HTE_categorias(rn_ integer not null, id bigint, nombre varchar(255), primary key (rn_)) TRANSACTIONAL
Hibernate: 
    create global temporary table HTE_categorias(rn_ integer not null, id bigint, nombre varchar(255), primary key (rn_)) TRANSACTIONAL
2025-05-28T20:57:57.908+02:00 DEBUG 2092 --- [wanchinchun] [           main] o.hibernate.orm.model.mapping.creation   : Starting PostInitCallbackEntry : PluralAttributeMapping( NavigableRole[com.uma.wanchinchun.models.Product.relacionesDestino#{element}]) - element descriptor
2025-05-28T20:57:57.908+02:00 DEBUG 2092 --- [wanchinchun] [           main] o.hibernate.orm.model.mapping.creation   : Starting PostInitCallbackEntry : PluralAttributeMapping(com.uma.wanchinchun.models.Product.relacionesDestino) - key descriptor
2025-05-28T20:57:57.909+02:00 DEBUG 2092 --- [wanchinchun] [           main] o.hibernate.orm.model.mapping.creation   : Mapping-model creation encountered (possibly) transient error : java.lang.IllegalStateException: Not yet ready
2025-05-28T20:57:57.909+02:00 DEBUG 2092 --- [wanchinchun] [           main] o.hibernate.orm.model.mapping.creation   : Starting PostInitCallbackEntry : PluralAttributeMapping( NavigableRole[com.uma.wanchinchun.models.Product.relacionesOrigen#{element}]) - element descriptor
2025-05-28T20:57:57.909+02:00 DEBUG 2092 --- [wanchinchun] [           main] o.hibernate.orm.model.mapping.creation   : Starting PostInitCallbackEntry : PluralAttributeMapping(com.uma.wanchinchun.models.Product.relacionesOrigen) - key descriptor
2025-05-28T20:57:57.909+02:00 DEBUG 2092 --- [wanchinchun] [           main] o.hibernate.orm.model.mapping.creation   : Mapping-model creation encountered (possibly) transient error : java.lang.IllegalStateException: Not yet ready
2025-05-28T20:57:57.909+02:00 DEBUG 2092 --- [wanchinchun] [           main] o.hibernate.orm.model.mapping.creation   : Starting PostInitCallbackEntry : EmbeddableMappingType(com.uma.wanchinchun.models.Product.attributes#{element})#initColumnMappings
2025-05-28T20:57:57.910+02:00 DEBUG 2092 --- [wanchinchun] [           main] o.hibernate.orm.model.mapping.creation   : Starting PostInitCallbackEntry : VirtualIdEmbeddable(NavigableRole[com.uma.wanchinchun.models.ProductRelationship#{id}])#initColumnMappings
2025-05-28T20:57:57.910+02:00 DEBUG 2092 --- [wanchinchun] [           main] o.hibernate.orm.model.mapping.creation   : Starting PostInitCallbackEntry : IdClassEmbeddable(NavigableRole[com.uma.wanchinchun.models.ProductRelationship#{id}])#initColumnMappings
2025-05-28T20:57:57.910+02:00 DEBUG 2092 --- [wanchinchun] [           main] o.hibernate.orm.model.mapping.creation   : Starting PostInitCallbackEntry : EmbeddableMappingType(com.uma.wanchinchun.models.ProductRelationship)#initColumnMappings
2025-05-28T20:57:57.910+02:00 DEBUG 2092 --- [wanchinchun] [           main] o.hibernate.orm.model.mapping.creation   : Starting PostInitCallbackEntry : PluralAttributeMapping( NavigableRole[com.uma.wanchinchun.models.Product.relacionesDestino#{element}]) - element descriptor
2025-05-28T20:57:57.910+02:00 DEBUG 2092 --- [wanchinchun] [           main] o.hibernate.orm.model.mapping.creation   : Starting PostInitCallbackEntry : PluralAttributeMapping(com.uma.wanchinchun.models.Product.relacionesDestino) - key descriptor
2025-05-28T20:57:57.910+02:00 DEBUG 2092 --- [wanchinchun] [           main] o.hibernate.orm.model.mapping.creation   : Starting PostInitCallbackEntry : PluralAttributeMapping( NavigableRole[com.uma.wanchinchun.models.Product.relacionesOrigen#{element}]) - element descriptor
2025-05-28T20:57:57.910+02:00 DEBUG 2092 --- [wanchinchun] [           main] o.hibernate.orm.model.mapping.creation   : Starting PostInitCallbackEntry : PluralAttributeMapping(com.uma.wanchinchun.models.Product.relacionesOrigen) - key descriptor
2025-05-28T20:57:57.910+02:00 DEBUG 2092 --- [wanchinchun] [           main] o.hibernate.orm.model.mapping.creation   : Starting PostInitCallbackEntry : PluralAttributeMapping( NavigableRole[com.uma.wanchinchun.models.Product.relacionesDestino#{element}]) - element descriptor
2025-05-28T20:57:57.910+02:00 DEBUG 2092 --- [wanchinchun] [           main] o.hibernate.orm.model.mapping.creation   : Starting PostInitCallbackEntry : PluralAttributeMapping( NavigableRole[com.uma.wanchinchun.models.Product.relacionesOrigen#{element}]) - element descriptor
2025-05-28T20:57:57.987+02:00 DEBUG 2092 --- [wanchinchun] [           main] org.hibernate.orm.sql.ast.create         : Created new SQL alias : r1_0
2025-05-28T20:57:57.989+02:00 DEBUG 2092 --- [wanchinchun] [           main] org.hibernate.orm.sql.ast.create         : Registration of TableGroup [StandardTableGroup(com.uma.wanchinchun.models.Relationship)] with identifierForTableGroup [com.uma.wanchinchun.models.Relationship] for NavigablePath [com.uma.wanchinchun.models.Relationship] 
2025-05-28T20:57:58.002+02:00 DEBUG 2092 --- [wanchinchun] [           main] org.hibernate.orm.results.graph.AST      : DomainResult Graph:
 \-EntityResultImpl [com.uma.wanchinchun.models.Relationship]
 |  +-BasicFetch [com.uma.wanchinchun.models.Relationship.description]
 |  \-BasicFetch [com.uma.wanchinchun.models.Relationship.nombre]

2025-05-28T20:57:58.005+02:00 DEBUG 2092 --- [wanchinchun] [           main] org.hibernate.orm.sql.ast.tree           : SQL AST Tree:
    SelectStatement {
      FromClause {
        StandardTableGroup (r1 : com.uma.wanchinchun.models.Relationship) {
          primaryTableReference : relaciones as r1_0
        }
      }
    }

2025-05-28T20:57:58.013+02:00 DEBUG 2092 --- [wanchinchun] [           main] o.h.p.entity.AbstractEntityPersister     : Static SQL for entity: com.uma.wanchinchun.models.Relationship
2025-05-28T20:57:58.013+02:00 DEBUG 2092 --- [wanchinchun] [           main] o.h.p.entity.AbstractEntityPersister     :  Version select: select id from relaciones where id=?
2025-05-28T20:57:58.013+02:00 DEBUG 2092 --- [wanchinchun] [           main] o.h.p.entity.AbstractEntityPersister     :  Insert (0): insert into relaciones (description,nombre,id) values (?,?,?)
2025-05-28T20:57:58.013+02:00 DEBUG 2092 --- [wanchinchun] [           main] o.h.p.entity.AbstractEntityPersister     :  Update (0): update relaciones set description=?,nombre=? where id=?
2025-05-28T20:57:58.013+02:00 DEBUG 2092 --- [wanchinchun] [           main] o.h.p.entity.AbstractEntityPersister     :  Delete (0): delete from relaciones where id=?
2025-05-28T20:57:58.013+02:00 DEBUG 2092 --- [wanchinchun] [           main] org.hibernate.orm.sql.ast.create         : Created new SQL alias : p1_0
2025-05-28T20:57:58.013+02:00 DEBUG 2092 --- [wanchinchun] [           main] org.hibernate.orm.sql.ast.create         : Registration of TableGroup [StandardTableGroup(com.uma.wanchinchun.models.Product)] with identifierForTableGroup [com.uma.wanchinchun.models.Product] for NavigablePath [com.uma.wanchinchun.models.Product] 
2025-05-28T20:57:58.015+02:00 DEBUG 2092 --- [wanchinchun] [           main] org.hibernate.orm.results.graph.AST      : DomainResult Graph:
 \-EntityResultImpl [com.uma.wanchinchun.models.Product]
 |  +-DelayedCollectionFetch [com.uma.wanchinchun.models.Product.attributes]
 |  +-DelayedCollectionFetch [com.uma.wanchinchun.models.Product.categorias]
 |  +-BasicFetch [com.uma.wanchinchun.models.Product.creado]
 |  +-BasicFetch [com.uma.wanchinchun.models.Product.gtin]
 |  +-BasicFetch [com.uma.wanchinchun.models.Product.idCuenta]
 |  +-BasicFetch [com.uma.wanchinchun.models.Product.miniatura]
 |  +-BasicFetch [com.uma.wanchinchun.models.Product.modificado]
 |  +-BasicFetch [com.uma.wanchinchun.models.Product.nombre]
 |  +-DelayedCollectionFetch [com.uma.wanchinchun.models.Product.relacionesDestino]
 |  +-DelayedCollectionFetch [com.uma.wanchinchun.models.Product.relacionesOrigen]
 |  +-BasicFetch [com.uma.wanchinchun.models.Product.sku]
 |  \-BasicFetch [com.uma.wanchinchun.models.Product.textoCorto]

2025-05-28T20:57:58.015+02:00 DEBUG 2092 --- [wanchinchun] [           main] org.hibernate.orm.sql.ast.tree           : SQL AST Tree:
    SelectStatement {
      FromClause {
        StandardTableGroup (p1 : com.uma.wanchinchun.models.Product) {
          primaryTableReference : productos as p1_0
        }
      }
    }

2025-05-28T20:57:58.015+02:00 DEBUG 2092 --- [wanchinchun] [           main] o.h.p.entity.AbstractEntityPersister     : Static SQL for entity: com.uma.wanchinchun.models.Product
2025-05-28T20:57:58.015+02:00 DEBUG 2092 --- [wanchinchun] [           main] o.h.p.entity.AbstractEntityPersister     :  Version select: select id from productos where id=?
2025-05-28T20:57:58.015+02:00 DEBUG 2092 --- [wanchinchun] [           main] o.h.p.entity.AbstractEntityPersister     :  Insert (0): insert into productos (creado,gtin,id_cuenta,miniatura,modificado,nombre,sku,texto_corto,id) values (?,?,?,?,?,?,?,?,?)
2025-05-28T20:57:58.015+02:00 DEBUG 2092 --- [wanchinchun] [           main] o.h.p.entity.AbstractEntityPersister     :  Update (0): update productos set creado=?,gtin=?,id_cuenta=?,miniatura=?,modificado=?,nombre=?,sku=?,texto_corto=? where id=?
2025-05-28T20:57:58.015+02:00 DEBUG 2092 --- [wanchinchun] [           main] o.h.p.entity.AbstractEntityPersister     :  Delete (0): delete from productos where id=?
2025-05-28T20:57:58.015+02:00 DEBUG 2092 --- [wanchinchun] [           main] org.hibernate.orm.sql.ast.create         : Created new SQL alias : pr1_0
2025-05-28T20:57:58.015+02:00 DEBUG 2092 --- [wanchinchun] [           main] org.hibernate.orm.sql.ast.create         : Registration of TableGroup [StandardTableGroup(com.uma.wanchinchun.models.ProductRelationship)] with identifierForTableGroup [com.uma.wanchinchun.models.ProductRelationship] for NavigablePath [com.uma.wanchinchun.models.ProductRelationship] 
2025-05-28T20:57:58.018+02:00 DEBUG 2092 --- [wanchinchun] [           main] org.hibernate.orm.sql.ast.create         : Registration of TableGroup [StandardVirtualTableGroup(com.uma.wanchinchun.models.ProductRelationship.{id})] with identifierForTableGroup [com.uma.wanchinchun.models.ProductRelationship.{id}] for NavigablePath [com.uma.wanchinchun.models.ProductRelationship.{id}] 
2025-05-28T20:57:58.023+02:00 DEBUG 2092 --- [wanchinchun] [           main] org.hibernate.orm.sql.ast.create         : Registration of TableGroup [org.hibernate.sql.ast.tree.from.LazyTableGroup@63fde7ca] with identifierForTableGroup [com.uma.wanchinchun.models.ProductRelationship.productoDestino] for NavigablePath [com.uma.wanchinchun.models.ProductRelationship.productoDestino] 
2025-05-28T20:57:58.025+02:00 DEBUG 2092 --- [wanchinchun] [           main] org.hibernate.orm.sql.ast.create         : Created new SQL alias : pd1_0
2025-05-28T20:57:58.026+02:00 DEBUG 2092 --- [wanchinchun] [           main] org.hibernate.orm.sql.ast.create         : Registration of TableGroup [org.hibernate.sql.ast.tree.from.LazyTableGroup@3fb42ec7] with identifierForTableGroup [com.uma.wanchinchun.models.ProductRelationship.productoOrigen] for NavigablePath [com.uma.wanchinchun.models.ProductRelationship.productoOrigen] 
2025-05-28T20:57:58.028+02:00 DEBUG 2092 --- [wanchinchun] [           main] org.hibernate.orm.sql.ast.create         : Registration of TableGroup [org.hibernate.sql.ast.tree.from.LazyTableGroup@943cf5] with identifierForTableGroup [com.uma.wanchinchun.models.ProductRelationship.relacion] for NavigablePath [com.uma.wanchinchun.models.ProductRelationship.relacion] 
2025-05-28T20:57:58.029+02:00 DEBUG 2092 --- [wanchinchun] [           main] org.hibernate.orm.results.graph.AST      : DomainResult Graph:
 \-EntityResultImpl [com.uma.wanchinchun.models.ProductRelationship]
 |  +-EntityFetchJoinedImpl [com.uma.wanchinchun.models.ProductRelationship.productoDestino]
 |  |  +-DelayedCollectionFetch [com.uma.wanchinchun.models.ProductRelationship.productoDestino.attributes]
 |  |  +-DelayedCollectionFetch [com.uma.wanchinchun.models.ProductRelationship.productoDestino.categorias]
 |  |  +-BasicFetch [com.uma.wanchinchun.models.ProductRelationship.productoDestino.creado]
 |  |  +-BasicFetch [com.uma.wanchinchun.models.ProductRelationship.productoDestino.gtin]
 |  |  +-BasicFetch [com.uma.wanchinchun.models.ProductRelationship.productoDestino.idCuenta]
 |  |  +-BasicFetch [com.uma.wanchinchun.models.ProductRelationship.productoDestino.miniatura]
 |  |  +-BasicFetch [com.uma.wanchinchun.models.ProductRelationship.productoDestino.modificado]
 |  |  +-BasicFetch [com.uma.wanchinchun.models.ProductRelationship.productoDestino.nombre]
 |  |  +-DelayedCollectionFetch [com.uma.wanchinchun.models.ProductRelationship.productoDestino.relacionesDestino]
 |  |  +-DelayedCollectionFetch [com.uma.wanchinchun.models.ProductRelationship.productoDestino.relacionesOrigen]
 |  |  +-BasicFetch [com.uma.wanchinchun.models.ProductRelationship.productoDestino.sku]
 |  |  \-BasicFetch [com.uma.wanchinchun.models.ProductRelationship.productoDestino.textoCorto]
 |  +-EntityDelayedFetchImpl [com.uma.wanchinchun.models.ProductRelationship.productoOrigen]
 |  \-EntityDelayedFetchImpl [com.uma.wanchinchun.models.ProductRelationship.relacion]

2025-05-28T20:57:58.030+02:00 DEBUG 2092 --- [wanchinchun] [           main] org.hibernate.orm.sql.ast.tree           : SQL AST Tree:
    SelectStatement {
      FromClause {
        StandardTableGroup (pr1 : com.uma.wanchinchun.models.ProductRelationship) {
          primaryTableReference : productos_relacionados as pr1_0
          TableGroupJoins {
             join StandardVirtualTableGroup (null : com.uma.wanchinchun.models.ProductRelationship.{id}) {
              primaryTableReference : productos_relacionados as pr1_0
            }
            left  join LazyTableGroup (pd1 : com.uma.wanchinchun.models.ProductRelationship.productoDestino) {
              primaryTableReference : productos as pd1_0
            }
            left  join LazyTableGroup (po1 : com.uma.wanchinchun.models.ProductRelationship.productoOrigen) {
            }
            left  join LazyTableGroup (r1 : com.uma.wanchinchun.models.ProductRelationship.relacion) {
            }
          }
        }
      }
    }

2025-05-28T20:57:58.032+02:00 DEBUG 2092 --- [wanchinchun] [           main] o.h.p.entity.AbstractEntityPersister     : Static SQL for entity: com.uma.wanchinchun.models.ProductRelationship
2025-05-28T20:57:58.032+02:00 DEBUG 2092 --- [wanchinchun] [           main] o.h.p.entity.AbstractEntityPersister     :  Version select: select id_producto_destino, id_producto_origen from productos_relacionados where id_producto_destino=? and id_producto_origen=?
2025-05-28T20:57:58.032+02:00 DEBUG 2092 --- [wanchinchun] [           main] o.h.p.entity.AbstractEntityPersister     :  Insert (0): insert into productos_relacionados (id_producto_destino,id_producto_origen,relacion_fk,id_producto_destino,id_producto_origen) values (?,?,?,?,?)
2025-05-28T20:57:58.032+02:00 DEBUG 2092 --- [wanchinchun] [           main] o.h.p.entity.AbstractEntityPersister     :  Update (0): update productos_relacionados set id_producto_destino=?,id_producto_origen=?,relacion_fk=? where id_producto_destino=? and id_producto_origen=?
2025-05-28T20:57:58.032+02:00 DEBUG 2092 --- [wanchinchun] [           main] o.h.p.entity.AbstractEntityPersister     :  Delete (0): delete from productos_relacionados where id_producto_destino=? and id_producto_origen=?
2025-05-28T20:57:58.034+02:00 DEBUG 2092 --- [wanchinchun] [           main] org.hibernate.orm.sql.ast.create         : Created new SQL alias : c1_0
2025-05-28T20:57:58.034+02:00 DEBUG 2092 --- [wanchinchun] [           main] org.hibernate.orm.sql.ast.create         : Registration of TableGroup [StandardTableGroup(com.uma.wanchinchun.models.Category)] with identifierForTableGroup [com.uma.wanchinchun.models.Category] for NavigablePath [com.uma.wanchinchun.models.Category] 
2025-05-28T20:57:58.034+02:00 DEBUG 2092 --- [wanchinchun] [           main] org.hibernate.orm.results.graph.AST      : DomainResult Graph:
 \-EntityResultImpl [com.uma.wanchinchun.models.Category]
 |  +-BasicFetch [com.uma.wanchinchun.models.Category.nombre]
 |  \-DelayedCollectionFetch [com.uma.wanchinchun.models.Category.productos]

2025-05-28T20:57:58.034+02:00 DEBUG 2092 --- [wanchinchun] [           main] org.hibernate.orm.sql.ast.tree           : SQL AST Tree:
    SelectStatement {
      FromClause {
        StandardTableGroup (c1 : com.uma.wanchinchun.models.Category) {
          primaryTableReference : categorias as c1_0
        }
      }
    }

2025-05-28T20:57:58.034+02:00 DEBUG 2092 --- [wanchinchun] [           main] o.h.p.entity.AbstractEntityPersister     : Static SQL for entity: com.uma.wanchinchun.models.Category
2025-05-28T20:57:58.034+02:00 DEBUG 2092 --- [wanchinchun] [           main] o.h.p.entity.AbstractEntityPersister     :  Version select: select id from categorias where id=?
2025-05-28T20:57:58.034+02:00 DEBUG 2092 --- [wanchinchun] [           main] o.h.p.entity.AbstractEntityPersister     :  Insert (0): insert into categorias (nombre,id) values (?,?)
2025-05-28T20:57:58.034+02:00 DEBUG 2092 --- [wanchinchun] [           main] o.h.p.entity.AbstractEntityPersister     :  Update (0): update categorias set nombre=? where id=?
2025-05-28T20:57:58.034+02:00 DEBUG 2092 --- [wanchinchun] [           main] o.h.p.entity.AbstractEntityPersister     :  Delete (0): delete from categorias where id=?
2025-05-28T20:57:58.036+02:00 DEBUG 2092 --- [wanchinchun] [           main] org.hibernate.orm.sql.ast.create         : Created new SQL alias : c1_0
2025-05-28T20:57:58.037+02:00 DEBUG 2092 --- [wanchinchun] [           main] org.hibernate.orm.sql.ast.create         : Registration of TableGroup [CollectionTableGroup(com.uma.wanchinchun.models.Product.categorias)] with identifierForTableGroup [com.uma.wanchinchun.models.Product.categorias] for NavigablePath [com.uma.wanchinchun.models.Product.categorias] 
2025-05-28T20:57:58.037+02:00 DEBUG 2092 --- [wanchinchun] [           main] org.hibernate.orm.sql.ast.create         : Registration of TableGroup [org.hibernate.sql.ast.tree.from.LazyTableGroup@725490dd] with identifierForTableGroup [com.uma.wanchinchun.models.Product.categorias.{element}] for NavigablePath [com.uma.wanchinchun.models.Product.categorias.{element}] 
2025-05-28T20:57:58.039+02:00 DEBUG 2092 --- [wanchinchun] [           main] org.hibernate.orm.sql.ast.create         : Created new SQL alias : c1_1
2025-05-28T20:57:58.041+02:00 DEBUG 2092 --- [wanchinchun] [           main] org.hibernate.orm.results.graph.AST      : DomainResult Graph:
 \-CollectionDomainResult [com.uma.wanchinchun.models.Product.categorias]

2025-05-28T20:57:58.041+02:00 DEBUG 2092 --- [wanchinchun] [           main] org.hibernate.orm.sql.ast.tree           : SQL AST Tree:
    SelectStatement {
      FromClause {
        CollectionTableGroup (c1 : com.uma.wanchinchun.models.Product.categorias) {
          primaryTableReference : producto_categoria as c1_0
          TableGroupJoins {
             join LazyTableGroup (c1 : com.uma.wanchinchun.models.Product.categorias.{element}) {
              primaryTableReference : categorias as c1_1
            }
          }
        }
      }
    }

2025-05-28T20:57:58.041+02:00 DEBUG 2092 --- [wanchinchun] [           main] org.hibernate.orm.jdbc.mutation          : Static SQL for collection: com.uma.wanchinchun.models.Product.categorias
2025-05-28T20:57:58.042+02:00 DEBUG 2092 --- [wanchinchun] [           main] org.hibernate.orm.jdbc.mutation          :  Row insert: insert into producto_categoria (producto_id,categoria_id) values (?,?)
2025-05-28T20:57:58.042+02:00 DEBUG 2092 --- [wanchinchun] [           main] org.hibernate.orm.jdbc.mutation          :  Row delete: delete from producto_categoria where producto_id=? and categoria_id=?
2025-05-28T20:57:58.044+02:00 DEBUG 2092 --- [wanchinchun] [           main] org.hibernate.orm.jdbc.mutation          :  One-shot delete: delete from producto_categoria where producto_id=?
2025-05-28T20:57:58.044+02:00 DEBUG 2092 --- [wanchinchun] [           main] org.hibernate.orm.sql.ast.create         : Created new SQL alias : ro1_0
2025-05-28T20:57:58.044+02:00 DEBUG 2092 --- [wanchinchun] [           main] org.hibernate.orm.sql.ast.create         : Registration of TableGroup [org.hibernate.sql.ast.tree.from.OneToManyTableGroup@c3a1d7f] with identifierForTableGroup [com.uma.wanchinchun.models.Product.relacionesOrigen] for NavigablePath [com.uma.wanchinchun.models.Product.relacionesOrigen] 
2025-05-28T20:57:58.044+02:00 DEBUG 2092 --- [wanchinchun] [           main] org.hibernate.orm.sql.ast.create         : Registration of TableGroup [StandardTableGroup(com.uma.wanchinchun.models.Product.relacionesOrigen.{element})] with identifierForTableGroup [com.uma.wanchinchun.models.Product.relacionesOrigen.{element}] for NavigablePath [com.uma.wanchinchun.models.Product.relacionesOrigen.{element}] 
2025-05-28T20:57:58.044+02:00 DEBUG 2092 --- [wanchinchun] [           main] org.hibernate.orm.sql.ast.create         : Registration of TableGroup [StandardVirtualTableGroup(com.uma.wanchinchun.models.Product.relacionesOrigen.{element}.{id})] with identifierForTableGroup [com.uma.wanchinchun.models.Product.relacionesOrigen.{element}.{id}] for NavigablePath [com.uma.wanchinchun.models.Product.relacionesOrigen.{element}.{id}] 
2025-05-28T20:57:58.045+02:00 DEBUG 2092 --- [wanchinchun] [           main] org.hibernate.orm.sql.ast.create         : Registration of TableGroup [org.hibernate.sql.ast.tree.from.LazyTableGroup@63541cd4] with identifierForTableGroup [com.uma.wanchinchun.models.Product.relacionesOrigen.{element}.productoDestino] for NavigablePath [com.uma.wanchinchun.models.Product.relacionesOrigen.{element}.productoDestino] 
2025-05-28T20:57:58.045+02:00 DEBUG 2092 --- [wanchinchun] [           main] org.hibernate.orm.sql.ast.create         : Created new SQL alias : pd1_0
2025-05-28T20:57:58.047+02:00 DEBUG 2092 --- [wanchinchun] [           main] org.hibernate.orm.sql.ast.create         : Registration of TableGroup [org.hibernate.sql.ast.tree.from.LazyTableGroup@4afdb05e] with identifierForTableGroup [com.uma.wanchinchun.models.Product.relacionesOrigen.{element}.productoOrigen] for NavigablePath [com.uma.wanchinchun.models.Product.relacionesOrigen.{element}.productoOrigen] 
2025-05-28T20:57:58.048+02:00 DEBUG 2092 --- [wanchinchun] [           main] org.hibernate.orm.sql.ast.create         : Registration of TableGroup [org.hibernate.sql.ast.tree.from.LazyTableGroup@5ef48b08] with identifierForTableGroup [com.uma.wanchinchun.models.Product.relacionesOrigen.{element}.relacion] for NavigablePath [com.uma.wanchinchun.models.Product.relacionesOrigen.{element}.relacion] 
2025-05-28T20:57:58.049+02:00 DEBUG 2092 --- [wanchinchun] [           main] org.hibernate.orm.results.graph.AST      : DomainResult Graph:
 \-CollectionDomainResult [com.uma.wanchinchun.models.Product.relacionesOrigen]

2025-05-28T20:57:58.049+02:00 DEBUG 2092 --- [wanchinchun] [           main] org.hibernate.orm.sql.ast.tree           : SQL AST Tree:
    SelectStatement {
      FromClause {
        OneToManyTableGroup (ro1 : com.uma.wanchinchun.models.Product.relacionesOrigen) {
          primaryTableReference : productos_relacionados as ro1_0
          TableGroupJoins {
             join StandardVirtualTableGroup (null : com.uma.wanchinchun.models.Product.relacionesOrigen.{element}.{id}) {
              primaryTableReference : productos_relacionados as ro1_0
            }
            left  join LazyTableGroup (pd1 : com.uma.wanchinchun.models.Product.relacionesOrigen.{element}.productoDestino) {
              primaryTableReference : productos as pd1_0
            }
            left  join LazyTableGroup (po1 : com.uma.wanchinchun.models.Product.relacionesOrigen.{element}.productoOrigen) {
            }
            left  join LazyTableGroup (r1 : com.uma.wanchinchun.models.Product.relacionesOrigen.{element}.relacion) {
            }
          }
        }
      }
    }

2025-05-28T20:57:58.049+02:00 DEBUG 2092 --- [wanchinchun] [           main] org.hibernate.orm.jdbc.mutation          : Static SQL for collection: com.uma.wanchinchun.models.Product.relacionesOrigen
2025-05-28T20:57:58.049+02:00 DEBUG 2092 --- [wanchinchun] [           main] org.hibernate.orm.sql.ast.create         : Created new SQL alias : a1_0
2025-05-28T20:57:58.049+02:00 DEBUG 2092 --- [wanchinchun] [           main] org.hibernate.orm.sql.ast.create         : Registration of TableGroup [CollectionTableGroup(com.uma.wanchinchun.models.Product.attributes)] with identifierForTableGroup [com.uma.wanchinchun.models.Product.attributes] for NavigablePath [com.uma.wanchinchun.models.Product.attributes] 
2025-05-28T20:57:58.049+02:00 DEBUG 2092 --- [wanchinchun] [           main] org.hibernate.orm.sql.ast.create         : Registration of TableGroup [StandardVirtualTableGroup(com.uma.wanchinchun.models.Product.attributes.{element})] with identifierForTableGroup [com.uma.wanchinchun.models.Product.attributes.{element}] for NavigablePath [com.uma.wanchinchun.models.Product.attributes.{element}] 
2025-05-28T20:57:58.050+02:00 DEBUG 2092 --- [wanchinchun] [           main] org.hibernate.orm.results.graph.AST      : DomainResult Graph:
 \-CollectionDomainResult [com.uma.wanchinchun.models.Product.attributes]

2025-05-28T20:57:58.050+02:00 DEBUG 2092 --- [wanchinchun] [           main] org.hibernate.orm.sql.ast.tree           : SQL AST Tree:
    SelectStatement {
      FromClause {
        CollectionTableGroup (a1 : com.uma.wanchinchun.models.Product.attributes) {
          primaryTableReference : atributos_producto as a1_0
          TableGroupJoins {
             join StandardVirtualTableGroup (null : com.uma.wanchinchun.models.Product.attributes.{element}) {
              primaryTableReference : atributos_producto as a1_0
            }
          }
        }
      }
    }

2025-05-28T20:57:58.050+02:00 DEBUG 2092 --- [wanchinchun] [           main] org.hibernate.orm.jdbc.mutation          : Static SQL for collection: com.uma.wanchinchun.models.Product.attributes
2025-05-28T20:57:58.050+02:00 DEBUG 2092 --- [wanchinchun] [           main] org.hibernate.orm.jdbc.mutation          :  Row insert: insert into atributos_producto (id_producto,nombre,valor) values (?,?,?)
2025-05-28T20:57:58.050+02:00 DEBUG 2092 --- [wanchinchun] [           main] org.hibernate.orm.jdbc.mutation          :  Row delete: delete from atributos_producto where id_producto=? and nombre=? and valor=?
2025-05-28T20:57:58.050+02:00 DEBUG 2092 --- [wanchinchun] [           main] org.hibernate.orm.jdbc.mutation          :  One-shot delete: delete from atributos_producto where id_producto=?
2025-05-28T20:57:58.050+02:00 DEBUG 2092 --- [wanchinchun] [           main] org.hibernate.orm.sql.ast.create         : Created new SQL alias : rd1_0
2025-05-28T20:57:58.050+02:00 DEBUG 2092 --- [wanchinchun] [           main] org.hibernate.orm.sql.ast.create         : Registration of TableGroup [org.hibernate.sql.ast.tree.from.OneToManyTableGroup@5e8a678a] with identifierForTableGroup [com.uma.wanchinchun.models.Product.relacionesDestino] for NavigablePath [com.uma.wanchinchun.models.Product.relacionesDestino] 
2025-05-28T20:57:58.050+02:00 DEBUG 2092 --- [wanchinchun] [           main] org.hibernate.orm.sql.ast.create         : Registration of TableGroup [StandardTableGroup(com.uma.wanchinchun.models.Product.relacionesDestino.{element})] with identifierForTableGroup [com.uma.wanchinchun.models.Product.relacionesDestino.{element}] for NavigablePath [com.uma.wanchinchun.models.Product.relacionesDestino.{element}] 
2025-05-28T20:57:58.050+02:00 DEBUG 2092 --- [wanchinchun] [           main] org.hibernate.orm.sql.ast.create         : Registration of TableGroup [StandardVirtualTableGroup(com.uma.wanchinchun.models.Product.relacionesDestino.{element}.{id})] with identifierForTableGroup [com.uma.wanchinchun.models.Product.relacionesDestino.{element}.{id}] for NavigablePath [com.uma.wanchinchun.models.Product.relacionesDestino.{element}.{id}] 
2025-05-28T20:57:58.051+02:00 DEBUG 2092 --- [wanchinchun] [           main] org.hibernate.orm.sql.ast.create         : Registration of TableGroup [org.hibernate.sql.ast.tree.from.LazyTableGroup@6fe91918] with identifierForTableGroup [com.uma.wanchinchun.models.Product.relacionesDestino.{element}.productoDestino] for NavigablePath [com.uma.wanchinchun.models.Product.relacionesDestino.{element}.productoDestino] 
2025-05-28T20:57:58.051+02:00 DEBUG 2092 --- [wanchinchun] [           main] org.hibernate.orm.sql.ast.create         : Registration of TableGroup [org.hibernate.sql.ast.tree.from.LazyTableGroup@4d3bde85] with identifierForTableGroup [com.uma.wanchinchun.models.Product.relacionesDestino.{element}.productoOrigen] for NavigablePath [com.uma.wanchinchun.models.Product.relacionesDestino.{element}.productoOrigen] 
2025-05-28T20:57:58.051+02:00 DEBUG 2092 --- [wanchinchun] [           main] org.hibernate.orm.sql.ast.create         : Registration of TableGroup [org.hibernate.sql.ast.tree.from.LazyTableGroup@f5b4ca6] with identifierForTableGroup [com.uma.wanchinchun.models.Product.relacionesDestino.{element}.relacion] for NavigablePath [com.uma.wanchinchun.models.Product.relacionesDestino.{element}.relacion] 
2025-05-28T20:57:58.051+02:00 DEBUG 2092 --- [wanchinchun] [           main] org.hibernate.orm.results.graph.AST      : DomainResult Graph:
 \-CollectionDomainResult [com.uma.wanchinchun.models.Product.relacionesDestino]

2025-05-28T20:57:58.051+02:00 DEBUG 2092 --- [wanchinchun] [           main] org.hibernate.orm.sql.ast.tree           : SQL AST Tree:
    SelectStatement {
      FromClause {
        OneToManyTableGroup (rd1 : com.uma.wanchinchun.models.Product.relacionesDestino) {
          primaryTableReference : productos_relacionados as rd1_0
          TableGroupJoins {
             join StandardVirtualTableGroup (null : com.uma.wanchinchun.models.Product.relacionesDestino.{element}.{id}) {
              primaryTableReference : productos_relacionados as rd1_0
            }
            left  join LazyTableGroup (pd1 : com.uma.wanchinchun.models.Product.relacionesDestino.{element}.productoDestino) {
            }
            left  join LazyTableGroup (po1 : com.uma.wanchinchun.models.Product.relacionesDestino.{element}.productoOrigen) {
            }
            left  join LazyTableGroup (r1 : com.uma.wanchinchun.models.Product.relacionesDestino.{element}.relacion) {
            }
          }
        }
      }
    }

2025-05-28T20:57:58.051+02:00 DEBUG 2092 --- [wanchinchun] [           main] org.hibernate.orm.jdbc.mutation          : Static SQL for collection: com.uma.wanchinchun.models.Product.relacionesDestino
2025-05-28T20:57:58.051+02:00 DEBUG 2092 --- [wanchinchun] [           main] org.hibernate.orm.sql.ast.create         : Created new SQL alias : p1_0
2025-05-28T20:57:58.051+02:00 DEBUG 2092 --- [wanchinchun] [           main] org.hibernate.orm.sql.ast.create         : Registration of TableGroup [CollectionTableGroup(com.uma.wanchinchun.models.Category.productos)] with identifierForTableGroup [com.uma.wanchinchun.models.Category.productos] for NavigablePath [com.uma.wanchinchun.models.Category.productos] 
2025-05-28T20:57:58.051+02:00 DEBUG 2092 --- [wanchinchun] [           main] org.hibernate.orm.sql.ast.create         : Registration of TableGroup [org.hibernate.sql.ast.tree.from.LazyTableGroup@2566247d] with identifierForTableGroup [com.uma.wanchinchun.models.Category.productos.{element}] for NavigablePath [com.uma.wanchinchun.models.Category.productos.{element}] 
2025-05-28T20:57:58.051+02:00 DEBUG 2092 --- [wanchinchun] [           main] org.hibernate.orm.sql.ast.create         : Created new SQL alias : p1_1
2025-05-28T20:57:58.051+02:00 DEBUG 2092 --- [wanchinchun] [           main] org.hibernate.orm.results.graph.AST      : DomainResult Graph:
 \-CollectionDomainResult [com.uma.wanchinchun.models.Category.productos]

2025-05-28T20:57:58.051+02:00 DEBUG 2092 --- [wanchinchun] [           main] org.hibernate.orm.sql.ast.tree           : SQL AST Tree:
    SelectStatement {
      FromClause {
        CollectionTableGroup (p1 : com.uma.wanchinchun.models.Category.productos) {
          primaryTableReference : producto_categoria as p1_0
          TableGroupJoins {
             join LazyTableGroup (p1 : com.uma.wanchinchun.models.Category.productos.{element}) {
              primaryTableReference : productos as p1_1
            }
          }
        }
      }
    }

2025-05-28T20:57:58.052+02:00 DEBUG 2092 --- [wanchinchun] [           main] org.hibernate.orm.jdbc.mutation          : Static SQL for collection: com.uma.wanchinchun.models.Category.productos
2025-05-28T20:57:58.084+02:00  INFO 2092 --- [wanchinchun] [           main] o.h.e.t.j.p.i.JtaPlatformInitiator       : HHH000489: No JTA platform available (set 'hibernate.transaction.jta.platform' to enable JTA platform integration)
2025-05-28T20:57:58.085+02:00 DEBUG 2092 --- [wanchinchun] [           main] o.h.type.spi.TypeConfiguration$Scope     : Scoping TypeConfiguration [org.hibernate.type.spi.TypeConfiguration@1818390b] to SessionFactoryImplementor [org.hibernate.internal.SessionFactoryImpl@40b678b3]
2025-05-28T20:57:58.086+02:00 DEBUG 2092 --- [wanchinchun] [           main] o.h.query.named.NamedObjectRepository    : Checking 0 named HQL queries
2025-05-28T20:57:58.086+02:00 DEBUG 2092 --- [wanchinchun] [           main] o.h.query.named.NamedObjectRepository    : Checking 0 named SQL queries
2025-05-28T20:57:58.088+02:00 DEBUG 2092 --- [wanchinchun] [           main] .h.t.s.s.SchemaManagementToolCoordinator : No schema actions specified for contributor `orm`; doing nothing
2025-05-28T20:57:58.088+02:00 DEBUG 2092 --- [wanchinchun] [           main] .h.t.s.s.SchemaManagementToolCoordinator : No actions found; doing nothing
2025-05-28T20:57:58.088+02:00 DEBUG 2092 --- [wanchinchun] [           main] o.h.internal.SessionFactoryRegistry      : Initializing SessionFactoryRegistry : org.hibernate.internal.SessionFactoryRegistry@13cc3984
2025-05-28T20:57:58.088+02:00 DEBUG 2092 --- [wanchinchun] [           main] o.h.internal.SessionFactoryRegistry      : Registering SessionFactory: 04050110-e806-46c0-90ec-728cf15bbb71 (<unnamed>)
2025-05-28T20:57:58.088+02:00 DEBUG 2092 --- [wanchinchun] [           main] o.h.internal.SessionFactoryRegistry      : Not binding SessionFactory to JNDI, no JNDI name configured
2025-05-28T20:57:58.088+02:00 DEBUG 2092 --- [wanchinchun] [           main] o.hibernate.internal.SessionFactoryImpl  : Instantiated SessionFactory
2025-05-28T20:57:58.090+02:00  INFO 2092 --- [wanchinchun] [           main] j.LocalContainerEntityManagerFactoryBean : Initialized JPA EntityManagerFactory for persistence unit 'default'
2025-05-28T20:57:58.094+02:00 DEBUG 2092 --- [wanchinchun] [           main] o.s.b.f.s.DefaultListableBeanFactory     : Creating shared instance of singleton bean 'wanchinchunApplication'
2025-05-28T20:57:58.095+02:00 DEBUG 2092 --- [wanchinchun] [           main] o.s.b.f.s.DefaultListableBeanFactory     : Creating shared instance of singleton bean 'categoryController'
2025-05-28T20:57:58.101+02:00 DEBUG 2092 --- [wanchinchun] [           main] o.s.b.f.s.DefaultListableBeanFactory     : Creating shared instance of singleton bean 'categoryServiceFactory'
2025-05-28T20:57:58.103+02:00 DEBUG 2092 --- [wanchinchun] [           main] o.s.b.f.s.DefaultListableBeanFactory     : Creating shared instance of singleton bean 'categoryService'
2025-05-28T20:57:58.103+02:00 DEBUG 2092 --- [wanchinchun] [           main] o.s.b.f.s.DefaultListableBeanFactory     : Creating shared instance of singleton bean 'categoryRepository'
2025-05-28T20:57:58.110+02:00 DEBUG 2092 --- [wanchinchun] [           main] o.s.b.f.s.DefaultListableBeanFactory     : Creating shared instance of singleton bean 'jpa.named-queries#1'
2025-05-28T20:57:58.113+02:00 DEBUG 2092 --- [wanchinchun] [           main] o.s.b.f.s.DefaultListableBeanFactory     : Creating shared instance of singleton bean 'jpa.CategoryRepository.fragments#0'
2025-05-28T20:57:58.118+02:00 DEBUG 2092 --- [wanchinchun] [           main] o.s.b.f.s.DefaultListableBeanFactory     : Creating shared instance of singleton bean 'jpaSharedEM_entityManagerFactory'
2025-05-28T20:57:58.151+02:00 DEBUG 2092 --- [wanchinchun] [           main] o.s.b.f.s.DefaultListableBeanFactory     : Creating shared instance of singleton bean 'jpaMappingContext'
2025-05-28T20:57:58.151+02:00 DEBUG 2092 --- [wanchinchun] [           main] .c.JpaMetamodelMappingContextFactoryBean : Initializing JpaMetamodelMappingContext…
2025-05-28T20:57:58.166+02:00 DEBUG 2092 --- [wanchinchun] [           main] .c.JpaMetamodelMappingContextFactoryBean : Finished initializing JpaMetamodelMappingContext
2025-05-28T20:57:58.194+02:00 DEBUG 2092 --- [wanchinchun] [           main] tor$SharedEntityManagerInvocationHandler : Creating new EntityManager for shared EntityManager invocation
2025-05-28T20:57:58.230+02:00 DEBUG 2092 --- [wanchinchun] [           main] o.h.stat.internal.StatisticsInitiator    : Statistics initialized [enabled=false]
2025-05-28T20:57:58.236+02:00 DEBUG 2092 --- [wanchinchun] [           main] tor$SharedEntityManagerInvocationHandler : Creating new EntityManager for shared EntityManager invocation
2025-05-28T20:57:58.301+02:00 DEBUG 2092 --- [wanchinchun] [           main] o.s.d.r.c.s.RepositoryFactorySupport     : Initializing repository instance for com.uma.wanchinchun.repositories.CategoryRepository…
2025-05-28T20:57:58.317+02:00 DEBUG 2092 --- [wanchinchun] [           main] tor$SharedEntityManagerInvocationHandler : Creating new EntityManager for shared EntityManager invocation
2025-05-28T20:57:58.376+02:00 DEBUG 2092 --- [wanchinchun] [           main] cResourceLocalTransactionCoordinatorImpl : JDBC transaction marked for rollback-only (exception provided for stack trace)

java.lang.Exception: exception just for purpose of providing stack trace
	at org.hibernate.resource.transaction.backend.jdbc.internal.JdbcResourceLocalTransactionCoordinatorImpl$TransactionDriverControlImpl.markRollbackOnly(JdbcResourceLocalTransactionCoordinatorImpl.java:309) ~[hibernate-core-6.6.11.Final.jar:6.6.11.Final]
	at org.hibernate.internal.AbstractSharedSessionContract.buildNamedQuery(AbstractSharedSessionContract.java:1141) ~[hibernate-core-6.6.11.Final.jar:6.6.11.Final]
	at org.hibernate.internal.AbstractSharedSessionContract.createNamedQuery(AbstractSharedSessionContract.java:1019) ~[hibernate-core-6.6.11.Final.jar:6.6.11.Final]
	at org.hibernate.internal.AbstractSharedSessionContract.createNamedQuery(AbstractSharedSessionContract.java:143) ~[hibernate-core-6.6.11.Final.jar:6.6.11.Final]
	at java.base/jdk.internal.reflect.DirectMethodHandleAccessor.invoke(DirectMethodHandleAccessor.java:103) ~[na:na]
	at java.base/java.lang.reflect.Method.invoke(Method.java:580) ~[na:na]
	at org.springframework.orm.jpa.ExtendedEntityManagerCreator$ExtendedEntityManagerInvocationHandler.invoke(ExtendedEntityManagerCreator.java:364) ~[spring-orm-6.2.5.jar:6.2.5]
	at jdk.proxy2/jdk.proxy2.$Proxy137.createNamedQuery(Unknown Source) ~[na:na]
	at org.springframework.data.jpa.repository.query.NamedQuery.hasNamedQuery(NamedQuery.java:114) ~[spring-data-jpa-3.4.4.jar:3.4.4]
	at org.springframework.data.jpa.repository.query.JpaQueryLookupStrategy$DeclaredQueryLookupStrategy.getCountQuery(JpaQueryLookupStrategy.java:208) ~[spring-data-jpa-3.4.4.jar:3.4.4]
	at org.springframework.data.jpa.repository.query.JpaQueryLookupStrategy$DeclaredQueryLookupStrategy.resolveQuery(JpaQueryLookupStrategy.java:175) ~[spring-data-jpa-3.4.4.jar:3.4.4]
	at org.springframework.data.jpa.repository.query.JpaQueryLookupStrategy$CreateIfNotFoundQueryLookupStrategy.resolveQuery(JpaQueryLookupStrategy.java:256) ~[spring-data-jpa-3.4.4.jar:3.4.4]
	at org.springframework.data.jpa.repository.query.JpaQueryLookupStrategy$AbstractQueryLookupStrategy.resolveQuery(JpaQueryLookupStrategy.java:99) ~[spring-data-jpa-3.4.4.jar:3.4.4]
	at org.springframework.data.repository.core.support.QueryExecutorMethodInterceptor.lookupQuery(QueryExecutorMethodInterceptor.java:116) ~[spring-data-commons-3.4.4.jar:3.4.4]
	at org.springframework.data.repository.core.support.QueryExecutorMethodInterceptor.mapMethodsToQuery(QueryExecutorMethodInterceptor.java:104) ~[spring-data-commons-3.4.4.jar:3.4.4]
	at org.springframework.data.repository.core.support.QueryExecutorMethodInterceptor.lambda$new$0(QueryExecutorMethodInterceptor.java:92) ~[spring-data-commons-3.4.4.jar:3.4.4]
	at java.base/java.util.Optional.map(Optional.java:260) ~[na:na]
	at org.springframework.data.repository.core.support.QueryExecutorMethodInterceptor.<init>(QueryExecutorMethodInterceptor.java:92) ~[spring-data-commons-3.4.4.jar:3.4.4]
	at org.springframework.data.repository.core.support.RepositoryFactorySupport.getRepository(RepositoryFactorySupport.java:431) ~[spring-data-commons-3.4.4.jar:3.4.4]
	at org.springframework.data.repository.core.support.RepositoryFactoryBeanSupport.lambda$afterPropertiesSet$4(RepositoryFactoryBeanSupport.java:350) ~[spring-data-commons-3.4.4.jar:3.4.4]
	at org.springframework.data.util.Lazy.getNullable(Lazy.java:135) ~[spring-data-commons-3.4.4.jar:3.4.4]
	at org.springframework.data.util.Lazy.get(Lazy.java:113) ~[spring-data-commons-3.4.4.jar:3.4.4]
	at org.springframework.data.repository.core.support.RepositoryFactoryBeanSupport.afterPropertiesSet(RepositoryFactoryBeanSupport.java:356) ~[spring-data-commons-3.4.4.jar:3.4.4]
	at org.springframework.data.jpa.repository.support.JpaRepositoryFactoryBean.afterPropertiesSet(JpaRepositoryFactoryBean.java:132) ~[spring-data-jpa-3.4.4.jar:3.4.4]
	at org.springframework.beans.factory.support.AbstractAutowireCapableBeanFactory.invokeInitMethods(AbstractAutowireCapableBeanFactory.java:1859) ~[spring-beans-6.2.5.jar:6.2.5]
	at org.springframework.beans.factory.support.AbstractAutowireCapableBeanFactory.initializeBean(AbstractAutowireCapableBeanFactory.java:1808) ~[spring-beans-6.2.5.jar:6.2.5]
	at org.springframework.beans.factory.support.AbstractAutowireCapableBeanFactory.doCreateBean(AbstractAutowireCapableBeanFactory.java:601) ~[spring-beans-6.2.5.jar:6.2.5]
	at org.springframework.beans.factory.support.AbstractAutowireCapableBeanFactory.createBean(AbstractAutowireCapableBeanFactory.java:523) ~[spring-beans-6.2.5.jar:6.2.5]
	at org.springframework.beans.factory.support.AbstractBeanFactory.lambda$doGetBean$0(AbstractBeanFactory.java:339) ~[spring-beans-6.2.5.jar:6.2.5]
	at org.springframework.beans.factory.support.DefaultSingletonBeanRegistry.getSingleton(DefaultSingletonBeanRegistry.java:347) ~[spring-beans-6.2.5.jar:6.2.5]
	at org.springframework.beans.factory.support.AbstractBeanFactory.doGetBean(AbstractBeanFactory.java:337) ~[spring-beans-6.2.5.jar:6.2.5]
	at org.springframework.beans.factory.support.AbstractBeanFactory.getBean(AbstractBeanFactory.java:202) ~[spring-beans-6.2.5.jar:6.2.5]
	at org.springframework.beans.factory.support.DefaultListableBeanFactory.doResolveDependency(DefaultListableBeanFactory.java:1609) ~[spring-beans-6.2.5.jar:6.2.5]
	at org.springframework.beans.factory.support.DefaultListableBeanFactory.resolveDependency(DefaultListableBeanFactory.java:1555) ~[spring-beans-6.2.5.jar:6.2.5]
	at org.springframework.beans.factory.support.ConstructorResolver.resolveAutowiredArgument(ConstructorResolver.java:913) ~[spring-beans-6.2.5.jar:6.2.5]
	at org.springframework.beans.factory.support.ConstructorResolver.createArgumentArray(ConstructorResolver.java:791) ~[spring-beans-6.2.5.jar:6.2.5]
	at org.springframework.beans.factory.support.ConstructorResolver.autowireConstructor(ConstructorResolver.java:240) ~[spring-beans-6.2.5.jar:6.2.5]
	at org.springframework.beans.factory.support.AbstractAutowireCapableBeanFactory.autowireConstructor(AbstractAutowireCapableBeanFactory.java:1381) ~[spring-beans-6.2.5.jar:6.2.5]
	at org.springframework.beans.factory.support.AbstractAutowireCapableBeanFactory.createBeanInstance(AbstractAutowireCapableBeanFactory.java:1218) ~[spring-beans-6.2.5.jar:6.2.5]
	at org.springframework.beans.factory.support.AbstractAutowireCapableBeanFactory.doCreateBean(AbstractAutowireCapableBeanFactory.java:563) ~[spring-beans-6.2.5.jar:6.2.5]
	at org.springframework.beans.factory.support.AbstractAutowireCapableBeanFactory.createBean(AbstractAutowireCapableBeanFactory.java:523) ~[spring-beans-6.2.5.jar:6.2.5]
	at org.springframework.beans.factory.support.AbstractBeanFactory.lambda$doGetBean$0(AbstractBeanFactory.java:339) ~[spring-beans-6.2.5.jar:6.2.5]
	at org.springframework.beans.factory.support.DefaultSingletonBeanRegistry.getSingleton(DefaultSingletonBeanRegistry.java:347) ~[spring-beans-6.2.5.jar:6.2.5]
	at org.springframework.beans.factory.support.AbstractBeanFactory.doGetBean(AbstractBeanFactory.java:337) ~[spring-beans-6.2.5.jar:6.2.5]
	at org.springframework.beans.factory.support.AbstractBeanFactory.getBean(AbstractBeanFactory.java:202) ~[spring-beans-6.2.5.jar:6.2.5]
	at org.springframework.beans.factory.config.DependencyDescriptor.resolveCandidate(DependencyDescriptor.java:254) ~[spring-beans-6.2.5.jar:6.2.5]
	at org.springframework.beans.factory.support.DefaultListableBeanFactory.addCandidateEntry(DefaultListableBeanFactory.java:1919) ~[spring-beans-6.2.5.jar:6.2.5]
	at org.springframework.beans.factory.support.DefaultListableBeanFactory.findAutowireCandidates(DefaultListableBeanFactory.java:1883) ~[spring-beans-6.2.5.jar:6.2.5]
	at org.springframework.beans.factory.support.DefaultListableBeanFactory.resolveMultipleBeanMap(DefaultListableBeanFactory.java:1805) ~[spring-beans-6.2.5.jar:6.2.5]
	at org.springframework.beans.factory.support.DefaultListableBeanFactory.resolveMultipleBeans(DefaultListableBeanFactory.java:1744) ~[spring-beans-6.2.5.jar:6.2.5]
	at org.springframework.beans.factory.support.DefaultListableBeanFactory.doResolveDependency(DefaultListableBeanFactory.java:1616) ~[spring-beans-6.2.5.jar:6.2.5]
	at org.springframework.beans.factory.support.DefaultListableBeanFactory.resolveDependency(DefaultListableBeanFactory.java:1555) ~[spring-beans-6.2.5.jar:6.2.5]
	at org.springframework.beans.factory.support.ConstructorResolver.resolveAutowiredArgument(ConstructorResolver.java:913) ~[spring-beans-6.2.5.jar:6.2.5]
	at org.springframework.beans.factory.support.ConstructorResolver.createArgumentArray(ConstructorResolver.java:791) ~[spring-beans-6.2.5.jar:6.2.5]
	at org.springframework.beans.factory.support.ConstructorResolver.autowireConstructor(ConstructorResolver.java:240) ~[spring-beans-6.2.5.jar:6.2.5]
	at org.springframework.beans.factory.support.AbstractAutowireCapableBeanFactory.autowireConstructor(AbstractAutowireCapableBeanFactory.java:1381) ~[spring-beans-6.2.5.jar:6.2.5]
	at org.springframework.beans.factory.support.AbstractAutowireCapableBeanFactory.createBeanInstance(AbstractAutowireCapableBeanFactory.java:1218) ~[spring-beans-6.2.5.jar:6.2.5]
	at org.springframework.beans.factory.support.AbstractAutowireCapableBeanFactory.doCreateBean(AbstractAutowireCapableBeanFactory.java:563) ~[spring-beans-6.2.5.jar:6.2.5]
	at org.springframework.beans.factory.support.AbstractAutowireCapableBeanFactory.createBean(AbstractAutowireCapableBeanFactory.java:523) ~[spring-beans-6.2.5.jar:6.2.5]
	at org.springframework.beans.factory.support.AbstractBeanFactory.lambda$doGetBean$0(AbstractBeanFactory.java:339) ~[spring-beans-6.2.5.jar:6.2.5]
	at org.springframework.beans.factory.support.DefaultSingletonBeanRegistry.getSingleton(DefaultSingletonBeanRegistry.java:347) ~[spring-beans-6.2.5.jar:6.2.5]
	at org.springframework.beans.factory.support.AbstractBeanFactory.doGetBean(AbstractBeanFactory.java:337) ~[spring-beans-6.2.5.jar:6.2.5]
	at org.springframework.beans.factory.support.AbstractBeanFactory.getBean(AbstractBeanFactory.java:202) ~[spring-beans-6.2.5.jar:6.2.5]
	at org.springframework.beans.factory.support.DefaultListableBeanFactory.doResolveDependency(DefaultListableBeanFactory.java:1609) ~[spring-beans-6.2.5.jar:6.2.5]
	at org.springframework.beans.factory.support.DefaultListableBeanFactory.resolveDependency(DefaultListableBeanFactory.java:1555) ~[spring-beans-6.2.5.jar:6.2.5]
	at org.springframework.beans.factory.support.ConstructorResolver.resolveAutowiredArgument(ConstructorResolver.java:913) ~[spring-beans-6.2.5.jar:6.2.5]
	at org.springframework.beans.factory.support.ConstructorResolver.createArgumentArray(ConstructorResolver.java:791) ~[spring-beans-6.2.5.jar:6.2.5]
	at org.springframework.beans.factory.support.ConstructorResolver.autowireConstructor(ConstructorResolver.java:240) ~[spring-beans-6.2.5.jar:6.2.5]
	at org.springframework.beans.factory.support.AbstractAutowireCapableBeanFactory.autowireConstructor(AbstractAutowireCapableBeanFactory.java:1381) ~[spring-beans-6.2.5.jar:6.2.5]
	at org.springframework.beans.factory.support.AbstractAutowireCapableBeanFactory.createBeanInstance(AbstractAutowireCapableBeanFactory.java:1218) ~[spring-beans-6.2.5.jar:6.2.5]
	at org.springframework.beans.factory.support.AbstractAutowireCapableBeanFactory.doCreateBean(AbstractAutowireCapableBeanFactory.java:563) ~[spring-beans-6.2.5.jar:6.2.5]
	at org.springframework.beans.factory.support.AbstractAutowireCapableBeanFactory.createBean(AbstractAutowireCapableBeanFactory.java:523) ~[spring-beans-6.2.5.jar:6.2.5]
	at org.springframework.beans.factory.support.AbstractBeanFactory.lambda$doGetBean$0(AbstractBeanFactory.java:339) ~[spring-beans-6.2.5.jar:6.2.5]
	at org.springframework.beans.factory.support.DefaultSingletonBeanRegistry.getSingleton(DefaultSingletonBeanRegistry.java:347) ~[spring-beans-6.2.5.jar:6.2.5]
	at org.springframework.beans.factory.support.AbstractBeanFactory.doGetBean(AbstractBeanFactory.java:337) ~[spring-beans-6.2.5.jar:6.2.5]
	at org.springframework.beans.factory.support.AbstractBeanFactory.getBean(AbstractBeanFactory.java:202) ~[spring-beans-6.2.5.jar:6.2.5]
	at org.springframework.beans.factory.support.DefaultListableBeanFactory.instantiateSingleton(DefaultListableBeanFactory.java:1155) ~[spring-beans-6.2.5.jar:6.2.5]
	at org.springframework.beans.factory.support.DefaultListableBeanFactory.preInstantiateSingleton(DefaultListableBeanFactory.java:1121) ~[spring-beans-6.2.5.jar:6.2.5]
	at org.springframework.beans.factory.support.DefaultListableBeanFactory.preInstantiateSingletons(DefaultListableBeanFactory.java:1056) ~[spring-beans-6.2.5.jar:6.2.5]
	at org.springframework.context.support.AbstractApplicationContext.finishBeanFactoryInitialization(AbstractApplicationContext.java:987) ~[spring-context-6.2.5.jar:6.2.5]
	at org.springframework.context.support.AbstractApplicationContext.refresh(AbstractApplicationContext.java:627) ~[spring-context-6.2.5.jar:6.2.5]
	at org.springframework.boot.web.servlet.context.ServletWebServerApplicationContext.refresh(ServletWebServerApplicationContext.java:146) ~[spring-boot-3.4.4.jar:3.4.4]
	at org.springframework.boot.SpringApplication.refresh(SpringApplication.java:752) ~[spring-boot-3.4.4.jar:3.4.4]
	at org.springframework.boot.SpringApplication.refreshContext(SpringApplication.java:439) ~[spring-boot-3.4.4.jar:3.4.4]
	at org.springframework.boot.SpringApplication.run(SpringApplication.java:318) ~[spring-boot-3.4.4.jar:3.4.4]
	at org.springframework.boot.test.context.SpringBootContextLoader.lambda$loadContext$3(SpringBootContextLoader.java:144) ~[spring-boot-test-3.4.4.jar:3.4.4]
	at org.springframework.util.function.ThrowingSupplier.get(ThrowingSupplier.java:58) ~[spring-core-6.2.5.jar:6.2.5]
	at org.springframework.util.function.ThrowingSupplier.get(ThrowingSupplier.java:46) ~[spring-core-6.2.5.jar:6.2.5]
	at org.springframework.boot.SpringApplication.withHook(SpringApplication.java:1461) ~[spring-boot-3.4.4.jar:3.4.4]
	at org.springframework.boot.test.context.SpringBootContextLoader$ContextLoaderHook.run(SpringBootContextLoader.java:563) ~[spring-boot-test-3.4.4.jar:3.4.4]
	at org.springframework.boot.test.context.SpringBootContextLoader.loadContext(SpringBootContextLoader.java:144) ~[spring-boot-test-3.4.4.jar:3.4.4]
	at org.springframework.boot.test.context.SpringBootContextLoader.loadContext(SpringBootContextLoader.java:110) ~[spring-boot-test-3.4.4.jar:3.4.4]
	at org.springframework.test.context.cache.DefaultCacheAwareContextLoaderDelegate.loadContextInternal(DefaultCacheAwareContextLoaderDelegate.java:225) ~[spring-test-6.2.5.jar:6.2.5]
	at org.springframework.test.context.cache.DefaultCacheAwareContextLoaderDelegate.loadContext(DefaultCacheAwareContextLoaderDelegate.java:152) ~[spring-test-6.2.5.jar:6.2.5]
	at org.springframework.test.context.support.DefaultTestContext.getApplicationContext(DefaultTestContext.java:130) ~[spring-test-6.2.5.jar:6.2.5]
	at org.springframework.test.context.support.DependencyInjectionTestExecutionListener.injectDependencies(DependencyInjectionTestExecutionListener.java:155) ~[spring-test-6.2.5.jar:6.2.5]
	at org.springframework.test.context.support.DependencyInjectionTestExecutionListener.prepareTestInstance(DependencyInjectionTestExecutionListener.java:111) ~[spring-test-6.2.5.jar:6.2.5]
	at org.springframework.test.context.TestContextManager.prepareTestInstance(TestContextManager.java:260) ~[spring-test-6.2.5.jar:6.2.5]
	at org.springframework.test.context.junit.jupiter.SpringExtension.postProcessTestInstance(SpringExtension.java:160) ~[spring-test-6.2.5.jar:6.2.5]
	at org.junit.jupiter.engine.descriptor.ClassBasedTestDescriptor.lambda$invokeTestInstancePostProcessors$11(ClassBasedTestDescriptor.java:378) ~[junit-jupiter-engine-5.11.4.jar:5.11.4]
	at org.junit.jupiter.engine.descriptor.ClassBasedTestDescriptor.executeAndMaskThrowable(ClassBasedTestDescriptor.java:383) ~[junit-jupiter-engine-5.11.4.jar:5.11.4]
	at org.junit.jupiter.engine.descriptor.ClassBasedTestDescriptor.lambda$invokeTestInstancePostProcessors$12(ClassBasedTestDescriptor.java:378) ~[junit-jupiter-engine-5.11.4.jar:5.11.4]
	at java.base/java.util.stream.ForEachOps$ForEachOp$OfRef.accept(ForEachOps.java:184) ~[na:na]
	at java.base/java.util.stream.ReferencePipeline$3$1.accept(ReferencePipeline.java:215) ~[na:na]
	at java.base/java.util.stream.ReferencePipeline$2$1.accept(ReferencePipeline.java:197) ~[na:na]
	at java.base/java.util.stream.ReferencePipeline$3$1.accept(ReferencePipeline.java:215) ~[na:na]
	at java.base/java.util.ArrayList$ArrayListSpliterator.forEachRemaining(ArrayList.java:1709) ~[na:na]
	at java.base/java.util.stream.AbstractPipeline.copyInto(AbstractPipeline.java:570) ~[na:na]
	at java.base/java.util.stream.AbstractPipeline.wrapAndCopyInto(AbstractPipeline.java:560) ~[na:na]
	at java.base/java.util.stream.ForEachOps$ForEachOp.evaluateSequential(ForEachOps.java:151) ~[na:na]
	at java.base/java.util.stream.ForEachOps$ForEachOp$OfRef.evaluateSequential(ForEachOps.java:174) ~[na:na]
	at java.base/java.util.stream.AbstractPipeline.evaluate(AbstractPipeline.java:265) ~[na:na]
	at java.base/java.util.stream.ReferencePipeline.forEach(ReferencePipeline.java:636) ~[na:na]
	at org.junit.jupiter.engine.descriptor.ClassBasedTestDescriptor.invokeTestInstancePostProcessors(ClassBasedTestDescriptor.java:377) ~[junit-jupiter-engine-5.11.4.jar:5.11.4]
	at org.junit.jupiter.engine.descriptor.ClassBasedTestDescriptor.lambda$instantiateAndPostProcessTestInstance$7(ClassBasedTestDescriptor.java:290) ~[junit-jupiter-engine-5.11.4.jar:5.11.4]
	at org.junit.platform.engine.support.hierarchical.ThrowableCollector.execute(ThrowableCollector.java:73) ~[junit-platform-engine-1.11.4.jar:1.11.4]
	at org.junit.jupiter.engine.descriptor.ClassBasedTestDescriptor.instantiateAndPostProcessTestInstance(ClassBasedTestDescriptor.java:289) ~[junit-jupiter-engine-5.11.4.jar:5.11.4]
	at org.junit.jupiter.engine.descriptor.ClassBasedTestDescriptor.lambda$testInstancesProvider$5(ClassBasedTestDescriptor.java:279) ~[junit-jupiter-engine-5.11.4.jar:5.11.4]
	at java.base/java.util.Optional.orElseGet(Optional.java:364) ~[na:na]
	at org.junit.jupiter.engine.descriptor.ClassBasedTestDescriptor.lambda$testInstancesProvider$6(ClassBasedTestDescriptor.java:278) ~[junit-jupiter-engine-5.11.4.jar:5.11.4]
	at org.junit.jupiter.engine.execution.TestInstancesProvider.getTestInstances(TestInstancesProvider.java:31) ~[junit-jupiter-engine-5.11.4.jar:5.11.4]
	at org.junit.jupiter.engine.descriptor.TestMethodTestDescriptor.lambda$prepare$1(TestMethodTestDescriptor.java:105) ~[junit-jupiter-engine-5.11.4.jar:5.11.4]
	at org.junit.platform.engine.support.hierarchical.ThrowableCollector.execute(ThrowableCollector.java:73) ~[junit-platform-engine-1.11.4.jar:1.11.4]
	at org.junit.jupiter.engine.descriptor.TestMethodTestDescriptor.prepare(TestMethodTestDescriptor.java:104) ~[junit-jupiter-engine-5.11.4.jar:5.11.4]
	at org.junit.jupiter.engine.descriptor.TestMethodTestDescriptor.prepare(TestMethodTestDescriptor.java:68) ~[junit-jupiter-engine-5.11.4.jar:5.11.4]
	at org.junit.platform.engine.support.hierarchical.NodeTestTask.lambda$prepare$2(NodeTestTask.java:128) ~[junit-platform-engine-1.11.4.jar:1.11.4]
	at org.junit.platform.engine.support.hierarchical.ThrowableCollector.execute(ThrowableCollector.java:73) ~[junit-platform-engine-1.11.4.jar:1.11.4]
	at org.junit.platform.engine.support.hierarchical.NodeTestTask.prepare(NodeTestTask.java:128) ~[junit-platform-engine-1.11.4.jar:1.11.4]
	at org.junit.platform.engine.support.hierarchical.NodeTestTask.execute(NodeTestTask.java:95) ~[junit-platform-engine-1.11.4.jar:1.11.4]
	at java.base/java.util.ArrayList.forEach(ArrayList.java:1597) ~[na:na]
	at org.junit.platform.engine.support.hierarchical.SameThreadHierarchicalTestExecutorService.invokeAll(SameThreadHierarchicalTestExecutorService.java:41) ~[junit-platform-engine-1.11.4.jar:1.11.4]
	at org.junit.platform.engine.support.hierarchical.NodeTestTask.lambda$executeRecursively$6(NodeTestTask.java:160) ~[junit-platform-engine-1.11.4.jar:1.11.4]
	at org.junit.platform.engine.support.hierarchical.ThrowableCollector.execute(ThrowableCollector.java:73) ~[junit-platform-engine-1.11.4.jar:1.11.4]
	at org.junit.platform.engine.support.hierarchical.NodeTestTask.lambda$executeRecursively$8(NodeTestTask.java:146) ~[junit-platform-engine-1.11.4.jar:1.11.4]
	at org.junit.platform.engine.support.hierarchical.Node.around(Node.java:137) ~[junit-platform-engine-1.11.4.jar:1.11.4]
	at org.junit.platform.engine.support.hierarchical.NodeTestTask.lambda$executeRecursively$9(NodeTestTask.java:144) ~[junit-platform-engine-1.11.4.jar:1.11.4]
	at org.junit.platform.engine.support.hierarchical.ThrowableCollector.execute(ThrowableCollector.java:73) ~[junit-platform-engine-1.11.4.jar:1.11.4]
	at org.junit.platform.engine.support.hierarchical.NodeTestTask.executeRecursively(NodeTestTask.java:143) ~[junit-platform-engine-1.11.4.jar:1.11.4]
	at org.junit.platform.engine.support.hierarchical.NodeTestTask.execute(NodeTestTask.java:100) ~[junit-platform-engine-1.11.4.jar:1.11.4]
	at java.base/java.util.ArrayList.forEach(ArrayList.java:1597) ~[na:na]
	at org.junit.platform.engine.support.hierarchical.SameThreadHierarchicalTestExecutorService.invokeAll(SameThreadHierarchicalTestExecutorService.java:41) ~[junit-platform-engine-1.11.4.jar:1.11.4]
	at org.junit.platform.engine.support.hierarchical.NodeTestTask.lambda$executeRecursively$6(NodeTestTask.java:160) ~[junit-platform-engine-1.11.4.jar:1.11.4]
	at org.junit.platform.engine.support.hierarchical.ThrowableCollector.execute(ThrowableCollector.java:73) ~[junit-platform-engine-1.11.4.jar:1.11.4]
	at org.junit.platform.engine.support.hierarchical.NodeTestTask.lambda$executeRecursively$8(NodeTestTask.java:146) ~[junit-platform-engine-1.11.4.jar:1.11.4]
	at org.junit.platform.engine.support.hierarchical.Node.around(Node.java:137) ~[junit-platform-engine-1.11.4.jar:1.11.4]
	at org.junit.platform.engine.support.hierarchical.NodeTestTask.lambda$executeRecursively$9(NodeTestTask.java:144) ~[junit-platform-engine-1.11.4.jar:1.11.4]
	at org.junit.platform.engine.support.hierarchical.ThrowableCollector.execute(ThrowableCollector.java:73) ~[junit-platform-engine-1.11.4.jar:1.11.4]
	at org.junit.platform.engine.support.hierarchical.NodeTestTask.executeRecursively(NodeTestTask.java:143) ~[junit-platform-engine-1.11.4.jar:1.11.4]
	at org.junit.platform.engine.support.hierarchical.NodeTestTask.execute(NodeTestTask.java:100) ~[junit-platform-engine-1.11.4.jar:1.11.4]
	at org.junit.platform.engine.support.hierarchical.SameThreadHierarchicalTestExecutorService.submit(SameThreadHierarchicalTestExecutorService.java:35) ~[junit-platform-engine-1.11.4.jar:1.11.4]
	at org.junit.platform.engine.support.hierarchical.HierarchicalTestExecutor.execute(HierarchicalTestExecutor.java:57) ~[junit-platform-engine-1.11.4.jar:1.11.4]
	at org.junit.platform.engine.support.hierarchical.HierarchicalTestEngine.execute(HierarchicalTestEngine.java:54) ~[junit-platform-engine-1.11.4.jar:1.11.4]
	at org.junit.platform.launcher.core.EngineExecutionOrchestrator.execute(EngineExecutionOrchestrator.java:198) ~[junit-platform-launcher-1.11.4.jar:1.11.4]
	at org.junit.platform.launcher.core.EngineExecutionOrchestrator.execute(EngineExecutionOrchestrator.java:169) ~[junit-platform-launcher-1.11.4.jar:1.11.4]
	at org.junit.platform.launcher.core.EngineExecutionOrchestrator.execute(EngineExecutionOrchestrator.java:93) ~[junit-platform-launcher-1.11.4.jar:1.11.4]
	at org.junit.platform.launcher.core.EngineExecutionOrchestrator.lambda$execute$0(EngineExecutionOrchestrator.java:58) ~[junit-platform-launcher-1.11.4.jar:1.11.4]
	at org.junit.platform.launcher.core.EngineExecutionOrchestrator.withInterceptedStreams(EngineExecutionOrchestrator.java:141) ~[junit-platform-launcher-1.11.4.jar:1.11.4]
	at org.junit.platform.launcher.core.EngineExecutionOrchestrator.execute(EngineExecutionOrchestrator.java:57) ~[junit-platform-launcher-1.11.4.jar:1.11.4]
	at org.junit.platform.launcher.core.DefaultLauncher.execute(DefaultLauncher.java:103) ~[junit-platform-launcher-1.11.4.jar:1.11.4]
	at org.junit.platform.launcher.core.DefaultLauncher.execute(DefaultLauncher.java:85) ~[junit-platform-launcher-1.11.4.jar:1.11.4]
	at org.junit.platform.launcher.core.DelegatingLauncher.execute(DelegatingLauncher.java:47) ~[junit-platform-launcher-1.11.4.jar:1.11.4]
	at org.apache.maven.surefire.junitplatform.LazyLauncher.execute(LazyLauncher.java:56) ~[surefire-junit-platform-3.5.2.jar:3.5.2]
	at org.apache.maven.surefire.junitplatform.JUnitPlatformProvider.execute(JUnitPlatformProvider.java:184) ~[surefire-junit-platform-3.5.2.jar:3.5.2]
	at org.apache.maven.surefire.junitplatform.JUnitPlatformProvider.invokeAllTests(JUnitPlatformProvider.java:148) ~[surefire-junit-platform-3.5.2.jar:3.5.2]
	at org.apache.maven.surefire.junitplatform.JUnitPlatformProvider.invoke(JUnitPlatformProvider.java:122) ~[surefire-junit-platform-3.5.2.jar:3.5.2]
	at org.apache.maven.surefire.booter.ForkedBooter.runSuitesInProcess(ForkedBooter.java:385) ~[surefire-booter-3.5.2.jar:3.5.2]
	at org.apache.maven.surefire.booter.ForkedBooter.execute(ForkedBooter.java:162) ~[surefire-booter-3.5.2.jar:3.5.2]
	at org.apache.maven.surefire.booter.ForkedBooter.run(ForkedBooter.java:507) ~[surefire-booter-3.5.2.jar:3.5.2]
	at org.apache.maven.surefire.booter.ForkedBooter.main(ForkedBooter.java:495) ~[surefire-booter-3.5.2.jar:3.5.2]

2025-05-28T20:57:58.382+02:00 DEBUG 2092 --- [wanchinchun] [           main] o.s.d.jpa.repository.query.NamedQuery    : Did not find named query Category.findByProductosId.count
2025-05-28T20:57:58.384+02:00 DEBUG 2092 --- [wanchinchun] [           main] tor$SharedEntityManagerInvocationHandler : Creating new EntityManager for shared EntityManager invocation
2025-05-28T20:57:58.401+02:00  INFO 2092 --- [wanchinchun] [           main] o.s.d.j.r.query.QueryEnhancerFactory     : Hibernate is in classpath; If applicable, HQL parser will be used.
2025-05-28T20:57:58.731+02:00 DEBUG 2092 --- [wanchinchun] [           main] org.hibernate.orm.query.hql              : HQL : SELECT DISTINCT c FROM Category c JOIN c.productos p WHERE p.id = :productId
2025-05-28T20:57:58.936+02:00 DEBUG 2092 --- [wanchinchun] [           main] o.h.o.q.hql.reservedWordAsIdentifier     : Encountered use of reserved word as identifier : =
2025-05-28T20:57:59.030+02:00 DEBUG 2092 --- [wanchinchun] [           main] org.hibernate.orm.query.sqm.creation     : Applying inferable type to SqmExpression [SqmNamedParameter(productId)] : null -> SqmBasicValuedSimplePath(com.uma.wanchinchun.models.Category(c).productos(p).{element}.id)
2025-05-28T20:57:59.039+02:00 DEBUG 2092 --- [wanchinchun] [           main] org.hibernate.orm.query.sqm.ast          : SqmStatement Tree :
    -> [select]
      -> [query-spec]
        -> [select(distinct)]
          -> [selection]
            -> [root] - `com.uma.wanchinchun.models.Category(c)`
              -> [joins]
                -> [attribute] - `com.uma.wanchinchun.models.Category(c).productos(p)`
                    [fetched = false]
                <- [attribute] - `com.uma.wanchinchun.models.Category(c).productos(p)`
              <- [joins]
            <- [root] - `com.uma.wanchinchun.models.Category(c)`
          <- [selection]
        <- [select(distinct)]
        -> [from]
          -> [root] - `com.uma.wanchinchun.models.Category(c)`
            -> [joins]
              -> [attribute] - `com.uma.wanchinchun.models.Category(c).productos(p)`
                  [fetched = false]
              <- [attribute] - `com.uma.wanchinchun.models.Category(c).productos(p)`
            <- [joins]
          <- [root] - `com.uma.wanchinchun.models.Category(c)`
        <- [from]
        -> [where]
          -> [EQUAL]
              -> [basic-path] - `com.uma.wanchinchun.models.Category(c).productos(p).{element}.id`
              :productId
          <- [EQUAL]
        <- [where]
      <- [query-spec]
    <- [select]

2025-05-28T20:57:59.073+02:00 DEBUG 2092 --- [wanchinchun] [           main] o.s.d.r.c.s.RepositoryFactorySupport     : Finished creation of repository instance for com.uma.wanchinchun.repositories.CategoryRepository.
2025-05-28T20:57:59.076+02:00 DEBUG 2092 --- [wanchinchun] [           main] o.s.b.f.s.DefaultListableBeanFactory     : Creating shared instance of singleton bean 'productRepository'
2025-05-28T20:57:59.079+02:00 DEBUG 2092 --- [wanchinchun] [           main] o.s.b.f.s.DefaultListableBeanFactory     : Creating shared instance of singleton bean 'jpa.named-queries#2'
2025-05-28T20:57:59.080+02:00 DEBUG 2092 --- [wanchinchun] [           main] o.s.b.f.s.DefaultListableBeanFactory     : Creating shared instance of singleton bean 'jpa.ProductRepository.fragments#0'
2025-05-28T20:57:59.081+02:00 DEBUG 2092 --- [wanchinchun] [           main] tor$SharedEntityManagerInvocationHandler : Creating new EntityManager for shared EntityManager invocation
2025-05-28T20:57:59.081+02:00 DEBUG 2092 --- [wanchinchun] [           main] o.s.d.r.c.s.RepositoryFactorySupport     : Initializing repository instance for com.uma.wanchinchun.repositories.ProductRepository…
2025-05-28T20:57:59.082+02:00 DEBUG 2092 --- [wanchinchun] [           main] tor$SharedEntityManagerInvocationHandler : Creating new EntityManager for shared EntityManager invocation
2025-05-28T20:57:59.087+02:00 DEBUG 2092 --- [wanchinchun] [           main] o.s.d.jpa.repository.query.NamedQuery    : Looking up named query 'Product.findByCategoriasNombre'
2025-05-28T20:57:59.087+02:00 DEBUG 2092 --- [wanchinchun] [           main] cResourceLocalTransactionCoordinatorImpl : JDBC transaction marked for rollback-only (exception provided for stack trace)

java.lang.Exception: exception just for purpose of providing stack trace
	at org.hibernate.resource.transaction.backend.jdbc.internal.JdbcResourceLocalTransactionCoordinatorImpl$TransactionDriverControlImpl.markRollbackOnly(JdbcResourceLocalTransactionCoordinatorImpl.java:309) ~[hibernate-core-6.6.11.Final.jar:6.6.11.Final]
	at org.hibernate.internal.AbstractSharedSessionContract.buildNamedQuery(AbstractSharedSessionContract.java:1141) ~[hibernate-core-6.6.11.Final.jar:6.6.11.Final]
	at org.hibernate.internal.AbstractSharedSessionContract.createNamedQuery(AbstractSharedSessionContract.java:1019) ~[hibernate-core-6.6.11.Final.jar:6.6.11.Final]
	at org.hibernate.internal.AbstractSharedSessionContract.createNamedQuery(AbstractSharedSessionContract.java:143) ~[hibernate-core-6.6.11.Final.jar:6.6.11.Final]
	at java.base/jdk.internal.reflect.DirectMethodHandleAccessor.invoke(DirectMethodHandleAccessor.java:103) ~[na:na]
	at java.base/java.lang.reflect.Method.invoke(Method.java:580) ~[na:na]
	at org.springframework.orm.jpa.ExtendedEntityManagerCreator$ExtendedEntityManagerInvocationHandler.invoke(ExtendedEntityManagerCreator.java:364) ~[spring-orm-6.2.5.jar:6.2.5]
	at jdk.proxy2/jdk.proxy2.$Proxy137.createNamedQuery(Unknown Source) ~[na:na]
	at org.springframework.data.jpa.repository.query.NamedQuery.hasNamedQuery(NamedQuery.java:114) ~[spring-data-jpa-3.4.4.jar:3.4.4]
	at org.springframework.data.jpa.repository.query.NamedQuery.lookupFrom(NamedQuery.java:140) ~[spring-data-jpa-3.4.4.jar:3.4.4]
	at org.springframework.data.jpa.repository.query.JpaQueryLookupStrategy$DeclaredQueryLookupStrategy.resolveQuery(JpaQueryLookupStrategy.java:184) ~[spring-data-jpa-3.4.4.jar:3.4.4]
	at org.springframework.data.jpa.repository.query.JpaQueryLookupStrategy$CreateIfNotFoundQueryLookupStrategy.resolveQuery(JpaQueryLookupStrategy.java:256) ~[spring-data-jpa-3.4.4.jar:3.4.4]
	at org.springframework.data.jpa.repository.query.JpaQueryLookupStrategy$AbstractQueryLookupStrategy.resolveQuery(JpaQueryLookupStrategy.java:99) ~[spring-data-jpa-3.4.4.jar:3.4.4]
	at org.springframework.data.repository.core.support.QueryExecutorMethodInterceptor.lookupQuery(QueryExecutorMethodInterceptor.java:116) ~[spring-data-commons-3.4.4.jar:3.4.4]
	at org.springframework.data.repository.core.support.QueryExecutorMethodInterceptor.mapMethodsToQuery(QueryExecutorMethodInterceptor.java:104) ~[spring-data-commons-3.4.4.jar:3.4.4]
	at org.springframework.data.repository.core.support.QueryExecutorMethodInterceptor.lambda$new$0(QueryExecutorMethodInterceptor.java:92) ~[spring-data-commons-3.4.4.jar:3.4.4]
	at java.base/java.util.Optional.map(Optional.java:260) ~[na:na]
	at org.springframework.data.repository.core.support.QueryExecutorMethodInterceptor.<init>(QueryExecutorMethodInterceptor.java:92) ~[spring-data-commons-3.4.4.jar:3.4.4]
	at org.springframework.data.repository.core.support.RepositoryFactorySupport.getRepository(RepositoryFactorySupport.java:431) ~[spring-data-commons-3.4.4.jar:3.4.4]
	at org.springframework.data.repository.core.support.RepositoryFactoryBeanSupport.lambda$afterPropertiesSet$4(RepositoryFactoryBeanSupport.java:350) ~[spring-data-commons-3.4.4.jar:3.4.4]
	at org.springframework.data.util.Lazy.getNullable(Lazy.java:135) ~[spring-data-commons-3.4.4.jar:3.4.4]
	at org.springframework.data.util.Lazy.get(Lazy.java:113) ~[spring-data-commons-3.4.4.jar:3.4.4]
	at org.springframework.data.repository.core.support.RepositoryFactoryBeanSupport.afterPropertiesSet(RepositoryFactoryBeanSupport.java:356) ~[spring-data-commons-3.4.4.jar:3.4.4]
	at org.springframework.data.jpa.repository.support.JpaRepositoryFactoryBean.afterPropertiesSet(JpaRepositoryFactoryBean.java:132) ~[spring-data-jpa-3.4.4.jar:3.4.4]
	at org.springframework.beans.factory.support.AbstractAutowireCapableBeanFactory.invokeInitMethods(AbstractAutowireCapableBeanFactory.java:1859) ~[spring-beans-6.2.5.jar:6.2.5]
	at org.springframework.beans.factory.support.AbstractAutowireCapableBeanFactory.initializeBean(AbstractAutowireCapableBeanFactory.java:1808) ~[spring-beans-6.2.5.jar:6.2.5]
	at org.springframework.beans.factory.support.AbstractAutowireCapableBeanFactory.doCreateBean(AbstractAutowireCapableBeanFactory.java:601) ~[spring-beans-6.2.5.jar:6.2.5]
	at org.springframework.beans.factory.support.AbstractAutowireCapableBeanFactory.createBean(AbstractAutowireCapableBeanFactory.java:523) ~[spring-beans-6.2.5.jar:6.2.5]
	at org.springframework.beans.factory.support.AbstractBeanFactory.lambda$doGetBean$0(AbstractBeanFactory.java:339) ~[spring-beans-6.2.5.jar:6.2.5]
	at org.springframework.beans.factory.support.DefaultSingletonBeanRegistry.getSingleton(DefaultSingletonBeanRegistry.java:347) ~[spring-beans-6.2.5.jar:6.2.5]
	at org.springframework.beans.factory.support.AbstractBeanFactory.doGetBean(AbstractBeanFactory.java:337) ~[spring-beans-6.2.5.jar:6.2.5]
	at org.springframework.beans.factory.support.AbstractBeanFactory.getBean(AbstractBeanFactory.java:202) ~[spring-beans-6.2.5.jar:6.2.5]
	at org.springframework.beans.factory.support.DefaultListableBeanFactory.doResolveDependency(DefaultListableBeanFactory.java:1609) ~[spring-beans-6.2.5.jar:6.2.5]
	at org.springframework.beans.factory.support.DefaultListableBeanFactory.resolveDependency(DefaultListableBeanFactory.java:1555) ~[spring-beans-6.2.5.jar:6.2.5]
	at org.springframework.beans.factory.support.ConstructorResolver.resolveAutowiredArgument(ConstructorResolver.java:913) ~[spring-beans-6.2.5.jar:6.2.5]
	at org.springframework.beans.factory.support.ConstructorResolver.createArgumentArray(ConstructorResolver.java:791) ~[spring-beans-6.2.5.jar:6.2.5]
	at org.springframework.beans.factory.support.ConstructorResolver.autowireConstructor(ConstructorResolver.java:240) ~[spring-beans-6.2.5.jar:6.2.5]
	at org.springframework.beans.factory.support.AbstractAutowireCapableBeanFactory.autowireConstructor(AbstractAutowireCapableBeanFactory.java:1381) ~[spring-beans-6.2.5.jar:6.2.5]
	at org.springframework.beans.factory.support.AbstractAutowireCapableBeanFactory.createBeanInstance(AbstractAutowireCapableBeanFactory.java:1218) ~[spring-beans-6.2.5.jar:6.2.5]
	at org.springframework.beans.factory.support.AbstractAutowireCapableBeanFactory.doCreateBean(AbstractAutowireCapableBeanFactory.java:563) ~[spring-beans-6.2.5.jar:6.2.5]
	at org.springframework.beans.factory.support.AbstractAutowireCapableBeanFactory.createBean(AbstractAutowireCapableBeanFactory.java:523) ~[spring-beans-6.2.5.jar:6.2.5]
	at org.springframework.beans.factory.support.AbstractBeanFactory.lambda$doGetBean$0(AbstractBeanFactory.java:339) ~[spring-beans-6.2.5.jar:6.2.5]
	at org.springframework.beans.factory.support.DefaultSingletonBeanRegistry.getSingleton(DefaultSingletonBeanRegistry.java:347) ~[spring-beans-6.2.5.jar:6.2.5]
	at org.springframework.beans.factory.support.AbstractBeanFactory.doGetBean(AbstractBeanFactory.java:337) ~[spring-beans-6.2.5.jar:6.2.5]
	at org.springframework.beans.factory.support.AbstractBeanFactory.getBean(AbstractBeanFactory.java:202) ~[spring-beans-6.2.5.jar:6.2.5]
	at org.springframework.beans.factory.config.DependencyDescriptor.resolveCandidate(DependencyDescriptor.java:254) ~[spring-beans-6.2.5.jar:6.2.5]
	at org.springframework.beans.factory.support.DefaultListableBeanFactory.addCandidateEntry(DefaultListableBeanFactory.java:1919) ~[spring-beans-6.2.5.jar:6.2.5]
	at org.springframework.beans.factory.support.DefaultListableBeanFactory.findAutowireCandidates(DefaultListableBeanFactory.java:1883) ~[spring-beans-6.2.5.jar:6.2.5]
	at org.springframework.beans.factory.support.DefaultListableBeanFactory.resolveMultipleBeanMap(DefaultListableBeanFactory.java:1805) ~[spring-beans-6.2.5.jar:6.2.5]
	at org.springframework.beans.factory.support.DefaultListableBeanFactory.resolveMultipleBeans(DefaultListableBeanFactory.java:1744) ~[spring-beans-6.2.5.jar:6.2.5]
	at org.springframework.beans.factory.support.DefaultListableBeanFactory.doResolveDependency(DefaultListableBeanFactory.java:1616) ~[spring-beans-6.2.5.jar:6.2.5]
	at org.springframework.beans.factory.support.DefaultListableBeanFactory.resolveDependency(DefaultListableBeanFactory.java:1555) ~[spring-beans-6.2.5.jar:6.2.5]
	at org.springframework.beans.factory.support.ConstructorResolver.resolveAutowiredArgument(ConstructorResolver.java:913) ~[spring-beans-6.2.5.jar:6.2.5]
	at org.springframework.beans.factory.support.ConstructorResolver.createArgumentArray(ConstructorResolver.java:791) ~[spring-beans-6.2.5.jar:6.2.5]
	at org.springframework.beans.factory.support.ConstructorResolver.autowireConstructor(ConstructorResolver.java:240) ~[spring-beans-6.2.5.jar:6.2.5]
	at org.springframework.beans.factory.support.AbstractAutowireCapableBeanFactory.autowireConstructor(AbstractAutowireCapableBeanFactory.java:1381) ~[spring-beans-6.2.5.jar:6.2.5]
	at org.springframework.beans.factory.support.AbstractAutowireCapableBeanFactory.createBeanInstance(AbstractAutowireCapableBeanFactory.java:1218) ~[spring-beans-6.2.5.jar:6.2.5]
	at org.springframework.beans.factory.support.AbstractAutowireCapableBeanFactory.doCreateBean(AbstractAutowireCapableBeanFactory.java:563) ~[spring-beans-6.2.5.jar:6.2.5]
	at org.springframework.beans.factory.support.AbstractAutowireCapableBeanFactory.createBean(AbstractAutowireCapableBeanFactory.java:523) ~[spring-beans-6.2.5.jar:6.2.5]
	at org.springframework.beans.factory.support.AbstractBeanFactory.lambda$doGetBean$0(AbstractBeanFactory.java:339) ~[spring-beans-6.2.5.jar:6.2.5]
	at org.springframework.beans.factory.support.DefaultSingletonBeanRegistry.getSingleton(DefaultSingletonBeanRegistry.java:347) ~[spring-beans-6.2.5.jar:6.2.5]
	at org.springframework.beans.factory.support.AbstractBeanFactory.doGetBean(AbstractBeanFactory.java:337) ~[spring-beans-6.2.5.jar:6.2.5]
	at org.springframework.beans.factory.support.AbstractBeanFactory.getBean(AbstractBeanFactory.java:202) ~[spring-beans-6.2.5.jar:6.2.5]
	at org.springframework.beans.factory.support.DefaultListableBeanFactory.doResolveDependency(DefaultListableBeanFactory.java:1609) ~[spring-beans-6.2.5.jar:6.2.5]
	at org.springframework.beans.factory.support.DefaultListableBeanFactory.resolveDependency(DefaultListableBeanFactory.java:1555) ~[spring-beans-6.2.5.jar:6.2.5]
	at org.springframework.beans.factory.support.ConstructorResolver.resolveAutowiredArgument(ConstructorResolver.java:913) ~[spring-beans-6.2.5.jar:6.2.5]
	at org.springframework.beans.factory.support.ConstructorResolver.createArgumentArray(ConstructorResolver.java:791) ~[spring-beans-6.2.5.jar:6.2.5]
	at org.springframework.beans.factory.support.ConstructorResolver.autowireConstructor(ConstructorResolver.java:240) ~[spring-beans-6.2.5.jar:6.2.5]
	at org.springframework.beans.factory.support.AbstractAutowireCapableBeanFactory.autowireConstructor(AbstractAutowireCapableBeanFactory.java:1381) ~[spring-beans-6.2.5.jar:6.2.5]
	at org.springframework.beans.factory.support.AbstractAutowireCapableBeanFactory.createBeanInstance(AbstractAutowireCapableBeanFactory.java:1218) ~[spring-beans-6.2.5.jar:6.2.5]
	at org.springframework.beans.factory.support.AbstractAutowireCapableBeanFactory.doCreateBean(AbstractAutowireCapableBeanFactory.java:563) ~[spring-beans-6.2.5.jar:6.2.5]
	at org.springframework.beans.factory.support.AbstractAutowireCapableBeanFactory.createBean(AbstractAutowireCapableBeanFactory.java:523) ~[spring-beans-6.2.5.jar:6.2.5]
	at org.springframework.beans.factory.support.AbstractBeanFactory.lambda$doGetBean$0(AbstractBeanFactory.java:339) ~[spring-beans-6.2.5.jar:6.2.5]
	at org.springframework.beans.factory.support.DefaultSingletonBeanRegistry.getSingleton(DefaultSingletonBeanRegistry.java:347) ~[spring-beans-6.2.5.jar:6.2.5]
	at org.springframework.beans.factory.support.AbstractBeanFactory.doGetBean(AbstractBeanFactory.java:337) ~[spring-beans-6.2.5.jar:6.2.5]
	at org.springframework.beans.factory.support.AbstractBeanFactory.getBean(AbstractBeanFactory.java:202) ~[spring-beans-6.2.5.jar:6.2.5]
	at org.springframework.beans.factory.support.DefaultListableBeanFactory.instantiateSingleton(DefaultListableBeanFactory.java:1155) ~[spring-beans-6.2.5.jar:6.2.5]
	at org.springframework.beans.factory.support.DefaultListableBeanFactory.preInstantiateSingleton(DefaultListableBeanFactory.java:1121) ~[spring-beans-6.2.5.jar:6.2.5]
	at org.springframework.beans.factory.support.DefaultListableBeanFactory.preInstantiateSingletons(DefaultListableBeanFactory.java:1056) ~[spring-beans-6.2.5.jar:6.2.5]
	at org.springframework.context.support.AbstractApplicationContext.finishBeanFactoryInitialization(AbstractApplicationContext.java:987) ~[spring-context-6.2.5.jar:6.2.5]
	at org.springframework.context.support.AbstractApplicationContext.refresh(AbstractApplicationContext.java:627) ~[spring-context-6.2.5.jar:6.2.5]
	at org.springframework.boot.web.servlet.context.ServletWebServerApplicationContext.refresh(ServletWebServerApplicationContext.java:146) ~[spring-boot-3.4.4.jar:3.4.4]
	at org.springframework.boot.SpringApplication.refresh(SpringApplication.java:752) ~[spring-boot-3.4.4.jar:3.4.4]
	at org.springframework.boot.SpringApplication.refreshContext(SpringApplication.java:439) ~[spring-boot-3.4.4.jar:3.4.4]
	at org.springframework.boot.SpringApplication.run(SpringApplication.java:318) ~[spring-boot-3.4.4.jar:3.4.4]
	at org.springframework.boot.test.context.SpringBootContextLoader.lambda$loadContext$3(SpringBootContextLoader.java:144) ~[spring-boot-test-3.4.4.jar:3.4.4]
	at org.springframework.util.function.ThrowingSupplier.get(ThrowingSupplier.java:58) ~[spring-core-6.2.5.jar:6.2.5]
	at org.springframework.util.function.ThrowingSupplier.get(ThrowingSupplier.java:46) ~[spring-core-6.2.5.jar:6.2.5]
	at org.springframework.boot.SpringApplication.withHook(SpringApplication.java:1461) ~[spring-boot-3.4.4.jar:3.4.4]
	at org.springframework.boot.test.context.SpringBootContextLoader$ContextLoaderHook.run(SpringBootContextLoader.java:563) ~[spring-boot-test-3.4.4.jar:3.4.4]
	at org.springframework.boot.test.context.SpringBootContextLoader.loadContext(SpringBootContextLoader.java:144) ~[spring-boot-test-3.4.4.jar:3.4.4]
	at org.springframework.boot.test.context.SpringBootContextLoader.loadContext(SpringBootContextLoader.java:110) ~[spring-boot-test-3.4.4.jar:3.4.4]
	at org.springframework.test.context.cache.DefaultCacheAwareContextLoaderDelegate.loadContextInternal(DefaultCacheAwareContextLoaderDelegate.java:225) ~[spring-test-6.2.5.jar:6.2.5]
	at org.springframework.test.context.cache.DefaultCacheAwareContextLoaderDelegate.loadContext(DefaultCacheAwareContextLoaderDelegate.java:152) ~[spring-test-6.2.5.jar:6.2.5]
	at org.springframework.test.context.support.DefaultTestContext.getApplicationContext(DefaultTestContext.java:130) ~[spring-test-6.2.5.jar:6.2.5]
	at org.springframework.test.context.support.DependencyInjectionTestExecutionListener.injectDependencies(DependencyInjectionTestExecutionListener.java:155) ~[spring-test-6.2.5.jar:6.2.5]
	at org.springframework.test.context.support.DependencyInjectionTestExecutionListener.prepareTestInstance(DependencyInjectionTestExecutionListener.java:111) ~[spring-test-6.2.5.jar:6.2.5]
	at org.springframework.test.context.TestContextManager.prepareTestInstance(TestContextManager.java:260) ~[spring-test-6.2.5.jar:6.2.5]
	at org.springframework.test.context.junit.jupiter.SpringExtension.postProcessTestInstance(SpringExtension.java:160) ~[spring-test-6.2.5.jar:6.2.5]
	at org.junit.jupiter.engine.descriptor.ClassBasedTestDescriptor.lambda$invokeTestInstancePostProcessors$11(ClassBasedTestDescriptor.java:378) ~[junit-jupiter-engine-5.11.4.jar:5.11.4]
	at org.junit.jupiter.engine.descriptor.ClassBasedTestDescriptor.executeAndMaskThrowable(ClassBasedTestDescriptor.java:383) ~[junit-jupiter-engine-5.11.4.jar:5.11.4]
	at org.junit.jupiter.engine.descriptor.ClassBasedTestDescriptor.lambda$invokeTestInstancePostProcessors$12(ClassBasedTestDescriptor.java:378) ~[junit-jupiter-engine-5.11.4.jar:5.11.4]
	at java.base/java.util.stream.ForEachOps$ForEachOp$OfRef.accept(ForEachOps.java:184) ~[na:na]
	at java.base/java.util.stream.ReferencePipeline$3$1.accept(ReferencePipeline.java:215) ~[na:na]
	at java.base/java.util.stream.ReferencePipeline$2$1.accept(ReferencePipeline.java:197) ~[na:na]
	at java.base/java.util.stream.ReferencePipeline$3$1.accept(ReferencePipeline.java:215) ~[na:na]
	at java.base/java.util.ArrayList$ArrayListSpliterator.forEachRemaining(ArrayList.java:1709) ~[na:na]
	at java.base/java.util.stream.AbstractPipeline.copyInto(AbstractPipeline.java:570) ~[na:na]
	at java.base/java.util.stream.AbstractPipeline.wrapAndCopyInto(AbstractPipeline.java:560) ~[na:na]
	at java.base/java.util.stream.ForEachOps$ForEachOp.evaluateSequential(ForEachOps.java:151) ~[na:na]
	at java.base/java.util.stream.ForEachOps$ForEachOp$OfRef.evaluateSequential(ForEachOps.java:174) ~[na:na]
	at java.base/java.util.stream.AbstractPipeline.evaluate(AbstractPipeline.java:265) ~[na:na]
	at java.base/java.util.stream.ReferencePipeline.forEach(ReferencePipeline.java:636) ~[na:na]
	at org.junit.jupiter.engine.descriptor.ClassBasedTestDescriptor.invokeTestInstancePostProcessors(ClassBasedTestDescriptor.java:377) ~[junit-jupiter-engine-5.11.4.jar:5.11.4]
	at org.junit.jupiter.engine.descriptor.ClassBasedTestDescriptor.lambda$instantiateAndPostProcessTestInstance$7(ClassBasedTestDescriptor.java:290) ~[junit-jupiter-engine-5.11.4.jar:5.11.4]
	at org.junit.platform.engine.support.hierarchical.ThrowableCollector.execute(ThrowableCollector.java:73) ~[junit-platform-engine-1.11.4.jar:1.11.4]
	at org.junit.jupiter.engine.descriptor.ClassBasedTestDescriptor.instantiateAndPostProcessTestInstance(ClassBasedTestDescriptor.java:289) ~[junit-jupiter-engine-5.11.4.jar:5.11.4]
	at org.junit.jupiter.engine.descriptor.ClassBasedTestDescriptor.lambda$testInstancesProvider$5(ClassBasedTestDescriptor.java:279) ~[junit-jupiter-engine-5.11.4.jar:5.11.4]
	at java.base/java.util.Optional.orElseGet(Optional.java:364) ~[na:na]
	at org.junit.jupiter.engine.descriptor.ClassBasedTestDescriptor.lambda$testInstancesProvider$6(ClassBasedTestDescriptor.java:278) ~[junit-jupiter-engine-5.11.4.jar:5.11.4]
	at org.junit.jupiter.engine.execution.TestInstancesProvider.getTestInstances(TestInstancesProvider.java:31) ~[junit-jupiter-engine-5.11.4.jar:5.11.4]
	at org.junit.jupiter.engine.descriptor.TestMethodTestDescriptor.lambda$prepare$1(TestMethodTestDescriptor.java:105) ~[junit-jupiter-engine-5.11.4.jar:5.11.4]
	at org.junit.platform.engine.support.hierarchical.ThrowableCollector.execute(ThrowableCollector.java:73) ~[junit-platform-engine-1.11.4.jar:1.11.4]
	at org.junit.jupiter.engine.descriptor.TestMethodTestDescriptor.prepare(TestMethodTestDescriptor.java:104) ~[junit-jupiter-engine-5.11.4.jar:5.11.4]
	at org.junit.jupiter.engine.descriptor.TestMethodTestDescriptor.prepare(TestMethodTestDescriptor.java:68) ~[junit-jupiter-engine-5.11.4.jar:5.11.4]
	at org.junit.platform.engine.support.hierarchical.NodeTestTask.lambda$prepare$2(NodeTestTask.java:128) ~[junit-platform-engine-1.11.4.jar:1.11.4]
	at org.junit.platform.engine.support.hierarchical.ThrowableCollector.execute(ThrowableCollector.java:73) ~[junit-platform-engine-1.11.4.jar:1.11.4]
	at org.junit.platform.engine.support.hierarchical.NodeTestTask.prepare(NodeTestTask.java:128) ~[junit-platform-engine-1.11.4.jar:1.11.4]
	at org.junit.platform.engine.support.hierarchical.NodeTestTask.execute(NodeTestTask.java:95) ~[junit-platform-engine-1.11.4.jar:1.11.4]
	at java.base/java.util.ArrayList.forEach(ArrayList.java:1597) ~[na:na]
	at org.junit.platform.engine.support.hierarchical.SameThreadHierarchicalTestExecutorService.invokeAll(SameThreadHierarchicalTestExecutorService.java:41) ~[junit-platform-engine-1.11.4.jar:1.11.4]
	at org.junit.platform.engine.support.hierarchical.NodeTestTask.lambda$executeRecursively$6(NodeTestTask.java:160) ~[junit-platform-engine-1.11.4.jar:1.11.4]
	at org.junit.platform.engine.support.hierarchical.ThrowableCollector.execute(ThrowableCollector.java:73) ~[junit-platform-engine-1.11.4.jar:1.11.4]
	at org.junit.platform.engine.support.hierarchical.NodeTestTask.lambda$executeRecursively$8(NodeTestTask.java:146) ~[junit-platform-engine-1.11.4.jar:1.11.4]
	at org.junit.platform.engine.support.hierarchical.Node.around(Node.java:137) ~[junit-platform-engine-1.11.4.jar:1.11.4]
	at org.junit.platform.engine.support.hierarchical.NodeTestTask.lambda$executeRecursively$9(NodeTestTask.java:144) ~[junit-platform-engine-1.11.4.jar:1.11.4]
	at org.junit.platform.engine.support.hierarchical.ThrowableCollector.execute(ThrowableCollector.java:73) ~[junit-platform-engine-1.11.4.jar:1.11.4]
	at org.junit.platform.engine.support.hierarchical.NodeTestTask.executeRecursively(NodeTestTask.java:143) ~[junit-platform-engine-1.11.4.jar:1.11.4]
	at org.junit.platform.engine.support.hierarchical.NodeTestTask.execute(NodeTestTask.java:100) ~[junit-platform-engine-1.11.4.jar:1.11.4]
	at java.base/java.util.ArrayList.forEach(ArrayList.java:1597) ~[na:na]
	at org.junit.platform.engine.support.hierarchical.SameThreadHierarchicalTestExecutorService.invokeAll(SameThreadHierarchicalTestExecutorService.java:41) ~[junit-platform-engine-1.11.4.jar:1.11.4]
	at org.junit.platform.engine.support.hierarchical.NodeTestTask.lambda$executeRecursively$6(NodeTestTask.java:160) ~[junit-platform-engine-1.11.4.jar:1.11.4]
	at org.junit.platform.engine.support.hierarchical.ThrowableCollector.execute(ThrowableCollector.java:73) ~[junit-platform-engine-1.11.4.jar:1.11.4]
	at org.junit.platform.engine.support.hierarchical.NodeTestTask.lambda$executeRecursively$8(NodeTestTask.java:146) ~[junit-platform-engine-1.11.4.jar:1.11.4]
	at org.junit.platform.engine.support.hierarchical.Node.around(Node.java:137) ~[junit-platform-engine-1.11.4.jar:1.11.4]
	at org.junit.platform.engine.support.hierarchical.NodeTestTask.lambda$executeRecursively$9(NodeTestTask.java:144) ~[junit-platform-engine-1.11.4.jar:1.11.4]
	at org.junit.platform.engine.support.hierarchical.ThrowableCollector.execute(ThrowableCollector.java:73) ~[junit-platform-engine-1.11.4.jar:1.11.4]
	at org.junit.platform.engine.support.hierarchical.NodeTestTask.executeRecursively(NodeTestTask.java:143) ~[junit-platform-engine-1.11.4.jar:1.11.4]
	at org.junit.platform.engine.support.hierarchical.NodeTestTask.execute(NodeTestTask.java:100) ~[junit-platform-engine-1.11.4.jar:1.11.4]
	at org.junit.platform.engine.support.hierarchical.SameThreadHierarchicalTestExecutorService.submit(SameThreadHierarchicalTestExecutorService.java:35) ~[junit-platform-engine-1.11.4.jar:1.11.4]
	at org.junit.platform.engine.support.hierarchical.HierarchicalTestExecutor.execute(HierarchicalTestExecutor.java:57) ~[junit-platform-engine-1.11.4.jar:1.11.4]
	at org.junit.platform.engine.support.hierarchical.HierarchicalTestEngine.execute(HierarchicalTestEngine.java:54) ~[junit-platform-engine-1.11.4.jar:1.11.4]
	at org.junit.platform.launcher.core.EngineExecutionOrchestrator.execute(EngineExecutionOrchestrator.java:198) ~[junit-platform-launcher-1.11.4.jar:1.11.4]
	at org.junit.platform.launcher.core.EngineExecutionOrchestrator.execute(EngineExecutionOrchestrator.java:169) ~[junit-platform-launcher-1.11.4.jar:1.11.4]
	at org.junit.platform.launcher.core.EngineExecutionOrchestrator.execute(EngineExecutionOrchestrator.java:93) ~[junit-platform-launcher-1.11.4.jar:1.11.4]
	at org.junit.platform.launcher.core.EngineExecutionOrchestrator.lambda$execute$0(EngineExecutionOrchestrator.java:58) ~[junit-platform-launcher-1.11.4.jar:1.11.4]
	at org.junit.platform.launcher.core.EngineExecutionOrchestrator.withInterceptedStreams(EngineExecutionOrchestrator.java:141) ~[junit-platform-launcher-1.11.4.jar:1.11.4]
	at org.junit.platform.launcher.core.EngineExecutionOrchestrator.execute(EngineExecutionOrchestrator.java:57) ~[junit-platform-launcher-1.11.4.jar:1.11.4]
	at org.junit.platform.launcher.core.DefaultLauncher.execute(DefaultLauncher.java:103) ~[junit-platform-launcher-1.11.4.jar:1.11.4]
	at org.junit.platform.launcher.core.DefaultLauncher.execute(DefaultLauncher.java:85) ~[junit-platform-launcher-1.11.4.jar:1.11.4]
	at org.junit.platform.launcher.core.DelegatingLauncher.execute(DelegatingLauncher.java:47) ~[junit-platform-launcher-1.11.4.jar:1.11.4]
	at org.apache.maven.surefire.junitplatform.LazyLauncher.execute(LazyLauncher.java:56) ~[surefire-junit-platform-3.5.2.jar:3.5.2]
	at org.apache.maven.surefire.junitplatform.JUnitPlatformProvider.execute(JUnitPlatformProvider.java:184) ~[surefire-junit-platform-3.5.2.jar:3.5.2]
	at org.apache.maven.surefire.junitplatform.JUnitPlatformProvider.invokeAllTests(JUnitPlatformProvider.java:148) ~[surefire-junit-platform-3.5.2.jar:3.5.2]
	at org.apache.maven.surefire.junitplatform.JUnitPlatformProvider.invoke(JUnitPlatformProvider.java:122) ~[surefire-junit-platform-3.5.2.jar:3.5.2]
	at org.apache.maven.surefire.booter.ForkedBooter.runSuitesInProcess(ForkedBooter.java:385) ~[surefire-booter-3.5.2.jar:3.5.2]
	at org.apache.maven.surefire.booter.ForkedBooter.execute(ForkedBooter.java:162) ~[surefire-booter-3.5.2.jar:3.5.2]
	at org.apache.maven.surefire.booter.ForkedBooter.run(ForkedBooter.java:507) ~[surefire-booter-3.5.2.jar:3.5.2]
	at org.apache.maven.surefire.booter.ForkedBooter.main(ForkedBooter.java:495) ~[surefire-booter-3.5.2.jar:3.5.2]

2025-05-28T20:57:59.089+02:00 DEBUG 2092 --- [wanchinchun] [           main] o.s.d.jpa.repository.query.NamedQuery    : Did not find named query Product.findByCategoriasNombre
2025-05-28T20:57:59.093+02:00 DEBUG 2092 --- [wanchinchun] [           main] tor$SharedEntityManagerInvocationHandler : Creating new EntityManager for shared EntityManager invocation
2025-05-28T20:57:59.117+02:00 DEBUG 2092 --- [wanchinchun] [           main] cResourceLocalTransactionCoordinatorImpl : JDBC transaction marked for rollback-only (exception provided for stack trace)

java.lang.Exception: exception just for purpose of providing stack trace
	at org.hibernate.resource.transaction.backend.jdbc.internal.JdbcResourceLocalTransactionCoordinatorImpl$TransactionDriverControlImpl.markRollbackOnly(JdbcResourceLocalTransactionCoordinatorImpl.java:309) ~[hibernate-core-6.6.11.Final.jar:6.6.11.Final]
	at org.hibernate.internal.AbstractSharedSessionContract.buildNamedQuery(AbstractSharedSessionContract.java:1141) ~[hibernate-core-6.6.11.Final.jar:6.6.11.Final]
	at org.hibernate.internal.AbstractSharedSessionContract.createNamedQuery(AbstractSharedSessionContract.java:1019) ~[hibernate-core-6.6.11.Final.jar:6.6.11.Final]
	at org.hibernate.internal.AbstractSharedSessionContract.createNamedQuery(AbstractSharedSessionContract.java:143) ~[hibernate-core-6.6.11.Final.jar:6.6.11.Final]
	at java.base/jdk.internal.reflect.DirectMethodHandleAccessor.invoke(DirectMethodHandleAccessor.java:103) ~[na:na]
	at java.base/java.lang.reflect.Method.invoke(Method.java:580) ~[na:na]
	at org.springframework.orm.jpa.ExtendedEntityManagerCreator$ExtendedEntityManagerInvocationHandler.invoke(ExtendedEntityManagerCreator.java:364) ~[spring-orm-6.2.5.jar:6.2.5]
	at jdk.proxy2/jdk.proxy2.$Proxy137.createNamedQuery(Unknown Source) ~[na:na]
	at org.springframework.data.jpa.repository.query.NamedQuery.hasNamedQuery(NamedQuery.java:114) ~[spring-data-jpa-3.4.4.jar:3.4.4]
	at org.springframework.data.jpa.repository.query.JpaQueryLookupStrategy$DeclaredQueryLookupStrategy.getCountQuery(JpaQueryLookupStrategy.java:208) ~[spring-data-jpa-3.4.4.jar:3.4.4]
	at org.springframework.data.jpa.repository.query.JpaQueryLookupStrategy$DeclaredQueryLookupStrategy.resolveQuery(JpaQueryLookupStrategy.java:175) ~[spring-data-jpa-3.4.4.jar:3.4.4]
	at org.springframework.data.jpa.repository.query.JpaQueryLookupStrategy$CreateIfNotFoundQueryLookupStrategy.resolveQuery(JpaQueryLookupStrategy.java:256) ~[spring-data-jpa-3.4.4.jar:3.4.4]
	at org.springframework.data.jpa.repository.query.JpaQueryLookupStrategy$AbstractQueryLookupStrategy.resolveQuery(JpaQueryLookupStrategy.java:99) ~[spring-data-jpa-3.4.4.jar:3.4.4]
	at org.springframework.data.repository.core.support.QueryExecutorMethodInterceptor.lookupQuery(QueryExecutorMethodInterceptor.java:116) ~[spring-data-commons-3.4.4.jar:3.4.4]
	at org.springframework.data.repository.core.support.QueryExecutorMethodInterceptor.mapMethodsToQuery(QueryExecutorMethodInterceptor.java:104) ~[spring-data-commons-3.4.4.jar:3.4.4]
	at org.springframework.data.repository.core.support.QueryExecutorMethodInterceptor.lambda$new$0(QueryExecutorMethodInterceptor.java:92) ~[spring-data-commons-3.4.4.jar:3.4.4]
	at java.base/java.util.Optional.map(Optional.java:260) ~[na:na]
	at org.springframework.data.repository.core.support.QueryExecutorMethodInterceptor.<init>(QueryExecutorMethodInterceptor.java:92) ~[spring-data-commons-3.4.4.jar:3.4.4]
	at org.springframework.data.repository.core.support.RepositoryFactorySupport.getRepository(RepositoryFactorySupport.java:431) ~[spring-data-commons-3.4.4.jar:3.4.4]
	at org.springframework.data.repository.core.support.RepositoryFactoryBeanSupport.lambda$afterPropertiesSet$4(RepositoryFactoryBeanSupport.java:350) ~[spring-data-commons-3.4.4.jar:3.4.4]
	at org.springframework.data.util.Lazy.getNullable(Lazy.java:135) ~[spring-data-commons-3.4.4.jar:3.4.4]
	at org.springframework.data.util.Lazy.get(Lazy.java:113) ~[spring-data-commons-3.4.4.jar:3.4.4]
	at org.springframework.data.repository.core.support.RepositoryFactoryBeanSupport.afterPropertiesSet(RepositoryFactoryBeanSupport.java:356) ~[spring-data-commons-3.4.4.jar:3.4.4]
	at org.springframework.data.jpa.repository.support.JpaRepositoryFactoryBean.afterPropertiesSet(JpaRepositoryFactoryBean.java:132) ~[spring-data-jpa-3.4.4.jar:3.4.4]
	at org.springframework.beans.factory.support.AbstractAutowireCapableBeanFactory.invokeInitMethods(AbstractAutowireCapableBeanFactory.java:1859) ~[spring-beans-6.2.5.jar:6.2.5]
	at org.springframework.beans.factory.support.AbstractAutowireCapableBeanFactory.initializeBean(AbstractAutowireCapableBeanFactory.java:1808) ~[spring-beans-6.2.5.jar:6.2.5]
	at org.springframework.beans.factory.support.AbstractAutowireCapableBeanFactory.doCreateBean(AbstractAutowireCapableBeanFactory.java:601) ~[spring-beans-6.2.5.jar:6.2.5]
	at org.springframework.beans.factory.support.AbstractAutowireCapableBeanFactory.createBean(AbstractAutowireCapableBeanFactory.java:523) ~[spring-beans-6.2.5.jar:6.2.5]
	at org.springframework.beans.factory.support.AbstractBeanFactory.lambda$doGetBean$0(AbstractBeanFactory.java:339) ~[spring-beans-6.2.5.jar:6.2.5]
	at org.springframework.beans.factory.support.DefaultSingletonBeanRegistry.getSingleton(DefaultSingletonBeanRegistry.java:347) ~[spring-beans-6.2.5.jar:6.2.5]
	at org.springframework.beans.factory.support.AbstractBeanFactory.doGetBean(AbstractBeanFactory.java:337) ~[spring-beans-6.2.5.jar:6.2.5]
	at org.springframework.beans.factory.support.AbstractBeanFactory.getBean(AbstractBeanFactory.java:202) ~[spring-beans-6.2.5.jar:6.2.5]
	at org.springframework.beans.factory.support.DefaultListableBeanFactory.doResolveDependency(DefaultListableBeanFactory.java:1609) ~[spring-beans-6.2.5.jar:6.2.5]
	at org.springframework.beans.factory.support.DefaultListableBeanFactory.resolveDependency(DefaultListableBeanFactory.java:1555) ~[spring-beans-6.2.5.jar:6.2.5]
	at org.springframework.beans.factory.support.ConstructorResolver.resolveAutowiredArgument(ConstructorResolver.java:913) ~[spring-beans-6.2.5.jar:6.2.5]
	at org.springframework.beans.factory.support.ConstructorResolver.createArgumentArray(ConstructorResolver.java:791) ~[spring-beans-6.2.5.jar:6.2.5]
	at org.springframework.beans.factory.support.ConstructorResolver.autowireConstructor(ConstructorResolver.java:240) ~[spring-beans-6.2.5.jar:6.2.5]
	at org.springframework.beans.factory.support.AbstractAutowireCapableBeanFactory.autowireConstructor(AbstractAutowireCapableBeanFactory.java:1381) ~[spring-beans-6.2.5.jar:6.2.5]
	at org.springframework.beans.factory.support.AbstractAutowireCapableBeanFactory.createBeanInstance(AbstractAutowireCapableBeanFactory.java:1218) ~[spring-beans-6.2.5.jar:6.2.5]
	at org.springframework.beans.factory.support.AbstractAutowireCapableBeanFactory.doCreateBean(AbstractAutowireCapableBeanFactory.java:563) ~[spring-beans-6.2.5.jar:6.2.5]
	at org.springframework.beans.factory.support.AbstractAutowireCapableBeanFactory.createBean(AbstractAutowireCapableBeanFactory.java:523) ~[spring-beans-6.2.5.jar:6.2.5]
	at org.springframework.beans.factory.support.AbstractBeanFactory.lambda$doGetBean$0(AbstractBeanFactory.java:339) ~[spring-beans-6.2.5.jar:6.2.5]
	at org.springframework.beans.factory.support.DefaultSingletonBeanRegistry.getSingleton(DefaultSingletonBeanRegistry.java:347) ~[spring-beans-6.2.5.jar:6.2.5]
	at org.springframework.beans.factory.support.AbstractBeanFactory.doGetBean(AbstractBeanFactory.java:337) ~[spring-beans-6.2.5.jar:6.2.5]
	at org.springframework.beans.factory.support.AbstractBeanFactory.getBean(AbstractBeanFactory.java:202) ~[spring-beans-6.2.5.jar:6.2.5]
	at org.springframework.beans.factory.config.DependencyDescriptor.resolveCandidate(DependencyDescriptor.java:254) ~[spring-beans-6.2.5.jar:6.2.5]
	at org.springframework.beans.factory.support.DefaultListableBeanFactory.addCandidateEntry(DefaultListableBeanFactory.java:1919) ~[spring-beans-6.2.5.jar:6.2.5]
	at org.springframework.beans.factory.support.DefaultListableBeanFactory.findAutowireCandidates(DefaultListableBeanFactory.java:1883) ~[spring-beans-6.2.5.jar:6.2.5]
	at org.springframework.beans.factory.support.DefaultListableBeanFactory.resolveMultipleBeanMap(DefaultListableBeanFactory.java:1805) ~[spring-beans-6.2.5.jar:6.2.5]
	at org.springframework.beans.factory.support.DefaultListableBeanFactory.resolveMultipleBeans(DefaultListableBeanFactory.java:1744) ~[spring-beans-6.2.5.jar:6.2.5]
	at org.springframework.beans.factory.support.DefaultListableBeanFactory.doResolveDependency(DefaultListableBeanFactory.java:1616) ~[spring-beans-6.2.5.jar:6.2.5]
	at org.springframework.beans.factory.support.DefaultListableBeanFactory.resolveDependency(DefaultListableBeanFactory.java:1555) ~[spring-beans-6.2.5.jar:6.2.5]
	at org.springframework.beans.factory.support.ConstructorResolver.resolveAutowiredArgument(ConstructorResolver.java:913) ~[spring-beans-6.2.5.jar:6.2.5]
	at org.springframework.beans.factory.support.ConstructorResolver.createArgumentArray(ConstructorResolver.java:791) ~[spring-beans-6.2.5.jar:6.2.5]
	at org.springframework.beans.factory.support.ConstructorResolver.autowireConstructor(ConstructorResolver.java:240) ~[spring-beans-6.2.5.jar:6.2.5]
	at org.springframework.beans.factory.support.AbstractAutowireCapableBeanFactory.autowireConstructor(AbstractAutowireCapableBeanFactory.java:1381) ~[spring-beans-6.2.5.jar:6.2.5]
	at org.springframework.beans.factory.support.AbstractAutowireCapableBeanFactory.createBeanInstance(AbstractAutowireCapableBeanFactory.java:1218) ~[spring-beans-6.2.5.jar:6.2.5]
	at org.springframework.beans.factory.support.AbstractAutowireCapableBeanFactory.doCreateBean(AbstractAutowireCapableBeanFactory.java:563) ~[spring-beans-6.2.5.jar:6.2.5]
	at org.springframework.beans.factory.support.AbstractAutowireCapableBeanFactory.createBean(AbstractAutowireCapableBeanFactory.java:523) ~[spring-beans-6.2.5.jar:6.2.5]
	at org.springframework.beans.factory.support.AbstractBeanFactory.lambda$doGetBean$0(AbstractBeanFactory.java:339) ~[spring-beans-6.2.5.jar:6.2.5]
	at org.springframework.beans.factory.support.DefaultSingletonBeanRegistry.getSingleton(DefaultSingletonBeanRegistry.java:347) ~[spring-beans-6.2.5.jar:6.2.5]
	at org.springframework.beans.factory.support.AbstractBeanFactory.doGetBean(AbstractBeanFactory.java:337) ~[spring-beans-6.2.5.jar:6.2.5]
	at org.springframework.beans.factory.support.AbstractBeanFactory.getBean(AbstractBeanFactory.java:202) ~[spring-beans-6.2.5.jar:6.2.5]
	at org.springframework.beans.factory.support.DefaultListableBeanFactory.doResolveDependency(DefaultListableBeanFactory.java:1609) ~[spring-beans-6.2.5.jar:6.2.5]
	at org.springframework.beans.factory.support.DefaultListableBeanFactory.resolveDependency(DefaultListableBeanFactory.java:1555) ~[spring-beans-6.2.5.jar:6.2.5]
	at org.springframework.beans.factory.support.ConstructorResolver.resolveAutowiredArgument(ConstructorResolver.java:913) ~[spring-beans-6.2.5.jar:6.2.5]
	at org.springframework.beans.factory.support.ConstructorResolver.createArgumentArray(ConstructorResolver.java:791) ~[spring-beans-6.2.5.jar:6.2.5]
	at org.springframework.beans.factory.support.ConstructorResolver.autowireConstructor(ConstructorResolver.java:240) ~[spring-beans-6.2.5.jar:6.2.5]
	at org.springframework.beans.factory.support.AbstractAutowireCapableBeanFactory.autowireConstructor(AbstractAutowireCapableBeanFactory.java:1381) ~[spring-beans-6.2.5.jar:6.2.5]
	at org.springframework.beans.factory.support.AbstractAutowireCapableBeanFactory.createBeanInstance(AbstractAutowireCapableBeanFactory.java:1218) ~[spring-beans-6.2.5.jar:6.2.5]
	at org.springframework.beans.factory.support.AbstractAutowireCapableBeanFactory.doCreateBean(AbstractAutowireCapableBeanFactory.java:563) ~[spring-beans-6.2.5.jar:6.2.5]
	at org.springframework.beans.factory.support.AbstractAutowireCapableBeanFactory.createBean(AbstractAutowireCapableBeanFactory.java:523) ~[spring-beans-6.2.5.jar:6.2.5]
	at org.springframework.beans.factory.support.AbstractBeanFactory.lambda$doGetBean$0(AbstractBeanFactory.java:339) ~[spring-beans-6.2.5.jar:6.2.5]
	at org.springframework.beans.factory.support.DefaultSingletonBeanRegistry.getSingleton(DefaultSingletonBeanRegistry.java:347) ~[spring-beans-6.2.5.jar:6.2.5]
	at org.springframework.beans.factory.support.AbstractBeanFactory.doGetBean(AbstractBeanFactory.java:337) ~[spring-beans-6.2.5.jar:6.2.5]
	at org.springframework.beans.factory.support.AbstractBeanFactory.getBean(AbstractBeanFactory.java:202) ~[spring-beans-6.2.5.jar:6.2.5]
	at org.springframework.beans.factory.support.DefaultListableBeanFactory.instantiateSingleton(DefaultListableBeanFactory.java:1155) ~[spring-beans-6.2.5.jar:6.2.5]
	at org.springframework.beans.factory.support.DefaultListableBeanFactory.preInstantiateSingleton(DefaultListableBeanFactory.java:1121) ~[spring-beans-6.2.5.jar:6.2.5]
	at org.springframework.beans.factory.support.DefaultListableBeanFactory.preInstantiateSingletons(DefaultListableBeanFactory.java:1056) ~[spring-beans-6.2.5.jar:6.2.5]
	at org.springframework.context.support.AbstractApplicationContext.finishBeanFactoryInitialization(AbstractApplicationContext.java:987) ~[spring-context-6.2.5.jar:6.2.5]
	at org.springframework.context.support.AbstractApplicationContext.refresh(AbstractApplicationContext.java:627) ~[spring-context-6.2.5.jar:6.2.5]
	at org.springframework.boot.web.servlet.context.ServletWebServerApplicationContext.refresh(ServletWebServerApplicationContext.java:146) ~[spring-boot-3.4.4.jar:3.4.4]
	at org.springframework.boot.SpringApplication.refresh(SpringApplication.java:752) ~[spring-boot-3.4.4.jar:3.4.4]
	at org.springframework.boot.SpringApplication.refreshContext(SpringApplication.java:439) ~[spring-boot-3.4.4.jar:3.4.4]
	at org.springframework.boot.SpringApplication.run(SpringApplication.java:318) ~[spring-boot-3.4.4.jar:3.4.4]
	at org.springframework.boot.test.context.SpringBootContextLoader.lambda$loadContext$3(SpringBootContextLoader.java:144) ~[spring-boot-test-3.4.4.jar:3.4.4]
	at org.springframework.util.function.ThrowingSupplier.get(ThrowingSupplier.java:58) ~[spring-core-6.2.5.jar:6.2.5]
	at org.springframework.util.function.ThrowingSupplier.get(ThrowingSupplier.java:46) ~[spring-core-6.2.5.jar:6.2.5]
	at org.springframework.boot.SpringApplication.withHook(SpringApplication.java:1461) ~[spring-boot-3.4.4.jar:3.4.4]
	at org.springframework.boot.test.context.SpringBootContextLoader$ContextLoaderHook.run(SpringBootContextLoader.java:563) ~[spring-boot-test-3.4.4.jar:3.4.4]
	at org.springframework.boot.test.context.SpringBootContextLoader.loadContext(SpringBootContextLoader.java:144) ~[spring-boot-test-3.4.4.jar:3.4.4]
	at org.springframework.boot.test.context.SpringBootContextLoader.loadContext(SpringBootContextLoader.java:110) ~[spring-boot-test-3.4.4.jar:3.4.4]
	at org.springframework.test.context.cache.DefaultCacheAwareContextLoaderDelegate.loadContextInternal(DefaultCacheAwareContextLoaderDelegate.java:225) ~[spring-test-6.2.5.jar:6.2.5]
	at org.springframework.test.context.cache.DefaultCacheAwareContextLoaderDelegate.loadContext(DefaultCacheAwareContextLoaderDelegate.java:152) ~[spring-test-6.2.5.jar:6.2.5]
	at org.springframework.test.context.support.DefaultTestContext.getApplicationContext(DefaultTestContext.java:130) ~[spring-test-6.2.5.jar:6.2.5]
	at org.springframework.test.context.support.DependencyInjectionTestExecutionListener.injectDependencies(DependencyInjectionTestExecutionListener.java:155) ~[spring-test-6.2.5.jar:6.2.5]
	at org.springframework.test.context.support.DependencyInjectionTestExecutionListener.prepareTestInstance(DependencyInjectionTestExecutionListener.java:111) ~[spring-test-6.2.5.jar:6.2.5]
	at org.springframework.test.context.TestContextManager.prepareTestInstance(TestContextManager.java:260) ~[spring-test-6.2.5.jar:6.2.5]
	at org.springframework.test.context.junit.jupiter.SpringExtension.postProcessTestInstance(SpringExtension.java:160) ~[spring-test-6.2.5.jar:6.2.5]
	at org.junit.jupiter.engine.descriptor.ClassBasedTestDescriptor.lambda$invokeTestInstancePostProcessors$11(ClassBasedTestDescriptor.java:378) ~[junit-jupiter-engine-5.11.4.jar:5.11.4]
	at org.junit.jupiter.engine.descriptor.ClassBasedTestDescriptor.executeAndMaskThrowable(ClassBasedTestDescriptor.java:383) ~[junit-jupiter-engine-5.11.4.jar:5.11.4]
	at org.junit.jupiter.engine.descriptor.ClassBasedTestDescriptor.lambda$invokeTestInstancePostProcessors$12(ClassBasedTestDescriptor.java:378) ~[junit-jupiter-engine-5.11.4.jar:5.11.4]
	at java.base/java.util.stream.ForEachOps$ForEachOp$OfRef.accept(ForEachOps.java:184) ~[na:na]
	at java.base/java.util.stream.ReferencePipeline$3$1.accept(ReferencePipeline.java:215) ~[na:na]
	at java.base/java.util.stream.ReferencePipeline$2$1.accept(ReferencePipeline.java:197) ~[na:na]
	at java.base/java.util.stream.ReferencePipeline$3$1.accept(ReferencePipeline.java:215) ~[na:na]
	at java.base/java.util.ArrayList$ArrayListSpliterator.forEachRemaining(ArrayList.java:1709) ~[na:na]
	at java.base/java.util.stream.AbstractPipeline.copyInto(AbstractPipeline.java:570) ~[na:na]
	at java.base/java.util.stream.AbstractPipeline.wrapAndCopyInto(AbstractPipeline.java:560) ~[na:na]
	at java.base/java.util.stream.ForEachOps$ForEachOp.evaluateSequential(ForEachOps.java:151) ~[na:na]
	at java.base/java.util.stream.ForEachOps$ForEachOp$OfRef.evaluateSequential(ForEachOps.java:174) ~[na:na]
	at java.base/java.util.stream.AbstractPipeline.evaluate(AbstractPipeline.java:265) ~[na:na]
	at java.base/java.util.stream.ReferencePipeline.forEach(ReferencePipeline.java:636) ~[na:na]
	at org.junit.jupiter.engine.descriptor.ClassBasedTestDescriptor.invokeTestInstancePostProcessors(ClassBasedTestDescriptor.java:377) ~[junit-jupiter-engine-5.11.4.jar:5.11.4]
	at org.junit.jupiter.engine.descriptor.ClassBasedTestDescriptor.lambda$instantiateAndPostProcessTestInstance$7(ClassBasedTestDescriptor.java:290) ~[junit-jupiter-engine-5.11.4.jar:5.11.4]
	at org.junit.platform.engine.support.hierarchical.ThrowableCollector.execute(ThrowableCollector.java:73) ~[junit-platform-engine-1.11.4.jar:1.11.4]
	at org.junit.jupiter.engine.descriptor.ClassBasedTestDescriptor.instantiateAndPostProcessTestInstance(ClassBasedTestDescriptor.java:289) ~[junit-jupiter-engine-5.11.4.jar:5.11.4]
	at org.junit.jupiter.engine.descriptor.ClassBasedTestDescriptor.lambda$testInstancesProvider$5(ClassBasedTestDescriptor.java:279) ~[junit-jupiter-engine-5.11.4.jar:5.11.4]
	at java.base/java.util.Optional.orElseGet(Optional.java:364) ~[na:na]
	at org.junit.jupiter.engine.descriptor.ClassBasedTestDescriptor.lambda$testInstancesProvider$6(ClassBasedTestDescriptor.java:278) ~[junit-jupiter-engine-5.11.4.jar:5.11.4]
	at org.junit.jupiter.engine.execution.TestInstancesProvider.getTestInstances(TestInstancesProvider.java:31) ~[junit-jupiter-engine-5.11.4.jar:5.11.4]
	at org.junit.jupiter.engine.descriptor.TestMethodTestDescriptor.lambda$prepare$1(TestMethodTestDescriptor.java:105) ~[junit-jupiter-engine-5.11.4.jar:5.11.4]
	at org.junit.platform.engine.support.hierarchical.ThrowableCollector.execute(ThrowableCollector.java:73) ~[junit-platform-engine-1.11.4.jar:1.11.4]
	at org.junit.jupiter.engine.descriptor.TestMethodTestDescriptor.prepare(TestMethodTestDescriptor.java:104) ~[junit-jupiter-engine-5.11.4.jar:5.11.4]
	at org.junit.jupiter.engine.descriptor.TestMethodTestDescriptor.prepare(TestMethodTestDescriptor.java:68) ~[junit-jupiter-engine-5.11.4.jar:5.11.4]
	at org.junit.platform.engine.support.hierarchical.NodeTestTask.lambda$prepare$2(NodeTestTask.java:128) ~[junit-platform-engine-1.11.4.jar:1.11.4]
	at org.junit.platform.engine.support.hierarchical.ThrowableCollector.execute(ThrowableCollector.java:73) ~[junit-platform-engine-1.11.4.jar:1.11.4]
	at org.junit.platform.engine.support.hierarchical.NodeTestTask.prepare(NodeTestTask.java:128) ~[junit-platform-engine-1.11.4.jar:1.11.4]
	at org.junit.platform.engine.support.hierarchical.NodeTestTask.execute(NodeTestTask.java:95) ~[junit-platform-engine-1.11.4.jar:1.11.4]
	at java.base/java.util.ArrayList.forEach(ArrayList.java:1597) ~[na:na]
	at org.junit.platform.engine.support.hierarchical.SameThreadHierarchicalTestExecutorService.invokeAll(SameThreadHierarchicalTestExecutorService.java:41) ~[junit-platform-engine-1.11.4.jar:1.11.4]
	at org.junit.platform.engine.support.hierarchical.NodeTestTask.lambda$executeRecursively$6(NodeTestTask.java:160) ~[junit-platform-engine-1.11.4.jar:1.11.4]
	at org.junit.platform.engine.support.hierarchical.ThrowableCollector.execute(ThrowableCollector.java:73) ~[junit-platform-engine-1.11.4.jar:1.11.4]
	at org.junit.platform.engine.support.hierarchical.NodeTestTask.lambda$executeRecursively$8(NodeTestTask.java:146) ~[junit-platform-engine-1.11.4.jar:1.11.4]
	at org.junit.platform.engine.support.hierarchical.Node.around(Node.java:137) ~[junit-platform-engine-1.11.4.jar:1.11.4]
	at org.junit.platform.engine.support.hierarchical.NodeTestTask.lambda$executeRecursively$9(NodeTestTask.java:144) ~[junit-platform-engine-1.11.4.jar:1.11.4]
	at org.junit.platform.engine.support.hierarchical.ThrowableCollector.execute(ThrowableCollector.java:73) ~[junit-platform-engine-1.11.4.jar:1.11.4]
	at org.junit.platform.engine.support.hierarchical.NodeTestTask.executeRecursively(NodeTestTask.java:143) ~[junit-platform-engine-1.11.4.jar:1.11.4]
	at org.junit.platform.engine.support.hierarchical.NodeTestTask.execute(NodeTestTask.java:100) ~[junit-platform-engine-1.11.4.jar:1.11.4]
	at java.base/java.util.ArrayList.forEach(ArrayList.java:1597) ~[na:na]
	at org.junit.platform.engine.support.hierarchical.SameThreadHierarchicalTestExecutorService.invokeAll(SameThreadHierarchicalTestExecutorService.java:41) ~[junit-platform-engine-1.11.4.jar:1.11.4]
	at org.junit.platform.engine.support.hierarchical.NodeTestTask.lambda$executeRecursively$6(NodeTestTask.java:160) ~[junit-platform-engine-1.11.4.jar:1.11.4]
	at org.junit.platform.engine.support.hierarchical.ThrowableCollector.execute(ThrowableCollector.java:73) ~[junit-platform-engine-1.11.4.jar:1.11.4]
	at org.junit.platform.engine.support.hierarchical.NodeTestTask.lambda$executeRecursively$8(NodeTestTask.java:146) ~[junit-platform-engine-1.11.4.jar:1.11.4]
	at org.junit.platform.engine.support.hierarchical.Node.around(Node.java:137) ~[junit-platform-engine-1.11.4.jar:1.11.4]
	at org.junit.platform.engine.support.hierarchical.NodeTestTask.lambda$executeRecursively$9(NodeTestTask.java:144) ~[junit-platform-engine-1.11.4.jar:1.11.4]
	at org.junit.platform.engine.support.hierarchical.ThrowableCollector.execute(ThrowableCollector.java:73) ~[junit-platform-engine-1.11.4.jar:1.11.4]
	at org.junit.platform.engine.support.hierarchical.NodeTestTask.executeRecursively(NodeTestTask.java:143) ~[junit-platform-engine-1.11.4.jar:1.11.4]
	at org.junit.platform.engine.support.hierarchical.NodeTestTask.execute(NodeTestTask.java:100) ~[junit-platform-engine-1.11.4.jar:1.11.4]
	at org.junit.platform.engine.support.hierarchical.SameThreadHierarchicalTestExecutorService.submit(SameThreadHierarchicalTestExecutorService.java:35) ~[junit-platform-engine-1.11.4.jar:1.11.4]
	at org.junit.platform.engine.support.hierarchical.HierarchicalTestExecutor.execute(HierarchicalTestExecutor.java:57) ~[junit-platform-engine-1.11.4.jar:1.11.4]
	at org.junit.platform.engine.support.hierarchical.HierarchicalTestEngine.execute(HierarchicalTestEngine.java:54) ~[junit-platform-engine-1.11.4.jar:1.11.4]
	at org.junit.platform.launcher.core.EngineExecutionOrchestrator.execute(EngineExecutionOrchestrator.java:198) ~[junit-platform-launcher-1.11.4.jar:1.11.4]
	at org.junit.platform.launcher.core.EngineExecutionOrchestrator.execute(EngineExecutionOrchestrator.java:169) ~[junit-platform-launcher-1.11.4.jar:1.11.4]
	at org.junit.platform.launcher.core.EngineExecutionOrchestrator.execute(EngineExecutionOrchestrator.java:93) ~[junit-platform-launcher-1.11.4.jar:1.11.4]
	at org.junit.platform.launcher.core.EngineExecutionOrchestrator.lambda$execute$0(EngineExecutionOrchestrator.java:58) ~[junit-platform-launcher-1.11.4.jar:1.11.4]
	at org.junit.platform.launcher.core.EngineExecutionOrchestrator.withInterceptedStreams(EngineExecutionOrchestrator.java:141) ~[junit-platform-launcher-1.11.4.jar:1.11.4]
	at org.junit.platform.launcher.core.EngineExecutionOrchestrator.execute(EngineExecutionOrchestrator.java:57) ~[junit-platform-launcher-1.11.4.jar:1.11.4]
	at org.junit.platform.launcher.core.DefaultLauncher.execute(DefaultLauncher.java:103) ~[junit-platform-launcher-1.11.4.jar:1.11.4]
	at org.junit.platform.launcher.core.DefaultLauncher.execute(DefaultLauncher.java:85) ~[junit-platform-launcher-1.11.4.jar:1.11.4]
	at org.junit.platform.launcher.core.DelegatingLauncher.execute(DelegatingLauncher.java:47) ~[junit-platform-launcher-1.11.4.jar:1.11.4]
	at org.apache.maven.surefire.junitplatform.LazyLauncher.execute(LazyLauncher.java:56) ~[surefire-junit-platform-3.5.2.jar:3.5.2]
	at org.apache.maven.surefire.junitplatform.JUnitPlatformProvider.execute(JUnitPlatformProvider.java:184) ~[surefire-junit-platform-3.5.2.jar:3.5.2]
	at org.apache.maven.surefire.junitplatform.JUnitPlatformProvider.invokeAllTests(JUnitPlatformProvider.java:148) ~[surefire-junit-platform-3.5.2.jar:3.5.2]
	at org.apache.maven.surefire.junitplatform.JUnitPlatformProvider.invoke(JUnitPlatformProvider.java:122) ~[surefire-junit-platform-3.5.2.jar:3.5.2]
	at org.apache.maven.surefire.booter.ForkedBooter.runSuitesInProcess(ForkedBooter.java:385) ~[surefire-booter-3.5.2.jar:3.5.2]
	at org.apache.maven.surefire.booter.ForkedBooter.execute(ForkedBooter.java:162) ~[surefire-booter-3.5.2.jar:3.5.2]
	at org.apache.maven.surefire.booter.ForkedBooter.run(ForkedBooter.java:507) ~[surefire-booter-3.5.2.jar:3.5.2]
	at org.apache.maven.surefire.booter.ForkedBooter.main(ForkedBooter.java:495) ~[surefire-booter-3.5.2.jar:3.5.2]

2025-05-28T20:57:59.119+02:00 DEBUG 2092 --- [wanchinchun] [           main] o.s.d.jpa.repository.query.NamedQuery    : Did not find named query Product.countProductsOwnedByAccount.count
2025-05-28T20:57:59.120+02:00 DEBUG 2092 --- [wanchinchun] [           main] tor$SharedEntityManagerInvocationHandler : Creating new EntityManager for shared EntityManager invocation
2025-05-28T20:57:59.138+02:00 DEBUG 2092 --- [wanchinchun] [           main] org.hibernate.orm.query.hql              : HQL : SELECT COUNT(p) FROM Product p WHERE p.idCuenta = :idCuenta
2025-05-28T20:57:59.163+02:00 DEBUG 2092 --- [wanchinchun] [           main] o.h.o.q.hql.reservedWordAsIdentifier     : Encountered use of reserved word as identifier : (
2025-05-28T20:57:59.172+02:00 DEBUG 2092 --- [wanchinchun] [           main] org.hibernate.orm.query.sqm.creation     : Applying inferable type to SqmExpression [SqmNamedParameter(idCuenta)] : null -> SqmBasicValuedSimplePath(com.uma.wanchinchun.models.Product(p).idCuenta)
2025-05-28T20:57:59.174+02:00 DEBUG 2092 --- [wanchinchun] [           main] org.hibernate.orm.query.sqm.ast          : SqmStatement Tree :
    -> [select]
      -> [query-spec]
        -> [select]
          -> [selection]
          <- [selection]
        <- [select]
        -> [from]
          -> [root] - `com.uma.wanchinchun.models.Product(p)`
          <- [root] - `com.uma.wanchinchun.models.Product(p)`
        <- [from]
        -> [where]
          -> [EQUAL]
              -> [basic-path] - `com.uma.wanchinchun.models.Product(p).idCuenta`
              :idCuenta
          <- [EQUAL]
        <- [where]
      <- [query-spec]
    <- [select]

2025-05-28T20:57:59.176+02:00 DEBUG 2092 --- [wanchinchun] [           main] o.s.d.jpa.repository.query.NamedQuery    : Looking up named query 'Product.findByCategoriasId'
2025-05-28T20:57:59.176+02:00 DEBUG 2092 --- [wanchinchun] [           main] cResourceLocalTransactionCoordinatorImpl : JDBC transaction marked for rollback-only (exception provided for stack trace)

java.lang.Exception: exception just for purpose of providing stack trace
	at org.hibernate.resource.transaction.backend.jdbc.internal.JdbcResourceLocalTransactionCoordinatorImpl$TransactionDriverControlImpl.markRollbackOnly(JdbcResourceLocalTransactionCoordinatorImpl.java:309) ~[hibernate-core-6.6.11.Final.jar:6.6.11.Final]
	at org.hibernate.internal.AbstractSharedSessionContract.buildNamedQuery(AbstractSharedSessionContract.java:1141) ~[hibernate-core-6.6.11.Final.jar:6.6.11.Final]
	at org.hibernate.internal.AbstractSharedSessionContract.createNamedQuery(AbstractSharedSessionContract.java:1019) ~[hibernate-core-6.6.11.Final.jar:6.6.11.Final]
	at org.hibernate.internal.AbstractSharedSessionContract.createNamedQuery(AbstractSharedSessionContract.java:143) ~[hibernate-core-6.6.11.Final.jar:6.6.11.Final]
	at java.base/jdk.internal.reflect.DirectMethodHandleAccessor.invoke(DirectMethodHandleAccessor.java:103) ~[na:na]
	at java.base/java.lang.reflect.Method.invoke(Method.java:580) ~[na:na]
	at org.springframework.orm.jpa.ExtendedEntityManagerCreator$ExtendedEntityManagerInvocationHandler.invoke(ExtendedEntityManagerCreator.java:364) ~[spring-orm-6.2.5.jar:6.2.5]
	at jdk.proxy2/jdk.proxy2.$Proxy137.createNamedQuery(Unknown Source) ~[na:na]
	at org.springframework.data.jpa.repository.query.NamedQuery.hasNamedQuery(NamedQuery.java:114) ~[spring-data-jpa-3.4.4.jar:3.4.4]
	at org.springframework.data.jpa.repository.query.NamedQuery.lookupFrom(NamedQuery.java:140) ~[spring-data-jpa-3.4.4.jar:3.4.4]
	at org.springframework.data.jpa.repository.query.JpaQueryLookupStrategy$DeclaredQueryLookupStrategy.resolveQuery(JpaQueryLookupStrategy.java:184) ~[spring-data-jpa-3.4.4.jar:3.4.4]
	at org.springframework.data.jpa.repository.query.JpaQueryLookupStrategy$CreateIfNotFoundQueryLookupStrategy.resolveQuery(JpaQueryLookupStrategy.java:256) ~[spring-data-jpa-3.4.4.jar:3.4.4]
	at org.springframework.data.jpa.repository.query.JpaQueryLookupStrategy$AbstractQueryLookupStrategy.resolveQuery(JpaQueryLookupStrategy.java:99) ~[spring-data-jpa-3.4.4.jar:3.4.4]
	at org.springframework.data.repository.core.support.QueryExecutorMethodInterceptor.lookupQuery(QueryExecutorMethodInterceptor.java:116) ~[spring-data-commons-3.4.4.jar:3.4.4]
	at org.springframework.data.repository.core.support.QueryExecutorMethodInterceptor.mapMethodsToQuery(QueryExecutorMethodInterceptor.java:104) ~[spring-data-commons-3.4.4.jar:3.4.4]
	at org.springframework.data.repository.core.support.QueryExecutorMethodInterceptor.lambda$new$0(QueryExecutorMethodInterceptor.java:92) ~[spring-data-commons-3.4.4.jar:3.4.4]
	at java.base/java.util.Optional.map(Optional.java:260) ~[na:na]
	at org.springframework.data.repository.core.support.QueryExecutorMethodInterceptor.<init>(QueryExecutorMethodInterceptor.java:92) ~[spring-data-commons-3.4.4.jar:3.4.4]
	at org.springframework.data.repository.core.support.RepositoryFactorySupport.getRepository(RepositoryFactorySupport.java:431) ~[spring-data-commons-3.4.4.jar:3.4.4]
	at org.springframework.data.repository.core.support.RepositoryFactoryBeanSupport.lambda$afterPropertiesSet$4(RepositoryFactoryBeanSupport.java:350) ~[spring-data-commons-3.4.4.jar:3.4.4]
	at org.springframework.data.util.Lazy.getNullable(Lazy.java:135) ~[spring-data-commons-3.4.4.jar:3.4.4]
	at org.springframework.data.util.Lazy.get(Lazy.java:113) ~[spring-data-commons-3.4.4.jar:3.4.4]
	at org.springframework.data.repository.core.support.RepositoryFactoryBeanSupport.afterPropertiesSet(RepositoryFactoryBeanSupport.java:356) ~[spring-data-commons-3.4.4.jar:3.4.4]
	at org.springframework.data.jpa.repository.support.JpaRepositoryFactoryBean.afterPropertiesSet(JpaRepositoryFactoryBean.java:132) ~[spring-data-jpa-3.4.4.jar:3.4.4]
	at org.springframework.beans.factory.support.AbstractAutowireCapableBeanFactory.invokeInitMethods(AbstractAutowireCapableBeanFactory.java:1859) ~[spring-beans-6.2.5.jar:6.2.5]
	at org.springframework.beans.factory.support.AbstractAutowireCapableBeanFactory.initializeBean(AbstractAutowireCapableBeanFactory.java:1808) ~[spring-beans-6.2.5.jar:6.2.5]
	at org.springframework.beans.factory.support.AbstractAutowireCapableBeanFactory.doCreateBean(AbstractAutowireCapableBeanFactory.java:601) ~[spring-beans-6.2.5.jar:6.2.5]
	at org.springframework.beans.factory.support.AbstractAutowireCapableBeanFactory.createBean(AbstractAutowireCapableBeanFactory.java:523) ~[spring-beans-6.2.5.jar:6.2.5]
	at org.springframework.beans.factory.support.AbstractBeanFactory.lambda$doGetBean$0(AbstractBeanFactory.java:339) ~[spring-beans-6.2.5.jar:6.2.5]
	at org.springframework.beans.factory.support.DefaultSingletonBeanRegistry.getSingleton(DefaultSingletonBeanRegistry.java:347) ~[spring-beans-6.2.5.jar:6.2.5]
	at org.springframework.beans.factory.support.AbstractBeanFactory.doGetBean(AbstractBeanFactory.java:337) ~[spring-beans-6.2.5.jar:6.2.5]
	at org.springframework.beans.factory.support.AbstractBeanFactory.getBean(AbstractBeanFactory.java:202) ~[spring-beans-6.2.5.jar:6.2.5]
	at org.springframework.beans.factory.support.DefaultListableBeanFactory.doResolveDependency(DefaultListableBeanFactory.java:1609) ~[spring-beans-6.2.5.jar:6.2.5]
	at org.springframework.beans.factory.support.DefaultListableBeanFactory.resolveDependency(DefaultListableBeanFactory.java:1555) ~[spring-beans-6.2.5.jar:6.2.5]
	at org.springframework.beans.factory.support.ConstructorResolver.resolveAutowiredArgument(ConstructorResolver.java:913) ~[spring-beans-6.2.5.jar:6.2.5]
	at org.springframework.beans.factory.support.ConstructorResolver.createArgumentArray(ConstructorResolver.java:791) ~[spring-beans-6.2.5.jar:6.2.5]
	at org.springframework.beans.factory.support.ConstructorResolver.autowireConstructor(ConstructorResolver.java:240) ~[spring-beans-6.2.5.jar:6.2.5]
	at org.springframework.beans.factory.support.AbstractAutowireCapableBeanFactory.autowireConstructor(AbstractAutowireCapableBeanFactory.java:1381) ~[spring-beans-6.2.5.jar:6.2.5]
	at org.springframework.beans.factory.support.AbstractAutowireCapableBeanFactory.createBeanInstance(AbstractAutowireCapableBeanFactory.java:1218) ~[spring-beans-6.2.5.jar:6.2.5]
	at org.springframework.beans.factory.support.AbstractAutowireCapableBeanFactory.doCreateBean(AbstractAutowireCapableBeanFactory.java:563) ~[spring-beans-6.2.5.jar:6.2.5]
	at org.springframework.beans.factory.support.AbstractAutowireCapableBeanFactory.createBean(AbstractAutowireCapableBeanFactory.java:523) ~[spring-beans-6.2.5.jar:6.2.5]
	at org.springframework.beans.factory.support.AbstractBeanFactory.lambda$doGetBean$0(AbstractBeanFactory.java:339) ~[spring-beans-6.2.5.jar:6.2.5]
	at org.springframework.beans.factory.support.DefaultSingletonBeanRegistry.getSingleton(DefaultSingletonBeanRegistry.java:347) ~[spring-beans-6.2.5.jar:6.2.5]
	at org.springframework.beans.factory.support.AbstractBeanFactory.doGetBean(AbstractBeanFactory.java:337) ~[spring-beans-6.2.5.jar:6.2.5]
	at org.springframework.beans.factory.support.AbstractBeanFactory.getBean(AbstractBeanFactory.java:202) ~[spring-beans-6.2.5.jar:6.2.5]
	at org.springframework.beans.factory.config.DependencyDescriptor.resolveCandidate(DependencyDescriptor.java:254) ~[spring-beans-6.2.5.jar:6.2.5]
	at org.springframework.beans.factory.support.DefaultListableBeanFactory.addCandidateEntry(DefaultListableBeanFactory.java:1919) ~[spring-beans-6.2.5.jar:6.2.5]
	at org.springframework.beans.factory.support.DefaultListableBeanFactory.findAutowireCandidates(DefaultListableBeanFactory.java:1883) ~[spring-beans-6.2.5.jar:6.2.5]
	at org.springframework.beans.factory.support.DefaultListableBeanFactory.resolveMultipleBeanMap(DefaultListableBeanFactory.java:1805) ~[spring-beans-6.2.5.jar:6.2.5]
	at org.springframework.beans.factory.support.DefaultListableBeanFactory.resolveMultipleBeans(DefaultListableBeanFactory.java:1744) ~[spring-beans-6.2.5.jar:6.2.5]
	at org.springframework.beans.factory.support.DefaultListableBeanFactory.doResolveDependency(DefaultListableBeanFactory.java:1616) ~[spring-beans-6.2.5.jar:6.2.5]
	at org.springframework.beans.factory.support.DefaultListableBeanFactory.resolveDependency(DefaultListableBeanFactory.java:1555) ~[spring-beans-6.2.5.jar:6.2.5]
	at org.springframework.beans.factory.support.ConstructorResolver.resolveAutowiredArgument(ConstructorResolver.java:913) ~[spring-beans-6.2.5.jar:6.2.5]
	at org.springframework.beans.factory.support.ConstructorResolver.createArgumentArray(ConstructorResolver.java:791) ~[spring-beans-6.2.5.jar:6.2.5]
	at org.springframework.beans.factory.support.ConstructorResolver.autowireConstructor(ConstructorResolver.java:240) ~[spring-beans-6.2.5.jar:6.2.5]
	at org.springframework.beans.factory.support.AbstractAutowireCapableBeanFactory.autowireConstructor(AbstractAutowireCapableBeanFactory.java:1381) ~[spring-beans-6.2.5.jar:6.2.5]
	at org.springframework.beans.factory.support.AbstractAutowireCapableBeanFactory.createBeanInstance(AbstractAutowireCapableBeanFactory.java:1218) ~[spring-beans-6.2.5.jar:6.2.5]
	at org.springframework.beans.factory.support.AbstractAutowireCapableBeanFactory.doCreateBean(AbstractAutowireCapableBeanFactory.java:563) ~[spring-beans-6.2.5.jar:6.2.5]
	at org.springframework.beans.factory.support.AbstractAutowireCapableBeanFactory.createBean(AbstractAutowireCapableBeanFactory.java:523) ~[spring-beans-6.2.5.jar:6.2.5]
	at org.springframework.beans.factory.support.AbstractBeanFactory.lambda$doGetBean$0(AbstractBeanFactory.java:339) ~[spring-beans-6.2.5.jar:6.2.5]
	at org.springframework.beans.factory.support.DefaultSingletonBeanRegistry.getSingleton(DefaultSingletonBeanRegistry.java:347) ~[spring-beans-6.2.5.jar:6.2.5]
	at org.springframework.beans.factory.support.AbstractBeanFactory.doGetBean(AbstractBeanFactory.java:337) ~[spring-beans-6.2.5.jar:6.2.5]
	at org.springframework.beans.factory.support.AbstractBeanFactory.getBean(AbstractBeanFactory.java:202) ~[spring-beans-6.2.5.jar:6.2.5]
	at org.springframework.beans.factory.support.DefaultListableBeanFactory.doResolveDependency(DefaultListableBeanFactory.java:1609) ~[spring-beans-6.2.5.jar:6.2.5]
	at org.springframework.beans.factory.support.DefaultListableBeanFactory.resolveDependency(DefaultListableBeanFactory.java:1555) ~[spring-beans-6.2.5.jar:6.2.5]
	at org.springframework.beans.factory.support.ConstructorResolver.resolveAutowiredArgument(ConstructorResolver.java:913) ~[spring-beans-6.2.5.jar:6.2.5]
	at org.springframework.beans.factory.support.ConstructorResolver.createArgumentArray(ConstructorResolver.java:791) ~[spring-beans-6.2.5.jar:6.2.5]
	at org.springframework.beans.factory.support.ConstructorResolver.autowireConstructor(ConstructorResolver.java:240) ~[spring-beans-6.2.5.jar:6.2.5]
	at org.springframework.beans.factory.support.AbstractAutowireCapableBeanFactory.autowireConstructor(AbstractAutowireCapableBeanFactory.java:1381) ~[spring-beans-6.2.5.jar:6.2.5]
	at org.springframework.beans.factory.support.AbstractAutowireCapableBeanFactory.createBeanInstance(AbstractAutowireCapableBeanFactory.java:1218) ~[spring-beans-6.2.5.jar:6.2.5]
	at org.springframework.beans.factory.support.AbstractAutowireCapableBeanFactory.doCreateBean(AbstractAutowireCapableBeanFactory.java:563) ~[spring-beans-6.2.5.jar:6.2.5]
	at org.springframework.beans.factory.support.AbstractAutowireCapableBeanFactory.createBean(AbstractAutowireCapableBeanFactory.java:523) ~[spring-beans-6.2.5.jar:6.2.5]
	at org.springframework.beans.factory.support.AbstractBeanFactory.lambda$doGetBean$0(AbstractBeanFactory.java:339) ~[spring-beans-6.2.5.jar:6.2.5]
	at org.springframework.beans.factory.support.DefaultSingletonBeanRegistry.getSingleton(DefaultSingletonBeanRegistry.java:347) ~[spring-beans-6.2.5.jar:6.2.5]
	at org.springframework.beans.factory.support.AbstractBeanFactory.doGetBean(AbstractBeanFactory.java:337) ~[spring-beans-6.2.5.jar:6.2.5]
	at org.springframework.beans.factory.support.AbstractBeanFactory.getBean(AbstractBeanFactory.java:202) ~[spring-beans-6.2.5.jar:6.2.5]
	at org.springframework.beans.factory.support.DefaultListableBeanFactory.instantiateSingleton(DefaultListableBeanFactory.java:1155) ~[spring-beans-6.2.5.jar:6.2.5]
	at org.springframework.beans.factory.support.DefaultListableBeanFactory.preInstantiateSingleton(DefaultListableBeanFactory.java:1121) ~[spring-beans-6.2.5.jar:6.2.5]
	at org.springframework.beans.factory.support.DefaultListableBeanFactory.preInstantiateSingletons(DefaultListableBeanFactory.java:1056) ~[spring-beans-6.2.5.jar:6.2.5]
	at org.springframework.context.support.AbstractApplicationContext.finishBeanFactoryInitialization(AbstractApplicationContext.java:987) ~[spring-context-6.2.5.jar:6.2.5]
	at org.springframework.context.support.AbstractApplicationContext.refresh(AbstractApplicationContext.java:627) ~[spring-context-6.2.5.jar:6.2.5]
	at org.springframework.boot.web.servlet.context.ServletWebServerApplicationContext.refresh(ServletWebServerApplicationContext.java:146) ~[spring-boot-3.4.4.jar:3.4.4]
	at org.springframework.boot.SpringApplication.refresh(SpringApplication.java:752) ~[spring-boot-3.4.4.jar:3.4.4]
	at org.springframework.boot.SpringApplication.refreshContext(SpringApplication.java:439) ~[spring-boot-3.4.4.jar:3.4.4]
	at org.springframework.boot.SpringApplication.run(SpringApplication.java:318) ~[spring-boot-3.4.4.jar:3.4.4]
	at org.springframework.boot.test.context.SpringBootContextLoader.lambda$loadContext$3(SpringBootContextLoader.java:144) ~[spring-boot-test-3.4.4.jar:3.4.4]
	at org.springframework.util.function.ThrowingSupplier.get(ThrowingSupplier.java:58) ~[spring-core-6.2.5.jar:6.2.5]
	at org.springframework.util.function.ThrowingSupplier.get(ThrowingSupplier.java:46) ~[spring-core-6.2.5.jar:6.2.5]
	at org.springframework.boot.SpringApplication.withHook(SpringApplication.java:1461) ~[spring-boot-3.4.4.jar:3.4.4]
	at org.springframework.boot.test.context.SpringBootContextLoader$ContextLoaderHook.run(SpringBootContextLoader.java:563) ~[spring-boot-test-3.4.4.jar:3.4.4]
	at org.springframework.boot.test.context.SpringBootContextLoader.loadContext(SpringBootContextLoader.java:144) ~[spring-boot-test-3.4.4.jar:3.4.4]
	at org.springframework.boot.test.context.SpringBootContextLoader.loadContext(SpringBootContextLoader.java:110) ~[spring-boot-test-3.4.4.jar:3.4.4]
	at org.springframework.test.context.cache.DefaultCacheAwareContextLoaderDelegate.loadContextInternal(DefaultCacheAwareContextLoaderDelegate.java:225) ~[spring-test-6.2.5.jar:6.2.5]
	at org.springframework.test.context.cache.DefaultCacheAwareContextLoaderDelegate.loadContext(DefaultCacheAwareContextLoaderDelegate.java:152) ~[spring-test-6.2.5.jar:6.2.5]
	at org.springframework.test.context.support.DefaultTestContext.getApplicationContext(DefaultTestContext.java:130) ~[spring-test-6.2.5.jar:6.2.5]
	at org.springframework.test.context.support.DependencyInjectionTestExecutionListener.injectDependencies(DependencyInjectionTestExecutionListener.java:155) ~[spring-test-6.2.5.jar:6.2.5]
	at org.springframework.test.context.support.DependencyInjectionTestExecutionListener.prepareTestInstance(DependencyInjectionTestExecutionListener.java:111) ~[spring-test-6.2.5.jar:6.2.5]
	at org.springframework.test.context.TestContextManager.prepareTestInstance(TestContextManager.java:260) ~[spring-test-6.2.5.jar:6.2.5]
	at org.springframework.test.context.junit.jupiter.SpringExtension.postProcessTestInstance(SpringExtension.java:160) ~[spring-test-6.2.5.jar:6.2.5]
	at org.junit.jupiter.engine.descriptor.ClassBasedTestDescriptor.lambda$invokeTestInstancePostProcessors$11(ClassBasedTestDescriptor.java:378) ~[junit-jupiter-engine-5.11.4.jar:5.11.4]
	at org.junit.jupiter.engine.descriptor.ClassBasedTestDescriptor.executeAndMaskThrowable(ClassBasedTestDescriptor.java:383) ~[junit-jupiter-engine-5.11.4.jar:5.11.4]
	at org.junit.jupiter.engine.descriptor.ClassBasedTestDescriptor.lambda$invokeTestInstancePostProcessors$12(ClassBasedTestDescriptor.java:378) ~[junit-jupiter-engine-5.11.4.jar:5.11.4]
	at java.base/java.util.stream.ForEachOps$ForEachOp$OfRef.accept(ForEachOps.java:184) ~[na:na]
	at java.base/java.util.stream.ReferencePipeline$3$1.accept(ReferencePipeline.java:215) ~[na:na]
	at java.base/java.util.stream.ReferencePipeline$2$1.accept(ReferencePipeline.java:197) ~[na:na]
	at java.base/java.util.stream.ReferencePipeline$3$1.accept(ReferencePipeline.java:215) ~[na:na]
	at java.base/java.util.ArrayList$ArrayListSpliterator.forEachRemaining(ArrayList.java:1709) ~[na:na]
	at java.base/java.util.stream.AbstractPipeline.copyInto(AbstractPipeline.java:570) ~[na:na]
	at java.base/java.util.stream.AbstractPipeline.wrapAndCopyInto(AbstractPipeline.java:560) ~[na:na]
	at java.base/java.util.stream.ForEachOps$ForEachOp.evaluateSequential(ForEachOps.java:151) ~[na:na]
	at java.base/java.util.stream.ForEachOps$ForEachOp$OfRef.evaluateSequential(ForEachOps.java:174) ~[na:na]
	at java.base/java.util.stream.AbstractPipeline.evaluate(AbstractPipeline.java:265) ~[na:na]
	at java.base/java.util.stream.ReferencePipeline.forEach(ReferencePipeline.java:636) ~[na:na]
	at org.junit.jupiter.engine.descriptor.ClassBasedTestDescriptor.invokeTestInstancePostProcessors(ClassBasedTestDescriptor.java:377) ~[junit-jupiter-engine-5.11.4.jar:5.11.4]
	at org.junit.jupiter.engine.descriptor.ClassBasedTestDescriptor.lambda$instantiateAndPostProcessTestInstance$7(ClassBasedTestDescriptor.java:290) ~[junit-jupiter-engine-5.11.4.jar:5.11.4]
	at org.junit.platform.engine.support.hierarchical.ThrowableCollector.execute(ThrowableCollector.java:73) ~[junit-platform-engine-1.11.4.jar:1.11.4]
	at org.junit.jupiter.engine.descriptor.ClassBasedTestDescriptor.instantiateAndPostProcessTestInstance(ClassBasedTestDescriptor.java:289) ~[junit-jupiter-engine-5.11.4.jar:5.11.4]
	at org.junit.jupiter.engine.descriptor.ClassBasedTestDescriptor.lambda$testInstancesProvider$5(ClassBasedTestDescriptor.java:279) ~[junit-jupiter-engine-5.11.4.jar:5.11.4]
	at java.base/java.util.Optional.orElseGet(Optional.java:364) ~[na:na]
	at org.junit.jupiter.engine.descriptor.ClassBasedTestDescriptor.lambda$testInstancesProvider$6(ClassBasedTestDescriptor.java:278) ~[junit-jupiter-engine-5.11.4.jar:5.11.4]
	at org.junit.jupiter.engine.execution.TestInstancesProvider.getTestInstances(TestInstancesProvider.java:31) ~[junit-jupiter-engine-5.11.4.jar:5.11.4]
	at org.junit.jupiter.engine.descriptor.TestMethodTestDescriptor.lambda$prepare$1(TestMethodTestDescriptor.java:105) ~[junit-jupiter-engine-5.11.4.jar:5.11.4]
	at org.junit.platform.engine.support.hierarchical.ThrowableCollector.execute(ThrowableCollector.java:73) ~[junit-platform-engine-1.11.4.jar:1.11.4]
	at org.junit.jupiter.engine.descriptor.TestMethodTestDescriptor.prepare(TestMethodTestDescriptor.java:104) ~[junit-jupiter-engine-5.11.4.jar:5.11.4]
	at org.junit.jupiter.engine.descriptor.TestMethodTestDescriptor.prepare(TestMethodTestDescriptor.java:68) ~[junit-jupiter-engine-5.11.4.jar:5.11.4]
	at org.junit.platform.engine.support.hierarchical.NodeTestTask.lambda$prepare$2(NodeTestTask.java:128) ~[junit-platform-engine-1.11.4.jar:1.11.4]
	at org.junit.platform.engine.support.hierarchical.ThrowableCollector.execute(ThrowableCollector.java:73) ~[junit-platform-engine-1.11.4.jar:1.11.4]
	at org.junit.platform.engine.support.hierarchical.NodeTestTask.prepare(NodeTestTask.java:128) ~[junit-platform-engine-1.11.4.jar:1.11.4]
	at org.junit.platform.engine.support.hierarchical.NodeTestTask.execute(NodeTestTask.java:95) ~[junit-platform-engine-1.11.4.jar:1.11.4]
	at java.base/java.util.ArrayList.forEach(ArrayList.java:1597) ~[na:na]
	at org.junit.platform.engine.support.hierarchical.SameThreadHierarchicalTestExecutorService.invokeAll(SameThreadHierarchicalTestExecutorService.java:41) ~[junit-platform-engine-1.11.4.jar:1.11.4]
	at org.junit.platform.engine.support.hierarchical.NodeTestTask.lambda$executeRecursively$6(NodeTestTask.java:160) ~[junit-platform-engine-1.11.4.jar:1.11.4]
	at org.junit.platform.engine.support.hierarchical.ThrowableCollector.execute(ThrowableCollector.java:73) ~[junit-platform-engine-1.11.4.jar:1.11.4]
	at org.junit.platform.engine.support.hierarchical.NodeTestTask.lambda$executeRecursively$8(NodeTestTask.java:146) ~[junit-platform-engine-1.11.4.jar:1.11.4]
	at org.junit.platform.engine.support.hierarchical.Node.around(Node.java:137) ~[junit-platform-engine-1.11.4.jar:1.11.4]
	at org.junit.platform.engine.support.hierarchical.NodeTestTask.lambda$executeRecursively$9(NodeTestTask.java:144) ~[junit-platform-engine-1.11.4.jar:1.11.4]
	at org.junit.platform.engine.support.hierarchical.ThrowableCollector.execute(ThrowableCollector.java:73) ~[junit-platform-engine-1.11.4.jar:1.11.4]
	at org.junit.platform.engine.support.hierarchical.NodeTestTask.executeRecursively(NodeTestTask.java:143) ~[junit-platform-engine-1.11.4.jar:1.11.4]
	at org.junit.platform.engine.support.hierarchical.NodeTestTask.execute(NodeTestTask.java:100) ~[junit-platform-engine-1.11.4.jar:1.11.4]
	at java.base/java.util.ArrayList.forEach(ArrayList.java:1597) ~[na:na]
	at org.junit.platform.engine.support.hierarchical.SameThreadHierarchicalTestExecutorService.invokeAll(SameThreadHierarchicalTestExecutorService.java:41) ~[junit-platform-engine-1.11.4.jar:1.11.4]
	at org.junit.platform.engine.support.hierarchical.NodeTestTask.lambda$executeRecursively$6(NodeTestTask.java:160) ~[junit-platform-engine-1.11.4.jar:1.11.4]
	at org.junit.platform.engine.support.hierarchical.ThrowableCollector.execute(ThrowableCollector.java:73) ~[junit-platform-engine-1.11.4.jar:1.11.4]
	at org.junit.platform.engine.support.hierarchical.NodeTestTask.lambda$executeRecursively$8(NodeTestTask.java:146) ~[junit-platform-engine-1.11.4.jar:1.11.4]
	at org.junit.platform.engine.support.hierarchical.Node.around(Node.java:137) ~[junit-platform-engine-1.11.4.jar:1.11.4]
	at org.junit.platform.engine.support.hierarchical.NodeTestTask.lambda$executeRecursively$9(NodeTestTask.java:144) ~[junit-platform-engine-1.11.4.jar:1.11.4]
	at org.junit.platform.engine.support.hierarchical.ThrowableCollector.execute(ThrowableCollector.java:73) ~[junit-platform-engine-1.11.4.jar:1.11.4]
	at org.junit.platform.engine.support.hierarchical.NodeTestTask.executeRecursively(NodeTestTask.java:143) ~[junit-platform-engine-1.11.4.jar:1.11.4]
	at org.junit.platform.engine.support.hierarchical.NodeTestTask.execute(NodeTestTask.java:100) ~[junit-platform-engine-1.11.4.jar:1.11.4]
	at org.junit.platform.engine.support.hierarchical.SameThreadHierarchicalTestExecutorService.submit(SameThreadHierarchicalTestExecutorService.java:35) ~[junit-platform-engine-1.11.4.jar:1.11.4]
	at org.junit.platform.engine.support.hierarchical.HierarchicalTestExecutor.execute(HierarchicalTestExecutor.java:57) ~[junit-platform-engine-1.11.4.jar:1.11.4]
	at org.junit.platform.engine.support.hierarchical.HierarchicalTestEngine.execute(HierarchicalTestEngine.java:54) ~[junit-platform-engine-1.11.4.jar:1.11.4]
	at org.junit.platform.launcher.core.EngineExecutionOrchestrator.execute(EngineExecutionOrchestrator.java:198) ~[junit-platform-launcher-1.11.4.jar:1.11.4]
	at org.junit.platform.launcher.core.EngineExecutionOrchestrator.execute(EngineExecutionOrchestrator.java:169) ~[junit-platform-launcher-1.11.4.jar:1.11.4]
	at org.junit.platform.launcher.core.EngineExecutionOrchestrator.execute(EngineExecutionOrchestrator.java:93) ~[junit-platform-launcher-1.11.4.jar:1.11.4]
	at org.junit.platform.launcher.core.EngineExecutionOrchestrator.lambda$execute$0(EngineExecutionOrchestrator.java:58) ~[junit-platform-launcher-1.11.4.jar:1.11.4]
	at org.junit.platform.launcher.core.EngineExecutionOrchestrator.withInterceptedStreams(EngineExecutionOrchestrator.java:141) ~[junit-platform-launcher-1.11.4.jar:1.11.4]
	at org.junit.platform.launcher.core.EngineExecutionOrchestrator.execute(EngineExecutionOrchestrator.java:57) ~[junit-platform-launcher-1.11.4.jar:1.11.4]
	at org.junit.platform.launcher.core.DefaultLauncher.execute(DefaultLauncher.java:103) ~[junit-platform-launcher-1.11.4.jar:1.11.4]
	at org.junit.platform.launcher.core.DefaultLauncher.execute(DefaultLauncher.java:85) ~[junit-platform-launcher-1.11.4.jar:1.11.4]
	at org.junit.platform.launcher.core.DelegatingLauncher.execute(DelegatingLauncher.java:47) ~[junit-platform-launcher-1.11.4.jar:1.11.4]
	at org.apache.maven.surefire.junitplatform.LazyLauncher.execute(LazyLauncher.java:56) ~[surefire-junit-platform-3.5.2.jar:3.5.2]
	at org.apache.maven.surefire.junitplatform.JUnitPlatformProvider.execute(JUnitPlatformProvider.java:184) ~[surefire-junit-platform-3.5.2.jar:3.5.2]
	at org.apache.maven.surefire.junitplatform.JUnitPlatformProvider.invokeAllTests(JUnitPlatformProvider.java:148) ~[surefire-junit-platform-3.5.2.jar:3.5.2]
	at org.apache.maven.surefire.junitplatform.JUnitPlatformProvider.invoke(JUnitPlatformProvider.java:122) ~[surefire-junit-platform-3.5.2.jar:3.5.2]
	at org.apache.maven.surefire.booter.ForkedBooter.runSuitesInProcess(ForkedBooter.java:385) ~[surefire-booter-3.5.2.jar:3.5.2]
	at org.apache.maven.surefire.booter.ForkedBooter.execute(ForkedBooter.java:162) ~[surefire-booter-3.5.2.jar:3.5.2]
	at org.apache.maven.surefire.booter.ForkedBooter.run(ForkedBooter.java:507) ~[surefire-booter-3.5.2.jar:3.5.2]
	at org.apache.maven.surefire.booter.ForkedBooter.main(ForkedBooter.java:495) ~[surefire-booter-3.5.2.jar:3.5.2]

2025-05-28T20:57:59.179+02:00 DEBUG 2092 --- [wanchinchun] [           main] o.s.d.jpa.repository.query.NamedQuery    : Did not find named query Product.findByCategoriasId
2025-05-28T20:57:59.179+02:00 DEBUG 2092 --- [wanchinchun] [           main] tor$SharedEntityManagerInvocationHandler : Creating new EntityManager for shared EntityManager invocation
2025-05-28T20:57:59.181+02:00 DEBUG 2092 --- [wanchinchun] [           main] o.s.d.jpa.repository.query.NamedQuery    : Looking up named query 'Product.findByGtin'
2025-05-28T20:57:59.181+02:00 DEBUG 2092 --- [wanchinchun] [           main] cResourceLocalTransactionCoordinatorImpl : JDBC transaction marked for rollback-only (exception provided for stack trace)

java.lang.Exception: exception just for purpose of providing stack trace
	at org.hibernate.resource.transaction.backend.jdbc.internal.JdbcResourceLocalTransactionCoordinatorImpl$TransactionDriverControlImpl.markRollbackOnly(JdbcResourceLocalTransactionCoordinatorImpl.java:309) ~[hibernate-core-6.6.11.Final.jar:6.6.11.Final]
	at org.hibernate.internal.AbstractSharedSessionContract.buildNamedQuery(AbstractSharedSessionContract.java:1141) ~[hibernate-core-6.6.11.Final.jar:6.6.11.Final]
	at org.hibernate.internal.AbstractSharedSessionContract.createNamedQuery(AbstractSharedSessionContract.java:1019) ~[hibernate-core-6.6.11.Final.jar:6.6.11.Final]
	at org.hibernate.internal.AbstractSharedSessionContract.createNamedQuery(AbstractSharedSessionContract.java:143) ~[hibernate-core-6.6.11.Final.jar:6.6.11.Final]
	at java.base/jdk.internal.reflect.DirectMethodHandleAccessor.invoke(DirectMethodHandleAccessor.java:103) ~[na:na]
	at java.base/java.lang.reflect.Method.invoke(Method.java:580) ~[na:na]
	at org.springframework.orm.jpa.ExtendedEntityManagerCreator$ExtendedEntityManagerInvocationHandler.invoke(ExtendedEntityManagerCreator.java:364) ~[spring-orm-6.2.5.jar:6.2.5]
	at jdk.proxy2/jdk.proxy2.$Proxy137.createNamedQuery(Unknown Source) ~[na:na]
	at org.springframework.data.jpa.repository.query.NamedQuery.hasNamedQuery(NamedQuery.java:114) ~[spring-data-jpa-3.4.4.jar:3.4.4]
	at org.springframework.data.jpa.repository.query.NamedQuery.lookupFrom(NamedQuery.java:140) ~[spring-data-jpa-3.4.4.jar:3.4.4]
	at org.springframework.data.jpa.repository.query.JpaQueryLookupStrategy$DeclaredQueryLookupStrategy.resolveQuery(JpaQueryLookupStrategy.java:184) ~[spring-data-jpa-3.4.4.jar:3.4.4]
	at org.springframework.data.jpa.repository.query.JpaQueryLookupStrategy$CreateIfNotFoundQueryLookupStrategy.resolveQuery(JpaQueryLookupStrategy.java:256) ~[spring-data-jpa-3.4.4.jar:3.4.4]
	at org.springframework.data.jpa.repository.query.JpaQueryLookupStrategy$AbstractQueryLookupStrategy.resolveQuery(JpaQueryLookupStrategy.java:99) ~[spring-data-jpa-3.4.4.jar:3.4.4]
	at org.springframework.data.repository.core.support.QueryExecutorMethodInterceptor.lookupQuery(QueryExecutorMethodInterceptor.java:116) ~[spring-data-commons-3.4.4.jar:3.4.4]
	at org.springframework.data.repository.core.support.QueryExecutorMethodInterceptor.mapMethodsToQuery(QueryExecutorMethodInterceptor.java:104) ~[spring-data-commons-3.4.4.jar:3.4.4]
	at org.springframework.data.repository.core.support.QueryExecutorMethodInterceptor.lambda$new$0(QueryExecutorMethodInterceptor.java:92) ~[spring-data-commons-3.4.4.jar:3.4.4]
	at java.base/java.util.Optional.map(Optional.java:260) ~[na:na]
	at org.springframework.data.repository.core.support.QueryExecutorMethodInterceptor.<init>(QueryExecutorMethodInterceptor.java:92) ~[spring-data-commons-3.4.4.jar:3.4.4]
	at org.springframework.data.repository.core.support.RepositoryFactorySupport.getRepository(RepositoryFactorySupport.java:431) ~[spring-data-commons-3.4.4.jar:3.4.4]
	at org.springframework.data.repository.core.support.RepositoryFactoryBeanSupport.lambda$afterPropertiesSet$4(RepositoryFactoryBeanSupport.java:350) ~[spring-data-commons-3.4.4.jar:3.4.4]
	at org.springframework.data.util.Lazy.getNullable(Lazy.java:135) ~[spring-data-commons-3.4.4.jar:3.4.4]
	at org.springframework.data.util.Lazy.get(Lazy.java:113) ~[spring-data-commons-3.4.4.jar:3.4.4]
	at org.springframework.data.repository.core.support.RepositoryFactoryBeanSupport.afterPropertiesSet(RepositoryFactoryBeanSupport.java:356) ~[spring-data-commons-3.4.4.jar:3.4.4]
	at org.springframework.data.jpa.repository.support.JpaRepositoryFactoryBean.afterPropertiesSet(JpaRepositoryFactoryBean.java:132) ~[spring-data-jpa-3.4.4.jar:3.4.4]
	at org.springframework.beans.factory.support.AbstractAutowireCapableBeanFactory.invokeInitMethods(AbstractAutowireCapableBeanFactory.java:1859) ~[spring-beans-6.2.5.jar:6.2.5]
	at org.springframework.beans.factory.support.AbstractAutowireCapableBeanFactory.initializeBean(AbstractAutowireCapableBeanFactory.java:1808) ~[spring-beans-6.2.5.jar:6.2.5]
	at org.springframework.beans.factory.support.AbstractAutowireCapableBeanFactory.doCreateBean(AbstractAutowireCapableBeanFactory.java:601) ~[spring-beans-6.2.5.jar:6.2.5]
	at org.springframework.beans.factory.support.AbstractAutowireCapableBeanFactory.createBean(AbstractAutowireCapableBeanFactory.java:523) ~[spring-beans-6.2.5.jar:6.2.5]
	at org.springframework.beans.factory.support.AbstractBeanFactory.lambda$doGetBean$0(AbstractBeanFactory.java:339) ~[spring-beans-6.2.5.jar:6.2.5]
	at org.springframework.beans.factory.support.DefaultSingletonBeanRegistry.getSingleton(DefaultSingletonBeanRegistry.java:347) ~[spring-beans-6.2.5.jar:6.2.5]
	at org.springframework.beans.factory.support.AbstractBeanFactory.doGetBean(AbstractBeanFactory.java:337) ~[spring-beans-6.2.5.jar:6.2.5]
	at org.springframework.beans.factory.support.AbstractBeanFactory.getBean(AbstractBeanFactory.java:202) ~[spring-beans-6.2.5.jar:6.2.5]
	at org.springframework.beans.factory.support.DefaultListableBeanFactory.doResolveDependency(DefaultListableBeanFactory.java:1609) ~[spring-beans-6.2.5.jar:6.2.5]
	at org.springframework.beans.factory.support.DefaultListableBeanFactory.resolveDependency(DefaultListableBeanFactory.java:1555) ~[spring-beans-6.2.5.jar:6.2.5]
	at org.springframework.beans.factory.support.ConstructorResolver.resolveAutowiredArgument(ConstructorResolver.java:913) ~[spring-beans-6.2.5.jar:6.2.5]
	at org.springframework.beans.factory.support.ConstructorResolver.createArgumentArray(ConstructorResolver.java:791) ~[spring-beans-6.2.5.jar:6.2.5]
	at org.springframework.beans.factory.support.ConstructorResolver.autowireConstructor(ConstructorResolver.java:240) ~[spring-beans-6.2.5.jar:6.2.5]
	at org.springframework.beans.factory.support.AbstractAutowireCapableBeanFactory.autowireConstructor(AbstractAutowireCapableBeanFactory.java:1381) ~[spring-beans-6.2.5.jar:6.2.5]
	at org.springframework.beans.factory.support.AbstractAutowireCapableBeanFactory.createBeanInstance(AbstractAutowireCapableBeanFactory.java:1218) ~[spring-beans-6.2.5.jar:6.2.5]
	at org.springframework.beans.factory.support.AbstractAutowireCapableBeanFactory.doCreateBean(AbstractAutowireCapableBeanFactory.java:563) ~[spring-beans-6.2.5.jar:6.2.5]
	at org.springframework.beans.factory.support.AbstractAutowireCapableBeanFactory.createBean(AbstractAutowireCapableBeanFactory.java:523) ~[spring-beans-6.2.5.jar:6.2.5]
	at org.springframework.beans.factory.support.AbstractBeanFactory.lambda$doGetBean$0(AbstractBeanFactory.java:339) ~[spring-beans-6.2.5.jar:6.2.5]
	at org.springframework.beans.factory.support.DefaultSingletonBeanRegistry.getSingleton(DefaultSingletonBeanRegistry.java:347) ~[spring-beans-6.2.5.jar:6.2.5]
	at org.springframework.beans.factory.support.AbstractBeanFactory.doGetBean(AbstractBeanFactory.java:337) ~[spring-beans-6.2.5.jar:6.2.5]
	at org.springframework.beans.factory.support.AbstractBeanFactory.getBean(AbstractBeanFactory.java:202) ~[spring-beans-6.2.5.jar:6.2.5]
	at org.springframework.beans.factory.config.DependencyDescriptor.resolveCandidate(DependencyDescriptor.java:254) ~[spring-beans-6.2.5.jar:6.2.5]
	at org.springframework.beans.factory.support.DefaultListableBeanFactory.addCandidateEntry(DefaultListableBeanFactory.java:1919) ~[spring-beans-6.2.5.jar:6.2.5]
	at org.springframework.beans.factory.support.DefaultListableBeanFactory.findAutowireCandidates(DefaultListableBeanFactory.java:1883) ~[spring-beans-6.2.5.jar:6.2.5]
	at org.springframework.beans.factory.support.DefaultListableBeanFactory.resolveMultipleBeanMap(DefaultListableBeanFactory.java:1805) ~[spring-beans-6.2.5.jar:6.2.5]
	at org.springframework.beans.factory.support.DefaultListableBeanFactory.resolveMultipleBeans(DefaultListableBeanFactory.java:1744) ~[spring-beans-6.2.5.jar:6.2.5]
	at org.springframework.beans.factory.support.DefaultListableBeanFactory.doResolveDependency(DefaultListableBeanFactory.java:1616) ~[spring-beans-6.2.5.jar:6.2.5]
	at org.springframework.beans.factory.support.DefaultListableBeanFactory.resolveDependency(DefaultListableBeanFactory.java:1555) ~[spring-beans-6.2.5.jar:6.2.5]
	at org.springframework.beans.factory.support.ConstructorResolver.resolveAutowiredArgument(ConstructorResolver.java:913) ~[spring-beans-6.2.5.jar:6.2.5]
	at org.springframework.beans.factory.support.ConstructorResolver.createArgumentArray(ConstructorResolver.java:791) ~[spring-beans-6.2.5.jar:6.2.5]
	at org.springframework.beans.factory.support.ConstructorResolver.autowireConstructor(ConstructorResolver.java:240) ~[spring-beans-6.2.5.jar:6.2.5]
	at org.springframework.beans.factory.support.AbstractAutowireCapableBeanFactory.autowireConstructor(AbstractAutowireCapableBeanFactory.java:1381) ~[spring-beans-6.2.5.jar:6.2.5]
	at org.springframework.beans.factory.support.AbstractAutowireCapableBeanFactory.createBeanInstance(AbstractAutowireCapableBeanFactory.java:1218) ~[spring-beans-6.2.5.jar:6.2.5]
	at org.springframework.beans.factory.support.AbstractAutowireCapableBeanFactory.doCreateBean(AbstractAutowireCapableBeanFactory.java:563) ~[spring-beans-6.2.5.jar:6.2.5]
	at org.springframework.beans.factory.support.AbstractAutowireCapableBeanFactory.createBean(AbstractAutowireCapableBeanFactory.java:523) ~[spring-beans-6.2.5.jar:6.2.5]
	at org.springframework.beans.factory.support.AbstractBeanFactory.lambda$doGetBean$0(AbstractBeanFactory.java:339) ~[spring-beans-6.2.5.jar:6.2.5]
	at org.springframework.beans.factory.support.DefaultSingletonBeanRegistry.getSingleton(DefaultSingletonBeanRegistry.java:347) ~[spring-beans-6.2.5.jar:6.2.5]
	at org.springframework.beans.factory.support.AbstractBeanFactory.doGetBean(AbstractBeanFactory.java:337) ~[spring-beans-6.2.5.jar:6.2.5]
	at org.springframework.beans.factory.support.AbstractBeanFactory.getBean(AbstractBeanFactory.java:202) ~[spring-beans-6.2.5.jar:6.2.5]
	at org.springframework.beans.factory.support.DefaultListableBeanFactory.doResolveDependency(DefaultListableBeanFactory.java:1609) ~[spring-beans-6.2.5.jar:6.2.5]
	at org.springframework.beans.factory.support.DefaultListableBeanFactory.resolveDependency(DefaultListableBeanFactory.java:1555) ~[spring-beans-6.2.5.jar:6.2.5]
	at org.springframework.beans.factory.support.ConstructorResolver.resolveAutowiredArgument(ConstructorResolver.java:913) ~[spring-beans-6.2.5.jar:6.2.5]
	at org.springframework.beans.factory.support.ConstructorResolver.createArgumentArray(ConstructorResolver.java:791) ~[spring-beans-6.2.5.jar:6.2.5]
	at org.springframework.beans.factory.support.ConstructorResolver.autowireConstructor(ConstructorResolver.java:240) ~[spring-beans-6.2.5.jar:6.2.5]
	at org.springframework.beans.factory.support.AbstractAutowireCapableBeanFactory.autowireConstructor(AbstractAutowireCapableBeanFactory.java:1381) ~[spring-beans-6.2.5.jar:6.2.5]
	at org.springframework.beans.factory.support.AbstractAutowireCapableBeanFactory.createBeanInstance(AbstractAutowireCapableBeanFactory.java:1218) ~[spring-beans-6.2.5.jar:6.2.5]
	at org.springframework.beans.factory.support.AbstractAutowireCapableBeanFactory.doCreateBean(AbstractAutowireCapableBeanFactory.java:563) ~[spring-beans-6.2.5.jar:6.2.5]
	at org.springframework.beans.factory.support.AbstractAutowireCapableBeanFactory.createBean(AbstractAutowireCapableBeanFactory.java:523) ~[spring-beans-6.2.5.jar:6.2.5]
	at org.springframework.beans.factory.support.AbstractBeanFactory.lambda$doGetBean$0(AbstractBeanFactory.java:339) ~[spring-beans-6.2.5.jar:6.2.5]
	at org.springframework.beans.factory.support.DefaultSingletonBeanRegistry.getSingleton(DefaultSingletonBeanRegistry.java:347) ~[spring-beans-6.2.5.jar:6.2.5]
	at org.springframework.beans.factory.support.AbstractBeanFactory.doGetBean(AbstractBeanFactory.java:337) ~[spring-beans-6.2.5.jar:6.2.5]
	at org.springframework.beans.factory.support.AbstractBeanFactory.getBean(AbstractBeanFactory.java:202) ~[spring-beans-6.2.5.jar:6.2.5]
	at org.springframework.beans.factory.support.DefaultListableBeanFactory.instantiateSingleton(DefaultListableBeanFactory.java:1155) ~[spring-beans-6.2.5.jar:6.2.5]
	at org.springframework.beans.factory.support.DefaultListableBeanFactory.preInstantiateSingleton(DefaultListableBeanFactory.java:1121) ~[spring-beans-6.2.5.jar:6.2.5]
	at org.springframework.beans.factory.support.DefaultListableBeanFactory.preInstantiateSingletons(DefaultListableBeanFactory.java:1056) ~[spring-beans-6.2.5.jar:6.2.5]
	at org.springframework.context.support.AbstractApplicationContext.finishBeanFactoryInitialization(AbstractApplicationContext.java:987) ~[spring-context-6.2.5.jar:6.2.5]
	at org.springframework.context.support.AbstractApplicationContext.refresh(AbstractApplicationContext.java:627) ~[spring-context-6.2.5.jar:6.2.5]
	at org.springframework.boot.web.servlet.context.ServletWebServerApplicationContext.refresh(ServletWebServerApplicationContext.java:146) ~[spring-boot-3.4.4.jar:3.4.4]
	at org.springframework.boot.SpringApplication.refresh(SpringApplication.java:752) ~[spring-boot-3.4.4.jar:3.4.4]
	at org.springframework.boot.SpringApplication.refreshContext(SpringApplication.java:439) ~[spring-boot-3.4.4.jar:3.4.4]
	at org.springframework.boot.SpringApplication.run(SpringApplication.java:318) ~[spring-boot-3.4.4.jar:3.4.4]
	at org.springframework.boot.test.context.SpringBootContextLoader.lambda$loadContext$3(SpringBootContextLoader.java:144) ~[spring-boot-test-3.4.4.jar:3.4.4]
	at org.springframework.util.function.ThrowingSupplier.get(ThrowingSupplier.java:58) ~[spring-core-6.2.5.jar:6.2.5]
	at org.springframework.util.function.ThrowingSupplier.get(ThrowingSupplier.java:46) ~[spring-core-6.2.5.jar:6.2.5]
	at org.springframework.boot.SpringApplication.withHook(SpringApplication.java:1461) ~[spring-boot-3.4.4.jar:3.4.4]
	at org.springframework.boot.test.context.SpringBootContextLoader$ContextLoaderHook.run(SpringBootContextLoader.java:563) ~[spring-boot-test-3.4.4.jar:3.4.4]
	at org.springframework.boot.test.context.SpringBootContextLoader.loadContext(SpringBootContextLoader.java:144) ~[spring-boot-test-3.4.4.jar:3.4.4]
	at org.springframework.boot.test.context.SpringBootContextLoader.loadContext(SpringBootContextLoader.java:110) ~[spring-boot-test-3.4.4.jar:3.4.4]
	at org.springframework.test.context.cache.DefaultCacheAwareContextLoaderDelegate.loadContextInternal(DefaultCacheAwareContextLoaderDelegate.java:225) ~[spring-test-6.2.5.jar:6.2.5]
	at org.springframework.test.context.cache.DefaultCacheAwareContextLoaderDelegate.loadContext(DefaultCacheAwareContextLoaderDelegate.java:152) ~[spring-test-6.2.5.jar:6.2.5]
	at org.springframework.test.context.support.DefaultTestContext.getApplicationContext(DefaultTestContext.java:130) ~[spring-test-6.2.5.jar:6.2.5]
	at org.springframework.test.context.support.DependencyInjectionTestExecutionListener.injectDependencies(DependencyInjectionTestExecutionListener.java:155) ~[spring-test-6.2.5.jar:6.2.5]
	at org.springframework.test.context.support.DependencyInjectionTestExecutionListener.prepareTestInstance(DependencyInjectionTestExecutionListener.java:111) ~[spring-test-6.2.5.jar:6.2.5]
	at org.springframework.test.context.TestContextManager.prepareTestInstance(TestContextManager.java:260) ~[spring-test-6.2.5.jar:6.2.5]
	at org.springframework.test.context.junit.jupiter.SpringExtension.postProcessTestInstance(SpringExtension.java:160) ~[spring-test-6.2.5.jar:6.2.5]
	at org.junit.jupiter.engine.descriptor.ClassBasedTestDescriptor.lambda$invokeTestInstancePostProcessors$11(ClassBasedTestDescriptor.java:378) ~[junit-jupiter-engine-5.11.4.jar:5.11.4]
	at org.junit.jupiter.engine.descriptor.ClassBasedTestDescriptor.executeAndMaskThrowable(ClassBasedTestDescriptor.java:383) ~[junit-jupiter-engine-5.11.4.jar:5.11.4]
	at org.junit.jupiter.engine.descriptor.ClassBasedTestDescriptor.lambda$invokeTestInstancePostProcessors$12(ClassBasedTestDescriptor.java:378) ~[junit-jupiter-engine-5.11.4.jar:5.11.4]
	at java.base/java.util.stream.ForEachOps$ForEachOp$OfRef.accept(ForEachOps.java:184) ~[na:na]
	at java.base/java.util.stream.ReferencePipeline$3$1.accept(ReferencePipeline.java:215) ~[na:na]
	at java.base/java.util.stream.ReferencePipeline$2$1.accept(ReferencePipeline.java:197) ~[na:na]
	at java.base/java.util.stream.ReferencePipeline$3$1.accept(ReferencePipeline.java:215) ~[na:na]
	at java.base/java.util.ArrayList$ArrayListSpliterator.forEachRemaining(ArrayList.java:1709) ~[na:na]
	at java.base/java.util.stream.AbstractPipeline.copyInto(AbstractPipeline.java:570) ~[na:na]
	at java.base/java.util.stream.AbstractPipeline.wrapAndCopyInto(AbstractPipeline.java:560) ~[na:na]
	at java.base/java.util.stream.ForEachOps$ForEachOp.evaluateSequential(ForEachOps.java:151) ~[na:na]
	at java.base/java.util.stream.ForEachOps$ForEachOp$OfRef.evaluateSequential(ForEachOps.java:174) ~[na:na]
	at java.base/java.util.stream.AbstractPipeline.evaluate(AbstractPipeline.java:265) ~[na:na]
	at java.base/java.util.stream.ReferencePipeline.forEach(ReferencePipeline.java:636) ~[na:na]
	at org.junit.jupiter.engine.descriptor.ClassBasedTestDescriptor.invokeTestInstancePostProcessors(ClassBasedTestDescriptor.java:377) ~[junit-jupiter-engine-5.11.4.jar:5.11.4]
	at org.junit.jupiter.engine.descriptor.ClassBasedTestDescriptor.lambda$instantiateAndPostProcessTestInstance$7(ClassBasedTestDescriptor.java:290) ~[junit-jupiter-engine-5.11.4.jar:5.11.4]
	at org.junit.platform.engine.support.hierarchical.ThrowableCollector.execute(ThrowableCollector.java:73) ~[junit-platform-engine-1.11.4.jar:1.11.4]
	at org.junit.jupiter.engine.descriptor.ClassBasedTestDescriptor.instantiateAndPostProcessTestInstance(ClassBasedTestDescriptor.java:289) ~[junit-jupiter-engine-5.11.4.jar:5.11.4]
	at org.junit.jupiter.engine.descriptor.ClassBasedTestDescriptor.lambda$testInstancesProvider$5(ClassBasedTestDescriptor.java:279) ~[junit-jupiter-engine-5.11.4.jar:5.11.4]
	at java.base/java.util.Optional.orElseGet(Optional.java:364) ~[na:na]
	at org.junit.jupiter.engine.descriptor.ClassBasedTestDescriptor.lambda$testInstancesProvider$6(ClassBasedTestDescriptor.java:278) ~[junit-jupiter-engine-5.11.4.jar:5.11.4]
	at org.junit.jupiter.engine.execution.TestInstancesProvider.getTestInstances(TestInstancesProvider.java:31) ~[junit-jupiter-engine-5.11.4.jar:5.11.4]
	at org.junit.jupiter.engine.descriptor.TestMethodTestDescriptor.lambda$prepare$1(TestMethodTestDescriptor.java:105) ~[junit-jupiter-engine-5.11.4.jar:5.11.4]
	at org.junit.platform.engine.support.hierarchical.ThrowableCollector.execute(ThrowableCollector.java:73) ~[junit-platform-engine-1.11.4.jar:1.11.4]
	at org.junit.jupiter.engine.descriptor.TestMethodTestDescriptor.prepare(TestMethodTestDescriptor.java:104) ~[junit-jupiter-engine-5.11.4.jar:5.11.4]
	at org.junit.jupiter.engine.descriptor.TestMethodTestDescriptor.prepare(TestMethodTestDescriptor.java:68) ~[junit-jupiter-engine-5.11.4.jar:5.11.4]
	at org.junit.platform.engine.support.hierarchical.NodeTestTask.lambda$prepare$2(NodeTestTask.java:128) ~[junit-platform-engine-1.11.4.jar:1.11.4]
	at org.junit.platform.engine.support.hierarchical.ThrowableCollector.execute(ThrowableCollector.java:73) ~[junit-platform-engine-1.11.4.jar:1.11.4]
	at org.junit.platform.engine.support.hierarchical.NodeTestTask.prepare(NodeTestTask.java:128) ~[junit-platform-engine-1.11.4.jar:1.11.4]
	at org.junit.platform.engine.support.hierarchical.NodeTestTask.execute(NodeTestTask.java:95) ~[junit-platform-engine-1.11.4.jar:1.11.4]
	at java.base/java.util.ArrayList.forEach(ArrayList.java:1597) ~[na:na]
	at org.junit.platform.engine.support.hierarchical.SameThreadHierarchicalTestExecutorService.invokeAll(SameThreadHierarchicalTestExecutorService.java:41) ~[junit-platform-engine-1.11.4.jar:1.11.4]
	at org.junit.platform.engine.support.hierarchical.NodeTestTask.lambda$executeRecursively$6(NodeTestTask.java:160) ~[junit-platform-engine-1.11.4.jar:1.11.4]
	at org.junit.platform.engine.support.hierarchical.ThrowableCollector.execute(ThrowableCollector.java:73) ~[junit-platform-engine-1.11.4.jar:1.11.4]
	at org.junit.platform.engine.support.hierarchical.NodeTestTask.lambda$executeRecursively$8(NodeTestTask.java:146) ~[junit-platform-engine-1.11.4.jar:1.11.4]
	at org.junit.platform.engine.support.hierarchical.Node.around(Node.java:137) ~[junit-platform-engine-1.11.4.jar:1.11.4]
	at org.junit.platform.engine.support.hierarchical.NodeTestTask.lambda$executeRecursively$9(NodeTestTask.java:144) ~[junit-platform-engine-1.11.4.jar:1.11.4]
	at org.junit.platform.engine.support.hierarchical.ThrowableCollector.execute(ThrowableCollector.java:73) ~[junit-platform-engine-1.11.4.jar:1.11.4]
	at org.junit.platform.engine.support.hierarchical.NodeTestTask.executeRecursively(NodeTestTask.java:143) ~[junit-platform-engine-1.11.4.jar:1.11.4]
	at org.junit.platform.engine.support.hierarchical.NodeTestTask.execute(NodeTestTask.java:100) ~[junit-platform-engine-1.11.4.jar:1.11.4]
	at java.base/java.util.ArrayList.forEach(ArrayList.java:1597) ~[na:na]
	at org.junit.platform.engine.support.hierarchical.SameThreadHierarchicalTestExecutorService.invokeAll(SameThreadHierarchicalTestExecutorService.java:41) ~[junit-platform-engine-1.11.4.jar:1.11.4]
	at org.junit.platform.engine.support.hierarchical.NodeTestTask.lambda$executeRecursively$6(NodeTestTask.java:160) ~[junit-platform-engine-1.11.4.jar:1.11.4]
	at org.junit.platform.engine.support.hierarchical.ThrowableCollector.execute(ThrowableCollector.java:73) ~[junit-platform-engine-1.11.4.jar:1.11.4]
	at org.junit.platform.engine.support.hierarchical.NodeTestTask.lambda$executeRecursively$8(NodeTestTask.java:146) ~[junit-platform-engine-1.11.4.jar:1.11.4]
	at org.junit.platform.engine.support.hierarchical.Node.around(Node.java:137) ~[junit-platform-engine-1.11.4.jar:1.11.4]
	at org.junit.platform.engine.support.hierarchical.NodeTestTask.lambda$executeRecursively$9(NodeTestTask.java:144) ~[junit-platform-engine-1.11.4.jar:1.11.4]
	at org.junit.platform.engine.support.hierarchical.ThrowableCollector.execute(ThrowableCollector.java:73) ~[junit-platform-engine-1.11.4.jar:1.11.4]
	at org.junit.platform.engine.support.hierarchical.NodeTestTask.executeRecursively(NodeTestTask.java:143) ~[junit-platform-engine-1.11.4.jar:1.11.4]
	at org.junit.platform.engine.support.hierarchical.NodeTestTask.execute(NodeTestTask.java:100) ~[junit-platform-engine-1.11.4.jar:1.11.4]
	at org.junit.platform.engine.support.hierarchical.SameThreadHierarchicalTestExecutorService.submit(SameThreadHierarchicalTestExecutorService.java:35) ~[junit-platform-engine-1.11.4.jar:1.11.4]
	at org.junit.platform.engine.support.hierarchical.HierarchicalTestExecutor.execute(HierarchicalTestExecutor.java:57) ~[junit-platform-engine-1.11.4.jar:1.11.4]
	at org.junit.platform.engine.support.hierarchical.HierarchicalTestEngine.execute(HierarchicalTestEngine.java:54) ~[junit-platform-engine-1.11.4.jar:1.11.4]
	at org.junit.platform.launcher.core.EngineExecutionOrchestrator.execute(EngineExecutionOrchestrator.java:198) ~[junit-platform-launcher-1.11.4.jar:1.11.4]
	at org.junit.platform.launcher.core.EngineExecutionOrchestrator.execute(EngineExecutionOrchestrator.java:169) ~[junit-platform-launcher-1.11.4.jar:1.11.4]
	at org.junit.platform.launcher.core.EngineExecutionOrchestrator.execute(EngineExecutionOrchestrator.java:93) ~[junit-platform-launcher-1.11.4.jar:1.11.4]
	at org.junit.platform.launcher.core.EngineExecutionOrchestrator.lambda$execute$0(EngineExecutionOrchestrator.java:58) ~[junit-platform-launcher-1.11.4.jar:1.11.4]
	at org.junit.platform.launcher.core.EngineExecutionOrchestrator.withInterceptedStreams(EngineExecutionOrchestrator.java:141) ~[junit-platform-launcher-1.11.4.jar:1.11.4]
	at org.junit.platform.launcher.core.EngineExecutionOrchestrator.execute(EngineExecutionOrchestrator.java:57) ~[junit-platform-launcher-1.11.4.jar:1.11.4]
	at org.junit.platform.launcher.core.DefaultLauncher.execute(DefaultLauncher.java:103) ~[junit-platform-launcher-1.11.4.jar:1.11.4]
	at org.junit.platform.launcher.core.DefaultLauncher.execute(DefaultLauncher.java:85) ~[junit-platform-launcher-1.11.4.jar:1.11.4]
	at org.junit.platform.launcher.core.DelegatingLauncher.execute(DelegatingLauncher.java:47) ~[junit-platform-launcher-1.11.4.jar:1.11.4]
	at org.apache.maven.surefire.junitplatform.LazyLauncher.execute(LazyLauncher.java:56) ~[surefire-junit-platform-3.5.2.jar:3.5.2]
	at org.apache.maven.surefire.junitplatform.JUnitPlatformProvider.execute(JUnitPlatformProvider.java:184) ~[surefire-junit-platform-3.5.2.jar:3.5.2]
	at org.apache.maven.surefire.junitplatform.JUnitPlatformProvider.invokeAllTests(JUnitPlatformProvider.java:148) ~[surefire-junit-platform-3.5.2.jar:3.5.2]
	at org.apache.maven.surefire.junitplatform.JUnitPlatformProvider.invoke(JUnitPlatformProvider.java:122) ~[surefire-junit-platform-3.5.2.jar:3.5.2]
	at org.apache.maven.surefire.booter.ForkedBooter.runSuitesInProcess(ForkedBooter.java:385) ~[surefire-booter-3.5.2.jar:3.5.2]
	at org.apache.maven.surefire.booter.ForkedBooter.execute(ForkedBooter.java:162) ~[surefire-booter-3.5.2.jar:3.5.2]
	at org.apache.maven.surefire.booter.ForkedBooter.run(ForkedBooter.java:507) ~[surefire-booter-3.5.2.jar:3.5.2]
	at org.apache.maven.surefire.booter.ForkedBooter.main(ForkedBooter.java:495) ~[surefire-booter-3.5.2.jar:3.5.2]

2025-05-28T20:57:59.183+02:00 DEBUG 2092 --- [wanchinchun] [           main] o.s.d.jpa.repository.query.NamedQuery    : Did not find named query Product.findByGtin
2025-05-28T20:57:59.184+02:00 DEBUG 2092 --- [wanchinchun] [           main] tor$SharedEntityManagerInvocationHandler : Creating new EntityManager for shared EntityManager invocation
2025-05-28T20:57:59.190+02:00 DEBUG 2092 --- [wanchinchun] [           main] o.s.d.r.c.s.RepositoryFactorySupport     : Finished creation of repository instance for com.uma.wanchinchun.repositories.ProductRepository.
2025-05-28T20:57:59.191+02:00 DEBUG 2092 --- [wanchinchun] [           main] o.s.b.f.s.DefaultListableBeanFactory     : Autowiring by type from bean name 'categoryService' via constructor to bean named 'categoryRepository'
2025-05-28T20:57:59.191+02:00 DEBUG 2092 --- [wanchinchun] [           main] o.s.b.f.s.DefaultListableBeanFactory     : Autowiring by type from bean name 'categoryService' via constructor to bean named 'productRepository'
2025-05-28T20:57:59.237+02:00 DEBUG 2092 --- [wanchinchun] [           main] o.s.b.f.s.DefaultListableBeanFactory     : Autowiring by type from bean name 'categoryServiceFactory' via constructor to bean named 'categoryService'
2025-05-28T20:57:59.237+02:00 DEBUG 2092 --- [wanchinchun] [           main] o.s.b.f.s.DefaultListableBeanFactory     : Autowiring by type from bean name 'categoryController' via constructor to bean named 'categoryServiceFactory'
2025-05-28T20:57:59.239+02:00 DEBUG 2092 --- [wanchinchun] [           main] o.s.b.f.s.DefaultListableBeanFactory     : Creating shared instance of singleton bean 'productController'
2025-05-28T20:57:59.241+02:00 DEBUG 2092 --- [wanchinchun] [           main] o.s.b.f.s.DefaultListableBeanFactory     : Creating shared instance of singleton bean 'productServiceFactory'
2025-05-28T20:57:59.242+02:00 DEBUG 2092 --- [wanchinchun] [           main] o.s.b.f.s.DefaultListableBeanFactory     : Creating shared instance of singleton bean 'productService'
2025-05-28T20:57:59.244+02:00 DEBUG 2092 --- [wanchinchun] [           main] o.s.b.f.s.DefaultListableBeanFactory     : Creating shared instance of singleton bean 'accessManagerService'
2025-05-28T20:57:59.244+02:00 DEBUG 2092 --- [wanchinchun] [           main] o.s.b.f.s.DefaultListableBeanFactory     : Creating shared instance of singleton bean 'restTemplate'
2025-05-28T20:57:59.245+02:00 DEBUG 2092 --- [wanchinchun] [           main] o.s.b.f.s.DefaultListableBeanFactory     : Creating shared instance of singleton bean 'restTemplateBuilder'
2025-05-28T20:57:59.245+02:00 DEBUG 2092 --- [wanchinchun] [           main] o.s.b.f.s.DefaultListableBeanFactory     : Creating shared instance of singleton bean 'org.springframework.boot.autoconfigure.web.client.RestTemplateAutoConfiguration'
2025-05-28T20:57:59.245+02:00 DEBUG 2092 --- [wanchinchun] [           main] o.s.b.f.s.DefaultListableBeanFactory     : Creating shared instance of singleton bean 'restTemplateBuilderConfigurer'
2025-05-28T20:57:59.248+02:00 DEBUG 2092 --- [wanchinchun] [           main] o.s.b.f.s.DefaultListableBeanFactory     : Creating shared instance of singleton bean 'clientHttpRequestFactoryBuilder'
2025-05-28T20:57:59.248+02:00 DEBUG 2092 --- [wanchinchun] [           main] o.s.b.f.s.DefaultListableBeanFactory     : Creating shared instance of singleton bean 'org.springframework.boot.autoconfigure.http.client.HttpClientAutoConfiguration'
2025-05-28T20:57:59.249+02:00 DEBUG 2092 --- [wanchinchun] [           main] o.s.b.f.s.DefaultListableBeanFactory     : Creating shared instance of singleton bean 'spring.http.client-org.springframework.boot.autoconfigure.http.client.HttpClientProperties'
2025-05-28T20:57:59.251+02:00 DEBUG 2092 --- [wanchinchun] [           main] o.s.b.f.s.DefaultListableBeanFactory     : Autowiring by type from bean name 'clientHttpRequestFactoryBuilder' via factory method to bean named 'spring.http.client-org.springframework.boot.autoconfigure.http.client.HttpClientProperties'
2025-05-28T20:57:59.264+02:00 DEBUG 2092 --- [wanchinchun] [           main] o.s.b.f.s.DefaultListableBeanFactory     : Creating shared instance of singleton bean 'clientHttpRequestFactorySettings'
2025-05-28T20:57:59.264+02:00 DEBUG 2092 --- [wanchinchun] [           main] o.s.b.f.s.DefaultListableBeanFactory     : Autowiring by type from bean name 'clientHttpRequestFactorySettings' via factory method to bean named 'spring.http.client-org.springframework.boot.autoconfigure.http.client.HttpClientProperties'
2025-05-28T20:57:59.266+02:00 DEBUG 2092 --- [wanchinchun] [           main] o.s.b.f.s.DefaultListableBeanFactory     : Creating shared instance of singleton bean 'messageConverters'
2025-05-28T20:57:59.266+02:00 DEBUG 2092 --- [wanchinchun] [           main] o.s.b.f.s.DefaultListableBeanFactory     : Creating shared instance of singleton bean 'org.springframework.boot.autoconfigure.http.HttpMessageConvertersAutoConfiguration'
2025-05-28T20:57:59.269+02:00 DEBUG 2092 --- [wanchinchun] [           main] o.s.b.f.s.DefaultListableBeanFactory     : Creating shared instance of singleton bean 'stringHttpMessageConverter'
2025-05-28T20:57:59.269+02:00 DEBUG 2092 --- [wanchinchun] [           main] o.s.b.f.s.DefaultListableBeanFactory     : Creating shared instance of singleton bean 'org.springframework.boot.autoconfigure.http.HttpMessageConvertersAutoConfiguration$StringHttpMessageConverterConfiguration'
2025-05-28T20:57:59.270+02:00 DEBUG 2092 --- [wanchinchun] [           main] o.s.b.f.s.DefaultListableBeanFactory     : Autowiring by type from bean name 'stringHttpMessageConverter' via factory method to bean named 'environment'
2025-05-28T20:57:59.275+02:00 DEBUG 2092 --- [wanchinchun] [           main] o.s.b.f.s.DefaultListableBeanFactory     : Creating shared instance of singleton bean 'mappingJackson2HttpMessageConverter'
2025-05-28T20:57:59.275+02:00 DEBUG 2092 --- [wanchinchun] [           main] o.s.b.f.s.DefaultListableBeanFactory     : Creating shared instance of singleton bean 'org.springframework.boot.autoconfigure.http.JacksonHttpMessageConvertersConfiguration$MappingJackson2HttpMessageConverterConfiguration'
2025-05-28T20:57:59.276+02:00 DEBUG 2092 --- [wanchinchun] [           main] o.s.b.f.s.DefaultListableBeanFactory     : Creating shared instance of singleton bean 'jacksonObjectMapper'
2025-05-28T20:57:59.276+02:00 DEBUG 2092 --- [wanchinchun] [           main] o.s.b.f.s.DefaultListableBeanFactory     : Creating shared instance of singleton bean 'org.springframework.boot.autoconfigure.jackson.JacksonAutoConfiguration$JacksonObjectMapperConfiguration'
2025-05-28T20:57:59.277+02:00 DEBUG 2092 --- [wanchinchun] [           main] o.s.b.f.s.DefaultListableBeanFactory     : Creating shared instance of singleton bean 'org.springframework.boot.autoconfigure.jackson.JacksonAutoConfiguration$JacksonObjectMapperBuilderConfiguration'
2025-05-28T20:57:59.279+02:00 DEBUG 2092 --- [wanchinchun] [           main] o.s.b.f.s.DefaultListableBeanFactory     : Creating shared instance of singleton bean 'standardJacksonObjectMapperBuilderCustomizer'
2025-05-28T20:57:59.279+02:00 DEBUG 2092 --- [wanchinchun] [           main] o.s.b.f.s.DefaultListableBeanFactory     : Creating shared instance of singleton bean 'org.springframework.boot.autoconfigure.jackson.JacksonAutoConfiguration$Jackson2ObjectMapperBuilderCustomizerConfiguration'
2025-05-28T20:57:59.279+02:00 DEBUG 2092 --- [wanchinchun] [           main] o.s.b.f.s.DefaultListableBeanFactory     : Creating shared instance of singleton bean 'spring.jackson-org.springframework.boot.autoconfigure.jackson.JacksonProperties'
2025-05-28T20:57:59.284+02:00 DEBUG 2092 --- [wanchinchun] [           main] o.s.b.f.s.DefaultListableBeanFactory     : Autowiring by type from bean name 'standardJacksonObjectMapperBuilderCustomizer' via factory method to bean named 'spring.jackson-org.springframework.boot.autoconfigure.jackson.JacksonProperties'
2025-05-28T20:57:59.285+02:00 DEBUG 2092 --- [wanchinchun] [           main] o.s.b.f.s.DefaultListableBeanFactory     : Creating shared instance of singleton bean 'parameterNamesModule'
2025-05-28T20:57:59.285+02:00 DEBUG 2092 --- [wanchinchun] [           main] o.s.b.f.s.DefaultListableBeanFactory     : Creating shared instance of singleton bean 'org.springframework.boot.autoconfigure.jackson.JacksonAutoConfiguration$ParameterNamesModuleConfiguration'
2025-05-28T20:57:59.290+02:00 DEBUG 2092 --- [wanchinchun] [           main] o.s.b.f.s.DefaultListableBeanFactory     : Creating shared instance of singleton bean 'jsonMixinModule'
2025-05-28T20:57:59.290+02:00 DEBUG 2092 --- [wanchinchun] [           main] o.s.b.f.s.DefaultListableBeanFactory     : Creating shared instance of singleton bean 'org.springframework.boot.autoconfigure.jackson.JacksonAutoConfiguration$JacksonMixinConfiguration'
2025-05-28T20:57:59.291+02:00 DEBUG 2092 --- [wanchinchun] [           main] o.s.b.f.s.DefaultListableBeanFactory     : Creating shared instance of singleton bean 'jsonMixinModuleEntries'
2025-05-28T20:57:59.291+02:00 DEBUG 2092 --- [wanchinchun] [           main] o.s.b.f.s.DefaultListableBeanFactory     : Autowiring by type from bean name 'jsonMixinModuleEntries' via factory method to bean named 'org.springframework.boot.web.servlet.context.AnnotationConfigServletWebServerApplicationContext@12365c88'
2025-05-28T20:57:59.299+02:00 DEBUG 2092 --- [wanchinchun] [           main] o.s.b.f.s.DefaultListableBeanFactory     : Autowiring by type from bean name 'jsonMixinModule' via factory method to bean named 'org.springframework.boot.web.servlet.context.AnnotationConfigServletWebServerApplicationContext@12365c88'
2025-05-28T20:57:59.299+02:00 DEBUG 2092 --- [wanchinchun] [           main] o.s.b.f.s.DefaultListableBeanFactory     : Autowiring by type from bean name 'jsonMixinModule' via factory method to bean named 'jsonMixinModuleEntries'
2025-05-28T20:57:59.302+02:00 DEBUG 2092 --- [wanchinchun] [           main] o.s.b.f.s.DefaultListableBeanFactory     : Creating shared instance of singleton bean 'jsonComponentModule'
2025-05-28T20:57:59.302+02:00 DEBUG 2092 --- [wanchinchun] [           main] o.s.b.f.s.DefaultListableBeanFactory     : Creating shared instance of singleton bean 'org.springframework.boot.autoconfigure.jackson.JacksonAutoConfiguration'
2025-05-28T20:57:59.307+02:00 DEBUG 2092 --- [wanchinchun] [           main] o.s.b.f.s.DefaultListableBeanFactory     : Creating shared instance of singleton bean 'jacksonGeoModule'
2025-05-28T20:57:59.307+02:00 DEBUG 2092 --- [wanchinchun] [           main] o.s.b.f.s.DefaultListableBeanFactory     : Creating shared instance of singleton bean 'org.springframework.data.web.config.SpringDataJacksonConfiguration'
2025-05-28T20:57:59.309+02:00 DEBUG 2092 --- [wanchinchun] [           main] o.s.b.f.s.DefaultListableBeanFactory     : Creating shared instance of singleton bean 'springDataWebSettings'
2025-05-28T20:57:59.309+02:00 DEBUG 2092 --- [wanchinchun] [           main] o.s.b.f.s.DefaultListableBeanFactory     : Creating shared instance of singleton bean 'org.springframework.boot.autoconfigure.data.web.SpringDataWebAutoConfiguration'
2025-05-28T20:57:59.310+02:00 DEBUG 2092 --- [wanchinchun] [           main] o.s.b.f.s.DefaultListableBeanFactory     : Creating shared instance of singleton bean 'spring.data.web-org.springframework.boot.autoconfigure.data.web.SpringDataWebProperties'
2025-05-28T20:57:59.313+02:00 DEBUG 2092 --- [wanchinchun] [           main] o.s.b.f.s.DefaultListableBeanFactory     : Autowiring by type from bean name 'org.springframework.boot.autoconfigure.data.web.SpringDataWebAutoConfiguration' via constructor to bean named 'spring.data.web-org.springframework.boot.autoconfigure.data.web.SpringDataWebProperties'
2025-05-28T20:57:59.321+02:00 DEBUG 2092 --- [wanchinchun] [           main] o.s.b.f.s.DefaultListableBeanFactory     : Creating shared instance of singleton bean 'pageModule'
2025-05-28T20:57:59.326+02:00 DEBUG 2092 --- [wanchinchun] [           main] o.s.b.f.s.DefaultListableBeanFactory     : Autowiring by type from bean name 'jacksonObjectMapperBuilder' via factory method to bean named 'org.springframework.boot.web.servlet.context.AnnotationConfigServletWebServerApplicationContext@12365c88'
2025-05-28T20:57:59.326+02:00 DEBUG 2092 --- [wanchinchun] [           main] o.s.b.f.s.DefaultListableBeanFactory     : Autowiring by type from bean name 'jacksonObjectMapperBuilder' via factory method to bean named 'standardJacksonObjectMapperBuilderCustomizer'
2025-05-28T20:57:59.330+02:00 DEBUG 2092 --- [wanchinchun] [           main] o.s.b.f.s.DefaultListableBeanFactory     : Autowiring by type from bean name 'jacksonObjectMapper' via factory method to bean named 'jacksonObjectMapperBuilder'
2025-05-28T20:57:59.350+02:00 DEBUG 2092 --- [wanchinchun] [           main] o.s.b.f.s.DefaultListableBeanFactory     : Autowiring by type from bean name 'mappingJackson2HttpMessageConverter' via factory method to bean named 'jacksonObjectMapper'
2025-05-28T20:57:59.363+02:00 DEBUG 2092 --- [wanchinchun] [           main] o.s.b.f.s.DefaultListableBeanFactory     : Autowiring by type from bean name 'restTemplateBuilder' via factory method to bean named 'restTemplateBuilderConfigurer'
2025-05-28T20:57:59.366+02:00 DEBUG 2092 --- [wanchinchun] [           main] o.s.b.f.s.DefaultListableBeanFactory     : Autowiring by type from bean name 'restTemplate' via factory method to bean named 'restTemplateBuilder'
2025-05-28T20:57:59.609+02:00 DEBUG 2092 --- [wanchinchun] [           main] o.s.b.f.s.DefaultListableBeanFactory     : Autowiring by type from bean name 'accessManagerService' via constructor to bean named 'restTemplate'
2025-05-28T20:57:59.609+02:00 DEBUG 2092 --- [wanchinchun] [           main] o.s.b.f.s.DefaultListableBeanFactory     : Autowiring by type from bean name 'accessManagerService' via constructor to bean named 'productRepository'
2025-05-28T20:57:59.610+02:00 DEBUG 2092 --- [wanchinchun] [           main] o.s.c.e.PropertySourcesPropertyResolver  : Found key 'microservice.users.baseurl' in PropertySource 'environmentProperties' with value of type String
2025-05-28T20:57:59.613+02:00 DEBUG 2092 --- [wanchinchun] [           main] o.s.b.f.s.DefaultListableBeanFactory     : Creating shared instance of singleton bean 'productMapper'
2025-05-28T20:57:59.613+02:00 DEBUG 2092 --- [wanchinchun] [           main] o.s.b.f.s.DefaultListableBeanFactory     : Autowiring by type from bean name 'productService' via constructor to bean named 'accessManagerService'
2025-05-28T20:57:59.613+02:00 DEBUG 2092 --- [wanchinchun] [           main] o.s.b.f.s.DefaultListableBeanFactory     : Autowiring by type from bean name 'productService' via constructor to bean named 'productRepository'
2025-05-28T20:57:59.613+02:00 DEBUG 2092 --- [wanchinchun] [           main] o.s.b.f.s.DefaultListableBeanFactory     : Autowiring by type from bean name 'productService' via constructor to bean named 'productMapper'
2025-05-28T20:57:59.613+02:00 DEBUG 2092 --- [wanchinchun] [           main] o.s.b.f.s.DefaultListableBeanFactory     : Autowiring by type from bean name 'productServiceFactory' via constructor to bean named 'productService'
2025-05-28T20:57:59.613+02:00 DEBUG 2092 --- [wanchinchun] [           main] o.s.b.f.s.DefaultListableBeanFactory     : Autowiring by type from bean name 'productController' via constructor to bean named 'productServiceFactory'
2025-05-28T20:57:59.615+02:00 DEBUG 2092 --- [wanchinchun] [           main] o.s.b.f.s.DefaultListableBeanFactory     : Creating shared instance of singleton bean 'relationControler'
2025-05-28T20:57:59.615+02:00 DEBUG 2092 --- [wanchinchun] [           main] o.s.b.f.s.DefaultListableBeanFactory     : Creating shared instance of singleton bean 'relationService'
2025-05-28T20:57:59.617+02:00 DEBUG 2092 --- [wanchinchun] [           main] o.s.b.f.s.DefaultListableBeanFactory     : Creating shared instance of singleton bean 'relationRepository'
2025-05-28T20:57:59.618+02:00 DEBUG 2092 --- [wanchinchun] [           main] o.s.b.f.s.DefaultListableBeanFactory     : Creating shared instance of singleton bean 'jpa.named-queries#0'
2025-05-28T20:57:59.619+02:00 DEBUG 2092 --- [wanchinchun] [           main] o.s.b.f.s.DefaultListableBeanFactory     : Creating shared instance of singleton bean 'jpa.RelationRepository.fragments#0'
2025-05-28T20:57:59.619+02:00 DEBUG 2092 --- [wanchinchun] [           main] tor$SharedEntityManagerInvocationHandler : Creating new EntityManager for shared EntityManager invocation
2025-05-28T20:57:59.621+02:00 DEBUG 2092 --- [wanchinchun] [           main] o.s.d.r.c.s.RepositoryFactorySupport     : Initializing repository instance for com.uma.wanchinchun.repositories.RelationRepository…
2025-05-28T20:57:59.621+02:00 DEBUG 2092 --- [wanchinchun] [           main] tor$SharedEntityManagerInvocationHandler : Creating new EntityManager for shared EntityManager invocation
2025-05-28T20:57:59.626+02:00 DEBUG 2092 --- [wanchinchun] [           main] o.s.d.r.c.s.RepositoryFactorySupport     : Finished creation of repository instance for com.uma.wanchinchun.repositories.RelationRepository.
2025-05-28T20:57:59.628+02:00 DEBUG 2092 --- [wanchinchun] [           main] o.s.b.f.s.DefaultListableBeanFactory     : Autowiring by type from bean name 'relationService' via constructor to bean named 'relationRepository'
2025-05-28T20:57:59.628+02:00 DEBUG 2092 --- [wanchinchun] [           main] o.s.b.f.s.DefaultListableBeanFactory     : Autowiring by type from bean name 'relationService' via constructor to bean named 'restTemplate'
2025-05-28T20:57:59.639+02:00 DEBUG 2092 --- [wanchinchun] [           main] o.s.b.f.s.DefaultListableBeanFactory     : Autowiring by type from bean name 'relationControler' via constructor to bean named 'relationService'
2025-05-28T20:57:59.640+02:00 DEBUG 2092 --- [wanchinchun] [           main] o.s.b.f.s.DefaultListableBeanFactory     : Creating shared instance of singleton bean 'databaseInitializer'
2025-05-28T20:57:59.648+02:00 DEBUG 2092 --- [wanchinchun] [           main] o.s.jdbc.datasource.DataSourceUtils      : Fetching JDBC Connection from DataSource
2025-05-28T20:57:59.649+02:00 DEBUG 2092 --- [wanchinchun] [           main] o.s.jdbc.datasource.init.ScriptUtils     : Executing SQL script from class path resource [schema.sql]
2025-05-28T20:57:59.654+02:00 DEBUG 2092 --- [wanchinchun] [           main] o.s.jdbc.datasource.init.ScriptUtils     : 0 returned as update count for SQL: drop table if exists atributos_producto
2025-05-28T20:57:59.656+02:00 DEBUG 2092 --- [wanchinchun] [           main] o.s.jdbc.datasource.init.ScriptUtils     : 0 returned as update count for SQL: drop table if exists producto_categoria
2025-05-28T20:57:59.657+02:00 DEBUG 2092 --- [wanchinchun] [           main] o.s.jdbc.datasource.init.ScriptUtils     : 0 returned as update count for SQL: drop table if exists productos_relacionados
2025-05-28T20:57:59.658+02:00 DEBUG 2092 --- [wanchinchun] [           main] o.s.jdbc.datasource.init.ScriptUtils     : 0 returned as update count for SQL: drop table if exists productos
2025-05-28T20:57:59.658+02:00 DEBUG 2092 --- [wanchinchun] [           main] o.s.jdbc.datasource.init.ScriptUtils     : 0 returned as update count for SQL: drop table if exists categorias
2025-05-28T20:57:59.659+02:00 DEBUG 2092 --- [wanchinchun] [           main] o.s.jdbc.datasource.init.ScriptUtils     : 0 returned as update count for SQL: drop table if exists relaciones
2025-05-28T20:57:59.659+02:00 DEBUG 2092 --- [wanchinchun] [           main] o.s.jdbc.datasource.init.ScriptUtils     : 0 returned as update count for SQL: drop sequence if exists categorias_seq
2025-05-28T20:57:59.660+02:00 DEBUG 2092 --- [wanchinchun] [           main] o.s.jdbc.datasource.init.ScriptUtils     : 0 returned as update count for SQL: drop sequence if exists productos_seq
2025-05-28T20:57:59.660+02:00 DEBUG 2092 --- [wanchinchun] [           main] o.s.jdbc.datasource.init.ScriptUtils     : 0 returned as update count for SQL: drop sequence if exists relaciones_seq
2025-05-28T20:57:59.660+02:00 DEBUG 2092 --- [wanchinchun] [           main] o.s.jdbc.datasource.init.ScriptUtils     : 0 returned as update count for SQL: create sequence categorias_seq start with 1 increment by 50
2025-05-28T20:57:59.661+02:00 DEBUG 2092 --- [wanchinchun] [           main] o.s.jdbc.datasource.init.ScriptUtils     : 0 returned as update count for SQL: create sequence productos_seq start with 1 increment by 50
2025-05-28T20:57:59.661+02:00 DEBUG 2092 --- [wanchinchun] [           main] o.s.jdbc.datasource.init.ScriptUtils     : 0 returned as update count for SQL: create sequence relaciones_seq start with 1 increment by 50
2025-05-28T20:57:59.661+02:00 DEBUG 2092 --- [wanchinchun] [           main] o.s.jdbc.datasource.init.ScriptUtils     : 0 returned as update count for SQL: create table atributos_producto ( id_producto bigint not null, nombre varchar(255) not null, valor varchar(255) not null )
2025-05-28T20:57:59.663+02:00 DEBUG 2092 --- [wanchinchun] [           main] o.s.jdbc.datasource.init.ScriptUtils     : 0 returned as update count for SQL: create table categorias ( id bigint not null, nombre varchar(255) not null, primary key (id) )
2025-05-28T20:57:59.663+02:00 DEBUG 2092 --- [wanchinchun] [           main] o.s.jdbc.datasource.init.ScriptUtils     : 0 returned as update count for SQL: create table producto_categoria ( categoria_id bigint not null, producto_id bigint not null, primary key (categoria_id, producto_id) )
2025-05-28T20:57:59.665+02:00 DEBUG 2092 --- [wanchinchun] [           main] o.s.jdbc.datasource.init.ScriptUtils     : 0 returned as update count for SQL: create table productos ( creado timestamp(6) with time zone not null, id bigint not null, id_cuenta bigint not null, modificado timestamp(6) with time zone, gtin varchar(255) not null unique, miniatura varchar(255), nombre varchar(255) not null, sku varchar(255) not null unique, texto_corto varchar(255), primary key (id) )
2025-05-28T20:57:59.665+02:00 DEBUG 2092 --- [wanchinchun] [           main] o.s.jdbc.datasource.init.ScriptUtils     : 0 returned as update count for SQL: create table productos_relacionados ( id_producto_destino bigint not null, id_producto_origen bigint not null, relacion_fk bigint unique, primary key (id_producto_destino, id_producto_origen) )
2025-05-28T20:57:59.666+02:00 DEBUG 2092 --- [wanchinchun] [           main] o.s.jdbc.datasource.init.ScriptUtils     : 0 returned as update count for SQL: create table relaciones ( id bigint not null, description varchar(255), nombre varchar(255) not null, primary key (id) )
2025-05-28T20:57:59.675+02:00 DEBUG 2092 --- [wanchinchun] [           main] o.s.jdbc.datasource.init.ScriptUtils     : 0 returned as update count for SQL: alter table if exists atributos_producto add constraint FK99yjqg0ouc5wg2x6rpunqm5ac foreign key (id_producto) references productos
2025-05-28T20:57:59.678+02:00 DEBUG 2092 --- [wanchinchun] [           main] o.s.jdbc.datasource.init.ScriptUtils     : 0 returned as update count for SQL: alter table if exists producto_categoria add constraint FKck76h1dqwbw3rp8gkxkxytqe6 foreign key (categoria_id) references categorias
2025-05-28T20:57:59.678+02:00 DEBUG 2092 --- [wanchinchun] [           main] o.s.jdbc.datasource.init.ScriptUtils     : 0 returned as update count for SQL: alter table if exists producto_categoria add constraint FKfahqc7k27mgnlrr5q6oylure7 foreign key (producto_id) references productos
2025-05-28T20:57:59.680+02:00 DEBUG 2092 --- [wanchinchun] [           main] o.s.jdbc.datasource.init.ScriptUtils     : 0 returned as update count for SQL: alter table if exists productos_relacionados add constraint FKt8d2estsslj1o8cla4nmcl85a foreign key (id_producto_destino) references productos
2025-05-28T20:57:59.681+02:00 DEBUG 2092 --- [wanchinchun] [           main] o.s.jdbc.datasource.init.ScriptUtils     : 0 returned as update count for SQL: alter table if exists productos_relacionados add constraint FKgef9sn2qvx3aqmjqwlw2wdm0c foreign key (id_producto_origen) references productos
2025-05-28T20:57:59.683+02:00 DEBUG 2092 --- [wanchinchun] [           main] o.s.jdbc.datasource.init.ScriptUtils     : 0 returned as update count for SQL: alter table if exists productos_relacionados add constraint FK1h6fk89lu2crxqetr9d5474ke foreign key (relacion_fk) references relaciones
2025-05-28T20:57:59.684+02:00 DEBUG 2092 --- [wanchinchun] [           main] o.s.jdbc.datasource.init.ScriptUtils     : Executed SQL script from class path resource [schema.sql] in 34 ms.
=== Esquema de base de datos inicializado manualmente ===
2025-05-28T20:57:59.685+02:00 DEBUG 2092 --- [wanchinchun] [           main] o.s.b.f.s.DefaultListableBeanFactory     : Creating shared instance of singleton bean 'initData'
2025-05-28T20:57:59.685+02:00 DEBUG 2092 --- [wanchinchun] [           main] o.s.b.f.s.DefaultListableBeanFactory     : Autowiring by type from bean name 'initData' via factory method to bean named 'productRepository'
2025-05-28T20:57:59.685+02:00 DEBUG 2092 --- [wanchinchun] [           main] o.s.b.f.s.DefaultListableBeanFactory     : Autowiring by type from bean name 'initData' via factory method to bean named 'categoryRepository'
2025-05-28T20:57:59.687+02:00 DEBUG 2092 --- [wanchinchun] [           main] o.s.b.f.s.DefaultListableBeanFactory     : Creating shared instance of singleton bean 'org.springframework.boot.autoconfigure.context.PropertyPlaceholderAutoConfiguration'
2025-05-28T20:57:59.688+02:00 DEBUG 2092 --- [wanchinchun] [           main] o.s.b.f.s.DefaultListableBeanFactory     : Creating shared instance of singleton bean 'org.springframework.boot.context.properties.EnableConfigurationPropertiesRegistrar.methodValidationExcludeFilter'
2025-05-28T20:57:59.689+02:00 DEBUG 2092 --- [wanchinchun] [           main] o.s.b.f.s.DefaultListableBeanFactory     : Creating shared instance of singleton bean 'org.springframework.boot.autoconfigure.websocket.servlet.WebSocketServletAutoConfiguration'
2025-05-28T20:57:59.690+02:00 DEBUG 2092 --- [wanchinchun] [           main] o.s.b.f.s.DefaultListableBeanFactory     : Creating shared instance of singleton bean 'org.springframework.boot.autoconfigure.web.servlet.DispatcherServletAutoConfiguration'
2025-05-28T20:57:59.690+02:00 DEBUG 2092 --- [wanchinchun] [           main] o.s.b.f.s.DefaultListableBeanFactory     : Creating shared instance of singleton bean 'org.springframework.boot.autoconfigure.task.TaskExecutorConfigurations$ThreadPoolTaskExecutorBuilderConfiguration'
2025-05-28T20:57:59.690+02:00 DEBUG 2092 --- [wanchinchun] [           main] o.s.b.f.s.DefaultListableBeanFactory     : Creating shared instance of singleton bean 'threadPoolTaskExecutorBuilder'
2025-05-28T20:57:59.691+02:00 DEBUG 2092 --- [wanchinchun] [           main] o.s.b.f.s.DefaultListableBeanFactory     : Creating shared instance of singleton bean 'spring.task.execution-org.springframework.boot.autoconfigure.task.TaskExecutionProperties'
2025-05-28T20:57:59.694+02:00 DEBUG 2092 --- [wanchinchun] [           main] o.s.b.f.s.DefaultListableBeanFactory     : Autowiring by type from bean name 'threadPoolTaskExecutorBuilder' via factory method to bean named 'spring.task.execution-org.springframework.boot.autoconfigure.task.TaskExecutionProperties'
2025-05-28T20:57:59.699+02:00 DEBUG 2092 --- [wanchinchun] [           main] o.s.b.f.s.DefaultListableBeanFactory     : Creating shared instance of singleton bean 'org.springframework.boot.autoconfigure.task.TaskExecutorConfigurations$SimpleAsyncTaskExecutorBuilderConfiguration'
2025-05-28T20:57:59.700+02:00 DEBUG 2092 --- [wanchinchun] [           main] o.s.b.f.s.DefaultListableBeanFactory     : Autowiring by type from bean name 'org.springframework.boot.autoconfigure.task.TaskExecutorConfigurations$SimpleAsyncTaskExecutorBuilderConfiguration' via constructor to bean named 'spring.task.execution-org.springframework.boot.autoconfigure.task.TaskExecutionProperties'
2025-05-28T20:57:59.700+02:00 DEBUG 2092 --- [wanchinchun] [           main] o.s.b.f.s.DefaultListableBeanFactory     : Creating shared instance of singleton bean 'simpleAsyncTaskExecutorBuilder'
2025-05-28T20:57:59.703+02:00 DEBUG 2092 --- [wanchinchun] [           main] o.s.b.f.s.DefaultListableBeanFactory     : Creating shared instance of singleton bean 'org.springframework.boot.autoconfigure.task.TaskExecutorConfigurations$TaskExecutorConfiguration'
2025-05-28T20:57:59.704+02:00 DEBUG 2092 --- [wanchinchun] [           main] o.s.b.f.s.DefaultListableBeanFactory     : Creating shared instance of singleton bean 'org.springframework.boot.autoconfigure.task.TaskExecutionAutoConfiguration'
2025-05-28T20:57:59.704+02:00 DEBUG 2092 --- [wanchinchun] [           main] o.s.b.f.s.DefaultListableBeanFactory     : Creating shared instance of singleton bean 'org.springframework.boot.autoconfigure.web.servlet.error.ErrorMvcAutoConfiguration$WhitelabelErrorViewConfiguration'
2025-05-28T20:57:59.705+02:00 DEBUG 2092 --- [wanchinchun] [           main] o.s.b.f.s.DefaultListableBeanFactory     : Creating shared instance of singleton bean 'error'
2025-05-28T20:57:59.705+02:00 DEBUG 2092 --- [wanchinchun] [           main] o.s.b.f.s.DefaultListableBeanFactory     : Creating shared instance of singleton bean 'beanNameViewResolver'
2025-05-28T20:57:59.707+02:00 DEBUG 2092 --- [wanchinchun] [           main] o.s.b.f.s.DefaultListableBeanFactory     : Creating shared instance of singleton bean 'org.springframework.boot.autoconfigure.web.servlet.error.ErrorMvcAutoConfiguration$DefaultErrorViewResolverConfiguration'
2025-05-28T20:57:59.707+02:00 DEBUG 2092 --- [wanchinchun] [           main] o.s.b.f.s.DefaultListableBeanFactory     : Creating shared instance of singleton bean 'spring.web-org.springframework.boot.autoconfigure.web.WebProperties'
2025-05-28T20:57:59.713+02:00 DEBUG 2092 --- [wanchinchun] [           main] o.s.b.f.s.DefaultListableBeanFactory     : Autowiring by type from bean name 'org.springframework.boot.autoconfigure.web.servlet.error.ErrorMvcAutoConfiguration$DefaultErrorViewResolverConfiguration' via constructor to bean named 'org.springframework.boot.web.servlet.context.AnnotationConfigServletWebServerApplicationContext@12365c88'
2025-05-28T20:57:59.713+02:00 DEBUG 2092 --- [wanchinchun] [           main] o.s.b.f.s.DefaultListableBeanFactory     : Autowiring by type from bean name 'org.springframework.boot.autoconfigure.web.servlet.error.ErrorMvcAutoConfiguration$DefaultErrorViewResolverConfiguration' via constructor to bean named 'spring.web-org.springframework.boot.autoconfigure.web.WebProperties'
2025-05-28T20:57:59.714+02:00 DEBUG 2092 --- [wanchinchun] [           main] o.s.b.f.s.DefaultListableBeanFactory     : Creating shared instance of singleton bean 'conventionErrorViewResolver'
2025-05-28T20:57:59.716+02:00 DEBUG 2092 --- [wanchinchun] [           main] o.s.b.f.s.DefaultListableBeanFactory     : Creating shared instance of singleton bean 'errorAttributes'
2025-05-28T20:57:59.718+02:00 DEBUG 2092 --- [wanchinchun] [           main] o.s.b.f.s.DefaultListableBeanFactory     : Creating shared instance of singleton bean 'basicErrorController'
2025-05-28T20:57:59.719+02:00 DEBUG 2092 --- [wanchinchun] [           main] o.s.b.f.s.DefaultListableBeanFactory     : Autowiring by type from bean name 'basicErrorController' via factory method to bean named 'errorAttributes'
2025-05-28T20:57:59.724+02:00 DEBUG 2092 --- [wanchinchun] [           main] o.s.b.f.s.DefaultListableBeanFactory     : Creating shared instance of singleton bean 'org.springframework.boot.autoconfigure.web.servlet.WebMvcAutoConfiguration$EnableWebMvcConfiguration'
2025-05-28T20:57:59.725+02:00 DEBUG 2092 --- [wanchinchun] [           main] o.s.b.f.s.DefaultListableBeanFactory     : Autowiring by type from bean name 'org.springframework.boot.autoconfigure.web.servlet.WebMvcAutoConfiguration$EnableWebMvcConfiguration' via constructor to bean named 'spring.mvc-org.springframework.boot.autoconfigure.web.servlet.WebMvcProperties'
2025-05-28T20:57:59.725+02:00 DEBUG 2092 --- [wanchinchun] [           main] o.s.b.f.s.DefaultListableBeanFactory     : Autowiring by type from bean name 'org.springframework.boot.autoconfigure.web.servlet.WebMvcAutoConfiguration$EnableWebMvcConfiguration' via constructor to bean named 'spring.web-org.springframework.boot.autoconfigure.web.WebProperties'
2025-05-28T20:57:59.725+02:00 DEBUG 2092 --- [wanchinchun] [           main] o.s.b.f.s.DefaultListableBeanFactory     : Autowiring by type from bean name 'org.springframework.boot.autoconfigure.web.servlet.WebMvcAutoConfiguration$EnableWebMvcConfiguration' via constructor to bean named 'org.springframework.beans.factory.support.DefaultListableBeanFactory@6a933be2'
2025-05-28T20:57:59.728+02:00 DEBUG 2092 --- [wanchinchun] [           main] o.s.b.f.s.DefaultListableBeanFactory     : Creating shared instance of singleton bean 'org.springframework.boot.autoconfigure.web.servlet.WebMvcAutoConfiguration$WebMvcAutoConfigurationAdapter'
2025-05-28T20:57:59.728+02:00 DEBUG 2092 --- [wanchinchun] [           main] o.s.b.f.s.DefaultListableBeanFactory     : Autowiring by type from bean name 'org.springframework.boot.autoconfigure.web.servlet.WebMvcAutoConfiguration$WebMvcAutoConfigurationAdapter' via constructor to bean named 'spring.web-org.springframework.boot.autoconfigure.web.WebProperties'
2025-05-28T20:57:59.728+02:00 DEBUG 2092 --- [wanchinchun] [           main] o.s.b.f.s.DefaultListableBeanFactory     : Autowiring by type from bean name 'org.springframework.boot.autoconfigure.web.servlet.WebMvcAutoConfiguration$WebMvcAutoConfigurationAdapter' via constructor to bean named 'spring.mvc-org.springframework.boot.autoconfigure.web.servlet.WebMvcProperties'
2025-05-28T20:57:59.728+02:00 DEBUG 2092 --- [wanchinchun] [           main] o.s.b.f.s.DefaultListableBeanFactory     : Autowiring by type from bean name 'org.springframework.boot.autoconfigure.web.servlet.WebMvcAutoConfiguration$WebMvcAutoConfigurationAdapter' via constructor to bean named 'org.springframework.beans.factory.support.DefaultListableBeanFactory@6a933be2'
2025-05-28T20:57:59.731+02:00 DEBUG 2092 --- [wanchinchun] [           main] o.s.b.f.s.DefaultListableBeanFactory     : Creating shared instance of singleton bean 'openEntityManagerInViewInterceptorConfigurer'
2025-05-28T20:57:59.731+02:00 DEBUG 2092 --- [wanchinchun] [           main] o.s.b.f.s.DefaultListableBeanFactory     : Creating shared instance of singleton bean 'org.springframework.boot.autoconfigure.orm.jpa.JpaBaseConfiguration$JpaWebConfiguration'
2025-05-28T20:57:59.732+02:00 DEBUG 2092 --- [wanchinchun] [           main] o.s.b.f.s.DefaultListableBeanFactory     : Autowiring by type from bean name 'org.springframework.boot.autoconfigure.orm.jpa.JpaBaseConfiguration$JpaWebConfiguration' via constructor to bean named 'spring.jpa-org.springframework.boot.autoconfigure.orm.jpa.JpaProperties'
2025-05-28T20:57:59.732+02:00 DEBUG 2092 --- [wanchinchun] [           main] o.s.b.f.s.DefaultListableBeanFactory     : Creating shared instance of singleton bean 'openEntityManagerInViewInterceptor'
2025-05-28T20:57:59.734+02:00  WARN 2092 --- [wanchinchun] [           main] JpaBaseConfiguration$JpaWebConfiguration : spring.jpa.open-in-view is enabled by default. Therefore, database queries may be performed during view rendering. Explicitly configure spring.jpa.open-in-view to disable this warning
2025-05-28T20:57:59.739+02:00 DEBUG 2092 --- [wanchinchun] [           main] o.s.b.f.s.DefaultListableBeanFactory     : Autowiring by type from bean name 'openEntityManagerInViewInterceptorConfigurer' via factory method to bean named 'openEntityManagerInViewInterceptor'
2025-05-28T20:57:59.741+02:00 DEBUG 2092 --- [wanchinchun] [           main] o.s.b.f.s.DefaultListableBeanFactory     : Creating shared instance of singleton bean 'org.springframework.data.web.config.SpringDataWebConfiguration'
2025-05-28T20:57:59.741+02:00 DEBUG 2092 --- [wanchinchun] [           main] o.s.b.f.s.DefaultListableBeanFactory     : Autowiring by type from bean name 'org.springframework.data.web.config.SpringDataWebConfiguration' via constructor to bean named 'org.springframework.boot.web.servlet.context.AnnotationConfigServletWebServerApplicationContext@12365c88'
2025-05-28T20:57:59.746+02:00 DEBUG 2092 --- [wanchinchun] [           main] o.s.b.f.s.DefaultListableBeanFactory     : Creating shared instance of singleton bean 'welcomePageHandlerMapping'
2025-05-28T20:57:59.747+02:00 DEBUG 2092 --- [wanchinchun] [           main] o.s.b.f.s.DefaultListableBeanFactory     : Creating shared instance of singleton bean 'mvcConversionService'
2025-05-28T20:57:59.754+02:00 DEBUG 2092 --- [wanchinchun] [           main] o.s.b.f.s.DefaultListableBeanFactory     : Creating shared instance of singleton bean 'mvcResourceUrlProvider'
2025-05-28T20:57:59.757+02:00 DEBUG 2092 --- [wanchinchun] [           main] o.s.b.f.s.DefaultListableBeanFactory     : Autowiring by type from bean name 'welcomePageHandlerMapping' via factory method to bean named 'org.springframework.boot.web.servlet.context.AnnotationConfigServletWebServerApplicationContext@12365c88'
2025-05-28T20:57:59.757+02:00 DEBUG 2092 --- [wanchinchun] [           main] o.s.b.f.s.DefaultListableBeanFactory     : Autowiring by type from bean name 'welcomePageHandlerMapping' via factory method to bean named 'mvcConversionService'
2025-05-28T20:57:59.757+02:00 DEBUG 2092 --- [wanchinchun] [           main] o.s.b.f.s.DefaultListableBeanFactory     : Autowiring by type from bean name 'welcomePageHandlerMapping' via factory method to bean named 'mvcResourceUrlProvider'
2025-05-28T20:57:59.771+02:00 DEBUG 2092 --- [wanchinchun] [           main] o.s.b.f.s.DefaultListableBeanFactory     : Creating shared instance of singleton bean 'welcomePageNotAcceptableHandlerMapping'
2025-05-28T20:57:59.772+02:00 DEBUG 2092 --- [wanchinchun] [           main] o.s.b.f.s.DefaultListableBeanFactory     : Autowiring by type from bean name 'welcomePageNotAcceptableHandlerMapping' via factory method to bean named 'org.springframework.boot.web.servlet.context.AnnotationConfigServletWebServerApplicationContext@12365c88'
2025-05-28T20:57:59.772+02:00 DEBUG 2092 --- [wanchinchun] [           main] o.s.b.f.s.DefaultListableBeanFactory     : Autowiring by type from bean name 'welcomePageNotAcceptableHandlerMapping' via factory method to bean named 'mvcConversionService'
2025-05-28T20:57:59.772+02:00 DEBUG 2092 --- [wanchinchun] [           main] o.s.b.f.s.DefaultListableBeanFactory     : Autowiring by type from bean name 'welcomePageNotAcceptableHandlerMapping' via factory method to bean named 'mvcResourceUrlProvider'
2025-05-28T20:57:59.775+02:00 DEBUG 2092 --- [wanchinchun] [           main] o.s.b.f.s.DefaultListableBeanFactory     : Creating shared instance of singleton bean 'localeResolver'
2025-05-28T20:57:59.777+02:00 DEBUG 2092 --- [wanchinchun] [           main] o.s.b.f.s.DefaultListableBeanFactory     : Creating shared instance of singleton bean 'themeResolver'
2025-05-28T20:57:59.778+02:00 DEBUG 2092 --- [wanchinchun] [           main] o.s.b.f.s.DefaultListableBeanFactory     : Creating shared instance of singleton bean 'flashMapManager'
2025-05-28T20:57:59.781+02:00 DEBUG 2092 --- [wanchinchun] [           main] o.s.b.f.s.DefaultListableBeanFactory     : Creating shared instance of singleton bean 'viewNameTranslator'
2025-05-28T20:57:59.782+02:00 DEBUG 2092 --- [wanchinchun] [           main] o.s.b.f.s.DefaultListableBeanFactory     : Creating shared instance of singleton bean 'mvcValidator'
2025-05-28T20:57:59.784+02:00 DEBUG 2092 --- [wanchinchun] [           main] o.s.b.f.s.DefaultListableBeanFactory     : Creating shared instance of singleton bean 'mvcContentNegotiationManager'
2025-05-28T20:57:59.792+02:00 DEBUG 2092 --- [wanchinchun] [           main] o.s.b.f.s.DefaultListableBeanFactory     : Creating shared instance of singleton bean 'requestMappingHandlerMapping'
2025-05-28T20:57:59.794+02:00 DEBUG 2092 --- [wanchinchun] [           main] o.s.b.f.s.DefaultListableBeanFactory     : Autowiring by type from bean name 'requestMappingHandlerMapping' via factory method to bean named 'mvcContentNegotiationManager'
2025-05-28T20:57:59.794+02:00 DEBUG 2092 --- [wanchinchun] [           main] o.s.b.f.s.DefaultListableBeanFactory     : Autowiring by type from bean name 'requestMappingHandlerMapping' via factory method to bean named 'mvcConversionService'
2025-05-28T20:57:59.794+02:00 DEBUG 2092 --- [wanchinchun] [           main] o.s.b.f.s.DefaultListableBeanFactory     : Autowiring by type from bean name 'requestMappingHandlerMapping' via factory method to bean named 'mvcResourceUrlProvider'
2025-05-28T20:57:59.874+02:00 DEBUG 2092 --- [wanchinchun] [           main] s.w.s.m.m.a.RequestMappingHandlerMapping : 19 mappings in 'requestMappingHandlerMapping'
2025-05-28T20:57:59.876+02:00 DEBUG 2092 --- [wanchinchun] [           main] o.s.b.f.s.DefaultListableBeanFactory     : Creating shared instance of singleton bean 'mvcPatternParser'
2025-05-28T20:57:59.877+02:00 DEBUG 2092 --- [wanchinchun] [           main] o.s.b.f.s.DefaultListableBeanFactory     : Creating shared instance of singleton bean 'mvcUrlPathHelper'
2025-05-28T20:57:59.878+02:00 DEBUG 2092 --- [wanchinchun] [           main] o.s.b.f.s.DefaultListableBeanFactory     : Creating shared instance of singleton bean 'mvcPathMatcher'
2025-05-28T20:57:59.878+02:00 DEBUG 2092 --- [wanchinchun] [           main] o.s.b.f.s.DefaultListableBeanFactory     : Creating shared instance of singleton bean 'viewControllerHandlerMapping'
2025-05-28T20:57:59.880+02:00 DEBUG 2092 --- [wanchinchun] [           main] o.s.b.f.s.DefaultListableBeanFactory     : Autowiring by type from bean name 'viewControllerHandlerMapping' via factory method to bean named 'mvcConversionService'
2025-05-28T20:57:59.880+02:00 DEBUG 2092 --- [wanchinchun] [           main] o.s.b.f.s.DefaultListableBeanFactory     : Autowiring by type from bean name 'viewControllerHandlerMapping' via factory method to bean named 'mvcResourceUrlProvider'
2025-05-28T20:57:59.881+02:00 DEBUG 2092 --- [wanchinchun] [           main] o.s.b.f.s.DefaultListableBeanFactory     : Creating shared instance of singleton bean 'beanNameHandlerMapping'
2025-05-28T20:57:59.881+02:00 DEBUG 2092 --- [wanchinchun] [           main] o.s.b.f.s.DefaultListableBeanFactory     : Autowiring by type from bean name 'beanNameHandlerMapping' via factory method to bean named 'mvcConversionService'
2025-05-28T20:57:59.881+02:00 DEBUG 2092 --- [wanchinchun] [           main] o.s.b.f.s.DefaultListableBeanFactory     : Autowiring by type from bean name 'beanNameHandlerMapping' via factory method to bean named 'mvcResourceUrlProvider'
2025-05-28T20:57:59.885+02:00 DEBUG 2092 --- [wanchinchun] [           main] o.s.b.f.s.DefaultListableBeanFactory     : Creating shared instance of singleton bean 'routerFunctionMapping'
2025-05-28T20:57:59.885+02:00 DEBUG 2092 --- [wanchinchun] [           main] o.s.b.f.s.DefaultListableBeanFactory     : Autowiring by type from bean name 'routerFunctionMapping' via factory method to bean named 'mvcConversionService'
2025-05-28T20:57:59.885+02:00 DEBUG 2092 --- [wanchinchun] [           main] o.s.b.f.s.DefaultListableBeanFactory     : Autowiring by type from bean name 'routerFunctionMapping' via factory method to bean named 'mvcResourceUrlProvider'
2025-05-28T20:57:59.937+02:00 DEBUG 2092 --- [wanchinchun] [           main] o.s.b.f.s.DefaultListableBeanFactory     : Creating shared instance of singleton bean 'resourceHandlerMapping'
2025-05-28T20:57:59.937+02:00 DEBUG 2092 --- [wanchinchun] [           main] o.s.b.f.s.DefaultListableBeanFactory     : Autowiring by type from bean name 'resourceHandlerMapping' via factory method to bean named 'mvcContentNegotiationManager'
2025-05-28T20:57:59.937+02:00 DEBUG 2092 --- [wanchinchun] [           main] o.s.b.f.s.DefaultListableBeanFactory     : Autowiring by type from bean name 'resourceHandlerMapping' via factory method to bean named 'mvcConversionService'
2025-05-28T20:57:59.937+02:00 DEBUG 2092 --- [wanchinchun] [           main] o.s.b.f.s.DefaultListableBeanFactory     : Autowiring by type from bean name 'resourceHandlerMapping' via factory method to bean named 'mvcResourceUrlProvider'
2025-05-28T20:57:59.955+02:00 DEBUG 2092 --- [wanchinchun] [           main] o.s.w.s.handler.SimpleUrlHandlerMapping  : Patterns [/webjars/**, /**] in 'resourceHandlerMapping'
2025-05-28T20:57:59.957+02:00 DEBUG 2092 --- [wanchinchun] [           main] o.s.b.f.s.DefaultListableBeanFactory     : Creating shared instance of singleton bean 'defaultServletHandlerMapping'
2025-05-28T20:57:59.957+02:00 DEBUG 2092 --- [wanchinchun] [           main] o.s.b.f.s.DefaultListableBeanFactory     : Creating shared instance of singleton bean 'requestMappingHandlerAdapter'
2025-05-28T20:57:59.958+02:00 DEBUG 2092 --- [wanchinchun] [           main] o.s.b.f.s.DefaultListableBeanFactory     : Autowiring by type from bean name 'requestMappingHandlerAdapter' via factory method to bean named 'mvcContentNegotiationManager'
2025-05-28T20:57:59.958+02:00 DEBUG 2092 --- [wanchinchun] [           main] o.s.b.f.s.DefaultListableBeanFactory     : Autowiring by type from bean name 'requestMappingHandlerAdapter' via factory method to bean named 'mvcConversionService'
2025-05-28T20:57:59.958+02:00 DEBUG 2092 --- [wanchinchun] [           main] o.s.b.f.s.DefaultListableBeanFactory     : Autowiring by type from bean name 'requestMappingHandlerAdapter' via factory method to bean named 'mvcValidator'
2025-05-28T20:57:59.965+02:00 DEBUG 2092 --- [wanchinchun] [           main] o.s.b.f.s.DefaultListableBeanFactory     : Creating shared instance of singleton bean 'sortResolver'
2025-05-28T20:57:59.967+02:00 DEBUG 2092 --- [wanchinchun] [           main] o.s.b.f.s.DefaultListableBeanFactory     : Creating shared instance of singleton bean 'sortCustomizer'
2025-05-28T20:57:59.969+02:00 DEBUG 2092 --- [wanchinchun] [           main] o.s.b.f.s.DefaultListableBeanFactory     : Creating shared instance of singleton bean 'pageableResolver'
2025-05-28T20:57:59.971+02:00 DEBUG 2092 --- [wanchinchun] [           main] o.s.b.f.s.DefaultListableBeanFactory     : Creating shared instance of singleton bean 'pageableCustomizer'
2025-05-28T20:57:59.976+02:00 DEBUG 2092 --- [wanchinchun] [           main] o.s.b.f.s.DefaultListableBeanFactory     : Creating shared instance of singleton bean 'applicationTaskExecutor'
2025-05-28T20:57:59.976+02:00 DEBUG 2092 --- [wanchinchun] [           main] o.s.b.f.s.DefaultListableBeanFactory     : Autowiring by type from bean name 'applicationTaskExecutor' via factory method to bean named 'threadPoolTaskExecutorBuilder'
2025-05-28T20:57:59.981+02:00 DEBUG 2092 --- [wanchinchun] [           main] o.s.s.concurrent.ThreadPoolTaskExecutor  : Initializing ExecutorService 'applicationTaskExecutor'
2025-05-28T20:57:59.992+02:00 DEBUG 2092 --- [wanchinchun] [           main] s.w.s.m.m.a.RequestMappingHandlerAdapter : ControllerAdvice beans: 0 @ModelAttribute, 0 @InitBinder, 1 RequestBodyAdvice, 1 ResponseBodyAdvice
2025-05-28T20:58:00.019+02:00 DEBUG 2092 --- [wanchinchun] [           main] o.s.b.f.s.DefaultListableBeanFactory     : Creating shared instance of singleton bean 'mvcViewResolver'
2025-05-28T20:58:00.020+02:00 DEBUG 2092 --- [wanchinchun] [           main] o.s.b.f.s.DefaultListableBeanFactory     : Autowiring by type from bean name 'mvcViewResolver' via factory method to bean named 'mvcContentNegotiationManager'
2025-05-28T20:58:00.024+02:00 DEBUG 2092 --- [wanchinchun] [           main] o.s.b.f.s.DefaultListableBeanFactory     : Creating shared instance of singleton bean 'defaultViewResolver'
2025-05-28T20:58:00.032+02:00 DEBUG 2092 --- [wanchinchun] [           main] o.s.b.f.s.DefaultListableBeanFactory     : Creating shared instance of singleton bean 'viewResolver'
2025-05-28T20:58:00.034+02:00 DEBUG 2092 --- [wanchinchun] [           main] o.s.b.f.s.DefaultListableBeanFactory     : Autowiring by type from bean name 'viewResolver' via factory method to bean named 'org.springframework.beans.factory.support.DefaultListableBeanFactory@6a933be2'
2025-05-28T20:58:00.036+02:00 DEBUG 2092 --- [wanchinchun] [           main] o.s.b.f.s.DefaultListableBeanFactory     : Creating shared instance of singleton bean 'viewResolver'
2025-05-28T20:58:00.042+02:00 DEBUG 2092 --- [wanchinchun] [           main] o.s.b.f.s.DefaultListableBeanFactory     : Creating shared instance of singleton bean 'handlerFunctionAdapter'
2025-05-28T20:58:00.045+02:00 DEBUG 2092 --- [wanchinchun] [           main] o.s.b.f.s.DefaultListableBeanFactory     : Creating shared instance of singleton bean 'mvcUriComponentsContributor'
2025-05-28T20:58:00.046+02:00 DEBUG 2092 --- [wanchinchun] [           main] o.s.b.f.s.DefaultListableBeanFactory     : Autowiring by type from bean name 'mvcUriComponentsContributor' via factory method to bean named 'mvcConversionService'
2025-05-28T20:58:00.046+02:00 DEBUG 2092 --- [wanchinchun] [           main] o.s.b.f.s.DefaultListableBeanFactory     : Autowiring by type from bean name 'mvcUriComponentsContributor' via factory method to bean named 'requestMappingHandlerAdapter'
2025-05-28T20:58:00.048+02:00 DEBUG 2092 --- [wanchinchun] [           main] o.s.b.f.s.DefaultListableBeanFactory     : Creating shared instance of singleton bean 'httpRequestHandlerAdapter'
2025-05-28T20:58:00.048+02:00 DEBUG 2092 --- [wanchinchun] [           main] o.s.b.f.s.DefaultListableBeanFactory     : Creating shared instance of singleton bean 'simpleControllerHandlerAdapter'
2025-05-28T20:58:00.049+02:00 DEBUG 2092 --- [wanchinchun] [           main] o.s.b.f.s.DefaultListableBeanFactory     : Creating shared instance of singleton bean 'handlerExceptionResolver'
2025-05-28T20:58:00.049+02:00 DEBUG 2092 --- [wanchinchun] [           main] o.s.b.f.s.DefaultListableBeanFactory     : Autowiring by type from bean name 'handlerExceptionResolver' via factory method to bean named 'mvcContentNegotiationManager'
2025-05-28T20:58:00.053+02:00 DEBUG 2092 --- [wanchinchun] [           main] .m.m.a.ExceptionHandlerExceptionResolver : ControllerAdvice beans: 0 @ExceptionHandler, 1 ResponseBodyAdvice
2025-05-28T20:58:00.057+02:00 DEBUG 2092 --- [wanchinchun] [           main] o.s.b.f.s.DefaultListableBeanFactory     : Creating shared instance of singleton bean 'org.springframework.boot.autoconfigure.aop.AopAutoConfiguration$AspectJAutoProxyingConfiguration$CglibAutoProxyConfiguration'
2025-05-28T20:58:00.057+02:00 DEBUG 2092 --- [wanchinchun] [           main] o.s.b.f.s.DefaultListableBeanFactory     : Creating shared instance of singleton bean 'org.springframework.boot.autoconfigure.aop.AopAutoConfiguration$AspectJAutoProxyingConfiguration'
2025-05-28T20:58:00.058+02:00 DEBUG 2092 --- [wanchinchun] [           main] o.s.b.f.s.DefaultListableBeanFactory     : Creating shared instance of singleton bean 'org.springframework.boot.autoconfigure.aop.AopAutoConfiguration'
2025-05-28T20:58:00.058+02:00 DEBUG 2092 --- [wanchinchun] [           main] o.s.b.f.s.DefaultListableBeanFactory     : Creating shared instance of singleton bean 'org.springframework.boot.autoconfigure.availability.ApplicationAvailabilityAutoConfiguration'
2025-05-28T20:58:00.058+02:00 DEBUG 2092 --- [wanchinchun] [           main] o.s.b.f.s.DefaultListableBeanFactory     : Creating shared instance of singleton bean 'applicationAvailability'
2025-05-28T20:58:00.061+02:00 DEBUG 2092 --- [wanchinchun] [           main] o.s.b.f.s.DefaultListableBeanFactory     : Creating shared instance of singleton bean 'org.springframework.boot.autoconfigure.transaction.jta.JtaAutoConfiguration'
2025-05-28T20:58:00.061+02:00 DEBUG 2092 --- [wanchinchun] [           main] o.s.b.f.s.DefaultListableBeanFactory     : Creating shared instance of singleton bean 'org.springframework.boot.autoconfigure.jdbc.metadata.DataSourcePoolMetadataProvidersConfiguration'
2025-05-28T20:58:00.061+02:00 DEBUG 2092 --- [wanchinchun] [           main] o.s.b.f.s.DefaultListableBeanFactory     : Creating shared instance of singleton bean 'org.springframework.boot.autoconfigure.jdbc.DataSourceAutoConfiguration'
2025-05-28T20:58:00.061+02:00 DEBUG 2092 --- [wanchinchun] [           main] o.s.b.f.s.DefaultListableBeanFactory     : Creating shared instance of singleton bean 'org.springframework.boot.autoconfigure.transaction.TransactionManagerCustomizationAutoConfiguration'
2025-05-28T20:58:00.061+02:00 DEBUG 2092 --- [wanchinchun] [           main] o.s.b.f.s.DefaultListableBeanFactory     : Creating shared instance of singleton bean 'platformTransactionManagerCustomizers'
2025-05-28T20:58:00.063+02:00 DEBUG 2092 --- [wanchinchun] [           main] o.s.b.f.s.DefaultListableBeanFactory     : Creating shared instance of singleton bean 'transactionExecutionListeners'
2025-05-28T20:58:00.065+02:00 DEBUG 2092 --- [wanchinchun] [           main] o.s.b.f.s.DefaultListableBeanFactory     : Creating shared instance of singleton bean 'spring.transaction-org.springframework.boot.autoconfigure.transaction.TransactionProperties'
2025-05-28T20:58:00.069+02:00 DEBUG 2092 --- [wanchinchun] [           main] o.s.b.f.s.DefaultListableBeanFactory     : Creating shared instance of singleton bean 'org.springframework.boot.autoconfigure.orm.jpa.JpaBaseConfiguration$PersistenceManagedTypesConfiguration'
2025-05-28T20:58:00.070+02:00 DEBUG 2092 --- [wanchinchun] [           main] o.s.b.f.s.DefaultListableBeanFactory     : Creating shared instance of singleton bean 'transactionManager'
2025-05-28T20:58:00.079+02:00 DEBUG 2092 --- [wanchinchun] [           main] o.s.b.f.s.DefaultListableBeanFactory     : Creating shared instance of singleton bean 'org.springframework.boot.autoconfigure.orm.jpa.HibernateJpaAutoConfiguration'
2025-05-28T20:58:00.080+02:00 DEBUG 2092 --- [wanchinchun] [           main] o.s.b.f.s.DefaultListableBeanFactory     : Creating shared instance of singleton bean 'org.springframework.boot.autoconfigure.context.ConfigurationPropertiesAutoConfiguration'
2025-05-28T20:58:00.080+02:00 DEBUG 2092 --- [wanchinchun] [           main] o.s.b.f.s.DefaultListableBeanFactory     : Creating shared instance of singleton bean 'org.springframework.boot.autoconfigure.context.LifecycleAutoConfiguration'
2025-05-28T20:58:00.080+02:00 DEBUG 2092 --- [wanchinchun] [           main] o.s.b.f.s.DefaultListableBeanFactory     : Creating shared instance of singleton bean 'lifecycleProcessor'
2025-05-28T20:58:00.081+02:00 DEBUG 2092 --- [wanchinchun] [           main] o.s.b.f.s.DefaultListableBeanFactory     : Creating shared instance of singleton bean 'spring.lifecycle-org.springframework.boot.autoconfigure.context.LifecycleProperties'
2025-05-28T20:58:00.081+02:00 DEBUG 2092 --- [wanchinchun] [           main] o.s.b.f.s.DefaultListableBeanFactory     : Autowiring by type from bean name 'lifecycleProcessor' via factory method to bean named 'spring.lifecycle-org.springframework.boot.autoconfigure.context.LifecycleProperties'
2025-05-28T20:58:00.084+02:00 DEBUG 2092 --- [wanchinchun] [           main] o.s.b.f.s.DefaultListableBeanFactory     : Creating shared instance of singleton bean 'org.springframework.boot.autoconfigure.dao.PersistenceExceptionTranslationAutoConfiguration'
2025-05-28T20:58:00.085+02:00 DEBUG 2092 --- [wanchinchun] [           main] o.s.b.f.s.DefaultListableBeanFactory     : Creating shared instance of singleton bean 'org.springframework.boot.autoconfigure.data.jpa.JpaRepositoriesAutoConfiguration'
2025-05-28T20:58:00.085+02:00 DEBUG 2092 --- [wanchinchun] [           main] o.s.b.f.s.DefaultListableBeanFactory     : Creating shared instance of singleton bean 'org.springframework.data.jpa.util.JpaMetamodelCacheCleanup'
2025-05-28T20:58:00.085+02:00 DEBUG 2092 --- [wanchinchun] [           main] o.s.b.f.s.DefaultListableBeanFactory     : Creating shared instance of singleton bean 'org.springframework.data.jpa.repository.support.JpaEvaluationContextExtension'
2025-05-28T20:58:00.087+02:00 DEBUG 2092 --- [wanchinchun] [           main] o.s.b.f.s.DefaultListableBeanFactory     : Creating shared instance of singleton bean 'data-jpa.repository-aot-processor#0'
2025-05-28T20:58:00.091+02:00 DEBUG 2092 --- [wanchinchun] [           main] o.s.b.f.s.DefaultListableBeanFactory     : Creating shared instance of singleton bean 'org.springframework.boot.autoconfigure.http.JacksonHttpMessageConvertersConfiguration'
2025-05-28T20:58:00.093+02:00 DEBUG 2092 --- [wanchinchun] [           main] o.s.b.f.s.DefaultListableBeanFactory     : Creating shared instance of singleton bean 'org.springframework.data.web.config.ProjectingArgumentResolverRegistrar'
2025-05-28T20:58:00.093+02:00 DEBUG 2092 --- [wanchinchun] [           main] o.s.b.f.s.DefaultListableBeanFactory     : Creating shared instance of singleton bean 'offsetResolver'
2025-05-28T20:58:00.095+02:00 DEBUG 2092 --- [wanchinchun] [           main] o.s.b.f.s.DefaultListableBeanFactory     : Creating shared instance of singleton bean 'org.springframework.boot.autoconfigure.info.ProjectInfoAutoConfiguration'
2025-05-28T20:58:00.098+02:00 DEBUG 2092 --- [wanchinchun] [           main] o.s.b.f.s.DefaultListableBeanFactory     : Creating shared instance of singleton bean 'spring.info-org.springframework.boot.autoconfigure.info.ProjectInfoProperties'
2025-05-28T20:58:00.100+02:00 DEBUG 2092 --- [wanchinchun] [           main] o.s.b.f.s.DefaultListableBeanFactory     : Autowiring by type from bean name 'org.springframework.boot.autoconfigure.info.ProjectInfoAutoConfiguration' via constructor to bean named 'spring.info-org.springframework.boot.autoconfigure.info.ProjectInfoProperties'
2025-05-28T20:58:00.101+02:00 DEBUG 2092 --- [wanchinchun] [           main] o.s.b.f.s.DefaultListableBeanFactory     : Creating shared instance of singleton bean 'org.springframework.boot.autoconfigure.jdbc.JdbcTemplateConfiguration'
2025-05-28T20:58:00.101+02:00 DEBUG 2092 --- [wanchinchun] [           main] o.s.b.f.s.DefaultListableBeanFactory     : Creating shared instance of singleton bean 'jdbcTemplate'
2025-05-28T20:58:00.102+02:00 DEBUG 2092 --- [wanchinchun] [           main] o.s.b.f.s.DefaultListableBeanFactory     : Creating shared instance of singleton bean 'spring.jdbc-org.springframework.boot.autoconfigure.jdbc.JdbcProperties'
2025-05-28T20:58:00.104+02:00 DEBUG 2092 --- [wanchinchun] [           main] o.s.b.f.s.DefaultListableBeanFactory     : Autowiring by type from bean name 'jdbcTemplate' via factory method to bean named 'dataSource'
2025-05-28T20:58:00.104+02:00 DEBUG 2092 --- [wanchinchun] [           main] o.s.b.f.s.DefaultListableBeanFactory     : Autowiring by type from bean name 'jdbcTemplate' via factory method to bean named 'spring.jdbc-org.springframework.boot.autoconfigure.jdbc.JdbcProperties'
2025-05-28T20:58:00.108+02:00 DEBUG 2092 --- [wanchinchun] [           main] o.s.b.f.s.DefaultListableBeanFactory     : Creating shared instance of singleton bean 'org.springframework.boot.autoconfigure.jdbc.NamedParameterJdbcTemplateConfiguration'
2025-05-28T20:58:00.109+02:00 DEBUG 2092 --- [wanchinchun] [           main] o.s.b.f.s.DefaultListableBeanFactory     : Creating shared instance of singleton bean 'namedParameterJdbcTemplate'
2025-05-28T20:58:00.109+02:00 DEBUG 2092 --- [wanchinchun] [           main] o.s.b.f.s.DefaultListableBeanFactory     : Autowiring by type from bean name 'namedParameterJdbcTemplate' via factory method to bean named 'jdbcTemplate'
2025-05-28T20:58:00.112+02:00 DEBUG 2092 --- [wanchinchun] [           main] o.s.b.f.s.DefaultListableBeanFactory     : Creating shared instance of singleton bean 'org.springframework.boot.autoconfigure.jdbc.JdbcTemplateAutoConfiguration'
2025-05-28T20:58:00.113+02:00 DEBUG 2092 --- [wanchinchun] [           main] o.s.b.f.s.DefaultListableBeanFactory     : Creating shared instance of singleton bean 'org.springframework.boot.autoconfigure.jdbc.JdbcClientAutoConfiguration'
2025-05-28T20:58:00.113+02:00 DEBUG 2092 --- [wanchinchun] [           main] o.s.b.f.s.DefaultListableBeanFactory     : Creating shared instance of singleton bean 'jdbcClient'
2025-05-28T20:58:00.114+02:00 DEBUG 2092 --- [wanchinchun] [           main] o.s.b.f.s.DefaultListableBeanFactory     : Autowiring by type from bean name 'jdbcClient' via factory method to bean named 'namedParameterJdbcTemplate'
2025-05-28T20:58:00.115+02:00 DEBUG 2092 --- [wanchinchun] [           main] o.s.b.f.s.DefaultListableBeanFactory     : Creating shared instance of singleton bean 'org.springframework.boot.autoconfigure.sql.init.SqlInitializationAutoConfiguration'
2025-05-28T20:58:00.115+02:00 DEBUG 2092 --- [wanchinchun] [           main] o.s.b.f.s.DefaultListableBeanFactory     : Creating shared instance of singleton bean 'org.springframework.boot.autoconfigure.task.TaskSchedulingConfigurations$ThreadPoolTaskSchedulerBuilderConfiguration'
2025-05-28T20:58:00.115+02:00 DEBUG 2092 --- [wanchinchun] [           main] o.s.b.f.s.DefaultListableBeanFactory     : Creating shared instance of singleton bean 'threadPoolTaskSchedulerBuilder'
2025-05-28T20:58:00.116+02:00 DEBUG 2092 --- [wanchinchun] [           main] o.s.b.f.s.DefaultListableBeanFactory     : Creating shared instance of singleton bean 'spring.task.scheduling-org.springframework.boot.autoconfigure.task.TaskSchedulingProperties'
2025-05-28T20:58:00.117+02:00 DEBUG 2092 --- [wanchinchun] [           main] o.s.b.f.s.DefaultListableBeanFactory     : Autowiring by type from bean name 'threadPoolTaskSchedulerBuilder' via factory method to bean named 'spring.task.scheduling-org.springframework.boot.autoconfigure.task.TaskSchedulingProperties'
2025-05-28T20:58:00.119+02:00 DEBUG 2092 --- [wanchinchun] [           main] o.s.b.f.s.DefaultListableBeanFactory     : Creating shared instance of singleton bean 'org.springframework.boot.autoconfigure.task.TaskSchedulingConfigurations$SimpleAsyncTaskSchedulerBuilderConfiguration'
2025-05-28T20:58:00.120+02:00 DEBUG 2092 --- [wanchinchun] [           main] o.s.b.f.s.DefaultListableBeanFactory     : Autowiring by type from bean name 'org.springframework.boot.autoconfigure.task.TaskSchedulingConfigurations$SimpleAsyncTaskSchedulerBuilderConfiguration' via constructor to bean named 'spring.task.scheduling-org.springframework.boot.autoconfigure.task.TaskSchedulingProperties'
2025-05-28T20:58:00.121+02:00 DEBUG 2092 --- [wanchinchun] [           main] o.s.b.f.s.DefaultListableBeanFactory     : Creating shared instance of singleton bean 'simpleAsyncTaskSchedulerBuilder'
2025-05-28T20:58:00.125+02:00 DEBUG 2092 --- [wanchinchun] [           main] o.s.b.f.s.DefaultListableBeanFactory     : Creating shared instance of singleton bean 'org.springframework.boot.autoconfigure.task.TaskSchedulingAutoConfiguration'
2025-05-28T20:58:00.126+02:00 DEBUG 2092 --- [wanchinchun] [           main] o.s.b.f.s.DefaultListableBeanFactory     : Creating shared instance of singleton bean 'org.springframework.boot.autoconfigure.jdbc.DataSourceTransactionManagerAutoConfiguration$JdbcTransactionManagerConfiguration'
2025-05-28T20:58:00.126+02:00 DEBUG 2092 --- [wanchinchun] [           main] o.s.b.f.s.DefaultListableBeanFactory     : Creating shared instance of singleton bean 'org.springframework.boot.autoconfigure.jdbc.DataSourceTransactionManagerAutoConfiguration'
2025-05-28T20:58:00.127+02:00 DEBUG 2092 --- [wanchinchun] [           main] o.s.b.f.s.DefaultListableBeanFactory     : Creating shared instance of singleton bean 'org.springframework.boot.autoconfigure.transaction.TransactionAutoConfiguration$EnableTransactionManagementConfiguration$CglibAutoProxyConfiguration'
2025-05-28T20:58:00.128+02:00 DEBUG 2092 --- [wanchinchun] [           main] o.s.b.f.s.DefaultListableBeanFactory     : Creating shared instance of singleton bean 'org.springframework.boot.autoconfigure.transaction.TransactionAutoConfiguration$EnableTransactionManagementConfiguration'
2025-05-28T20:58:00.128+02:00 DEBUG 2092 --- [wanchinchun] [           main] o.s.b.f.s.DefaultListableBeanFactory     : Creating shared instance of singleton bean 'org.springframework.boot.autoconfigure.transaction.TransactionAutoConfiguration$TransactionTemplateConfiguration'
2025-05-28T20:58:00.129+02:00 DEBUG 2092 --- [wanchinchun] [           main] o.s.b.f.s.DefaultListableBeanFactory     : Creating shared instance of singleton bean 'transactionTemplate'
2025-05-28T20:58:00.129+02:00 DEBUG 2092 --- [wanchinchun] [           main] o.s.b.f.s.DefaultListableBeanFactory     : Autowiring by type from bean name 'transactionTemplate' via factory method to bean named 'transactionManager'
2025-05-28T20:58:00.131+02:00 DEBUG 2092 --- [wanchinchun] [           main] o.s.b.f.s.DefaultListableBeanFactory     : Creating shared instance of singleton bean 'org.springframework.boot.autoconfigure.transaction.TransactionAutoConfiguration'
2025-05-28T20:58:00.132+02:00 DEBUG 2092 --- [wanchinchun] [           main] o.s.b.f.s.DefaultListableBeanFactory     : Creating shared instance of singleton bean 'org.springframework.boot.autoconfigure.web.client.RestClientAutoConfiguration'
2025-05-28T20:58:00.133+02:00 DEBUG 2092 --- [wanchinchun] [           main] o.s.b.f.s.DefaultListableBeanFactory     : Creating shared instance of singleton bean 'httpMessageConvertersRestClientCustomizer'
2025-05-28T20:58:00.133+02:00 DEBUG 2092 --- [wanchinchun] [           main] o.s.b.f.s.DefaultListableBeanFactory     : Creating shared instance of singleton bean 'restClientSsl'
2025-05-28T20:58:00.134+02:00 DEBUG 2092 --- [wanchinchun] [           main] o.s.b.f.s.DefaultListableBeanFactory     : Autowiring by type from bean name 'restClientSsl' via factory method to bean named 'sslBundleRegistry'
2025-05-28T20:58:00.136+02:00 DEBUG 2092 --- [wanchinchun] [           main] o.s.b.f.s.DefaultListableBeanFactory     : Creating shared instance of singleton bean 'restClientBuilderConfigurer'
2025-05-28T20:58:00.138+02:00 DEBUG 2092 --- [wanchinchun] [           main] o.s.b.f.s.DefaultListableBeanFactory     : Creating shared instance of singleton bean 'org.springframework.boot.autoconfigure.web.embedded.EmbeddedWebServerFactoryCustomizerAutoConfiguration'
2025-05-28T20:58:00.138+02:00 DEBUG 2092 --- [wanchinchun] [           main] o.s.b.f.s.DefaultListableBeanFactory     : Creating shared instance of singleton bean 'multipartResolver'
2025-05-28T20:58:00.140+02:00 DEBUG 2092 --- [wanchinchun] [           main] o.s.b.f.s.DefaultListableBeanFactory     : Creating shared instance of singleton bean 'org.springframework.boot.test.web.client.TestRestTemplate'
2025-05-28T20:58:00.164+02:00 DEBUG 2092 --- [wanchinchun] [           main] o.s.c.support.DefaultLifecycleProcessor  : Starting beans in phase -2147483647
2025-05-28T20:58:00.164+02:00 DEBUG 2092 --- [wanchinchun] [           main] o.s.c.support.DefaultLifecycleProcessor  : Successfully started bean 'springBootLoggingLifecycle'
2025-05-28T20:58:00.164+02:00 DEBUG 2092 --- [wanchinchun] [           main] o.s.c.support.DefaultLifecycleProcessor  : Starting beans in phase 1073741823
2025-05-28T20:58:00.164+02:00 DEBUG 2092 --- [wanchinchun] [           main] o.s.c.support.DefaultLifecycleProcessor  : Starting beans in phase 2147481599
2025-05-28T20:58:00.190+02:00  INFO 2092 --- [wanchinchun] [           main] o.s.b.w.embedded.tomcat.TomcatWebServer  : Tomcat started on port 2151 (http) with context path '/'
2025-05-28T20:58:00.191+02:00 DEBUG 2092 --- [wanchinchun] [           main] o.s.c.support.DefaultLifecycleProcessor  : Successfully started bean 'webServerStartStop'
2025-05-28T20:58:00.191+02:00 DEBUG 2092 --- [wanchinchun] [           main] o.s.c.support.DefaultLifecycleProcessor  : Starting beans in phase 2147482623
2025-05-28T20:58:00.191+02:00 DEBUG 2092 --- [wanchinchun] [           main] o.s.c.support.DefaultLifecycleProcessor  : Successfully started bean 'webServerGracefulShutdown'
2025-05-28T20:58:00.204+02:00 DEBUG 2092 --- [wanchinchun] [           main] .s.b.a.l.ConditionEvaluationReportLogger : 


============================
CONDITIONS EVALUATION REPORT
============================


Positive matches:
-----------------

   AopAutoConfiguration matched:
      - @ConditionalOnProperty (spring.aop.auto=true) matched (OnPropertyCondition)

   AopAutoConfiguration.AspectJAutoProxyingConfiguration matched:
      - @ConditionalOnClass found required class 'org.aspectj.weaver.Advice' (OnClassCondition)

   AopAutoConfiguration.AspectJAutoProxyingConfiguration.CglibAutoProxyConfiguration matched:
      - @ConditionalOnProperty (spring.aop.proxy-target-class=true) matched (OnPropertyCondition)

   ApplicationAvailabilityAutoConfiguration#applicationAvailability matched:
      - @ConditionalOnMissingBean (types: org.springframework.boot.availability.ApplicationAvailability; SearchStrategy: all) did not find any beans (OnBeanCondition)

   DataSourceAutoConfiguration matched:
      - @ConditionalOnClass found required classes 'javax.sql.DataSource', 'org.springframework.jdbc.datasource.embedded.EmbeddedDatabaseType' (OnClassCondition)
      - @ConditionalOnMissingBean (types: io.r2dbc.spi.ConnectionFactory; SearchStrategy: all) did not find any beans (OnBeanCondition)

   DataSourceAutoConfiguration.PooledDataSourceConfiguration matched:
      - AnyNestedCondition 1 matched 1 did not; NestedCondition on DataSourceAutoConfiguration.PooledDataSourceCondition.PooledDataSourceAvailable PooledDataSource found supported DataSource; NestedCondition on DataSourceAutoConfiguration.PooledDataSourceCondition.ExplicitType @ConditionalOnProperty (spring.datasource.type) did not find property 'type' (DataSourceAutoConfiguration.PooledDataSourceCondition)
      - @ConditionalOnMissingBean (types: javax.sql.DataSource,javax.sql.XADataSource; SearchStrategy: all) did not find any beans (OnBeanCondition)

   DataSourceAutoConfiguration.PooledDataSourceConfiguration#jdbcConnectionDetails matched:
      - @ConditionalOnMissingBean (types: org.springframework.boot.autoconfigure.jdbc.JdbcConnectionDetails; SearchStrategy: all) did not find any beans (OnBeanCondition)

   DataSourceConfiguration.Hikari matched:
      - @ConditionalOnClass found required class 'com.zaxxer.hikari.HikariDataSource' (OnClassCondition)
      - @ConditionalOnProperty (spring.datasource.type=com.zaxxer.hikari.HikariDataSource) matched (OnPropertyCondition)
      - @ConditionalOnMissingBean (types: javax.sql.DataSource; SearchStrategy: all) did not find any beans (OnBeanCondition)

   DataSourceInitializationConfiguration matched:
      - @ConditionalOnClass found required class 'org.springframework.jdbc.datasource.init.DatabasePopulator' (OnClassCondition)
      - @ConditionalOnSingleCandidate (types: javax.sql.DataSource; SearchStrategy: all) found a single bean 'dataSource'; @ConditionalOnMissingBean (types: org.springframework.boot.autoconfigure.sql.init.SqlDataSourceScriptDatabaseInitializer,org.springframework.boot.autoconfigure.sql.init.SqlR2dbcScriptDatabaseInitializer; SearchStrategy: all) did not find any beans (OnBeanCondition)

   DataSourcePoolMetadataProvidersConfiguration.HikariPoolDataSourceMetadataProviderConfiguration matched:
      - @ConditionalOnClass found required class 'com.zaxxer.hikari.HikariDataSource' (OnClassCondition)

   DataSourceTransactionManagerAutoConfiguration matched:
      - @ConditionalOnClass found required classes 'javax.sql.DataSource', 'org.springframework.jdbc.core.JdbcTemplate', 'org.springframework.transaction.TransactionManager' (OnClassCondition)

   DataSourceTransactionManagerAutoConfiguration.JdbcTransactionManagerConfiguration matched:
      - @ConditionalOnSingleCandidate (types: javax.sql.DataSource; SearchStrategy: all) found a single bean 'dataSource' (OnBeanCondition)

   DispatcherServletAutoConfiguration matched:
      - @ConditionalOnClass found required class 'org.springframework.web.servlet.DispatcherServlet' (OnClassCondition)
      - found 'session' scope (OnWebApplicationCondition)

   DispatcherServletAutoConfiguration.DispatcherServletConfiguration matched:
      - @ConditionalOnClass found required class 'jakarta.servlet.ServletRegistration' (OnClassCondition)
      - Default DispatcherServlet did not find dispatcher servlet beans (DispatcherServletAutoConfiguration.DefaultDispatcherServletCondition)

   DispatcherServletAutoConfiguration.DispatcherServletRegistrationConfiguration matched:
      - @ConditionalOnClass found required class 'jakarta.servlet.ServletRegistration' (OnClassCondition)
      - DispatcherServlet Registration did not find servlet registration bean (DispatcherServletAutoConfiguration.DispatcherServletRegistrationCondition)

   DispatcherServletAutoConfiguration.DispatcherServletRegistrationConfiguration#dispatcherServletRegistration matched:
      - @ConditionalOnBean (names: dispatcherServlet types: org.springframework.web.servlet.DispatcherServlet; SearchStrategy: all) found bean 'dispatcherServlet' (OnBeanCondition)

   EmbeddedWebServerFactoryCustomizerAutoConfiguration matched:
      - @ConditionalOnWebApplication (required) found 'session' scope (OnWebApplicationCondition)
      - @ConditionalOnWarDeployment the application is not deployed as a WAR file. (OnWarDeploymentCondition)

   EmbeddedWebServerFactoryCustomizerAutoConfiguration.TomcatWebServerFactoryCustomizerConfiguration matched:
      - @ConditionalOnClass found required classes 'org.apache.catalina.startup.Tomcat', 'org.apache.coyote.UpgradeProtocol' (OnClassCondition)

   ErrorMvcAutoConfiguration matched:
      - @ConditionalOnClass found required classes 'jakarta.servlet.Servlet', 'org.springframework.web.servlet.DispatcherServlet' (OnClassCondition)
      - found 'session' scope (OnWebApplicationCondition)

   ErrorMvcAutoConfiguration#basicErrorController matched:
      - @ConditionalOnMissingBean (types: org.springframework.boot.web.servlet.error.ErrorController; SearchStrategy: current) did not find any beans (OnBeanCondition)

   ErrorMvcAutoConfiguration#errorAttributes matched:
      - @ConditionalOnMissingBean (types: org.springframework.boot.web.servlet.error.ErrorAttributes; SearchStrategy: current) did not find any beans (OnBeanCondition)

   ErrorMvcAutoConfiguration.DefaultErrorViewResolverConfiguration#conventionErrorViewResolver matched:
      - @ConditionalOnBean (types: org.springframework.web.servlet.DispatcherServlet; SearchStrategy: all) found bean 'dispatcherServlet'; @ConditionalOnMissingBean (types: org.springframework.boot.autoconfigure.web.servlet.error.ErrorViewResolver; SearchStrategy: all) did not find any beans (OnBeanCondition)

   ErrorMvcAutoConfiguration.WhitelabelErrorViewConfiguration matched:
      - @ConditionalOnProperty (server.error.whitelabel.enabled) matched (OnPropertyCondition)
      - ErrorTemplate Missing did not find error template view (ErrorMvcAutoConfiguration.ErrorTemplateMissingCondition)

   ErrorMvcAutoConfiguration.WhitelabelErrorViewConfiguration#beanNameViewResolver matched:
      - @ConditionalOnMissingBean (types: org.springframework.web.servlet.view.BeanNameViewResolver; SearchStrategy: all) did not find any beans (OnBeanCondition)

   ErrorMvcAutoConfiguration.WhitelabelErrorViewConfiguration#defaultErrorView matched:
      - @ConditionalOnMissingBean (names: error; SearchStrategy: all) did not find any beans (OnBeanCondition)

   GenericCacheConfiguration matched:
      - Cache org.springframework.boot.autoconfigure.cache.GenericCacheConfiguration automatic cache type (CacheCondition)

   HibernateJpaAutoConfiguration matched:
      - @ConditionalOnClass found required classes 'org.springframework.orm.jpa.LocalContainerEntityManagerFactoryBean', 'jakarta.persistence.EntityManager', 'org.hibernate.engine.spi.SessionImplementor' (OnClassCondition)

   HibernateJpaConfiguration matched:
      - @ConditionalOnSingleCandidate (types: javax.sql.DataSource; SearchStrategy: all) found a single bean 'dataSource' (OnBeanCondition)

   HttpClientAutoConfiguration matched:
      - @ConditionalOnClass found required class 'org.springframework.http.client.ClientHttpRequestFactory' (OnClassCondition)
      - NoneNestedConditions 0 matched 1 did not; NestedCondition on NotReactiveWebApplicationCondition.ReactiveWebApplication did not find reactive web application classes (NotReactiveWebApplicationCondition)

   HttpClientAutoConfiguration#clientHttpRequestFactoryBuilder matched:
      - @ConditionalOnMissingBean (types: org.springframework.boot.http.client.ClientHttpRequestFactoryBuilder; SearchStrategy: all) did not find any beans (OnBeanCondition)

   HttpClientAutoConfiguration#clientHttpRequestFactorySettings matched:
      - @ConditionalOnMissingBean (types: org.springframework.boot.http.client.ClientHttpRequestFactorySettings; SearchStrategy: all) did not find any beans (OnBeanCondition)

   HttpEncodingAutoConfiguration matched:
      - @ConditionalOnClass found required class 'org.springframework.web.filter.CharacterEncodingFilter' (OnClassCondition)
      - found 'session' scope (OnWebApplicationCondition)
      - @ConditionalOnProperty (server.servlet.encoding.enabled) matched (OnPropertyCondition)

   HttpEncodingAutoConfiguration#characterEncodingFilter matched:
      - @ConditionalOnMissingBean (types: org.springframework.web.filter.CharacterEncodingFilter; SearchStrategy: all) did not find any beans (OnBeanCondition)

   HttpMessageConvertersAutoConfiguration matched:
      - @ConditionalOnClass found required class 'org.springframework.http.converter.HttpMessageConverter' (OnClassCondition)
      - NoneNestedConditions 0 matched 1 did not; NestedCondition on HttpMessageConvertersAutoConfiguration.NotReactiveWebApplicationCondition.ReactiveWebApplication did not find reactive web application classes (HttpMessageConvertersAutoConfiguration.NotReactiveWebApplicationCondition)

   HttpMessageConvertersAutoConfiguration#messageConverters matched:
      - @ConditionalOnMissingBean (types: org.springframework.boot.autoconfigure.http.HttpMessageConverters; SearchStrategy: all) did not find any beans (OnBeanCondition)

   HttpMessageConvertersAutoConfiguration.StringHttpMessageConverterConfiguration matched:
      - @ConditionalOnClass found required class 'org.springframework.http.converter.StringHttpMessageConverter' (OnClassCondition)

   HttpMessageConvertersAutoConfiguration.StringHttpMessageConverterConfiguration#stringHttpMessageConverter matched:
      - @ConditionalOnMissingBean (types: org.springframework.http.converter.StringHttpMessageConverter; SearchStrategy: all) did not find any beans (OnBeanCondition)

   JacksonAutoConfiguration matched:
      - @ConditionalOnClass found required class 'com.fasterxml.jackson.databind.ObjectMapper' (OnClassCondition)

   JacksonAutoConfiguration.Jackson2ObjectMapperBuilderCustomizerConfiguration matched:
      - @ConditionalOnClass found required class 'org.springframework.http.converter.json.Jackson2ObjectMapperBuilder' (OnClassCondition)

   JacksonAutoConfiguration.JacksonObjectMapperBuilderConfiguration matched:
      - @ConditionalOnClass found required class 'org.springframework.http.converter.json.Jackson2ObjectMapperBuilder' (OnClassCondition)

   JacksonAutoConfiguration.JacksonObjectMapperBuilderConfiguration#jacksonObjectMapperBuilder matched:
      - @ConditionalOnMissingBean (types: org.springframework.http.converter.json.Jackson2ObjectMapperBuilder; SearchStrategy: all) did not find any beans (OnBeanCondition)

   JacksonAutoConfiguration.JacksonObjectMapperConfiguration matched:
      - @ConditionalOnClass found required class 'org.springframework.http.converter.json.Jackson2ObjectMapperBuilder' (OnClassCondition)

   JacksonAutoConfiguration.JacksonObjectMapperConfiguration#jacksonObjectMapper matched:
      - @ConditionalOnMissingBean (types: com.fasterxml.jackson.databind.ObjectMapper; SearchStrategy: all) did not find any beans (OnBeanCondition)

   JacksonAutoConfiguration.ParameterNamesModuleConfiguration matched:
      - @ConditionalOnClass found required class 'com.fasterxml.jackson.module.paramnames.ParameterNamesModule' (OnClassCondition)

   JacksonAutoConfiguration.ParameterNamesModuleConfiguration#parameterNamesModule matched:
      - @ConditionalOnMissingBean (types: com.fasterxml.jackson.module.paramnames.ParameterNamesModule; SearchStrategy: all) did not find any beans (OnBeanCondition)

   JacksonHttpMessageConvertersConfiguration.MappingJackson2HttpMessageConverterConfiguration matched:
      - @ConditionalOnClass found required class 'com.fasterxml.jackson.databind.ObjectMapper' (OnClassCondition)
      - @ConditionalOnProperty (spring.mvc.converters.preferred-json-mapper=jackson) matched (OnPropertyCondition)
      - @ConditionalOnBean (types: com.fasterxml.jackson.databind.ObjectMapper; SearchStrategy: all) found bean 'jacksonObjectMapper' (OnBeanCondition)

   JacksonHttpMessageConvertersConfiguration.MappingJackson2HttpMessageConverterConfiguration#mappingJackson2HttpMessageConverter matched:
      - @ConditionalOnMissingBean (types: org.springframework.http.converter.json.MappingJackson2HttpMessageConverter ignored: org.springframework.hateoas.server.mvc.TypeConstrainedMappingJackson2HttpMessageConverter,org.springframework.data.rest.webmvc.alps.AlpsJsonHttpMessageConverter; SearchStrategy: all) did not find any beans (OnBeanCondition)

   JdbcClientAutoConfiguration matched:
      - @ConditionalOnSingleCandidate (types: org.springframework.jdbc.core.namedparam.NamedParameterJdbcTemplate; SearchStrategy: all) found a single bean 'namedParameterJdbcTemplate'; @ConditionalOnMissingBean (types: org.springframework.jdbc.core.simple.JdbcClient; SearchStrategy: all) did not find any beans (OnBeanCondition)

   JdbcTemplateAutoConfiguration matched:
      - @ConditionalOnClass found required classes 'javax.sql.DataSource', 'org.springframework.jdbc.core.JdbcTemplate' (OnClassCondition)
      - @ConditionalOnSingleCandidate (types: javax.sql.DataSource; SearchStrategy: all) found a single bean 'dataSource' (OnBeanCondition)

   JdbcTemplateConfiguration matched:
      - @ConditionalOnMissingBean (types: org.springframework.jdbc.core.JdbcOperations; SearchStrategy: all) did not find any beans (OnBeanCondition)

   JpaBaseConfiguration#entityManagerFactory matched:
      - @ConditionalOnMissingBean (types: org.springframework.orm.jpa.LocalContainerEntityManagerFactoryBean,jakarta.persistence.EntityManagerFactory; SearchStrategy: all) did not find any beans (OnBeanCondition)

   JpaBaseConfiguration#entityManagerFactoryBuilder matched:
      - @ConditionalOnMissingBean (types: org.springframework.boot.orm.jpa.EntityManagerFactoryBuilder; SearchStrategy: all) did not find any beans (OnBeanCondition)

   JpaBaseConfiguration#jpaVendorAdapter matched:
      - @ConditionalOnMissingBean (types: org.springframework.orm.jpa.JpaVendorAdapter; SearchStrategy: all) did not find any beans (OnBeanCondition)

   JpaBaseConfiguration#transactionManager matched:
      - @ConditionalOnMissingBean (types: org.springframework.transaction.TransactionManager; SearchStrategy: all) did not find any beans (OnBeanCondition)

   JpaBaseConfiguration.JpaWebConfiguration matched:
      - @ConditionalOnClass found required class 'org.springframework.web.servlet.config.annotation.WebMvcConfigurer' (OnClassCondition)
      - found 'session' scope (OnWebApplicationCondition)
      - @ConditionalOnProperty (spring.jpa.open-in-view=true) matched (OnPropertyCondition)
      - @ConditionalOnMissingBean (types: org.springframework.orm.jpa.support.OpenEntityManagerInViewInterceptor,org.springframework.orm.jpa.support.OpenEntityManagerInViewFilter; SearchStrategy: all) did not find any beans (OnBeanCondition)

   JpaBaseConfiguration.PersistenceManagedTypesConfiguration matched:
      - @ConditionalOnMissingBean (types: org.springframework.orm.jpa.LocalContainerEntityManagerFactoryBean,jakarta.persistence.EntityManagerFactory; SearchStrategy: all) did not find any beans (OnBeanCondition)

   JpaBaseConfiguration.PersistenceManagedTypesConfiguration#persistenceManagedTypes matched:
      - @ConditionalOnMissingBean (types: org.springframework.orm.jpa.persistenceunit.PersistenceManagedTypes; SearchStrategy: all) did not find any beans (OnBeanCondition)

   JpaRepositoriesAutoConfiguration matched:
      - @ConditionalOnClass found required class 'org.springframework.data.jpa.repository.JpaRepository' (OnClassCondition)
      - @ConditionalOnProperty (spring.data.jpa.repositories.enabled=true) matched (OnPropertyCondition)
      - @ConditionalOnBean (types: javax.sql.DataSource; SearchStrategy: all) found bean 'dataSource'; @ConditionalOnMissingBean (types: org.springframework.data.jpa.repository.support.JpaRepositoryFactoryBean,org.springframework.data.jpa.repository.config.JpaRepositoryConfigExtension; SearchStrategy: all) did not find any beans (OnBeanCondition)

   JtaAutoConfiguration matched:
      - @ConditionalOnClass found required class 'jakarta.transaction.Transaction' (OnClassCondition)
      - @ConditionalOnProperty (spring.jta.enabled) matched (OnPropertyCondition)

   LifecycleAutoConfiguration#defaultLifecycleProcessor matched:
      - @ConditionalOnMissingBean (names: lifecycleProcessor; SearchStrategy: current) did not find any beans (OnBeanCondition)

   MultipartAutoConfiguration matched:
      - @ConditionalOnClass found required classes 'jakarta.servlet.Servlet', 'org.springframework.web.multipart.support.StandardServletMultipartResolver', 'jakarta.servlet.MultipartConfigElement' (OnClassCondition)
      - found 'session' scope (OnWebApplicationCondition)
      - @ConditionalOnProperty (spring.servlet.multipart.enabled) matched (OnPropertyCondition)

   MultipartAutoConfiguration#multipartConfigElement matched:
      - @ConditionalOnMissingBean (types: jakarta.servlet.MultipartConfigElement; SearchStrategy: all) did not find any beans (OnBeanCondition)

   MultipartAutoConfiguration#multipartResolver matched:
      - @ConditionalOnMissingBean (types: org.springframework.web.multipart.MultipartResolver; SearchStrategy: all) did not find any beans (OnBeanCondition)

   NamedParameterJdbcTemplateConfiguration matched:
      - @ConditionalOnSingleCandidate (types: org.springframework.jdbc.core.JdbcTemplate; SearchStrategy: all) found a single bean 'jdbcTemplate'; @ConditionalOnMissingBean (types: org.springframework.jdbc.core.namedparam.NamedParameterJdbcOperations; SearchStrategy: all) did not find any beans (OnBeanCondition)

   NoOpCacheConfiguration matched:
      - Cache org.springframework.boot.autoconfigure.cache.NoOpCacheConfiguration automatic cache type (CacheCondition)

   PersistenceExceptionTranslationAutoConfiguration matched:
      - @ConditionalOnClass found required class 'org.springframework.dao.annotation.PersistenceExceptionTranslationPostProcessor' (OnClassCondition)

   PersistenceExceptionTranslationAutoConfiguration#persistenceExceptionTranslationPostProcessor matched:
      - @ConditionalOnProperty (spring.dao.exceptiontranslation.enabled) matched (OnPropertyCondition)
      - @ConditionalOnMissingBean (types: org.springframework.dao.annotation.PersistenceExceptionTranslationPostProcessor; SearchStrategy: all) did not find any beans (OnBeanCondition)

   PropertyPlaceholderAutoConfiguration#propertySourcesPlaceholderConfigurer matched:
      - @ConditionalOnMissingBean (types: org.springframework.context.support.PropertySourcesPlaceholderConfigurer; SearchStrategy: current) did not find any beans (OnBeanCondition)

   RestClientAutoConfiguration matched:
      - @ConditionalOnClass found required class 'org.springframework.web.client.RestClient' (OnClassCondition)
      - NoneNestedConditions 0 matched 1 did not; NestedCondition on NotReactiveWebApplicationCondition.ReactiveWebApplication did not find reactive web application classes (NotReactiveWebApplicationCondition)

   RestClientAutoConfiguration#httpMessageConvertersRestClientCustomizer matched:
      - @ConditionalOnMissingBean (types: org.springframework.boot.autoconfigure.web.client.HttpMessageConvertersRestClientCustomizer; SearchStrategy: all) did not find any beans (OnBeanCondition)

   RestClientAutoConfiguration#restClientBuilder matched:
      - @ConditionalOnMissingBean (types: org.springframework.web.client.RestClient$Builder; SearchStrategy: all) did not find any beans (OnBeanCondition)

   RestClientAutoConfiguration#restClientBuilderConfigurer matched:
      - @ConditionalOnMissingBean (types: org.springframework.boot.autoconfigure.web.client.RestClientBuilderConfigurer; SearchStrategy: all) did not find any beans (OnBeanCondition)

   RestClientAutoConfiguration#restClientSsl matched:
      - @ConditionalOnBean (types: org.springframework.boot.ssl.SslBundles; SearchStrategy: all) found bean 'sslBundleRegistry'; @ConditionalOnMissingBean (types: org.springframework.boot.autoconfigure.web.client.RestClientSsl; SearchStrategy: all) did not find any beans (OnBeanCondition)

   RestTemplateAutoConfiguration matched:
      - @ConditionalOnClass found required class 'org.springframework.web.client.RestTemplate' (OnClassCondition)
      - NoneNestedConditions 0 matched 1 did not; NestedCondition on NotReactiveWebApplicationCondition.ReactiveWebApplication did not find reactive web application classes (NotReactiveWebApplicationCondition)

   RestTemplateAutoConfiguration#restTemplateBuilder matched:
      - @ConditionalOnMissingBean (types: org.springframework.boot.web.client.RestTemplateBuilder; SearchStrategy: all) did not find any beans (OnBeanCondition)

   ServletWebServerFactoryAutoConfiguration matched:
      - @ConditionalOnClass found required class 'jakarta.servlet.ServletRequest' (OnClassCondition)
      - found 'session' scope (OnWebApplicationCondition)

   ServletWebServerFactoryAutoConfiguration#tomcatServletWebServerFactoryCustomizer matched:
      - @ConditionalOnClass found required class 'org.apache.catalina.startup.Tomcat' (OnClassCondition)

   ServletWebServerFactoryConfiguration.EmbeddedTomcat matched:
      - @ConditionalOnClass found required classes 'jakarta.servlet.Servlet', 'org.apache.catalina.startup.Tomcat', 'org.apache.coyote.UpgradeProtocol' (OnClassCondition)
      - @ConditionalOnMissingBean (types: org.springframework.boot.web.servlet.server.ServletWebServerFactory; SearchStrategy: current) did not find any beans (OnBeanCondition)

   SimpleCacheConfiguration matched:
      - Cache org.springframework.boot.autoconfigure.cache.SimpleCacheConfiguration automatic cache type (CacheCondition)

   SpringDataWebAutoConfiguration matched:
      - @ConditionalOnClass found required classes 'org.springframework.data.web.PageableHandlerMethodArgumentResolver', 'org.springframework.web.servlet.config.annotation.WebMvcConfigurer' (OnClassCondition)
      - found 'session' scope (OnWebApplicationCondition)
      - @ConditionalOnMissingBean (types: org.springframework.data.web.PageableHandlerMethodArgumentResolver; SearchStrategy: all) did not find any beans (OnBeanCondition)

   SpringDataWebAutoConfiguration#pageableCustomizer matched:
      - @ConditionalOnMissingBean (types: org.springframework.data.web.config.PageableHandlerMethodArgumentResolverCustomizer; SearchStrategy: all) did not find any beans (OnBeanCondition)

   SpringDataWebAutoConfiguration#sortCustomizer matched:
      - @ConditionalOnMissingBean (types: org.springframework.data.web.config.SortHandlerMethodArgumentResolverCustomizer; SearchStrategy: all) did not find any beans (OnBeanCondition)

   SpringDataWebAutoConfiguration#springDataWebSettings matched:
      - @ConditionalOnMissingBean (types: org.springframework.data.web.config.SpringDataWebSettings; SearchStrategy: all) did not find any beans (OnBeanCondition)

   SqlInitializationAutoConfiguration matched:
      - @ConditionalOnProperty (spring.sql.init.enabled) matched (OnPropertyCondition)
      - NoneNestedConditions 0 matched 1 did not; NestedCondition on SqlInitializationAutoConfiguration.SqlInitializationModeCondition.ModeIsNever @ConditionalOnProperty (spring.sql.init.mode=never) found different value in property 'mode' (SqlInitializationAutoConfiguration.SqlInitializationModeCondition)

   SslAutoConfiguration#sslBundleRegistry matched:
      - @ConditionalOnMissingBean (types: org.springframework.boot.ssl.SslBundleRegistry,org.springframework.boot.ssl.SslBundles; SearchStrategy: all) did not find any beans (OnBeanCondition)

   TaskExecutionAutoConfiguration matched:
      - @ConditionalOnClass found required class 'org.springframework.scheduling.concurrent.ThreadPoolTaskExecutor' (OnClassCondition)

   TaskExecutorConfigurations.SimpleAsyncTaskExecutorBuilderConfiguration#simpleAsyncTaskExecutorBuilder matched:
      - @ConditionalOnMissingBean (types: org.springframework.boot.task.SimpleAsyncTaskExecutorBuilder; SearchStrategy: all) did not find any beans (OnBeanCondition)
      - @ConditionalOnThreading found PLATFORM (OnThreadingCondition)

   TaskExecutorConfigurations.TaskExecutorConfiguration matched:
      - @ConditionalOnMissingBean (types: java.util.concurrent.Executor; SearchStrategy: all) did not find any beans (OnBeanCondition)

   TaskExecutorConfigurations.TaskExecutorConfiguration#applicationTaskExecutor matched:
      - @ConditionalOnThreading found PLATFORM (OnThreadingCondition)

   TaskExecutorConfigurations.ThreadPoolTaskExecutorBuilderConfiguration#threadPoolTaskExecutorBuilder matched:
      - @ConditionalOnMissingBean (types: org.springframework.boot.task.ThreadPoolTaskExecutorBuilder; SearchStrategy: all) did not find any beans (OnBeanCondition)

   TaskSchedulingAutoConfiguration matched:
      - @ConditionalOnClass found required class 'org.springframework.scheduling.concurrent.ThreadPoolTaskScheduler' (OnClassCondition)

   TaskSchedulingConfigurations.SimpleAsyncTaskSchedulerBuilderConfiguration#simpleAsyncTaskSchedulerBuilder matched:
      - @ConditionalOnMissingBean (types: org.springframework.boot.task.SimpleAsyncTaskSchedulerBuilder; SearchStrategy: all) did not find any beans (OnBeanCondition)
      - @ConditionalOnThreading found PLATFORM (OnThreadingCondition)

   TaskSchedulingConfigurations.ThreadPoolTaskSchedulerBuilderConfiguration#threadPoolTaskSchedulerBuilder matched:
      - @ConditionalOnMissingBean (types: org.springframework.boot.task.ThreadPoolTaskSchedulerBuilder; SearchStrategy: all) did not find any beans (OnBeanCondition)

   TransactionAutoConfiguration matched:
      - @ConditionalOnClass found required class 'org.springframework.transaction.PlatformTransactionManager' (OnClassCondition)

   TransactionAutoConfiguration.EnableTransactionManagementConfiguration matched:
      - @ConditionalOnBean (types: org.springframework.transaction.TransactionManager; SearchStrategy: all) found bean 'transactionManager'; @ConditionalOnMissingBean (types: org.springframework.transaction.annotation.AbstractTransactionManagementConfiguration; SearchStrategy: all) did not find any beans (OnBeanCondition)

   TransactionAutoConfiguration.EnableTransactionManagementConfiguration.CglibAutoProxyConfiguration matched:
      - @ConditionalOnProperty (spring.aop.proxy-target-class=true) matched (OnPropertyCondition)

   TransactionAutoConfiguration.TransactionTemplateConfiguration matched:
      - @ConditionalOnSingleCandidate (types: org.springframework.transaction.PlatformTransactionManager; SearchStrategy: all) found a single bean 'transactionManager' (OnBeanCondition)

   TransactionAutoConfiguration.TransactionTemplateConfiguration#transactionTemplate matched:
      - @ConditionalOnMissingBean (types: org.springframework.transaction.support.TransactionOperations; SearchStrategy: all) did not find any beans (OnBeanCondition)

   TransactionManagerCustomizationAutoConfiguration matched:
      - @ConditionalOnClass found required class 'org.springframework.transaction.PlatformTransactionManager' (OnClassCondition)

   TransactionManagerCustomizationAutoConfiguration#platformTransactionManagerCustomizers matched:
      - @ConditionalOnMissingBean (types: org.springframework.boot.autoconfigure.transaction.TransactionManagerCustomizers; SearchStrategy: all) did not find any beans (OnBeanCondition)

   WebMvcAutoConfiguration matched:
      - @ConditionalOnClass found required classes 'jakarta.servlet.Servlet', 'org.springframework.web.servlet.DispatcherServlet', 'org.springframework.web.servlet.config.annotation.WebMvcConfigurer' (OnClassCondition)
      - found 'session' scope (OnWebApplicationCondition)
      - @ConditionalOnMissingBean (types: org.springframework.web.servlet.config.annotation.WebMvcConfigurationSupport; SearchStrategy: all) did not find any beans (OnBeanCondition)

   WebMvcAutoConfiguration#formContentFilter matched:
      - @ConditionalOnProperty (spring.mvc.formcontent.filter.enabled) matched (OnPropertyCondition)
      - @ConditionalOnMissingBean (types: org.springframework.web.filter.FormContentFilter; SearchStrategy: all) did not find any beans (OnBeanCondition)

   WebMvcAutoConfiguration.EnableWebMvcConfiguration#flashMapManager matched:
      - @ConditionalOnMissingBean (names: flashMapManager; SearchStrategy: all) did not find any beans (OnBeanCondition)

   WebMvcAutoConfiguration.EnableWebMvcConfiguration#localeResolver matched:
      - @ConditionalOnMissingBean (names: localeResolver; SearchStrategy: all) did not find any beans (OnBeanCondition)

   WebMvcAutoConfiguration.EnableWebMvcConfiguration#themeResolver matched:
      - @ConditionalOnMissingBean (names: themeResolver; SearchStrategy: all) did not find any beans (OnBeanCondition)

   WebMvcAutoConfiguration.EnableWebMvcConfiguration#viewNameTranslator matched:
      - @ConditionalOnMissingBean (names: viewNameTranslator; SearchStrategy: all) did not find any beans (OnBeanCondition)

   WebMvcAutoConfiguration.WebMvcAutoConfigurationAdapter#defaultViewResolver matched:
      - @ConditionalOnMissingBean (types: org.springframework.web.servlet.view.InternalResourceViewResolver; SearchStrategy: all) did not find any beans (OnBeanCondition)

   WebMvcAutoConfiguration.WebMvcAutoConfigurationAdapter#requestContextFilter matched:
      - @ConditionalOnMissingBean (types: org.springframework.web.context.request.RequestContextListener,org.springframework.web.filter.RequestContextFilter; SearchStrategy: all) did not find any beans (OnBeanCondition)

   WebMvcAutoConfiguration.WebMvcAutoConfigurationAdapter#viewResolver matched:
      - @ConditionalOnBean (types: org.springframework.web.servlet.ViewResolver; SearchStrategy: all) found beans 'defaultViewResolver', 'beanNameViewResolver', 'mvcViewResolver'; @ConditionalOnMissingBean (names: viewResolver types: org.springframework.web.servlet.view.ContentNegotiatingViewResolver; SearchStrategy: all) did not find any beans (OnBeanCondition)

   WebSocketServletAutoConfiguration matched:
      - @ConditionalOnClass found required classes 'jakarta.servlet.Servlet', 'jakarta.websocket.server.ServerContainer' (OnClassCondition)
      - found 'session' scope (OnWebApplicationCondition)

   WebSocketServletAutoConfiguration.TomcatWebSocketConfiguration matched:
      - @ConditionalOnClass found required classes 'org.apache.catalina.startup.Tomcat', 'org.apache.tomcat.websocket.server.WsSci' (OnClassCondition)

   WebSocketServletAutoConfiguration.TomcatWebSocketConfiguration#websocketServletWebServerCustomizer matched:
      - @ConditionalOnMissingBean (names: websocketServletWebServerCustomizer; SearchStrategy: all) did not find any beans (OnBeanCondition)


Negative matches:
-----------------

   ActiveMQAutoConfiguration:
      Did not match:
         - @ConditionalOnClass did not find required class 'jakarta.jms.ConnectionFactory' (OnClassCondition)

   AopAutoConfiguration.AspectJAutoProxyingConfiguration.JdkDynamicAutoProxyConfiguration:
      Did not match:
         - @ConditionalOnProperty (spring.aop.proxy-target-class=false) did not find property 'proxy-target-class' (OnPropertyCondition)

   AopAutoConfiguration.ClassProxyingConfiguration:
      Did not match:
         - @ConditionalOnMissingClass found unwanted class 'org.aspectj.weaver.Advice' (OnClassCondition)

   ArtemisAutoConfiguration:
      Did not match:
         - @ConditionalOnClass did not find required class 'jakarta.jms.ConnectionFactory' (OnClassCondition)

   BatchAutoConfiguration:
      Did not match:
         - @ConditionalOnClass did not find required class 'org.springframework.batch.core.launch.JobLauncher' (OnClassCondition)

   Cache2kCacheConfiguration:
      Did not match:
         - @ConditionalOnClass did not find required class 'org.cache2k.Cache2kBuilder' (OnClassCondition)

   CacheAutoConfiguration:
      Did not match:
         - @ConditionalOnBean (types: org.springframework.cache.interceptor.CacheAspectSupport; SearchStrategy: all) did not find any beans of type org.springframework.cache.interceptor.CacheAspectSupport (OnBeanCondition)
      Matched:
         - @ConditionalOnClass found required class 'org.springframework.cache.CacheManager' (OnClassCondition)

   CacheAutoConfiguration.CacheManagerEntityManagerFactoryDependsOnPostProcessor:
      Did not match:
         - Ancestor org.springframework.boot.autoconfigure.cache.CacheAutoConfiguration did not match (ConditionEvaluationReport.AncestorsMatchedCondition)
      Matched:
         - @ConditionalOnClass found required class 'org.springframework.orm.jpa.LocalContainerEntityManagerFactoryBean' (OnClassCondition)

   CaffeineCacheConfiguration:
      Did not match:
         - @ConditionalOnClass did not find required class 'com.github.benmanes.caffeine.cache.Caffeine' (OnClassCondition)

   CassandraAutoConfiguration:
      Did not match:
         - @ConditionalOnClass did not find required class 'com.datastax.oss.driver.api.core.CqlSession' (OnClassCondition)

   CassandraDataAutoConfiguration:
      Did not match:
         - @ConditionalOnClass did not find required class 'com.datastax.oss.driver.api.core.CqlSession' (OnClassCondition)

   CassandraReactiveDataAutoConfiguration:
      Did not match:
         - @ConditionalOnClass did not find required class 'com.datastax.oss.driver.api.core.CqlSession' (OnClassCondition)

   CassandraReactiveRepositoriesAutoConfiguration:
      Did not match:
         - @ConditionalOnClass did not find required class 'org.springframework.data.cassandra.ReactiveSession' (OnClassCondition)

   CassandraRepositoriesAutoConfiguration:
      Did not match:
         - @ConditionalOnClass did not find required class 'com.datastax.oss.driver.api.core.CqlSession' (OnClassCondition)

   ClientHttpConnectorAutoConfiguration:
      Did not match:
         - @ConditionalOnClass did not find required class 'org.springframework.web.reactive.function.client.WebClient' (OnClassCondition)

   CodecsAutoConfiguration:
      Did not match:
         - @ConditionalOnClass did not find required class 'org.springframework.web.reactive.function.client.WebClient' (OnClassCondition)

   CouchbaseAutoConfiguration:
      Did not match:
         - @ConditionalOnClass did not find required class 'com.couchbase.client.java.Cluster' (OnClassCondition)

   CouchbaseCacheConfiguration:
      Did not match:
         - @ConditionalOnClass did not find required class 'com.couchbase.client.java.Cluster' (OnClassCondition)

   CouchbaseDataAutoConfiguration:
      Did not match:
         - @ConditionalOnClass did not find required class 'com.couchbase.client.java.Bucket' (OnClassCondition)

   CouchbaseReactiveDataAutoConfiguration:
      Did not match:
         - @ConditionalOnClass did not find required class 'com.couchbase.client.java.Cluster' (OnClassCondition)

   CouchbaseReactiveRepositoriesAutoConfiguration:
      Did not match:
         - @ConditionalOnClass did not find required class 'com.couchbase.client.java.Cluster' (OnClassCondition)

   CouchbaseRepositoriesAutoConfiguration:
      Did not match:
         - @ConditionalOnClass did not find required class 'com.couchbase.client.java.Bucket' (OnClassCondition)

   DataSourceAutoConfiguration.EmbeddedDatabaseConfiguration:
      Did not match:
         - EmbeddedDataSource spring.datasource.url is set (DataSourceAutoConfiguration.EmbeddedDatabaseCondition)

   DataSourceCheckpointRestoreConfiguration:
      Did not match:
         - @ConditionalOnClass did not find required class 'org.crac.Resource' (OnClassCondition)

   DataSourceConfiguration.Dbcp2:
      Did not match:
         - @ConditionalOnClass did not find required class 'org.apache.commons.dbcp2.BasicDataSource' (OnClassCondition)

   DataSourceConfiguration.Generic:
      Did not match:
         - @ConditionalOnProperty (spring.datasource.type) did not find property 'spring.datasource.type' (OnPropertyCondition)

   DataSourceConfiguration.OracleUcp:
      Did not match:
         - @ConditionalOnClass did not find required classes 'oracle.ucp.jdbc.PoolDataSourceImpl', 'oracle.jdbc.OracleConnection' (OnClassCondition)

   DataSourceConfiguration.Tomcat:
      Did not match:
         - @ConditionalOnClass did not find required class 'org.apache.tomcat.jdbc.pool.DataSource' (OnClassCondition)

   DataSourceJmxConfiguration:
      Did not match:
         - @ConditionalOnProperty (spring.jmx.enabled=true) found different value in property 'enabled' (OnPropertyCondition)

   DataSourcePoolMetadataProvidersConfiguration.CommonsDbcp2PoolDataSourceMetadataProviderConfiguration:
      Did not match:
         - @ConditionalOnClass did not find required class 'org.apache.commons.dbcp2.BasicDataSource' (OnClassCondition)

   DataSourcePoolMetadataProvidersConfiguration.OracleUcpPoolDataSourceMetadataProviderConfiguration:
      Did not match:
         - @ConditionalOnClass did not find required classes 'oracle.ucp.jdbc.PoolDataSource', 'oracle.jdbc.OracleConnection' (OnClassCondition)

   DataSourcePoolMetadataProvidersConfiguration.TomcatDataSourcePoolMetadataProviderConfiguration:
      Did not match:
         - @ConditionalOnClass did not find required class 'org.apache.tomcat.jdbc.pool.DataSource' (OnClassCondition)

   DataSourceTransactionManagerAutoConfiguration.JdbcTransactionManagerConfiguration#transactionManager:
      Did not match:
         - @ConditionalOnMissingBean (types: org.springframework.transaction.TransactionManager; SearchStrategy: all) found beans of type 'org.springframework.transaction.TransactionManager' transactionManager (OnBeanCondition)

   DispatcherServletAutoConfiguration.DispatcherServletConfiguration#multipartResolver:
      Did not match:
         - @ConditionalOnBean (types: org.springframework.web.multipart.MultipartResolver; SearchStrategy: all) did not find any beans of type org.springframework.web.multipart.MultipartResolver (OnBeanCondition)

   ElasticsearchClientAutoConfiguration:
      Did not match:
         - @ConditionalOnClass did not find required class 'co.elastic.clients.elasticsearch.ElasticsearchClient' (OnClassCondition)

   ElasticsearchDataAutoConfiguration:
      Did not match:
         - @ConditionalOnClass did not find required class 'org.springframework.data.elasticsearch.client.elc.ElasticsearchTemplate' (OnClassCondition)

   ElasticsearchRepositoriesAutoConfiguration:
      Did not match:
         - @ConditionalOnClass did not find required class 'org.springframework.data.elasticsearch.repository.ElasticsearchRepository' (OnClassCondition)

   ElasticsearchRestClientAutoConfiguration:
      Did not match:
         - @ConditionalOnClass did not find required class 'org.elasticsearch.client.RestClientBuilder' (OnClassCondition)

   EmbeddedLdapAutoConfiguration:
      Did not match:
         - @ConditionalOnClass did not find required class 'com.unboundid.ldap.listener.InMemoryDirectoryServer' (OnClassCondition)

   EmbeddedWebServerFactoryCustomizerAutoConfiguration.JettyWebServerFactoryCustomizerConfiguration:
      Did not match:
         - @ConditionalOnClass did not find required classes 'org.eclipse.jetty.server.Server', 'org.eclipse.jetty.util.Loader', 'org.eclipse.jetty.ee10.webapp.WebAppContext' (OnClassCondition)

   EmbeddedWebServerFactoryCustomizerAutoConfiguration.NettyWebServerFactoryCustomizerConfiguration:
      Did not match:
         - @ConditionalOnClass did not find required class 'reactor.netty.http.server.HttpServer' (OnClassCondition)

   EmbeddedWebServerFactoryCustomizerAutoConfiguration.TomcatWebServerFactoryCustomizerConfiguration#tomcatVirtualThreadsProtocolHandlerCustomizer:
      Did not match:
         - @ConditionalOnThreading did not find VIRTUAL (OnThreadingCondition)

   EmbeddedWebServerFactoryCustomizerAutoConfiguration.UndertowWebServerFactoryCustomizerConfiguration:
      Did not match:
         - @ConditionalOnClass did not find required classes 'io.undertow.Undertow', 'org.xnio.SslClientAuthMode' (OnClassCondition)

   ErrorWebFluxAutoConfiguration:
      Did not match:
         - @ConditionalOnClass did not find required class 'org.springframework.web.reactive.config.WebFluxConfigurer' (OnClassCondition)

   FlywayAutoConfiguration:
      Did not match:
         - @ConditionalOnClass did not find required class 'org.flywaydb.core.Flyway' (OnClassCondition)

   FreeMarkerAutoConfiguration:
      Did not match:
         - @ConditionalOnClass did not find required class 'freemarker.template.Configuration' (OnClassCondition)

   GraphQlAutoConfiguration:
      Did not match:
         - @ConditionalOnClass did not find required class 'graphql.GraphQL' (OnClassCondition)

   GraphQlQueryByExampleAutoConfiguration:
      Did not match:
         - @ConditionalOnClass did not find required class 'graphql.GraphQL' (OnClassCondition)

   GraphQlQuerydslAutoConfiguration:
      Did not match:
         - @ConditionalOnClass did not find required class 'com.querydsl.core.Query' (OnClassCondition)

   GraphQlRSocketAutoConfiguration:
      Did not match:
         - @ConditionalOnClass did not find required class 'graphql.GraphQL' (OnClassCondition)

   GraphQlReactiveQueryByExampleAutoConfiguration:
      Did not match:
         - @ConditionalOnClass did not find required class 'graphql.GraphQL' (OnClassCondition)

   GraphQlReactiveQuerydslAutoConfiguration:
      Did not match:
         - @ConditionalOnClass did not find required class 'com.querydsl.core.Query' (OnClassCondition)

   GraphQlWebFluxAutoConfiguration:
      Did not match:
         - @ConditionalOnClass did not find required class 'graphql.GraphQL' (OnClassCondition)

   GraphQlWebFluxSecurityAutoConfiguration:
      Did not match:
         - @ConditionalOnClass did not find required class 'graphql.GraphQL' (OnClassCondition)

   GraphQlWebMvcAutoConfiguration:
      Did not match:
         - @ConditionalOnClass did not find required class 'graphql.GraphQL' (OnClassCondition)

   GraphQlWebMvcSecurityAutoConfiguration:
      Did not match:
         - @ConditionalOnClass did not find required class 'graphql.GraphQL' (OnClassCondition)

   GroovyTemplateAutoConfiguration:
      Did not match:
         - @ConditionalOnClass did not find required class 'groovy.text.markup.MarkupTemplateEngine' (OnClassCondition)

   GsonAutoConfiguration:
      Did not match:
         - @ConditionalOnClass did not find required class 'com.google.gson.Gson' (OnClassCondition)

   GsonHttpMessageConvertersConfiguration:
      Did not match:
         - @ConditionalOnClass did not find required class 'com.google.gson.Gson' (OnClassCondition)

   H2ConsoleAutoConfiguration:
      Did not match:
         - @ConditionalOnProperty (spring.h2.console.enabled=true) did not find property 'enabled' (OnPropertyCondition)
      Matched:
         - @ConditionalOnClass found required class 'org.h2.server.web.JakartaWebServlet' (OnClassCondition)
         - found 'session' scope (OnWebApplicationCondition)

   HazelcastAutoConfiguration:
      Did not match:
         - @ConditionalOnClass did not find required class 'com.hazelcast.core.HazelcastInstance' (OnClassCondition)

   HazelcastCacheConfiguration:
      Did not match:
         - @ConditionalOnClass did not find required class 'com.hazelcast.core.HazelcastInstance' (OnClassCondition)

   HazelcastJpaDependencyAutoConfiguration:
      Did not match:
         - @ConditionalOnClass did not find required class 'com.hazelcast.core.HazelcastInstance' (OnClassCondition)

   HttpHandlerAutoConfiguration:
      Did not match:
         - @ConditionalOnClass did not find required class 'org.springframework.web.reactive.DispatcherHandler' (OnClassCondition)

   HypermediaAutoConfiguration:
      Did not match:
         - @ConditionalOnClass did not find required class 'org.springframework.hateoas.EntityModel' (OnClassCondition)

   InfinispanCacheConfiguration:
      Did not match:
         - @ConditionalOnClass did not find required class 'org.infinispan.spring.embedded.provider.SpringEmbeddedCacheManager' (OnClassCondition)

   IntegrationAutoConfiguration:
      Did not match:
         - @ConditionalOnClass did not find required class 'org.springframework.integration.config.EnableIntegration' (OnClassCondition)

   JCacheCacheConfiguration:
      Did not match:
         - @ConditionalOnClass did not find required class 'javax.cache.Caching' (OnClassCondition)

   JacksonHttpMessageConvertersConfiguration.MappingJackson2XmlHttpMessageConverterConfiguration:
      Did not match:
         - @ConditionalOnClass did not find required class 'com.fasterxml.jackson.dataformat.xml.XmlMapper' (OnClassCondition)

   JdbcRepositoriesAutoConfiguration:
      Did not match:
         - @ConditionalOnClass did not find required class 'org.springframework.data.jdbc.repository.config.AbstractJdbcConfiguration' (OnClassCondition)

   JerseyAutoConfiguration:
      Did not match:
         - @ConditionalOnClass did not find required class 'org.glassfish.jersey.server.spring.SpringComponentProvider' (OnClassCondition)

   JmsAutoConfiguration:
      Did not match:
         - @ConditionalOnClass did not find required class 'jakarta.jms.Message' (OnClassCondition)

   JmxAutoConfiguration:
      Did not match:
         - @ConditionalOnProperty (spring.jmx.enabled=true) found different value in property 'enabled' (OnPropertyCondition)
      Matched:
         - @ConditionalOnClass found required class 'org.springframework.jmx.export.MBeanExporter' (OnClassCondition)

   JndiConnectionFactoryAutoConfiguration:
      Did not match:
         - @ConditionalOnClass did not find required class 'org.springframework.jms.core.JmsTemplate' (OnClassCondition)

   JndiDataSourceAutoConfiguration:
      Did not match:
         - @ConditionalOnProperty (spring.datasource.jndi-name) did not find property 'jndi-name' (OnPropertyCondition)
      Matched:
         - @ConditionalOnClass found required classes 'javax.sql.DataSource', 'org.springframework.jdbc.datasource.embedded.EmbeddedDatabaseType' (OnClassCondition)

   JndiJtaConfiguration:
      Did not match:
         - @ConditionalOnJndi JNDI environment is not available (OnJndiCondition)
      Matched:
         - @ConditionalOnClass found required class 'org.springframework.transaction.jta.JtaTransactionManager' (OnClassCondition)

   JooqAutoConfiguration:
      Did not match:
         - @ConditionalOnClass did not find required class 'org.jooq.DSLContext' (OnClassCondition)

   JpaRepositoriesAutoConfiguration#entityManagerFactoryBootstrapExecutorCustomizer:
      Did not match:
         - AnyNestedCondition 0 matched 2 did not; NestedCondition on JpaRepositoriesAutoConfiguration.BootstrapExecutorCondition.LazyBootstrapMode @ConditionalOnProperty (spring.data.jpa.repositories.bootstrap-mode=lazy) did not find property 'bootstrap-mode'; NestedCondition on JpaRepositoriesAutoConfiguration.BootstrapExecutorCondition.DeferredBootstrapMode @ConditionalOnProperty (spring.data.jpa.repositories.bootstrap-mode=deferred) did not find property 'bootstrap-mode' (JpaRepositoriesAutoConfiguration.BootstrapExecutorCondition)

   JsonbAutoConfiguration:
      Did not match:
         - @ConditionalOnClass did not find required class 'jakarta.json.bind.Jsonb' (OnClassCondition)

   JsonbHttpMessageConvertersConfiguration:
      Did not match:
         - @ConditionalOnClass did not find required class 'jakarta.json.bind.Jsonb' (OnClassCondition)

   KafkaAutoConfiguration:
      Did not match:
         - @ConditionalOnClass did not find required class 'org.springframework.kafka.core.KafkaTemplate' (OnClassCondition)

   LdapAutoConfiguration:
      Did not match:
         - @ConditionalOnClass did not find required class 'org.springframework.ldap.core.ContextSource' (OnClassCondition)

   LdapRepositoriesAutoConfiguration:
      Did not match:
         - @ConditionalOnClass did not find required class 'org.springframework.data.ldap.repository.LdapRepository' (OnClassCondition)

   LiquibaseAutoConfiguration:
      Did not match:
         - @ConditionalOnClass did not find required class 'liquibase.change.DatabaseChange' (OnClassCondition)

   MailSenderAutoConfiguration:
      Did not match:
         - @ConditionalOnClass did not find required class 'jakarta.mail.internet.MimeMessage' (OnClassCondition)

   MailSenderValidatorAutoConfiguration:
      Did not match:
         - @ConditionalOnSingleCandidate did not find required type 'org.springframework.mail.javamail.JavaMailSenderImpl' (OnBeanCondition)

   MessageSourceAutoConfiguration:
      Did not match:
         - ResourceBundle did not find bundle with basename messages (MessageSourceAutoConfiguration.ResourceBundleCondition)

   MongoAutoConfiguration:
      Did not match:
         - @ConditionalOnClass did not find required class 'com.mongodb.client.MongoClient' (OnClassCondition)

   MongoDataAutoConfiguration:
      Did not match:
         - @ConditionalOnClass did not find required class 'com.mongodb.client.MongoClient' (OnClassCondition)

   MongoReactiveAutoConfiguration:
      Did not match:
         - @ConditionalOnClass did not find required class 'com.mongodb.reactivestreams.client.MongoClient' (OnClassCondition)

   MongoReactiveDataAutoConfiguration:
      Did not match:
         - @ConditionalOnClass did not find required class 'com.mongodb.reactivestreams.client.MongoClient' (OnClassCondition)

   MongoReactiveRepositoriesAutoConfiguration:
      Did not match:
         - @ConditionalOnClass did not find required class 'com.mongodb.reactivestreams.client.MongoClient' (OnClassCondition)

   MongoRepositoriesAutoConfiguration:
      Did not match:
         - @ConditionalOnClass did not find required class 'com.mongodb.client.MongoClient' (OnClassCondition)

   MustacheAutoConfiguration:
      Did not match:
         - @ConditionalOnClass did not find required class 'com.samskivert.mustache.Mustache' (OnClassCondition)

   Neo4jAutoConfiguration:
      Did not match:
         - @ConditionalOnClass did not find required class 'org.neo4j.driver.Driver' (OnClassCondition)

   Neo4jDataAutoConfiguration:
      Did not match:
         - @ConditionalOnClass did not find required class 'org.neo4j.driver.Driver' (OnClassCondition)

   Neo4jReactiveDataAutoConfiguration:
      Did not match:
         - @ConditionalOnClass did not find required class 'org.neo4j.driver.Driver' (OnClassCondition)

   Neo4jReactiveRepositoriesAutoConfiguration:
      Did not match:
         - @ConditionalOnClass did not find required class 'org.neo4j.driver.Driver' (OnClassCondition)

   Neo4jRepositoriesAutoConfiguration:
      Did not match:
         - @ConditionalOnClass did not find required class 'org.neo4j.driver.Driver' (OnClassCondition)

   NettyAutoConfiguration:
      Did not match:
         - @ConditionalOnClass did not find required class 'io.netty.util.NettyRuntime' (OnClassCondition)

   OAuth2AuthorizationServerAutoConfiguration:
      Did not match:
         - @ConditionalOnClass did not find required class 'org.springframework.security.oauth2.server.authorization.OAuth2Authorization' (OnClassCondition)

   OAuth2AuthorizationServerJwtAutoConfiguration:
      Did not match:
         - @ConditionalOnClass did not find required class 'org.springframework.security.oauth2.server.authorization.OAuth2Authorization' (OnClassCondition)

   OAuth2ClientAutoConfiguration:
      Did not match:
         - @ConditionalOnClass did not find required class 'org.springframework.security.config.annotation.web.configuration.EnableWebSecurity' (OnClassCondition)

   OAuth2ResourceServerAutoConfiguration:
      Did not match:
         - @ConditionalOnClass did not find required class 'org.springframework.security.oauth2.server.resource.authentication.BearerTokenAuthenticationToken' (OnClassCondition)

   ProjectInfoAutoConfiguration#buildProperties:
      Did not match:
         - @ConditionalOnResource did not find resource '${spring.info.build.location:classpath:META-INF/build-info.properties}' (OnResourceCondition)

   ProjectInfoAutoConfiguration#gitProperties:
      Did not match:
         - GitResource did not find git info at classpath:git.properties (ProjectInfoAutoConfiguration.GitResourceAvailableCondition)

   PulsarAutoConfiguration:
      Did not match:
         - @ConditionalOnClass did not find required class 'org.apache.pulsar.client.api.PulsarClient' (OnClassCondition)

   PulsarReactiveAutoConfiguration:
      Did not match:
         - @ConditionalOnClass did not find required class 'org.apache.pulsar.client.api.PulsarClient' (OnClassCondition)

   QuartzAutoConfiguration:
      Did not match:
         - @ConditionalOnClass did not find required class 'org.quartz.Scheduler' (OnClassCondition)

   R2dbcAutoConfiguration:
      Did not match:
         - @ConditionalOnClass did not find required class 'io.r2dbc.spi.ConnectionFactory' (OnClassCondition)

   R2dbcDataAutoConfiguration:
      Did not match:
         - @ConditionalOnClass did not find required class 'org.springframework.data.r2dbc.core.R2dbcEntityTemplate' (OnClassCondition)

   R2dbcInitializationConfiguration:
      Did not match:
         - @ConditionalOnClass did not find required classes 'io.r2dbc.spi.ConnectionFactory', 'org.springframework.r2dbc.connection.init.DatabasePopulator' (OnClassCondition)

   R2dbcProxyAutoConfiguration:
      Did not match:
         - @ConditionalOnClass did not find required class 'io.r2dbc.proxy.ProxyConnectionFactory' (OnClassCondition)

   R2dbcRepositoriesAutoConfiguration:
      Did not match:
         - @ConditionalOnClass did not find required class 'io.r2dbc.spi.ConnectionFactory' (OnClassCondition)

   R2dbcTransactionManagerAutoConfiguration:
      Did not match:
         - @ConditionalOnClass did not find required class 'org.springframework.r2dbc.connection.R2dbcTransactionManager' (OnClassCondition)

   RSocketGraphQlClientAutoConfiguration:
      Did not match:
         - @ConditionalOnClass did not find required class 'graphql.GraphQL' (OnClassCondition)

   RSocketMessagingAutoConfiguration:
      Did not match:
         - @ConditionalOnClass did not find required class 'io.rsocket.RSocket' (OnClassCondition)

   RSocketRequesterAutoConfiguration:
      Did not match:
         - @ConditionalOnClass did not find required class 'io.rsocket.RSocket' (OnClassCondition)

   RSocketSecurityAutoConfiguration:
      Did not match:
         - @ConditionalOnClass did not find required class 'org.springframework.security.rsocket.core.SecuritySocketAcceptorInterceptor' (OnClassCondition)

   RSocketServerAutoConfiguration:
      Did not match:
         - @ConditionalOnClass did not find required class 'io.rsocket.core.RSocketServer' (OnClassCondition)

   RSocketStrategiesAutoConfiguration:
      Did not match:
         - @ConditionalOnClass did not find required class 'io.netty.buffer.PooledByteBufAllocator' (OnClassCondition)

   RabbitAutoConfiguration:
      Did not match:
         - @ConditionalOnClass did not find required class 'com.rabbitmq.client.Channel' (OnClassCondition)

   ReactiveElasticsearchClientAutoConfiguration:
      Did not match:
         - @ConditionalOnClass did not find required class 'co.elastic.clients.transport.ElasticsearchTransport' (OnClassCondition)

   ReactiveElasticsearchRepositoriesAutoConfiguration:
      Did not match:
         - @ConditionalOnClass did not find required class 'reactor.core.publisher.Mono' (OnClassCondition)

   ReactiveMultipartAutoConfiguration:
      Did not match:
         - @ConditionalOnClass did not find required class 'org.springframework.web.reactive.config.WebFluxConfigurer' (OnClassCondition)

   ReactiveOAuth2ClientAutoConfiguration:
      Did not match:
         - @ConditionalOnClass did not find required class 'reactor.core.publisher.Flux' (OnClassCondition)

   ReactiveOAuth2ResourceServerAutoConfiguration:
      Did not match:
         - @ConditionalOnClass did not find required class 'org.springframework.security.config.annotation.web.reactive.EnableWebFluxSecurity' (OnClassCondition)

   ReactiveSecurityAutoConfiguration:
      Did not match:
         - @ConditionalOnClass did not find required class 'reactor.core.publisher.Flux' (OnClassCondition)

   ReactiveUserDetailsServiceAutoConfiguration:
      Did not match:
         - @ConditionalOnClass did not find required class 'org.springframework.security.authentication.ReactiveAuthenticationManager' (OnClassCondition)

   ReactiveWebServerFactoryAutoConfiguration:
      Did not match:
         - @ConditionalOnWebApplication did not find reactive web application classes (OnWebApplicationCondition)

   ReactorAutoConfiguration:
      Did not match:
         - @ConditionalOnClass did not find required class 'reactor.core.publisher.Hooks' (OnClassCondition)

   RedisAutoConfiguration:
      Did not match:
         - @ConditionalOnClass did not find required class 'org.springframework.data.redis.core.RedisOperations' (OnClassCondition)

   RedisCacheConfiguration:
      Did not match:
         - @ConditionalOnClass did not find required class 'org.springframework.data.redis.connection.RedisConnectionFactory' (OnClassCondition)

   RedisReactiveAutoConfiguration:
      Did not match:
         - @ConditionalOnClass did not find required class 'reactor.core.publisher.Flux' (OnClassCondition)

   RedisRepositoriesAutoConfiguration:
      Did not match:
         - @ConditionalOnClass did not find required class 'org.springframework.data.redis.repository.configuration.EnableRedisRepositories' (OnClassCondition)

   RepositoryRestMvcAutoConfiguration:
      Did not match:
         - @ConditionalOnClass did not find required class 'org.springframework.data.rest.webmvc.config.RepositoryRestMvcConfiguration' (OnClassCondition)

   Saml2RelyingPartyAutoConfiguration:
      Did not match:
         - @ConditionalOnClass did not find required class 'org.springframework.security.saml2.provider.service.registration.RelyingPartyRegistrationRepository' (OnClassCondition)

   SecurityAutoConfiguration:
      Did not match:
         - @ConditionalOnClass did not find required class 'org.springframework.security.authentication.DefaultAuthenticationEventPublisher' (OnClassCondition)

   SecurityFilterAutoConfiguration:
      Did not match:
         - @ConditionalOnClass did not find required class 'org.springframework.security.config.http.SessionCreationPolicy' (OnClassCondition)

   SendGridAutoConfiguration:
      Did not match:
         - @ConditionalOnClass did not find required class 'com.sendgrid.SendGrid' (OnClassCondition)

   ServletWebServerFactoryAutoConfiguration.ForwardedHeaderFilterConfiguration:
      Did not match:
         - @ConditionalOnProperty (server.forward-headers-strategy=framework) did not find property 'server.forward-headers-strategy' (OnPropertyCondition)

   ServletWebServerFactoryConfiguration.EmbeddedJetty:
      Did not match:
         - @ConditionalOnClass did not find required classes 'org.eclipse.jetty.server.Server', 'org.eclipse.jetty.util.Loader', 'org.eclipse.jetty.ee10.webapp.WebAppContext' (OnClassCondition)

   ServletWebServerFactoryConfiguration.EmbeddedUndertow:
      Did not match:
         - @ConditionalOnClass did not find required classes 'io.undertow.Undertow', 'org.xnio.SslClientAuthMode' (OnClassCondition)

   SessionAutoConfiguration:
      Did not match:
         - @ConditionalOnClass did not find required class 'org.springframework.session.Session' (OnClassCondition)

   SpringApplicationAdminJmxAutoConfiguration:
      Did not match:
         - @ConditionalOnProperty (spring.application.admin.enabled=true) did not find property 'enabled' (OnPropertyCondition)

   TaskExecutorConfigurations.SimpleAsyncTaskExecutorBuilderConfiguration#simpleAsyncTaskExecutorBuilderVirtualThreads:
      Did not match:
         - @ConditionalOnMissingBean (types: org.springframework.boot.task.SimpleAsyncTaskExecutorBuilder; SearchStrategy: all) found beans of type 'org.springframework.boot.task.SimpleAsyncTaskExecutorBuilder' simpleAsyncTaskExecutorBuilder (OnBeanCondition)

   TaskExecutorConfigurations.TaskExecutorConfiguration#applicationTaskExecutorVirtualThreads:
      Did not match:
         - @ConditionalOnThreading did not find VIRTUAL (OnThreadingCondition)

   TaskSchedulingAutoConfiguration#scheduledBeanLazyInitializationExcludeFilter:
      Did not match:
         - @ConditionalOnBean (names: org.springframework.context.annotation.internalScheduledAnnotationProcessor; SearchStrategy: all) did not find any beans named org.springframework.context.annotation.internalScheduledAnnotationProcessor (OnBeanCondition)

   TaskSchedulingConfigurations.SimpleAsyncTaskSchedulerBuilderConfiguration#simpleAsyncTaskSchedulerBuilderVirtualThreads:
      Did not match:
         - @ConditionalOnMissingBean (types: org.springframework.boot.task.SimpleAsyncTaskSchedulerBuilder; SearchStrategy: all) found beans of type 'org.springframework.boot.task.SimpleAsyncTaskSchedulerBuilder' simpleAsyncTaskSchedulerBuilder (OnBeanCondition)

   TaskSchedulingConfigurations.TaskSchedulerConfiguration:
      Did not match:
         - @ConditionalOnBean (names: org.springframework.context.annotation.internalScheduledAnnotationProcessor; SearchStrategy: all) did not find any beans named org.springframework.context.annotation.internalScheduledAnnotationProcessor (OnBeanCondition)

   ThymeleafAutoConfiguration:
      Did not match:
         - @ConditionalOnClass did not find required class 'org.thymeleaf.spring6.SpringTemplateEngine' (OnClassCondition)

   TransactionAutoConfiguration#transactionalOperator:
      Did not match:
         - @ConditionalOnSingleCandidate (types: org.springframework.transaction.ReactiveTransactionManager; SearchStrategy: all) did not find any beans (OnBeanCondition)

   TransactionAutoConfiguration.AspectJTransactionManagementConfiguration:
      Did not match:
         - @ConditionalOnBean (types: org.springframework.transaction.aspectj.AbstractTransactionAspect; SearchStrategy: all) did not find any beans of type org.springframework.transaction.aspectj.AbstractTransactionAspect (OnBeanCondition)

   TransactionAutoConfiguration.EnableTransactionManagementConfiguration.JdkDynamicAutoProxyConfiguration:
      Did not match:
         - @ConditionalOnProperty (spring.aop.proxy-target-class=false) did not find property 'proxy-target-class' (OnPropertyCondition)

   UserDetailsServiceAutoConfiguration:
      Did not match:
         - @ConditionalOnClass did not find required class 'org.springframework.security.authentication.AuthenticationManager' (OnClassCondition)

   ValidationAutoConfiguration:
      Did not match:
         - @ConditionalOnClass did not find required class 'jakarta.validation.executable.ExecutableValidator' (OnClassCondition)

   WebClientAutoConfiguration:
      Did not match:
         - @ConditionalOnClass did not find required class 'org.springframework.web.reactive.function.client.WebClient' (OnClassCondition)

   WebFluxAutoConfiguration:
      Did not match:
         - @ConditionalOnClass did not find required class 'org.springframework.web.reactive.config.WebFluxConfigurer' (OnClassCondition)

   WebMvcAutoConfiguration#hiddenHttpMethodFilter:
      Did not match:
         - @ConditionalOnProperty (spring.mvc.hiddenmethod.filter.enabled) did not find property 'enabled' (OnPropertyCondition)

   WebMvcAutoConfiguration.ProblemDetailsErrorHandlingConfiguration:
      Did not match:
         - @ConditionalOnProperty (spring.mvc.problemdetails.enabled=true) did not find property 'enabled' (OnPropertyCondition)

   WebMvcAutoConfiguration.ResourceChainCustomizerConfiguration:
      Did not match:
         - @ConditionalOnEnabledResourceChain did not find class org.webjars.WebJarVersionLocator (OnEnabledResourceChainCondition)

   WebMvcAutoConfiguration.WebMvcAutoConfigurationAdapter#beanNameViewResolver:
      Did not match:
         - @ConditionalOnMissingBean (types: org.springframework.web.servlet.view.BeanNameViewResolver; SearchStrategy: all) found beans of type 'org.springframework.web.servlet.view.BeanNameViewResolver' beanNameViewResolver (OnBeanCondition)

   WebServiceTemplateAutoConfiguration:
      Did not match:
         - @ConditionalOnClass did not find required class 'org.springframework.oxm.Marshaller' (OnClassCondition)

   WebServicesAutoConfiguration:
      Did not match:
         - @ConditionalOnClass did not find required class 'org.springframework.ws.transport.http.MessageDispatcherServlet' (OnClassCondition)

   WebSessionIdResolverAutoConfiguration:
      Did not match:
         - @ConditionalOnClass did not find required class 'reactor.core.publisher.Mono' (OnClassCondition)

   WebSocketMessagingAutoConfiguration:
      Did not match:
         - @ConditionalOnClass did not find required class 'org.springframework.web.socket.config.annotation.WebSocketMessageBrokerConfigurer' (OnClassCondition)

   WebSocketReactiveAutoConfiguration:
      Did not match:
         - @ConditionalOnWebApplication did not find reactive web application classes (OnWebApplicationCondition)

   WebSocketServletAutoConfiguration.JettyWebSocketConfiguration:
      Did not match:
         - @ConditionalOnClass did not find required class 'org.eclipse.jetty.ee10.websocket.jakarta.server.config.JakartaWebSocketServletContainerInitializer' (OnClassCondition)

   WebSocketServletAutoConfiguration.UndertowWebSocketConfiguration:
      Did not match:
         - @ConditionalOnClass did not find required class 'io.undertow.websockets.jsr.Bootstrap' (OnClassCondition)

   XADataSourceAutoConfiguration:
      Did not match:
         - @ConditionalOnBean (types: org.springframework.boot.jdbc.XADataSourceWrapper; SearchStrategy: all) did not find any beans of type org.springframework.boot.jdbc.XADataSourceWrapper (OnBeanCondition)
      Matched:
         - @ConditionalOnClass found required classes 'javax.sql.DataSource', 'jakarta.transaction.TransactionManager', 'org.springframework.jdbc.datasource.embedded.EmbeddedDatabaseType' (OnClassCondition)


Exclusions:
-----------

    None


Unconditional classes:
----------------------

    org.springframework.boot.autoconfigure.context.ConfigurationPropertiesAutoConfiguration

    org.springframework.boot.autoconfigure.ssl.SslAutoConfiguration

    org.springframework.boot.autoconfigure.context.LifecycleAutoConfiguration

    org.springframework.boot.autoconfigure.context.PropertyPlaceholderAutoConfiguration

    org.springframework.boot.autoconfigure.availability.ApplicationAvailabilityAutoConfiguration

    org.springframework.boot.autoconfigure.info.ProjectInfoAutoConfiguration



2025-05-28T20:58:00.208+02:00  INFO 2092 --- [wanchinchun] [           main] c.u.w.WanchinchunApplicationTests        : Started WanchinchunApplicationTests in 6.963 seconds (process running for 8.137)
2025-05-28T20:58:00.210+02:00 DEBUG 2092 --- [wanchinchun] [           main] o.s.b.a.ApplicationAvailabilityBean      : Application availability state LivenessState changed to CORRECT
=== Generando esquema DDL y datos de prueba ===
2025-05-28T20:58:00.228+02:00 DEBUG 2092 --- [wanchinchun] [           main] o.s.orm.jpa.JpaTransactionManager        : Creating new transaction with name [org.springframework.data.jpa.repository.support.SimpleJpaRepository.save]: PROPAGATION_REQUIRED,ISOLATION_DEFAULT
2025-05-28T20:58:00.231+02:00 DEBUG 2092 --- [wanchinchun] [           main] o.s.orm.jpa.JpaTransactionManager        : Opened new EntityManager [SessionImpl(658110747<open>)] for JPA transaction
2025-05-28T20:58:00.241+02:00 DEBUG 2092 --- [wanchinchun] [           main] o.h.e.t.internal.TransactionImpl         : On TransactionImpl creation, JpaCompliance#isJpaTransactionComplianceEnabled == false
2025-05-28T20:58:00.241+02:00 DEBUG 2092 --- [wanchinchun] [           main] o.h.e.t.internal.TransactionImpl         : begin
2025-05-28T20:58:00.244+02:00 DEBUG 2092 --- [wanchinchun] [           main] o.s.orm.jpa.JpaTransactionManager        : Exposing JPA transaction as JDBC [org.springframework.orm.jpa.vendor.HibernateJpaDialect$HibernateConnectionHandle@23707d5d]
2025-05-28T20:58:00.253+02:00 DEBUG 2092 --- [wanchinchun] [           main] o.h.j.internal.PersistenceUnitUtilImpl   : jakarta.persistence.PersistenceUnitUtil.getIdentifier is only intended to work with enhanced entities (although Hibernate also adapts this support to its proxies); however the passed entity was not enhanced (nor a proxy).. may not be able to read identifier
2025-05-28T20:58:00.264+02:00 DEBUG 2092 --- [wanchinchun] [           main] org.hibernate.SQL                        : 
    select
        next value for categorias_seq
Hibernate: 
    select
        next value for categorias_seq
2025-05-28T20:58:00.271+02:00 DEBUG 2092 --- [wanchinchun] [           main] o.h.id.enhanced.SequenceStructure        : Sequence value obtained: 1
2025-05-28T20:58:00.275+02:00 DEBUG 2092 --- [wanchinchun] [           main] o.h.e.i.AbstractSaveEventListener        : Generated identifier: 1, using strategy: org.hibernate.id.enhanced.SequenceStyleGenerator
2025-05-28T20:58:00.305+02:00 DEBUG 2092 --- [wanchinchun] [           main] o.s.orm.jpa.JpaTransactionManager        : Initiating transaction commit
2025-05-28T20:58:00.308+02:00 DEBUG 2092 --- [wanchinchun] [           main] o.s.orm.jpa.JpaTransactionManager        : Committing JPA transaction on EntityManager [SessionImpl(658110747<open>)]
2025-05-28T20:58:00.308+02:00 DEBUG 2092 --- [wanchinchun] [           main] o.h.e.t.internal.TransactionImpl         : committing
2025-05-28T20:58:00.309+02:00 DEBUG 2092 --- [wanchinchun] [           main] o.h.e.i.AbstractFlushingEventListener    : Processing flush-time cascades
2025-05-28T20:58:00.312+02:00 DEBUG 2092 --- [wanchinchun] [           main] o.h.e.i.AbstractFlushingEventListener    : Dirty checking collections
2025-05-28T20:58:00.317+02:00 DEBUG 2092 --- [wanchinchun] [           main] o.hibernate.engine.internal.Collections  : Collection found: [com.uma.wanchinchun.models.Category.productos#1], was: [<unreferenced>] (initialized)
2025-05-28T20:58:00.322+02:00 DEBUG 2092 --- [wanchinchun] [           main] o.h.e.i.AbstractFlushingEventListener    : Flushed: 1 insertions, 0 updates, 0 deletions to 1 objects
2025-05-28T20:58:00.322+02:00 DEBUG 2092 --- [wanchinchun] [           main] o.h.e.i.AbstractFlushingEventListener    : Flushed: 1 (re)creations, 0 updates, 0 removals to 1 collections
2025-05-28T20:58:00.325+02:00 DEBUG 2092 --- [wanchinchun] [           main] o.hibernate.internal.util.EntityPrinter  : Listing entities:
2025-05-28T20:58:00.325+02:00 DEBUG 2092 --- [wanchinchun] [           main] o.hibernate.internal.util.EntityPrinter  : com.uma.wanchinchun.models.Category{id=1, nombre=Electrónica, productos=[]}
2025-05-28T20:58:00.334+02:00 DEBUG 2092 --- [wanchinchun] [           main] org.hibernate.SQL                        : 
    insert 
    into
        categorias
        (nombre, id) 
    values
        (?, ?)
Hibernate: 
    insert 
    into
        categorias
        (nombre, id) 
    values
        (?, ?)
2025-05-28T20:58:00.345+02:00 DEBUG 2092 --- [wanchinchun] [           main] o.s.orm.jpa.JpaTransactionManager        : Closing JPA EntityManager [SessionImpl(658110747<open>)] after transaction
2025-05-28T20:58:00.345+02:00 DEBUG 2092 --- [wanchinchun] [           main] o.s.orm.jpa.JpaTransactionManager        : Creating new transaction with name [org.springframework.data.jpa.repository.support.SimpleJpaRepository.save]: PROPAGATION_REQUIRED,ISOLATION_DEFAULT
2025-05-28T20:58:00.346+02:00 DEBUG 2092 --- [wanchinchun] [           main] o.s.orm.jpa.JpaTransactionManager        : Opened new EntityManager [SessionImpl(1787512748<open>)] for JPA transaction
2025-05-28T20:58:00.346+02:00 DEBUG 2092 --- [wanchinchun] [           main] o.h.e.t.internal.TransactionImpl         : On TransactionImpl creation, JpaCompliance#isJpaTransactionComplianceEnabled == false
2025-05-28T20:58:00.346+02:00 DEBUG 2092 --- [wanchinchun] [           main] o.h.e.t.internal.TransactionImpl         : begin
2025-05-28T20:58:00.346+02:00 DEBUG 2092 --- [wanchinchun] [           main] o.s.orm.jpa.JpaTransactionManager        : Exposing JPA transaction as JDBC [org.springframework.orm.jpa.vendor.HibernateJpaDialect$HibernateConnectionHandle@665e0a9b]
2025-05-28T20:58:00.346+02:00 DEBUG 2092 --- [wanchinchun] [           main] o.h.j.internal.PersistenceUnitUtilImpl   : jakarta.persistence.PersistenceUnitUtil.getIdentifier is only intended to work with enhanced entities (although Hibernate also adapts this support to its proxies); however the passed entity was not enhanced (nor a proxy).. may not be able to read identifier
2025-05-28T20:58:00.346+02:00 DEBUG 2092 --- [wanchinchun] [           main] org.hibernate.SQL                        : 
    select
        next value for categorias_seq
Hibernate: 
    select
        next value for categorias_seq
2025-05-28T20:58:00.346+02:00 DEBUG 2092 --- [wanchinchun] [           main] o.h.id.enhanced.SequenceStructure        : Sequence value obtained: 51
2025-05-28T20:58:00.346+02:00 DEBUG 2092 --- [wanchinchun] [           main] o.h.e.i.AbstractSaveEventListener        : Generated identifier: 2, using strategy: org.hibernate.id.enhanced.SequenceStyleGenerator
2025-05-28T20:58:00.346+02:00 DEBUG 2092 --- [wanchinchun] [           main] o.s.orm.jpa.JpaTransactionManager        : Initiating transaction commit
2025-05-28T20:58:00.346+02:00 DEBUG 2092 --- [wanchinchun] [           main] o.s.orm.jpa.JpaTransactionManager        : Committing JPA transaction on EntityManager [SessionImpl(1787512748<open>)]
2025-05-28T20:58:00.346+02:00 DEBUG 2092 --- [wanchinchun] [           main] o.h.e.t.internal.TransactionImpl         : committing
2025-05-28T20:58:00.347+02:00 DEBUG 2092 --- [wanchinchun] [           main] o.h.e.i.AbstractFlushingEventListener    : Processing flush-time cascades
2025-05-28T20:58:00.347+02:00 DEBUG 2092 --- [wanchinchun] [           main] o.h.e.i.AbstractFlushingEventListener    : Dirty checking collections
2025-05-28T20:58:00.347+02:00 DEBUG 2092 --- [wanchinchun] [           main] o.hibernate.engine.internal.Collections  : Collection found: [com.uma.wanchinchun.models.Category.productos#2], was: [<unreferenced>] (initialized)
2025-05-28T20:58:00.347+02:00 DEBUG 2092 --- [wanchinchun] [           main] o.h.e.i.AbstractFlushingEventListener    : Flushed: 1 insertions, 0 updates, 0 deletions to 1 objects
2025-05-28T20:58:00.347+02:00 DEBUG 2092 --- [wanchinchun] [           main] o.h.e.i.AbstractFlushingEventListener    : Flushed: 1 (re)creations, 0 updates, 0 removals to 1 collections
2025-05-28T20:58:00.347+02:00 DEBUG 2092 --- [wanchinchun] [           main] o.hibernate.internal.util.EntityPrinter  : Listing entities:
2025-05-28T20:58:00.347+02:00 DEBUG 2092 --- [wanchinchun] [           main] o.hibernate.internal.util.EntityPrinter  : com.uma.wanchinchun.models.Category{id=2, nombre=Computación, productos=[]}
2025-05-28T20:58:00.347+02:00 DEBUG 2092 --- [wanchinchun] [           main] org.hibernate.SQL                        : 
    insert 
    into
        categorias
        (nombre, id) 
    values
        (?, ?)
Hibernate: 
    insert 
    into
        categorias
        (nombre, id) 
    values
        (?, ?)
2025-05-28T20:58:00.348+02:00 DEBUG 2092 --- [wanchinchun] [           main] o.s.orm.jpa.JpaTransactionManager        : Closing JPA EntityManager [SessionImpl(1787512748<open>)] after transaction
2025-05-28T20:58:00.348+02:00 DEBUG 2092 --- [wanchinchun] [           main] o.s.orm.jpa.JpaTransactionManager        : Creating new transaction with name [org.springframework.data.jpa.repository.support.SimpleJpaRepository.save]: PROPAGATION_REQUIRED,ISOLATION_DEFAULT
2025-05-28T20:58:00.348+02:00 DEBUG 2092 --- [wanchinchun] [           main] o.s.orm.jpa.JpaTransactionManager        : Opened new EntityManager [SessionImpl(1023251545<open>)] for JPA transaction
2025-05-28T20:58:00.348+02:00 DEBUG 2092 --- [wanchinchun] [           main] o.h.e.t.internal.TransactionImpl         : On TransactionImpl creation, JpaCompliance#isJpaTransactionComplianceEnabled == false
2025-05-28T20:58:00.348+02:00 DEBUG 2092 --- [wanchinchun] [           main] o.h.e.t.internal.TransactionImpl         : begin
2025-05-28T20:58:00.348+02:00 DEBUG 2092 --- [wanchinchun] [           main] o.s.orm.jpa.JpaTransactionManager        : Exposing JPA transaction as JDBC [org.springframework.orm.jpa.vendor.HibernateJpaDialect$HibernateConnectionHandle@18bc2d32]
2025-05-28T20:58:00.348+02:00 DEBUG 2092 --- [wanchinchun] [           main] o.h.j.internal.PersistenceUnitUtilImpl   : jakarta.persistence.PersistenceUnitUtil.getIdentifier is only intended to work with enhanced entities (although Hibernate also adapts this support to its proxies); however the passed entity was not enhanced (nor a proxy).. may not be able to read identifier
2025-05-28T20:58:00.348+02:00 DEBUG 2092 --- [wanchinchun] [           main] org.hibernate.SQL                        : 
    select
        next value for productos_seq
Hibernate: 
    select
        next value for productos_seq
2025-05-28T20:58:00.349+02:00 DEBUG 2092 --- [wanchinchun] [           main] o.h.id.enhanced.SequenceStructure        : Sequence value obtained: 1
2025-05-28T20:58:00.349+02:00 DEBUG 2092 --- [wanchinchun] [           main] o.h.e.i.AbstractSaveEventListener        : Generated identifier: 1, using strategy: org.hibernate.id.enhanced.SequenceStyleGenerator
2025-05-28T20:58:00.350+02:00 DEBUG 2092 --- [wanchinchun] [           main] o.s.orm.jpa.JpaTransactionManager        : Initiating transaction commit
2025-05-28T20:58:00.350+02:00 DEBUG 2092 --- [wanchinchun] [           main] o.s.orm.jpa.JpaTransactionManager        : Committing JPA transaction on EntityManager [SessionImpl(1023251545<open>)]
2025-05-28T20:58:00.350+02:00 DEBUG 2092 --- [wanchinchun] [           main] o.h.e.t.internal.TransactionImpl         : committing
2025-05-28T20:58:00.350+02:00 DEBUG 2092 --- [wanchinchun] [           main] o.h.e.i.AbstractFlushingEventListener    : Processing flush-time cascades
2025-05-28T20:58:00.350+02:00 DEBUG 2092 --- [wanchinchun] [           main] o.h.e.i.AbstractFlushingEventListener    : Dirty checking collections
2025-05-28T20:58:00.350+02:00 DEBUG 2092 --- [wanchinchun] [           main] o.h.e.i.AbstractFlushingEventListener    : Flushed: 1 insertions, 0 updates, 0 deletions to 1 objects
2025-05-28T20:58:00.350+02:00 DEBUG 2092 --- [wanchinchun] [           main] o.h.e.i.AbstractFlushingEventListener    : Flushed: 0 (re)creations, 0 updates, 0 removals to 0 collections
2025-05-28T20:58:00.350+02:00 DEBUG 2092 --- [wanchinchun] [           main] o.hibernate.internal.util.EntityPrinter  : Listing entities:
2025-05-28T20:58:00.350+02:00 DEBUG 2092 --- [wanchinchun] [           main] o.hibernate.internal.util.EntityPrinter  : com.uma.wanchinchun.models.Product{gtin=1234567890123, relacionesOrigen=null, categorias=null, modificado=null, textoCorto=Portátil profesional, nombre=Laptop HP EliteBook, relacionesDestino=null, creado=null, attributes=null, id=1, idCuenta=1, miniatura=null, sku=LP-HP-001}
2025-05-28T20:58:00.350+02:00 DEBUG 2092 --- [wanchinchun] [           main] org.hibernate.SQL                        : 
    insert 
    into
        productos
        (creado, gtin, id_cuenta, miniatura, modificado, nombre, sku, texto_corto, id) 
    values
        (?, ?, ?, ?, ?, ?, ?, ?, ?)
Hibernate: 
    insert 
    into
        productos
        (creado, gtin, id_cuenta, miniatura, modificado, nombre, sku, texto_corto, id) 
    values
        (?, ?, ?, ?, ?, ?, ?, ?, ?)
2025-05-28T20:58:00.358+02:00 DEBUG 2092 --- [wanchinchun] [           main] o.s.orm.jpa.JpaTransactionManager        : Closing JPA EntityManager [SessionImpl(1023251545<open>)] after transaction
2025-05-28T20:58:00.360+02:00 DEBUG 2092 --- [wanchinchun] [           main] o.s.orm.jpa.JpaTransactionManager        : Creating new transaction with name [org.springframework.data.jpa.repository.support.SimpleJpaRepository.save]: PROPAGATION_REQUIRED,ISOLATION_DEFAULT
2025-05-28T20:58:00.360+02:00 DEBUG 2092 --- [wanchinchun] [           main] o.s.orm.jpa.JpaTransactionManager        : Opened new EntityManager [SessionImpl(230805470<open>)] for JPA transaction
2025-05-28T20:58:00.360+02:00 DEBUG 2092 --- [wanchinchun] [           main] o.h.e.t.internal.TransactionImpl         : On TransactionImpl creation, JpaCompliance#isJpaTransactionComplianceEnabled == false
2025-05-28T20:58:00.360+02:00 DEBUG 2092 --- [wanchinchun] [           main] o.h.e.t.internal.TransactionImpl         : begin
2025-05-28T20:58:00.360+02:00 DEBUG 2092 --- [wanchinchun] [           main] o.s.orm.jpa.JpaTransactionManager        : Exposing JPA transaction as JDBC [org.springframework.orm.jpa.vendor.HibernateJpaDialect$HibernateConnectionHandle@2ae84b49]
2025-05-28T20:58:00.360+02:00 DEBUG 2092 --- [wanchinchun] [           main] o.h.j.internal.PersistenceUnitUtilImpl   : jakarta.persistence.PersistenceUnitUtil.getIdentifier is only intended to work with enhanced entities (although Hibernate also adapts this support to its proxies); however the passed entity was not enhanced (nor a proxy).. may not be able to read identifier
2025-05-28T20:58:00.360+02:00 DEBUG 2092 --- [wanchinchun] [           main] org.hibernate.SQL                        : 
    select
        next value for productos_seq
Hibernate: 
    select
        next value for productos_seq
2025-05-28T20:58:00.360+02:00 DEBUG 2092 --- [wanchinchun] [           main] o.h.id.enhanced.SequenceStructure        : Sequence value obtained: 51
2025-05-28T20:58:00.360+02:00 DEBUG 2092 --- [wanchinchun] [           main] o.h.e.i.AbstractSaveEventListener        : Generated identifier: 2, using strategy: org.hibernate.id.enhanced.SequenceStyleGenerator
2025-05-28T20:58:00.360+02:00 DEBUG 2092 --- [wanchinchun] [           main] o.s.orm.jpa.JpaTransactionManager        : Initiating transaction commit
2025-05-28T20:58:00.360+02:00 DEBUG 2092 --- [wanchinchun] [           main] o.s.orm.jpa.JpaTransactionManager        : Committing JPA transaction on EntityManager [SessionImpl(230805470<open>)]
2025-05-28T20:58:00.360+02:00 DEBUG 2092 --- [wanchinchun] [           main] o.h.e.t.internal.TransactionImpl         : committing
2025-05-28T20:58:00.360+02:00 DEBUG 2092 --- [wanchinchun] [           main] o.h.e.i.AbstractFlushingEventListener    : Processing flush-time cascades
2025-05-28T20:58:00.361+02:00 DEBUG 2092 --- [wanchinchun] [           main] o.h.e.i.AbstractFlushingEventListener    : Dirty checking collections
2025-05-28T20:58:00.361+02:00 DEBUG 2092 --- [wanchinchun] [           main] o.h.e.i.AbstractFlushingEventListener    : Flushed: 1 insertions, 0 updates, 0 deletions to 1 objects
2025-05-28T20:58:00.361+02:00 DEBUG 2092 --- [wanchinchun] [           main] o.h.e.i.AbstractFlushingEventListener    : Flushed: 0 (re)creations, 0 updates, 0 removals to 0 collections
2025-05-28T20:58:00.361+02:00 DEBUG 2092 --- [wanchinchun] [           main] o.hibernate.internal.util.EntityPrinter  : Listing entities:
2025-05-28T20:58:00.361+02:00 DEBUG 2092 --- [wanchinchun] [           main] o.hibernate.internal.util.EntityPrinter  : com.uma.wanchinchun.models.Product{gtin=9876543210987, relacionesOrigen=null, categorias=null, modificado=null, textoCorto=Mouse ergonómico, nombre=Mouse inalámbrico, relacionesDestino=null, creado=null, attributes=null, id=2, idCuenta=1, miniatura=null, sku=MS-WL-001}
2025-05-28T20:58:00.361+02:00 DEBUG 2092 --- [wanchinchun] [           main] org.hibernate.SQL                        : 
    insert 
    into
        productos
        (creado, gtin, id_cuenta, miniatura, modificado, nombre, sku, texto_corto, id) 
    values
        (?, ?, ?, ?, ?, ?, ?, ?, ?)
Hibernate: 
    insert 
    into
        productos
        (creado, gtin, id_cuenta, miniatura, modificado, nombre, sku, texto_corto, id) 
    values
        (?, ?, ?, ?, ?, ?, ?, ?, ?)
2025-05-28T20:58:00.362+02:00 DEBUG 2092 --- [wanchinchun] [           main] o.s.orm.jpa.JpaTransactionManager        : Closing JPA EntityManager [SessionImpl(230805470<open>)] after transaction
=== Datos iniciales creados correctamente ===
=== Consulta los logs para ver el DDL generado ===
2025-05-28T20:58:00.363+02:00 DEBUG 2092 --- [wanchinchun] [           main] o.s.b.a.ApplicationAvailabilityBean      : Application availability state ReadinessState changed to ACCEPTING_TRAFFIC
2025-05-28T20:58:00.367+02:00 DEBUG 2092 --- [wanchinchun] [           main] org.springframework.test.context.cache   : Spring test ApplicationContext cache statistics: [DefaultContextCache@6ee7c941 size = 1, maxSize = 32, parentContextCount = 0, hitCount = 0, missCount = 1, failureCount = 0]
2025-05-28T20:58:00.369+02:00 DEBUG 2092 --- [wanchinchun] [           main] org.springframework.test.context.cache   : Spring test ApplicationContext cache statistics: [DefaultContextCache@6ee7c941 size = 1, maxSize = 32, parentContextCount = 0, hitCount = 1, missCount = 1, failureCount = 0]
2025-05-28T20:58:00.374+02:00 DEBUG 2092 --- [wanchinchun] [           main] sContextBeforeModesTestExecutionListener : Before test method: class [WanchinchunApplicationTests], method [getAllCategories_InsufficientPermissions_ReturnsForbidden], class annotated with @DirtiesContext [false] with mode [null], method annotated with @DirtiesContext [false] with mode [null]
2025-05-28T20:58:00.378+02:00 DEBUG 2092 --- [wanchinchun] [           main] org.springframework.test.context.cache   : Spring test ApplicationContext cache statistics: [DefaultContextCache@6ee7c941 size = 1, maxSize = 32, parentContextCount = 0, hitCount = 2, missCount = 1, failureCount = 0]
2025-05-28T20:58:00.378+02:00 DEBUG 2092 --- [wanchinchun] [           main] org.springframework.test.context.cache   : Spring test ApplicationContext cache statistics: [DefaultContextCache@6ee7c941 size = 1, maxSize = 32, parentContextCount = 0, hitCount = 3, missCount = 1, failureCount = 0]
2025-05-28T20:58:00.822+02:00 DEBUG 2092 --- [wanchinchun] [           main] org.springframework.test.context.cache   : Spring test ApplicationContext cache statistics: [DefaultContextCache@6ee7c941 size = 1, maxSize = 32, parentContextCount = 0, hitCount = 4, missCount = 1, failureCount = 0]
2025-05-28T20:58:00.825+02:00 DEBUG 2092 --- [wanchinchun] [           main] org.springframework.test.context.cache   : Spring test ApplicationContext cache statistics: [DefaultContextCache@6ee7c941 size = 1, maxSize = 32, parentContextCount = 0, hitCount = 5, missCount = 1, failureCount = 0]
2025-05-28T20:58:00.854+02:00 DEBUG 2092 --- [wanchinchun] [           main] o.s.web.client.RestTemplate              : HTTP GET http://localhost:2151/categoria-producto
2025-05-28T20:58:00.862+02:00 DEBUG 2092 --- [wanchinchun] [           main] o.s.web.client.RestTemplate              : Accept=[text/plain, application/json, application/*+json, */*]
2025-05-28T20:58:00.971+02:00  INFO 2092 --- [wanchinchun] [o-auto-1-exec-1] o.a.c.c.C.[Tomcat].[localhost].[/]       : Initializing Spring DispatcherServlet 'dispatcherServlet'
2025-05-28T20:58:00.971+02:00  INFO 2092 --- [wanchinchun] [o-auto-1-exec-1] o.s.web.servlet.DispatcherServlet        : Initializing Servlet 'dispatcherServlet'
2025-05-28T20:58:00.971+02:00 DEBUG 2092 --- [wanchinchun] [o-auto-1-exec-1] o.s.web.servlet.DispatcherServlet        : Detected StandardServletMultipartResolver
2025-05-28T20:58:00.971+02:00 DEBUG 2092 --- [wanchinchun] [o-auto-1-exec-1] o.s.web.servlet.DispatcherServlet        : Detected AcceptHeaderLocaleResolver
2025-05-28T20:58:00.972+02:00 DEBUG 2092 --- [wanchinchun] [o-auto-1-exec-1] o.s.web.servlet.DispatcherServlet        : Detected FixedThemeResolver
2025-05-28T20:58:00.972+02:00 DEBUG 2092 --- [wanchinchun] [o-auto-1-exec-1] o.s.web.servlet.DispatcherServlet        : Detected org.springframework.web.servlet.view.DefaultRequestToViewNameTranslator@62f30cea
2025-05-28T20:58:00.972+02:00 DEBUG 2092 --- [wanchinchun] [o-auto-1-exec-1] o.s.web.servlet.DispatcherServlet        : Detected org.springframework.web.servlet.support.SessionFlashMapManager@5cc12274
2025-05-28T20:58:00.972+02:00 DEBUG 2092 --- [wanchinchun] [o-auto-1-exec-1] o.s.web.servlet.DispatcherServlet        : enableLoggingRequestDetails='false': request parameters and headers will be masked to prevent unsafe logging of potentially sensitive data
2025-05-28T20:58:00.972+02:00  INFO 2092 --- [wanchinchun] [o-auto-1-exec-1] o.s.web.servlet.DispatcherServlet        : Completed initialization in 1 ms
2025-05-28T20:58:00.980+02:00 DEBUG 2092 --- [wanchinchun] [o-auto-1-exec-1] o.s.web.servlet.DispatcherServlet        : GET "/categoria-producto", parameters={}
2025-05-28T20:58:00.990+02:00 DEBUG 2092 --- [wanchinchun] [o-auto-1-exec-1] s.w.s.m.m.a.RequestMappingHandlerMapping : Mapped to com.uma.wanchinchun.controllers.CategoryController#getAllCategories(String)
2025-05-28T20:58:00.992+02:00 DEBUG 2092 --- [wanchinchun] [o-auto-1-exec-1] o.j.s.OpenEntityManagerInViewInterceptor : Opening JPA EntityManager in OpenEntityManagerInViewInterceptor
2025-05-28T20:58:01.030+02:00 DEBUG 2092 --- [wanchinchun] [o-auto-1-exec-1] o.s.w.s.m.m.a.HttpEntityMethodProcessor  : Using 'application/json', given [text/plain, application/json, application/*+json, */*] and supported [application/json, application/*+json]
2025-05-28T20:58:01.031+02:00 DEBUG 2092 --- [wanchinchun] [o-auto-1-exec-1] o.s.w.s.m.m.a.HttpEntityMethodProcessor  : Nothing to write: null body
2025-05-28T20:58:01.031+02:00 DEBUG 2092 --- [wanchinchun] [o-auto-1-exec-1] o.j.s.OpenEntityManagerInViewInterceptor : Closing JPA EntityManager in OpenEntityManagerInViewInterceptor
2025-05-28T20:58:01.032+02:00 DEBUG 2092 --- [wanchinchun] [o-auto-1-exec-1] o.s.web.servlet.DispatcherServlet        : Completed 403 FORBIDDEN
2025-05-28T20:58:01.047+02:00 DEBUG 2092 --- [wanchinchun] [           main] o.s.web.client.RestTemplate              : Response 403 FORBIDDEN
2025-05-28T20:58:01.054+02:00 DEBUG 2092 --- [wanchinchun] [           main] org.springframework.test.context.cache   : Spring test ApplicationContext cache statistics: [DefaultContextCache@6ee7c941 size = 1, maxSize = 32, parentContextCount = 0, hitCount = 6, missCount = 1, failureCount = 0]
2025-05-28T20:58:01.055+02:00 DEBUG 2092 --- [wanchinchun] [           main] org.springframework.test.context.cache   : Spring test ApplicationContext cache statistics: [DefaultContextCache@6ee7c941 size = 1, maxSize = 32, parentContextCount = 0, hitCount = 7, missCount = 1, failureCount = 0]
2025-05-28T20:58:01.056+02:00 DEBUG 2092 --- [wanchinchun] [           main] org.springframework.test.context.cache   : Spring test ApplicationContext cache statistics: [DefaultContextCache@6ee7c941 size = 1, maxSize = 32, parentContextCount = 0, hitCount = 8, missCount = 1, failureCount = 0]
2025-05-28T20:58:01.056+02:00 DEBUG 2092 --- [wanchinchun] [           main] org.springframework.test.context.cache   : Spring test ApplicationContext cache statistics: [DefaultContextCache@6ee7c941 size = 1, maxSize = 32, parentContextCount = 0, hitCount = 9, missCount = 1, failureCount = 0]
2025-05-28T20:58:01.057+02:00 DEBUG 2092 --- [wanchinchun] [           main] org.springframework.test.context.cache   : Spring test ApplicationContext cache statistics: [DefaultContextCache@6ee7c941 size = 1, maxSize = 32, parentContextCount = 0, hitCount = 10, missCount = 1, failureCount = 0]
2025-05-28T20:58:01.058+02:00 DEBUG 2092 --- [wanchinchun] [           main] org.springframework.test.context.cache   : Spring test ApplicationContext cache statistics: [DefaultContextCache@6ee7c941 size = 1, maxSize = 32, parentContextCount = 0, hitCount = 11, missCount = 1, failureCount = 0]
2025-05-28T20:58:01.060+02:00 DEBUG 2092 --- [wanchinchun] [           main] org.springframework.test.context.cache   : Spring test ApplicationContext cache statistics: [DefaultContextCache@6ee7c941 size = 1, maxSize = 32, parentContextCount = 0, hitCount = 12, missCount = 1, failureCount = 0]
2025-05-28T20:58:01.060+02:00 DEBUG 2092 --- [wanchinchun] [           main] .c.s.DirtiesContextTestExecutionListener : After test method: class [WanchinchunApplicationTests], method [getAllCategories_InsufficientPermissions_ReturnsForbidden], class annotated with @DirtiesContext [false] with mode [null], method annotated with @DirtiesContext [false] with mode [null]
]]></system-out>
    <system-err><![CDATA[Mockito is currently self-attaching to enable the inline-mock-maker. This will no longer work in future releases of the JDK. Please add Mockito as an agent to your build what is described in Mockito's documentation: https://javadoc.io/doc/org.mockito/mockito-core/latest/org/mockito/Mockito.html#0.3
WARNING: A Java agent has been loaded dynamically (C:\Users\pablo\.m2\repository\net\bytebuddy\byte-buddy-agent\1.15.11\byte-buddy-agent-1.15.11.jar)
WARNING: If a serviceability tool is in use, please run with -XX:+EnableDynamicAgentLoading to hide this warning
WARNING: If a serviceability tool is not in use, please run with -Djdk.instrument.traceUsage for more information
WARNING: Dynamic loading of agents will be disallowed by default in a future release
]]></system-err>
  </testcase>
  <testcase name="createCategory_ValidCategory_ReturnsCreated" classname="com.uma.wanchinchun.WanchinchunApplicationTests" time="0.093">
    <system-out><![CDATA[2025-05-28T20:58:01.072+02:00 DEBUG 2092 --- [wanchinchun] [           main] DependencyInjectionTestExecutionListener : Performing dependency injection for test class com.uma.wanchinchun.WanchinchunApplicationTests
2025-05-28T20:58:01.072+02:00 DEBUG 2092 --- [wanchinchun] [           main] org.springframework.test.context.cache   : Spring test ApplicationContext cache statistics: [DefaultContextCache@6ee7c941 size = 1, maxSize = 32, parentContextCount = 0, hitCount = 13, missCount = 1, failureCount = 0]
2025-05-28T20:58:01.072+02:00 DEBUG 2092 --- [wanchinchun] [           main] org.springframework.test.context.cache   : Spring test ApplicationContext cache statistics: [DefaultContextCache@6ee7c941 size = 1, maxSize = 32, parentContextCount = 0, hitCount = 14, missCount = 1, failureCount = 0]
2025-05-28T20:58:01.073+02:00 DEBUG 2092 --- [wanchinchun] [           main] sContextBeforeModesTestExecutionListener : Before test method: class [WanchinchunApplicationTests], method [createCategory_ValidCategory_ReturnsCreated], class annotated with @DirtiesContext [false] with mode [null], method annotated with @DirtiesContext [false] with mode [null]
2025-05-28T20:58:01.073+02:00 DEBUG 2092 --- [wanchinchun] [           main] org.springframework.test.context.cache   : Spring test ApplicationContext cache statistics: [DefaultContextCache@6ee7c941 size = 1, maxSize = 32, parentContextCount = 0, hitCount = 15, missCount = 1, failureCount = 0]
2025-05-28T20:58:01.073+02:00 DEBUG 2092 --- [wanchinchun] [           main] org.springframework.test.context.cache   : Spring test ApplicationContext cache statistics: [DefaultContextCache@6ee7c941 size = 1, maxSize = 32, parentContextCount = 0, hitCount = 16, missCount = 1, failureCount = 0]
2025-05-28T20:58:01.074+02:00 DEBUG 2092 --- [wanchinchun] [           main] org.springframework.test.context.cache   : Spring test ApplicationContext cache statistics: [DefaultContextCache@6ee7c941 size = 1, maxSize = 32, parentContextCount = 0, hitCount = 17, missCount = 1, failureCount = 0]
2025-05-28T20:58:01.074+02:00 DEBUG 2092 --- [wanchinchun] [           main] org.springframework.test.context.cache   : Spring test ApplicationContext cache statistics: [DefaultContextCache@6ee7c941 size = 1, maxSize = 32, parentContextCount = 0, hitCount = 18, missCount = 1, failureCount = 0]
2025-05-28T20:58:01.075+02:00 DEBUG 2092 --- [wanchinchun] [           main] o.s.web.client.RestTemplate              : HTTP POST http://localhost:2151/categoria-producto
2025-05-28T20:58:01.075+02:00 DEBUG 2092 --- [wanchinchun] [           main] o.s.web.client.RestTemplate              : Accept=[text/plain, application/json, application/*+json, */*]
2025-05-28T20:58:01.076+02:00 DEBUG 2092 --- [wanchinchun] [           main] o.s.web.client.RestTemplate              : Writing [{"nombre": "Nueva Categoria"}] as "application/json"
2025-05-28T20:58:01.081+02:00 DEBUG 2092 --- [wanchinchun] [o-auto-1-exec-3] o.s.web.servlet.DispatcherServlet        : POST "/categoria-producto", parameters={}
2025-05-28T20:58:01.082+02:00 DEBUG 2092 --- [wanchinchun] [o-auto-1-exec-3] s.w.s.m.m.a.RequestMappingHandlerMapping : Mapped to com.uma.wanchinchun.controllers.CategoryController#createCategory(CategoryDTO, String)
2025-05-28T20:58:01.082+02:00 DEBUG 2092 --- [wanchinchun] [o-auto-1-exec-3] o.j.s.OpenEntityManagerInViewInterceptor : Opening JPA EntityManager in OpenEntityManagerInViewInterceptor
2025-05-28T20:58:01.134+02:00 DEBUG 2092 --- [wanchinchun] [o-auto-1-exec-3] m.m.a.RequestResponseBodyMethodProcessor : Read "application/json;charset=UTF-8" to [com.uma.wanchinchun.dtos.CategoryDTO@5bce0b94]
2025-05-28T20:58:01.137+02:00 DEBUG 2092 --- [wanchinchun] [o-auto-1-exec-3] o.s.orm.jpa.JpaTransactionManager        : Found thread-bound EntityManager [SessionImpl(1252759190<open>)] for JPA transaction
2025-05-28T20:58:01.137+02:00 DEBUG 2092 --- [wanchinchun] [o-auto-1-exec-3] o.s.orm.jpa.JpaTransactionManager        : Creating new transaction with name [org.springframework.data.jpa.repository.support.SimpleJpaRepository.save]: PROPAGATION_REQUIRED,ISOLATION_DEFAULT
2025-05-28T20:58:01.137+02:00 DEBUG 2092 --- [wanchinchun] [o-auto-1-exec-3] o.h.e.t.internal.TransactionImpl         : On TransactionImpl creation, JpaCompliance#isJpaTransactionComplianceEnabled == false
2025-05-28T20:58:01.137+02:00 DEBUG 2092 --- [wanchinchun] [o-auto-1-exec-3] o.h.e.t.internal.TransactionImpl         : begin
2025-05-28T20:58:01.137+02:00 DEBUG 2092 --- [wanchinchun] [o-auto-1-exec-3] o.s.orm.jpa.JpaTransactionManager        : Exposing JPA transaction as JDBC [org.springframework.orm.jpa.vendor.HibernateJpaDialect$HibernateConnectionHandle@784d8e45]
2025-05-28T20:58:01.137+02:00 DEBUG 2092 --- [wanchinchun] [o-auto-1-exec-3] o.h.j.internal.PersistenceUnitUtilImpl   : jakarta.persistence.PersistenceUnitUtil.getIdentifier is only intended to work with enhanced entities (although Hibernate also adapts this support to its proxies); however the passed entity was not enhanced (nor a proxy).. may not be able to read identifier
2025-05-28T20:58:01.137+02:00 DEBUG 2092 --- [wanchinchun] [o-auto-1-exec-3] o.h.e.i.AbstractSaveEventListener        : Generated identifier: 3, using strategy: org.hibernate.id.enhanced.SequenceStyleGenerator
2025-05-28T20:58:01.137+02:00 DEBUG 2092 --- [wanchinchun] [o-auto-1-exec-3] o.s.orm.jpa.JpaTransactionManager        : Initiating transaction commit
2025-05-28T20:58:01.138+02:00 DEBUG 2092 --- [wanchinchun] [o-auto-1-exec-3] o.s.orm.jpa.JpaTransactionManager        : Committing JPA transaction on EntityManager [SessionImpl(1252759190<open>)]
2025-05-28T20:58:01.138+02:00 DEBUG 2092 --- [wanchinchun] [o-auto-1-exec-3] o.h.e.t.internal.TransactionImpl         : committing
2025-05-28T20:58:01.138+02:00 DEBUG 2092 --- [wanchinchun] [o-auto-1-exec-3] o.h.e.i.AbstractFlushingEventListener    : Processing flush-time cascades
2025-05-28T20:58:01.138+02:00 DEBUG 2092 --- [wanchinchun] [o-auto-1-exec-3] o.h.e.i.AbstractFlushingEventListener    : Dirty checking collections
2025-05-28T20:58:01.138+02:00 DEBUG 2092 --- [wanchinchun] [o-auto-1-exec-3] o.hibernate.engine.internal.Collections  : Collection found: [com.uma.wanchinchun.models.Category.productos#3], was: [<unreferenced>] (initialized)
2025-05-28T20:58:01.138+02:00 DEBUG 2092 --- [wanchinchun] [o-auto-1-exec-3] o.h.e.i.AbstractFlushingEventListener    : Flushed: 1 insertions, 0 updates, 0 deletions to 1 objects
2025-05-28T20:58:01.138+02:00 DEBUG 2092 --- [wanchinchun] [o-auto-1-exec-3] o.h.e.i.AbstractFlushingEventListener    : Flushed: 1 (re)creations, 0 updates, 0 removals to 1 collections
2025-05-28T20:58:01.138+02:00 DEBUG 2092 --- [wanchinchun] [o-auto-1-exec-3] o.hibernate.internal.util.EntityPrinter  : Listing entities:
2025-05-28T20:58:01.138+02:00 DEBUG 2092 --- [wanchinchun] [o-auto-1-exec-3] o.hibernate.internal.util.EntityPrinter  : com.uma.wanchinchun.models.Category{id=3, nombre=Nueva Categoria, productos=[]}
2025-05-28T20:58:01.138+02:00 DEBUG 2092 --- [wanchinchun] [o-auto-1-exec-3] org.hibernate.SQL                        : 
    insert 
    into
        categorias
        (nombre, id) 
    values
        (?, ?)
Hibernate: 
    insert 
    into
        categorias
        (nombre, id) 
    values
        (?, ?)
2025-05-28T20:58:01.139+02:00 DEBUG 2092 --- [wanchinchun] [o-auto-1-exec-3] o.s.orm.jpa.JpaTransactionManager        : Not closing pre-bound JPA EntityManager after transaction
2025-05-28T20:58:01.149+02:00 DEBUG 2092 --- [wanchinchun] [o-auto-1-exec-3] o.s.w.s.m.m.a.HttpEntityMethodProcessor  : Using 'application/json', given [text/plain, application/json, application/*+json, */*] and supported [application/json, application/*+json]
2025-05-28T20:58:01.149+02:00 DEBUG 2092 --- [wanchinchun] [o-auto-1-exec-3] o.s.w.s.m.m.a.HttpEntityMethodProcessor  : Writing [com.uma.wanchinchun.dtos.CategoryDTO@45bb79c8]
2025-05-28T20:58:01.160+02:00 DEBUG 2092 --- [wanchinchun] [o-auto-1-exec-3] o.j.s.OpenEntityManagerInViewInterceptor : Closing JPA EntityManager in OpenEntityManagerInViewInterceptor
2025-05-28T20:58:01.160+02:00 DEBUG 2092 --- [wanchinchun] [o-auto-1-exec-3] o.s.web.servlet.DispatcherServlet        : Completed 201 CREATED
2025-05-28T20:58:01.161+02:00 DEBUG 2092 --- [wanchinchun] [           main] o.s.web.client.RestTemplate              : Response 201 CREATED
2025-05-28T20:58:01.162+02:00 DEBUG 2092 --- [wanchinchun] [           main] o.s.web.client.RestTemplate              : Reading to [java.lang.String] as "application/json"
2025-05-28T20:58:01.162+02:00 DEBUG 2092 --- [wanchinchun] [           main] org.springframework.test.context.cache   : Spring test ApplicationContext cache statistics: [DefaultContextCache@6ee7c941 size = 1, maxSize = 32, parentContextCount = 0, hitCount = 19, missCount = 1, failureCount = 0]
2025-05-28T20:58:01.162+02:00 DEBUG 2092 --- [wanchinchun] [           main] org.springframework.test.context.cache   : Spring test ApplicationContext cache statistics: [DefaultContextCache@6ee7c941 size = 1, maxSize = 32, parentContextCount = 0, hitCount = 20, missCount = 1, failureCount = 0]
2025-05-28T20:58:01.164+02:00 DEBUG 2092 --- [wanchinchun] [           main] org.springframework.test.context.cache   : Spring test ApplicationContext cache statistics: [DefaultContextCache@6ee7c941 size = 1, maxSize = 32, parentContextCount = 0, hitCount = 21, missCount = 1, failureCount = 0]
2025-05-28T20:58:01.164+02:00 DEBUG 2092 --- [wanchinchun] [           main] org.springframework.test.context.cache   : Spring test ApplicationContext cache statistics: [DefaultContextCache@6ee7c941 size = 1, maxSize = 32, parentContextCount = 0, hitCount = 22, missCount = 1, failureCount = 0]
2025-05-28T20:58:01.164+02:00 DEBUG 2092 --- [wanchinchun] [           main] org.springframework.test.context.cache   : Spring test ApplicationContext cache statistics: [DefaultContextCache@6ee7c941 size = 1, maxSize = 32, parentContextCount = 0, hitCount = 23, missCount = 1, failureCount = 0]
2025-05-28T20:58:01.164+02:00 DEBUG 2092 --- [wanchinchun] [           main] org.springframework.test.context.cache   : Spring test ApplicationContext cache statistics: [DefaultContextCache@6ee7c941 size = 1, maxSize = 32, parentContextCount = 0, hitCount = 24, missCount = 1, failureCount = 0]
2025-05-28T20:58:01.165+02:00 DEBUG 2092 --- [wanchinchun] [           main] org.springframework.test.context.cache   : Spring test ApplicationContext cache statistics: [DefaultContextCache@6ee7c941 size = 1, maxSize = 32, parentContextCount = 0, hitCount = 25, missCount = 1, failureCount = 0]
2025-05-28T20:58:01.165+02:00 DEBUG 2092 --- [wanchinchun] [           main] .c.s.DirtiesContextTestExecutionListener : After test method: class [WanchinchunApplicationTests], method [createCategory_ValidCategory_ReturnsCreated], class annotated with @DirtiesContext [false] with mode [null], method annotated with @DirtiesContext [false] with mode [null]
]]></system-out>
  </testcase>
  <testcase name="deleteCategory_ValidCategory_ReturnsOk" classname="com.uma.wanchinchun.WanchinchunApplicationTests" time="0.075">
    <system-out><![CDATA[2025-05-28T20:58:01.166+02:00 DEBUG 2092 --- [wanchinchun] [           main] DependencyInjectionTestExecutionListener : Performing dependency injection for test class com.uma.wanchinchun.WanchinchunApplicationTests
2025-05-28T20:58:01.166+02:00 DEBUG 2092 --- [wanchinchun] [           main] org.springframework.test.context.cache   : Spring test ApplicationContext cache statistics: [DefaultContextCache@6ee7c941 size = 1, maxSize = 32, parentContextCount = 0, hitCount = 26, missCount = 1, failureCount = 0]
2025-05-28T20:58:01.166+02:00 DEBUG 2092 --- [wanchinchun] [           main] org.springframework.test.context.cache   : Spring test ApplicationContext cache statistics: [DefaultContextCache@6ee7c941 size = 1, maxSize = 32, parentContextCount = 0, hitCount = 27, missCount = 1, failureCount = 0]
2025-05-28T20:58:01.167+02:00 DEBUG 2092 --- [wanchinchun] [           main] sContextBeforeModesTestExecutionListener : Before test method: class [WanchinchunApplicationTests], method [deleteCategory_ValidCategory_ReturnsOk], class annotated with @DirtiesContext [false] with mode [null], method annotated with @DirtiesContext [false] with mode [null]
2025-05-28T20:58:01.167+02:00 DEBUG 2092 --- [wanchinchun] [           main] org.springframework.test.context.cache   : Spring test ApplicationContext cache statistics: [DefaultContextCache@6ee7c941 size = 1, maxSize = 32, parentContextCount = 0, hitCount = 28, missCount = 1, failureCount = 0]
2025-05-28T20:58:01.167+02:00 DEBUG 2092 --- [wanchinchun] [           main] org.springframework.test.context.cache   : Spring test ApplicationContext cache statistics: [DefaultContextCache@6ee7c941 size = 1, maxSize = 32, parentContextCount = 0, hitCount = 29, missCount = 1, failureCount = 0]
2025-05-28T20:58:01.167+02:00 DEBUG 2092 --- [wanchinchun] [           main] org.springframework.test.context.cache   : Spring test ApplicationContext cache statistics: [DefaultContextCache@6ee7c941 size = 1, maxSize = 32, parentContextCount = 0, hitCount = 30, missCount = 1, failureCount = 0]
2025-05-28T20:58:01.168+02:00 DEBUG 2092 --- [wanchinchun] [           main] org.springframework.test.context.cache   : Spring test ApplicationContext cache statistics: [DefaultContextCache@6ee7c941 size = 1, maxSize = 32, parentContextCount = 0, hitCount = 31, missCount = 1, failureCount = 0]
2025-05-28T20:58:01.168+02:00 DEBUG 2092 --- [wanchinchun] [           main] o.s.web.client.RestTemplate              : HTTP DELETE http://localhost:2151/categoria-producto/1
2025-05-28T20:58:01.168+02:00 DEBUG 2092 --- [wanchinchun] [           main] o.s.web.client.RestTemplate              : Accept=[text/plain, application/json, application/*+json, */*]
2025-05-28T20:58:01.170+02:00 DEBUG 2092 --- [wanchinchun] [o-auto-1-exec-2] o.s.web.servlet.DispatcherServlet        : DELETE "/categoria-producto/1", parameters={}
2025-05-28T20:58:01.170+02:00 DEBUG 2092 --- [wanchinchun] [o-auto-1-exec-2] s.w.s.m.m.a.RequestMappingHandlerMapping : Mapped to com.uma.wanchinchun.controllers.CategoryController#deleteCategory(Long, String)
2025-05-28T20:58:01.170+02:00 DEBUG 2092 --- [wanchinchun] [o-auto-1-exec-2] o.j.s.OpenEntityManagerInViewInterceptor : Opening JPA EntityManager in OpenEntityManagerInViewInterceptor
2025-05-28T20:58:01.172+02:00 DEBUG 2092 --- [wanchinchun] [o-auto-1-exec-2] o.s.orm.jpa.JpaTransactionManager        : Found thread-bound EntityManager [SessionImpl(824092879<open>)] for JPA transaction
2025-05-28T20:58:01.172+02:00 DEBUG 2092 --- [wanchinchun] [o-auto-1-exec-2] o.s.orm.jpa.JpaTransactionManager        : Creating new transaction with name [org.springframework.data.jpa.repository.support.SimpleJpaRepository.findById]: PROPAGATION_REQUIRED,ISOLATION_DEFAULT,readOnly
2025-05-28T20:58:01.176+02:00 DEBUG 2092 --- [wanchinchun] [o-auto-1-exec-2] o.s.jdbc.datasource.DataSourceUtils      : Setting JDBC Connection [HikariProxyConnection@1411478272 wrapping conn0: url=jdbc:h2:file:./data/wanchinchun_db user=SA] read-only
2025-05-28T20:58:01.176+02:00 DEBUG 2092 --- [wanchinchun] [o-auto-1-exec-2] o.h.e.t.internal.TransactionImpl         : On TransactionImpl creation, JpaCompliance#isJpaTransactionComplianceEnabled == false
2025-05-28T20:58:01.176+02:00 DEBUG 2092 --- [wanchinchun] [o-auto-1-exec-2] o.h.e.t.internal.TransactionImpl         : begin
2025-05-28T20:58:01.176+02:00 DEBUG 2092 --- [wanchinchun] [o-auto-1-exec-2] o.s.orm.jpa.JpaTransactionManager        : Exposing JPA transaction as JDBC [org.springframework.orm.jpa.vendor.HibernateJpaDialect$HibernateConnectionHandle@5c98d28d]
2025-05-28T20:58:01.195+02:00 DEBUG 2092 --- [wanchinchun] [o-auto-1-exec-2] org.hibernate.orm.sql.exec               : Skipping reading Query result cache data: cache-enabled = false, cache-mode = IGNORE
2025-05-28T20:58:01.197+02:00 DEBUG 2092 --- [wanchinchun] [o-auto-1-exec-2] org.hibernate.SQL                        : 
    select
        c1_0.id,
        c1_0.nombre 
    from
        categorias c1_0 
    where
        c1_0.id=?
Hibernate: 
    select
        c1_0.id,
        c1_0.nombre 
    from
        categorias c1_0 
    where
        c1_0.id=?
2025-05-28T20:58:01.211+02:00 DEBUG 2092 --- [wanchinchun] [o-auto-1-exec-2] org.hibernate.orm.results                : Initializer list:
	  com.uma.wanchinchun.models.Category.productos -> DelayedCollectionInitializer(com.uma.wanchinchun.models.Category.productos)@700442519 (PluralAttribute(com.uma.wanchinchun.models.Category.productos))
	  com.uma.wanchinchun.models.Category -> EntityJoinedFetchInitializer(com.uma.wanchinchun.models.Category)@1887101531 (SingleTableEntityPersister(com.uma.wanchinchun.models.Category))

2025-05-28T20:58:01.220+02:00 DEBUG 2092 --- [wanchinchun] [o-auto-1-exec-2] o.s.orm.jpa.JpaTransactionManager        : Initiating transaction commit
2025-05-28T20:58:01.220+02:00 DEBUG 2092 --- [wanchinchun] [o-auto-1-exec-2] o.s.orm.jpa.JpaTransactionManager        : Committing JPA transaction on EntityManager [SessionImpl(824092879<open>)]
2025-05-28T20:58:01.220+02:00 DEBUG 2092 --- [wanchinchun] [o-auto-1-exec-2] o.h.e.t.internal.TransactionImpl         : committing
2025-05-28T20:58:01.220+02:00 DEBUG 2092 --- [wanchinchun] [o-auto-1-exec-2] o.s.jdbc.datasource.DataSourceUtils      : Resetting read-only flag of JDBC Connection [HikariProxyConnection@1411478272 wrapping conn0: url=jdbc:h2:file:./data/wanchinchun_db user=SA]
2025-05-28T20:58:01.220+02:00 DEBUG 2092 --- [wanchinchun] [o-auto-1-exec-2] o.s.orm.jpa.JpaTransactionManager        : Not closing pre-bound JPA EntityManager after transaction
2025-05-28T20:58:01.222+02:00 DEBUG 2092 --- [wanchinchun] [o-auto-1-exec-2] org.hibernate.orm.sql.exec               : Skipping reading Query result cache data: cache-enabled = false, cache-mode = IGNORE
2025-05-28T20:58:01.224+02:00 DEBUG 2092 --- [wanchinchun] [o-auto-1-exec-2] org.hibernate.SQL                        : 
    select
        p1_0.categoria_id,
        p1_1.id,
        p1_1.creado,
        p1_1.gtin,
        p1_1.id_cuenta,
        p1_1.miniatura,
        p1_1.modificado,
        p1_1.nombre,
        p1_1.sku,
        p1_1.texto_corto 
    from
        producto_categoria p1_0 
    join
        productos p1_1 
            on p1_1.id=p1_0.producto_id 
    where
        p1_0.categoria_id=?
Hibernate: 
    select
        p1_0.categoria_id,
        p1_1.id,
        p1_1.creado,
        p1_1.gtin,
        p1_1.id_cuenta,
        p1_1.miniatura,
        p1_1.modificado,
        p1_1.nombre,
        p1_1.sku,
        p1_1.texto_corto 
    from
        producto_categoria p1_0 
    join
        productos p1_1 
            on p1_1.id=p1_0.producto_id 
    where
        p1_0.categoria_id=?
2025-05-28T20:58:01.227+02:00 DEBUG 2092 --- [wanchinchun] [o-auto-1-exec-2] org.hibernate.orm.results                : Initializer list:
	  com.uma.wanchinchun.models.Category.productos.{element} -> EntityJoinedFetchInitializer(com.uma.wanchinchun.models.Category.productos.{element})@2107309917 (EntityCollectionPart(com.uma.wanchinchun.models.Category.productos#{element})@1816881854)
	  com.uma.wanchinchun.models.Category.productos.{element}.relacionesOrigen -> DelayedCollectionInitializer(com.uma.wanchinchun.models.Category.productos.{element}.relacionesOrigen)@1357192516 (PluralAttribute(com.uma.wanchinchun.models.Product.relacionesOrigen))
	  com.uma.wanchinchun.models.Category.productos.{element}.relacionesDestino -> DelayedCollectionInitializer(com.uma.wanchinchun.models.Category.productos.{element}.relacionesDestino)@1777959063 (PluralAttribute(com.uma.wanchinchun.models.Product.relacionesDestino))
	  com.uma.wanchinchun.models.Category.productos.{element}.categorias -> DelayedCollectionInitializer(com.uma.wanchinchun.models.Category.productos.{element}.categorias)@1127480034 (PluralAttribute(com.uma.wanchinchun.models.Product.categorias))
	  com.uma.wanchinchun.models.Category.productos.{element}.attributes -> DelayedCollectionInitializer(com.uma.wanchinchun.models.Category.productos.{element}.attributes)@1956275872 (PluralAttribute(com.uma.wanchinchun.models.Product.attributes))
	  com.uma.wanchinchun.models.Category.productos -> SetInitializer(com.uma.wanchinchun.models.Category.productos)@208493130 (PluralAttribute(com.uma.wanchinchun.models.Category.productos))

2025-05-28T20:58:01.227+02:00 DEBUG 2092 --- [wanchinchun] [o-auto-1-exec-2] o.h.sql.results.internal.ResultsHelper   : Collection fully initialized: [com.uma.wanchinchun.models.Category.productos#1]
2025-05-28T20:58:01.228+02:00 DEBUG 2092 --- [wanchinchun] [o-auto-1-exec-2] o.s.orm.jpa.JpaTransactionManager        : Found thread-bound EntityManager [SessionImpl(824092879<open>)] for JPA transaction
2025-05-28T20:58:01.228+02:00 DEBUG 2092 --- [wanchinchun] [o-auto-1-exec-2] o.s.orm.jpa.JpaTransactionManager        : Creating new transaction with name [org.springframework.data.jpa.repository.support.SimpleJpaRepository.delete]: PROPAGATION_REQUIRED,ISOLATION_DEFAULT
2025-05-28T20:58:01.228+02:00 DEBUG 2092 --- [wanchinchun] [o-auto-1-exec-2] o.h.e.t.internal.TransactionImpl         : begin
2025-05-28T20:58:01.228+02:00 DEBUG 2092 --- [wanchinchun] [o-auto-1-exec-2] o.s.orm.jpa.JpaTransactionManager        : Exposing JPA transaction as JDBC [org.springframework.orm.jpa.vendor.HibernateJpaDialect$HibernateConnectionHandle@758d8546]
2025-05-28T20:58:01.228+02:00 DEBUG 2092 --- [wanchinchun] [o-auto-1-exec-2] o.h.j.internal.PersistenceUnitUtilImpl   : jakarta.persistence.PersistenceUnitUtil.getIdentifier is only intended to work with enhanced entities (although Hibernate also adapts this support to its proxies); however the passed entity was not enhanced (nor a proxy).. may not be able to read identifier
2025-05-28T20:58:01.231+02:00 DEBUG 2092 --- [wanchinchun] [o-auto-1-exec-2] o.s.orm.jpa.JpaTransactionManager        : Initiating transaction commit
2025-05-28T20:58:01.231+02:00 DEBUG 2092 --- [wanchinchun] [o-auto-1-exec-2] o.s.orm.jpa.JpaTransactionManager        : Committing JPA transaction on EntityManager [SessionImpl(824092879<open>)]
2025-05-28T20:58:01.231+02:00 DEBUG 2092 --- [wanchinchun] [o-auto-1-exec-2] o.h.e.t.internal.TransactionImpl         : committing
2025-05-28T20:58:01.231+02:00 DEBUG 2092 --- [wanchinchun] [o-auto-1-exec-2] o.h.e.i.AbstractFlushingEventListener    : Processing flush-time cascades
2025-05-28T20:58:01.231+02:00 DEBUG 2092 --- [wanchinchun] [o-auto-1-exec-2] o.h.e.i.AbstractFlushingEventListener    : Dirty checking collections
2025-05-28T20:58:01.232+02:00 DEBUG 2092 --- [wanchinchun] [o-auto-1-exec-2] o.hibernate.engine.internal.Collections  : Collection dereferenced: [com.uma.wanchinchun.models.Category.productos#1]
2025-05-28T20:58:01.232+02:00 DEBUG 2092 --- [wanchinchun] [o-auto-1-exec-2] o.h.e.i.AbstractFlushingEventListener    : Flushed: 0 insertions, 0 updates, 1 deletions to 1 objects
2025-05-28T20:58:01.232+02:00 DEBUG 2092 --- [wanchinchun] [o-auto-1-exec-2] o.h.e.i.AbstractFlushingEventListener    : Flushed: 0 (re)creations, 0 updates, 1 removals to 1 collections
2025-05-28T20:58:01.232+02:00 DEBUG 2092 --- [wanchinchun] [o-auto-1-exec-2] o.hibernate.internal.util.EntityPrinter  : Listing entities:
2025-05-28T20:58:01.232+02:00 DEBUG 2092 --- [wanchinchun] [o-auto-1-exec-2] o.hibernate.internal.util.EntityPrinter  : com.uma.wanchinchun.models.Category{id=1, nombre=Electrónica, productos=[]}
2025-05-28T20:58:01.234+02:00 DEBUG 2092 --- [wanchinchun] [o-auto-1-exec-2] org.hibernate.SQL                        : 
    delete 
    from
        categorias 
    where
        id=?
Hibernate: 
    delete 
    from
        categorias 
    where
        id=?
2025-05-28T20:58:01.236+02:00 DEBUG 2092 --- [wanchinchun] [o-auto-1-exec-2] o.s.orm.jpa.JpaTransactionManager        : Not closing pre-bound JPA EntityManager after transaction
2025-05-28T20:58:01.237+02:00 DEBUG 2092 --- [wanchinchun] [o-auto-1-exec-2] o.s.w.s.m.m.a.HttpEntityMethodProcessor  : Using 'application/json', given [text/plain, application/json, application/*+json, */*] and supported [application/json, application/*+json]
2025-05-28T20:58:01.237+02:00 DEBUG 2092 --- [wanchinchun] [o-auto-1-exec-2] o.s.w.s.m.m.a.HttpEntityMethodProcessor  : Nothing to write: null body
2025-05-28T20:58:01.237+02:00 DEBUG 2092 --- [wanchinchun] [o-auto-1-exec-2] o.j.s.OpenEntityManagerInViewInterceptor : Closing JPA EntityManager in OpenEntityManagerInViewInterceptor
2025-05-28T20:58:01.237+02:00 DEBUG 2092 --- [wanchinchun] [o-auto-1-exec-2] o.s.web.servlet.DispatcherServlet        : Completed 200 OK
2025-05-28T20:58:01.238+02:00 DEBUG 2092 --- [wanchinchun] [           main] o.s.web.client.RestTemplate              : Response 200 OK
2025-05-28T20:58:01.239+02:00 DEBUG 2092 --- [wanchinchun] [           main] org.springframework.test.context.cache   : Spring test ApplicationContext cache statistics: [DefaultContextCache@6ee7c941 size = 1, maxSize = 32, parentContextCount = 0, hitCount = 32, missCount = 1, failureCount = 0]
2025-05-28T20:58:01.239+02:00 DEBUG 2092 --- [wanchinchun] [           main] org.springframework.test.context.cache   : Spring test ApplicationContext cache statistics: [DefaultContextCache@6ee7c941 size = 1, maxSize = 32, parentContextCount = 0, hitCount = 33, missCount = 1, failureCount = 0]
2025-05-28T20:58:01.239+02:00 DEBUG 2092 --- [wanchinchun] [           main] org.springframework.test.context.cache   : Spring test ApplicationContext cache statistics: [DefaultContextCache@6ee7c941 size = 1, maxSize = 32, parentContextCount = 0, hitCount = 34, missCount = 1, failureCount = 0]
2025-05-28T20:58:01.239+02:00 DEBUG 2092 --- [wanchinchun] [           main] org.springframework.test.context.cache   : Spring test ApplicationContext cache statistics: [DefaultContextCache@6ee7c941 size = 1, maxSize = 32, parentContextCount = 0, hitCount = 35, missCount = 1, failureCount = 0]
2025-05-28T20:58:01.239+02:00 DEBUG 2092 --- [wanchinchun] [           main] org.springframework.test.context.cache   : Spring test ApplicationContext cache statistics: [DefaultContextCache@6ee7c941 size = 1, maxSize = 32, parentContextCount = 0, hitCount = 36, missCount = 1, failureCount = 0]
2025-05-28T20:58:01.240+02:00 DEBUG 2092 --- [wanchinchun] [           main] org.springframework.test.context.cache   : Spring test ApplicationContext cache statistics: [DefaultContextCache@6ee7c941 size = 1, maxSize = 32, parentContextCount = 0, hitCount = 37, missCount = 1, failureCount = 0]
2025-05-28T20:58:01.240+02:00 DEBUG 2092 --- [wanchinchun] [           main] org.springframework.test.context.cache   : Spring test ApplicationContext cache statistics: [DefaultContextCache@6ee7c941 size = 1, maxSize = 32, parentContextCount = 0, hitCount = 38, missCount = 1, failureCount = 0]
2025-05-28T20:58:01.240+02:00 DEBUG 2092 --- [wanchinchun] [           main] .c.s.DirtiesContextTestExecutionListener : After test method: class [WanchinchunApplicationTests], method [deleteCategory_ValidCategory_ReturnsOk], class annotated with @DirtiesContext [false] with mode [null], method annotated with @DirtiesContext [false] with mode [null]
]]></system-out>
  </testcase>
  <testcase name="createCategory_InsufficientPermissions_ReturnsForbidden" classname="com.uma.wanchinchun.WanchinchunApplicationTests" time="0.011">
    <system-out><![CDATA[2025-05-28T20:58:01.241+02:00 DEBUG 2092 --- [wanchinchun] [           main] DependencyInjectionTestExecutionListener : Performing dependency injection for test class com.uma.wanchinchun.WanchinchunApplicationTests
2025-05-28T20:58:01.241+02:00 DEBUG 2092 --- [wanchinchun] [           main] org.springframework.test.context.cache   : Spring test ApplicationContext cache statistics: [DefaultContextCache@6ee7c941 size = 1, maxSize = 32, parentContextCount = 0, hitCount = 39, missCount = 1, failureCount = 0]
2025-05-28T20:58:01.241+02:00 DEBUG 2092 --- [wanchinchun] [           main] org.springframework.test.context.cache   : Spring test ApplicationContext cache statistics: [DefaultContextCache@6ee7c941 size = 1, maxSize = 32, parentContextCount = 0, hitCount = 40, missCount = 1, failureCount = 0]
2025-05-28T20:58:01.242+02:00 DEBUG 2092 --- [wanchinchun] [           main] sContextBeforeModesTestExecutionListener : Before test method: class [WanchinchunApplicationTests], method [createCategory_InsufficientPermissions_ReturnsForbidden], class annotated with @DirtiesContext [false] with mode [null], method annotated with @DirtiesContext [false] with mode [null]
2025-05-28T20:58:01.242+02:00 DEBUG 2092 --- [wanchinchun] [           main] org.springframework.test.context.cache   : Spring test ApplicationContext cache statistics: [DefaultContextCache@6ee7c941 size = 1, maxSize = 32, parentContextCount = 0, hitCount = 41, missCount = 1, failureCount = 0]
2025-05-28T20:58:01.242+02:00 DEBUG 2092 --- [wanchinchun] [           main] org.springframework.test.context.cache   : Spring test ApplicationContext cache statistics: [DefaultContextCache@6ee7c941 size = 1, maxSize = 32, parentContextCount = 0, hitCount = 42, missCount = 1, failureCount = 0]
2025-05-28T20:58:01.244+02:00 DEBUG 2092 --- [wanchinchun] [           main] org.springframework.test.context.cache   : Spring test ApplicationContext cache statistics: [DefaultContextCache@6ee7c941 size = 1, maxSize = 32, parentContextCount = 0, hitCount = 43, missCount = 1, failureCount = 0]
2025-05-28T20:58:01.244+02:00 DEBUG 2092 --- [wanchinchun] [           main] org.springframework.test.context.cache   : Spring test ApplicationContext cache statistics: [DefaultContextCache@6ee7c941 size = 1, maxSize = 32, parentContextCount = 0, hitCount = 44, missCount = 1, failureCount = 0]
2025-05-28T20:58:01.245+02:00 DEBUG 2092 --- [wanchinchun] [           main] o.s.web.client.RestTemplate              : HTTP POST http://localhost:2151/categoria-producto
2025-05-28T20:58:01.245+02:00 DEBUG 2092 --- [wanchinchun] [           main] o.s.web.client.RestTemplate              : Accept=[text/plain, application/json, application/*+json, */*]
2025-05-28T20:58:01.245+02:00 DEBUG 2092 --- [wanchinchun] [           main] o.s.web.client.RestTemplate              : Writing [{"nombre": "Nueva Categoria"}] as "application/json"
2025-05-28T20:58:01.247+02:00 DEBUG 2092 --- [wanchinchun] [o-auto-1-exec-4] o.s.web.servlet.DispatcherServlet        : POST "/categoria-producto", parameters={}
2025-05-28T20:58:01.247+02:00 DEBUG 2092 --- [wanchinchun] [o-auto-1-exec-4] s.w.s.m.m.a.RequestMappingHandlerMapping : Mapped to com.uma.wanchinchun.controllers.CategoryController#createCategory(CategoryDTO, String)
2025-05-28T20:58:01.247+02:00 DEBUG 2092 --- [wanchinchun] [o-auto-1-exec-4] o.j.s.OpenEntityManagerInViewInterceptor : Opening JPA EntityManager in OpenEntityManagerInViewInterceptor
2025-05-28T20:58:01.248+02:00 DEBUG 2092 --- [wanchinchun] [o-auto-1-exec-4] m.m.a.RequestResponseBodyMethodProcessor : Read "application/json;charset=UTF-8" to [com.uma.wanchinchun.dtos.CategoryDTO@6699a52e]
2025-05-28T20:58:01.248+02:00 DEBUG 2092 --- [wanchinchun] [o-auto-1-exec-4] o.s.w.s.m.m.a.HttpEntityMethodProcessor  : Using 'application/json', given [text/plain, application/json, application/*+json, */*] and supported [application/json, application/*+json]
2025-05-28T20:58:01.248+02:00 DEBUG 2092 --- [wanchinchun] [o-auto-1-exec-4] o.s.w.s.m.m.a.HttpEntityMethodProcessor  : Nothing to write: null body
2025-05-28T20:58:01.249+02:00 DEBUG 2092 --- [wanchinchun] [o-auto-1-exec-4] o.j.s.OpenEntityManagerInViewInterceptor : Closing JPA EntityManager in OpenEntityManagerInViewInterceptor
2025-05-28T20:58:01.249+02:00 DEBUG 2092 --- [wanchinchun] [o-auto-1-exec-4] o.s.web.servlet.DispatcherServlet        : Completed 403 FORBIDDEN
2025-05-28T20:58:01.250+02:00 DEBUG 2092 --- [wanchinchun] [           main] o.s.web.client.RestTemplate              : Response 403 FORBIDDEN
2025-05-28T20:58:01.250+02:00 DEBUG 2092 --- [wanchinchun] [           main] org.springframework.test.context.cache   : Spring test ApplicationContext cache statistics: [DefaultContextCache@6ee7c941 size = 1, maxSize = 32, parentContextCount = 0, hitCount = 45, missCount = 1, failureCount = 0]
2025-05-28T20:58:01.250+02:00 DEBUG 2092 --- [wanchinchun] [           main] org.springframework.test.context.cache   : Spring test ApplicationContext cache statistics: [DefaultContextCache@6ee7c941 size = 1, maxSize = 32, parentContextCount = 0, hitCount = 46, missCount = 1, failureCount = 0]
2025-05-28T20:58:01.251+02:00 DEBUG 2092 --- [wanchinchun] [           main] org.springframework.test.context.cache   : Spring test ApplicationContext cache statistics: [DefaultContextCache@6ee7c941 size = 1, maxSize = 32, parentContextCount = 0, hitCount = 47, missCount = 1, failureCount = 0]
2025-05-28T20:58:01.251+02:00 DEBUG 2092 --- [wanchinchun] [           main] org.springframework.test.context.cache   : Spring test ApplicationContext cache statistics: [DefaultContextCache@6ee7c941 size = 1, maxSize = 32, parentContextCount = 0, hitCount = 48, missCount = 1, failureCount = 0]
2025-05-28T20:58:01.251+02:00 DEBUG 2092 --- [wanchinchun] [           main] org.springframework.test.context.cache   : Spring test ApplicationContext cache statistics: [DefaultContextCache@6ee7c941 size = 1, maxSize = 32, parentContextCount = 0, hitCount = 49, missCount = 1, failureCount = 0]
2025-05-28T20:58:01.251+02:00 DEBUG 2092 --- [wanchinchun] [           main] org.springframework.test.context.cache   : Spring test ApplicationContext cache statistics: [DefaultContextCache@6ee7c941 size = 1, maxSize = 32, parentContextCount = 0, hitCount = 50, missCount = 1, failureCount = 0]
2025-05-28T20:58:01.252+02:00 DEBUG 2092 --- [wanchinchun] [           main] org.springframework.test.context.cache   : Spring test ApplicationContext cache statistics: [DefaultContextCache@6ee7c941 size = 1, maxSize = 32, parentContextCount = 0, hitCount = 51, missCount = 1, failureCount = 0]
2025-05-28T20:58:01.252+02:00 DEBUG 2092 --- [wanchinchun] [           main] .c.s.DirtiesContextTestExecutionListener : After test method: class [WanchinchunApplicationTests], method [createCategory_InsufficientPermissions_ReturnsForbidden], class annotated with @DirtiesContext [false] with mode [null], method annotated with @DirtiesContext [false] with mode [null]
]]></system-out>
  </testcase>
  <testcase name="updateCategory_ValidCategory_ReturnsOk" classname="com.uma.wanchinchun.WanchinchunApplicationTests" time="0.018">
    <failure message="expected: &lt;200 OK&gt; but was: &lt;404 NOT_FOUND&gt;" type="org.opentest4j.AssertionFailedError"><![CDATA[org.opentest4j.AssertionFailedError: expected: <200 OK> but was: <404 NOT_FOUND>
	at org.junit.jupiter.api.AssertionFailureBuilder.build(AssertionFailureBuilder.java:151)
	at org.junit.jupiter.api.AssertionFailureBuilder.buildAndThrow(AssertionFailureBuilder.java:132)
	at org.junit.jupiter.api.AssertEquals.failNotEqual(AssertEquals.java:197)
	at org.junit.jupiter.api.AssertEquals.assertEquals(AssertEquals.java:182)
	at org.junit.jupiter.api.AssertEquals.assertEquals(AssertEquals.java:177)
	at org.junit.jupiter.api.Assertions.assertEquals(Assertions.java:1145)
	at com.uma.wanchinchun.WanchinchunApplicationTests.updateCategory_ValidCategory_ReturnsOk(WanchinchunApplicationTests.java:122)
	at java.base/java.lang.reflect.Method.invoke(Method.java:580)
	at java.base/java.util.ArrayList.forEach(ArrayList.java:1597)
	at java.base/java.util.ArrayList.forEach(ArrayList.java:1597)
]]></failure>
    <system-out><![CDATA[2025-05-28T20:58:01.254+02:00 DEBUG 2092 --- [wanchinchun] [           main] DependencyInjectionTestExecutionListener : Performing dependency injection for test class com.uma.wanchinchun.WanchinchunApplicationTests
2025-05-28T20:58:01.254+02:00 DEBUG 2092 --- [wanchinchun] [           main] org.springframework.test.context.cache   : Spring test ApplicationContext cache statistics: [DefaultContextCache@6ee7c941 size = 1, maxSize = 32, parentContextCount = 0, hitCount = 52, missCount = 1, failureCount = 0]
2025-05-28T20:58:01.254+02:00 DEBUG 2092 --- [wanchinchun] [           main] org.springframework.test.context.cache   : Spring test ApplicationContext cache statistics: [DefaultContextCache@6ee7c941 size = 1, maxSize = 32, parentContextCount = 0, hitCount = 53, missCount = 1, failureCount = 0]
2025-05-28T20:58:01.256+02:00 DEBUG 2092 --- [wanchinchun] [           main] sContextBeforeModesTestExecutionListener : Before test method: class [WanchinchunApplicationTests], method [updateCategory_ValidCategory_ReturnsOk], class annotated with @DirtiesContext [false] with mode [null], method annotated with @DirtiesContext [false] with mode [null]
2025-05-28T20:58:01.257+02:00 DEBUG 2092 --- [wanchinchun] [           main] org.springframework.test.context.cache   : Spring test ApplicationContext cache statistics: [DefaultContextCache@6ee7c941 size = 1, maxSize = 32, parentContextCount = 0, hitCount = 54, missCount = 1, failureCount = 0]
2025-05-28T20:58:01.257+02:00 DEBUG 2092 --- [wanchinchun] [           main] org.springframework.test.context.cache   : Spring test ApplicationContext cache statistics: [DefaultContextCache@6ee7c941 size = 1, maxSize = 32, parentContextCount = 0, hitCount = 55, missCount = 1, failureCount = 0]
2025-05-28T20:58:01.257+02:00 DEBUG 2092 --- [wanchinchun] [           main] org.springframework.test.context.cache   : Spring test ApplicationContext cache statistics: [DefaultContextCache@6ee7c941 size = 1, maxSize = 32, parentContextCount = 0, hitCount = 56, missCount = 1, failureCount = 0]
2025-05-28T20:58:01.257+02:00 DEBUG 2092 --- [wanchinchun] [           main] org.springframework.test.context.cache   : Spring test ApplicationContext cache statistics: [DefaultContextCache@6ee7c941 size = 1, maxSize = 32, parentContextCount = 0, hitCount = 57, missCount = 1, failureCount = 0]
2025-05-28T20:58:01.258+02:00 DEBUG 2092 --- [wanchinchun] [           main] o.s.web.client.RestTemplate              : HTTP PUT http://localhost:2151/categoria-producto/1
2025-05-28T20:58:01.258+02:00 DEBUG 2092 --- [wanchinchun] [           main] o.s.web.client.RestTemplate              : Accept=[text/plain, application/json, application/*+json, */*]
2025-05-28T20:58:01.258+02:00 DEBUG 2092 --- [wanchinchun] [           main] o.s.web.client.RestTemplate              : Writing [{"nombre": "Categoria Actualizada"}] as "application/json"
2025-05-28T20:58:01.260+02:00 DEBUG 2092 --- [wanchinchun] [o-auto-1-exec-5] o.s.web.servlet.DispatcherServlet        : PUT "/categoria-producto/1", parameters={}
2025-05-28T20:58:01.260+02:00 DEBUG 2092 --- [wanchinchun] [o-auto-1-exec-5] s.w.s.m.m.a.RequestMappingHandlerMapping : Mapped to com.uma.wanchinchun.controllers.CategoryController#updateCategory(Long, CategoryDTO, String)
2025-05-28T20:58:01.260+02:00 DEBUG 2092 --- [wanchinchun] [o-auto-1-exec-5] o.j.s.OpenEntityManagerInViewInterceptor : Opening JPA EntityManager in OpenEntityManagerInViewInterceptor
2025-05-28T20:58:01.261+02:00 DEBUG 2092 --- [wanchinchun] [o-auto-1-exec-5] m.m.a.RequestResponseBodyMethodProcessor : Read "application/json;charset=UTF-8" to [com.uma.wanchinchun.dtos.CategoryDTO@4506dd68]
2025-05-28T20:58:01.262+02:00 DEBUG 2092 --- [wanchinchun] [o-auto-1-exec-5] o.s.orm.jpa.JpaTransactionManager        : Found thread-bound EntityManager [SessionImpl(2036482089<open>)] for JPA transaction
2025-05-28T20:58:01.262+02:00 DEBUG 2092 --- [wanchinchun] [o-auto-1-exec-5] o.s.orm.jpa.JpaTransactionManager        : Creating new transaction with name [org.springframework.data.jpa.repository.support.SimpleJpaRepository.findById]: PROPAGATION_REQUIRED,ISOLATION_DEFAULT,readOnly
2025-05-28T20:58:01.262+02:00 DEBUG 2092 --- [wanchinchun] [o-auto-1-exec-5] o.s.jdbc.datasource.DataSourceUtils      : Setting JDBC Connection [HikariProxyConnection@993798230 wrapping conn0: url=jdbc:h2:file:./data/wanchinchun_db user=SA] read-only
2025-05-28T20:58:01.262+02:00 DEBUG 2092 --- [wanchinchun] [o-auto-1-exec-5] o.h.e.t.internal.TransactionImpl         : On TransactionImpl creation, JpaCompliance#isJpaTransactionComplianceEnabled == false
2025-05-28T20:58:01.262+02:00 DEBUG 2092 --- [wanchinchun] [o-auto-1-exec-5] o.h.e.t.internal.TransactionImpl         : begin
2025-05-28T20:58:01.262+02:00 DEBUG 2092 --- [wanchinchun] [o-auto-1-exec-5] o.s.orm.jpa.JpaTransactionManager        : Exposing JPA transaction as JDBC [org.springframework.orm.jpa.vendor.HibernateJpaDialect$HibernateConnectionHandle@148175f]
2025-05-28T20:58:01.262+02:00 DEBUG 2092 --- [wanchinchun] [o-auto-1-exec-5] org.hibernate.orm.sql.exec               : Skipping reading Query result cache data: cache-enabled = false, cache-mode = IGNORE
2025-05-28T20:58:01.262+02:00 DEBUG 2092 --- [wanchinchun] [o-auto-1-exec-5] org.hibernate.SQL                        : 
    select
        c1_0.id,
        c1_0.nombre 
    from
        categorias c1_0 
    where
        c1_0.id=?
Hibernate: 
    select
        c1_0.id,
        c1_0.nombre 
    from
        categorias c1_0 
    where
        c1_0.id=?
2025-05-28T20:58:01.264+02:00 DEBUG 2092 --- [wanchinchun] [o-auto-1-exec-5] o.s.orm.jpa.JpaTransactionManager        : Initiating transaction commit
2025-05-28T20:58:01.264+02:00 DEBUG 2092 --- [wanchinchun] [o-auto-1-exec-5] o.s.orm.jpa.JpaTransactionManager        : Committing JPA transaction on EntityManager [SessionImpl(2036482089<open>)]
2025-05-28T20:58:01.264+02:00 DEBUG 2092 --- [wanchinchun] [o-auto-1-exec-5] o.h.e.t.internal.TransactionImpl         : committing
2025-05-28T20:58:01.264+02:00 DEBUG 2092 --- [wanchinchun] [o-auto-1-exec-5] o.s.jdbc.datasource.DataSourceUtils      : Resetting read-only flag of JDBC Connection [HikariProxyConnection@993798230 wrapping conn0: url=jdbc:h2:file:./data/wanchinchun_db user=SA]
2025-05-28T20:58:01.264+02:00 DEBUG 2092 --- [wanchinchun] [o-auto-1-exec-5] o.s.orm.jpa.JpaTransactionManager        : Not closing pre-bound JPA EntityManager after transaction
2025-05-28T20:58:01.265+02:00 DEBUG 2092 --- [wanchinchun] [o-auto-1-exec-5] o.s.w.s.m.m.a.HttpEntityMethodProcessor  : Using 'application/json', given [text/plain, application/json, application/*+json, */*] and supported [application/json, application/*+json]
2025-05-28T20:58:01.265+02:00 DEBUG 2092 --- [wanchinchun] [o-auto-1-exec-5] o.s.w.s.m.m.a.HttpEntityMethodProcessor  : Nothing to write: null body
2025-05-28T20:58:01.265+02:00 DEBUG 2092 --- [wanchinchun] [o-auto-1-exec-5] o.j.s.OpenEntityManagerInViewInterceptor : Closing JPA EntityManager in OpenEntityManagerInViewInterceptor
2025-05-28T20:58:01.265+02:00 DEBUG 2092 --- [wanchinchun] [o-auto-1-exec-5] o.s.web.servlet.DispatcherServlet        : Completed 404 NOT_FOUND
2025-05-28T20:58:01.266+02:00 DEBUG 2092 --- [wanchinchun] [           main] o.s.web.client.RestTemplate              : Response 404 NOT_FOUND
2025-05-28T20:58:01.269+02:00 DEBUG 2092 --- [wanchinchun] [           main] org.springframework.test.context.cache   : Spring test ApplicationContext cache statistics: [DefaultContextCache@6ee7c941 size = 1, maxSize = 32, parentContextCount = 0, hitCount = 58, missCount = 1, failureCount = 0]
2025-05-28T20:58:01.269+02:00 DEBUG 2092 --- [wanchinchun] [           main] org.springframework.test.context.cache   : Spring test ApplicationContext cache statistics: [DefaultContextCache@6ee7c941 size = 1, maxSize = 32, parentContextCount = 0, hitCount = 59, missCount = 1, failureCount = 0]
2025-05-28T20:58:01.270+02:00 DEBUG 2092 --- [wanchinchun] [           main] org.springframework.test.context.cache   : Spring test ApplicationContext cache statistics: [DefaultContextCache@6ee7c941 size = 1, maxSize = 32, parentContextCount = 0, hitCount = 60, missCount = 1, failureCount = 0]
2025-05-28T20:58:01.270+02:00 DEBUG 2092 --- [wanchinchun] [           main] org.springframework.test.context.cache   : Spring test ApplicationContext cache statistics: [DefaultContextCache@6ee7c941 size = 1, maxSize = 32, parentContextCount = 0, hitCount = 61, missCount = 1, failureCount = 0]
2025-05-28T20:58:01.270+02:00 DEBUG 2092 --- [wanchinchun] [           main] org.springframework.test.context.cache   : Spring test ApplicationContext cache statistics: [DefaultContextCache@6ee7c941 size = 1, maxSize = 32, parentContextCount = 0, hitCount = 62, missCount = 1, failureCount = 0]
2025-05-28T20:58:01.270+02:00 DEBUG 2092 --- [wanchinchun] [           main] org.springframework.test.context.cache   : Spring test ApplicationContext cache statistics: [DefaultContextCache@6ee7c941 size = 1, maxSize = 32, parentContextCount = 0, hitCount = 63, missCount = 1, failureCount = 0]
2025-05-28T20:58:01.271+02:00 DEBUG 2092 --- [wanchinchun] [           main] org.springframework.test.context.cache   : Spring test ApplicationContext cache statistics: [DefaultContextCache@6ee7c941 size = 1, maxSize = 32, parentContextCount = 0, hitCount = 64, missCount = 1, failureCount = 0]
2025-05-28T20:58:01.271+02:00 DEBUG 2092 --- [wanchinchun] [           main] .c.s.DirtiesContextTestExecutionListener : After test method: class [WanchinchunApplicationTests], method [updateCategory_ValidCategory_ReturnsOk], class annotated with @DirtiesContext [false] with mode [null], method annotated with @DirtiesContext [false] with mode [null]
]]></system-out>
  </testcase>
  <testcase name="updateCategory_InsufficientPermissions_ReturnsForbidden" classname="com.uma.wanchinchun.WanchinchunApplicationTests" time="0.014">
    <system-out><![CDATA[2025-05-28T20:58:01.278+02:00 DEBUG 2092 --- [wanchinchun] [           main] DependencyInjectionTestExecutionListener : Performing dependency injection for test class com.uma.wanchinchun.WanchinchunApplicationTests
2025-05-28T20:58:01.278+02:00 DEBUG 2092 --- [wanchinchun] [           main] org.springframework.test.context.cache   : Spring test ApplicationContext cache statistics: [DefaultContextCache@6ee7c941 size = 1, maxSize = 32, parentContextCount = 0, hitCount = 65, missCount = 1, failureCount = 0]
2025-05-28T20:58:01.279+02:00 DEBUG 2092 --- [wanchinchun] [           main] org.springframework.test.context.cache   : Spring test ApplicationContext cache statistics: [DefaultContextCache@6ee7c941 size = 1, maxSize = 32, parentContextCount = 0, hitCount = 66, missCount = 1, failureCount = 0]
2025-05-28T20:58:01.280+02:00 DEBUG 2092 --- [wanchinchun] [           main] sContextBeforeModesTestExecutionListener : Before test method: class [WanchinchunApplicationTests], method [updateCategory_InsufficientPermissions_ReturnsForbidden], class annotated with @DirtiesContext [false] with mode [null], method annotated with @DirtiesContext [false] with mode [null]
2025-05-28T20:58:01.280+02:00 DEBUG 2092 --- [wanchinchun] [           main] org.springframework.test.context.cache   : Spring test ApplicationContext cache statistics: [DefaultContextCache@6ee7c941 size = 1, maxSize = 32, parentContextCount = 0, hitCount = 67, missCount = 1, failureCount = 0]
2025-05-28T20:58:01.280+02:00 DEBUG 2092 --- [wanchinchun] [           main] org.springframework.test.context.cache   : Spring test ApplicationContext cache statistics: [DefaultContextCache@6ee7c941 size = 1, maxSize = 32, parentContextCount = 0, hitCount = 68, missCount = 1, failureCount = 0]
2025-05-28T20:58:01.281+02:00 DEBUG 2092 --- [wanchinchun] [           main] org.springframework.test.context.cache   : Spring test ApplicationContext cache statistics: [DefaultContextCache@6ee7c941 size = 1, maxSize = 32, parentContextCount = 0, hitCount = 69, missCount = 1, failureCount = 0]
2025-05-28T20:58:01.281+02:00 DEBUG 2092 --- [wanchinchun] [           main] org.springframework.test.context.cache   : Spring test ApplicationContext cache statistics: [DefaultContextCache@6ee7c941 size = 1, maxSize = 32, parentContextCount = 0, hitCount = 70, missCount = 1, failureCount = 0]
2025-05-28T20:58:01.282+02:00 DEBUG 2092 --- [wanchinchun] [           main] o.s.web.client.RestTemplate              : HTTP PUT http://localhost:2151/categoria-producto/1
2025-05-28T20:58:01.282+02:00 DEBUG 2092 --- [wanchinchun] [           main] o.s.web.client.RestTemplate              : Accept=[text/plain, application/json, application/*+json, */*]
2025-05-28T20:58:01.282+02:00 DEBUG 2092 --- [wanchinchun] [           main] o.s.web.client.RestTemplate              : Writing [{"nombre": "Categoria Actualizada"}] as "application/json"
2025-05-28T20:58:01.285+02:00 DEBUG 2092 --- [wanchinchun] [o-auto-1-exec-6] o.s.web.servlet.DispatcherServlet        : PUT "/categoria-producto/1", parameters={}
2025-05-28T20:58:01.285+02:00 DEBUG 2092 --- [wanchinchun] [o-auto-1-exec-6] s.w.s.m.m.a.RequestMappingHandlerMapping : Mapped to com.uma.wanchinchun.controllers.CategoryController#updateCategory(Long, CategoryDTO, String)
2025-05-28T20:58:01.285+02:00 DEBUG 2092 --- [wanchinchun] [o-auto-1-exec-6] o.j.s.OpenEntityManagerInViewInterceptor : Opening JPA EntityManager in OpenEntityManagerInViewInterceptor
2025-05-28T20:58:01.286+02:00 DEBUG 2092 --- [wanchinchun] [o-auto-1-exec-6] m.m.a.RequestResponseBodyMethodProcessor : Read "application/json;charset=UTF-8" to [com.uma.wanchinchun.dtos.CategoryDTO@2492e802]
2025-05-28T20:58:01.287+02:00 DEBUG 2092 --- [wanchinchun] [o-auto-1-exec-6] o.s.w.s.m.m.a.HttpEntityMethodProcessor  : Using 'application/json', given [text/plain, application/json, application/*+json, */*] and supported [application/json, application/*+json]
2025-05-28T20:58:01.287+02:00 DEBUG 2092 --- [wanchinchun] [o-auto-1-exec-6] o.s.w.s.m.m.a.HttpEntityMethodProcessor  : Nothing to write: null body
2025-05-28T20:58:01.287+02:00 DEBUG 2092 --- [wanchinchun] [o-auto-1-exec-6] o.j.s.OpenEntityManagerInViewInterceptor : Closing JPA EntityManager in OpenEntityManagerInViewInterceptor
2025-05-28T20:58:01.287+02:00 DEBUG 2092 --- [wanchinchun] [o-auto-1-exec-6] o.s.web.servlet.DispatcherServlet        : Completed 403 FORBIDDEN
2025-05-28T20:58:01.290+02:00 DEBUG 2092 --- [wanchinchun] [           main] o.s.web.client.RestTemplate              : Response 403 FORBIDDEN
2025-05-28T20:58:01.290+02:00 DEBUG 2092 --- [wanchinchun] [           main] org.springframework.test.context.cache   : Spring test ApplicationContext cache statistics: [DefaultContextCache@6ee7c941 size = 1, maxSize = 32, parentContextCount = 0, hitCount = 71, missCount = 1, failureCount = 0]
2025-05-28T20:58:01.290+02:00 DEBUG 2092 --- [wanchinchun] [           main] org.springframework.test.context.cache   : Spring test ApplicationContext cache statistics: [DefaultContextCache@6ee7c941 size = 1, maxSize = 32, parentContextCount = 0, hitCount = 72, missCount = 1, failureCount = 0]
2025-05-28T20:58:01.291+02:00 DEBUG 2092 --- [wanchinchun] [           main] org.springframework.test.context.cache   : Spring test ApplicationContext cache statistics: [DefaultContextCache@6ee7c941 size = 1, maxSize = 32, parentContextCount = 0, hitCount = 73, missCount = 1, failureCount = 0]
2025-05-28T20:58:01.291+02:00 DEBUG 2092 --- [wanchinchun] [           main] org.springframework.test.context.cache   : Spring test ApplicationContext cache statistics: [DefaultContextCache@6ee7c941 size = 1, maxSize = 32, parentContextCount = 0, hitCount = 74, missCount = 1, failureCount = 0]
2025-05-28T20:58:01.291+02:00 DEBUG 2092 --- [wanchinchun] [           main] org.springframework.test.context.cache   : Spring test ApplicationContext cache statistics: [DefaultContextCache@6ee7c941 size = 1, maxSize = 32, parentContextCount = 0, hitCount = 75, missCount = 1, failureCount = 0]
2025-05-28T20:58:01.292+02:00 DEBUG 2092 --- [wanchinchun] [           main] org.springframework.test.context.cache   : Spring test ApplicationContext cache statistics: [DefaultContextCache@6ee7c941 size = 1, maxSize = 32, parentContextCount = 0, hitCount = 76, missCount = 1, failureCount = 0]
2025-05-28T20:58:01.292+02:00 DEBUG 2092 --- [wanchinchun] [           main] org.springframework.test.context.cache   : Spring test ApplicationContext cache statistics: [DefaultContextCache@6ee7c941 size = 1, maxSize = 32, parentContextCount = 0, hitCount = 77, missCount = 1, failureCount = 0]
2025-05-28T20:58:01.292+02:00 DEBUG 2092 --- [wanchinchun] [           main] .c.s.DirtiesContextTestExecutionListener : After test method: class [WanchinchunApplicationTests], method [updateCategory_InsufficientPermissions_ReturnsForbidden], class annotated with @DirtiesContext [false] with mode [null], method annotated with @DirtiesContext [false] with mode [null]
]]></system-out>
  </testcase>
  <testcase name="getAllCategories_NoAuthorizationHeader_ReturnsUnauthorized" classname="com.uma.wanchinchun.WanchinchunApplicationTests" time="0.01">
    <system-out><![CDATA[2025-05-28T20:58:01.293+02:00 DEBUG 2092 --- [wanchinchun] [           main] DependencyInjectionTestExecutionListener : Performing dependency injection for test class com.uma.wanchinchun.WanchinchunApplicationTests
2025-05-28T20:58:01.293+02:00 DEBUG 2092 --- [wanchinchun] [           main] org.springframework.test.context.cache   : Spring test ApplicationContext cache statistics: [DefaultContextCache@6ee7c941 size = 1, maxSize = 32, parentContextCount = 0, hitCount = 78, missCount = 1, failureCount = 0]
2025-05-28T20:58:01.293+02:00 DEBUG 2092 --- [wanchinchun] [           main] org.springframework.test.context.cache   : Spring test ApplicationContext cache statistics: [DefaultContextCache@6ee7c941 size = 1, maxSize = 32, parentContextCount = 0, hitCount = 79, missCount = 1, failureCount = 0]
2025-05-28T20:58:01.294+02:00 DEBUG 2092 --- [wanchinchun] [           main] sContextBeforeModesTestExecutionListener : Before test method: class [WanchinchunApplicationTests], method [getAllCategories_NoAuthorizationHeader_ReturnsUnauthorized], class annotated with @DirtiesContext [false] with mode [null], method annotated with @DirtiesContext [false] with mode [null]
2025-05-28T20:58:01.294+02:00 DEBUG 2092 --- [wanchinchun] [           main] org.springframework.test.context.cache   : Spring test ApplicationContext cache statistics: [DefaultContextCache@6ee7c941 size = 1, maxSize = 32, parentContextCount = 0, hitCount = 80, missCount = 1, failureCount = 0]
2025-05-28T20:58:01.294+02:00 DEBUG 2092 --- [wanchinchun] [           main] org.springframework.test.context.cache   : Spring test ApplicationContext cache statistics: [DefaultContextCache@6ee7c941 size = 1, maxSize = 32, parentContextCount = 0, hitCount = 81, missCount = 1, failureCount = 0]
2025-05-28T20:58:01.295+02:00 DEBUG 2092 --- [wanchinchun] [           main] org.springframework.test.context.cache   : Spring test ApplicationContext cache statistics: [DefaultContextCache@6ee7c941 size = 1, maxSize = 32, parentContextCount = 0, hitCount = 82, missCount = 1, failureCount = 0]
2025-05-28T20:58:01.296+02:00 DEBUG 2092 --- [wanchinchun] [           main] org.springframework.test.context.cache   : Spring test ApplicationContext cache statistics: [DefaultContextCache@6ee7c941 size = 1, maxSize = 32, parentContextCount = 0, hitCount = 83, missCount = 1, failureCount = 0]
2025-05-28T20:58:01.296+02:00 DEBUG 2092 --- [wanchinchun] [           main] o.s.web.client.RestTemplate              : HTTP GET http://localhost:2151/categoria-producto
2025-05-28T20:58:01.298+02:00 DEBUG 2092 --- [wanchinchun] [           main] o.s.web.client.RestTemplate              : Accept=[text/plain, application/json, application/*+json, */*]
2025-05-28T20:58:01.299+02:00 DEBUG 2092 --- [wanchinchun] [o-auto-1-exec-7] o.s.web.servlet.DispatcherServlet        : GET "/categoria-producto", parameters={}
2025-05-28T20:58:01.300+02:00 DEBUG 2092 --- [wanchinchun] [o-auto-1-exec-7] s.w.s.m.m.a.RequestMappingHandlerMapping : Mapped to com.uma.wanchinchun.controllers.CategoryController#getAllCategories(String)
2025-05-28T20:58:01.300+02:00 DEBUG 2092 --- [wanchinchun] [o-auto-1-exec-7] o.j.s.OpenEntityManagerInViewInterceptor : Opening JPA EntityManager in OpenEntityManagerInViewInterceptor
2025-05-28T20:58:01.300+02:00 DEBUG 2092 --- [wanchinchun] [o-auto-1-exec-7] o.s.w.s.m.m.a.HttpEntityMethodProcessor  : Using 'application/json', given [text/plain, application/json, application/*+json, */*] and supported [application/json, application/*+json]
2025-05-28T20:58:01.300+02:00 DEBUG 2092 --- [wanchinchun] [o-auto-1-exec-7] o.s.w.s.m.m.a.HttpEntityMethodProcessor  : Nothing to write: null body
2025-05-28T20:58:01.300+02:00 DEBUG 2092 --- [wanchinchun] [o-auto-1-exec-7] o.j.s.OpenEntityManagerInViewInterceptor : Closing JPA EntityManager in OpenEntityManagerInViewInterceptor
2025-05-28T20:58:01.300+02:00 DEBUG 2092 --- [wanchinchun] [o-auto-1-exec-7] o.s.web.servlet.DispatcherServlet        : Completed 401 UNAUTHORIZED
2025-05-28T20:58:01.301+02:00 DEBUG 2092 --- [wanchinchun] [           main] o.s.web.client.RestTemplate              : Response 401 UNAUTHORIZED
2025-05-28T20:58:01.302+02:00 DEBUG 2092 --- [wanchinchun] [           main] org.springframework.test.context.cache   : Spring test ApplicationContext cache statistics: [DefaultContextCache@6ee7c941 size = 1, maxSize = 32, parentContextCount = 0, hitCount = 84, missCount = 1, failureCount = 0]
2025-05-28T20:58:01.302+02:00 DEBUG 2092 --- [wanchinchun] [           main] org.springframework.test.context.cache   : Spring test ApplicationContext cache statistics: [DefaultContextCache@6ee7c941 size = 1, maxSize = 32, parentContextCount = 0, hitCount = 85, missCount = 1, failureCount = 0]
2025-05-28T20:58:01.302+02:00 DEBUG 2092 --- [wanchinchun] [           main] org.springframework.test.context.cache   : Spring test ApplicationContext cache statistics: [DefaultContextCache@6ee7c941 size = 1, maxSize = 32, parentContextCount = 0, hitCount = 86, missCount = 1, failureCount = 0]
2025-05-28T20:58:01.302+02:00 DEBUG 2092 --- [wanchinchun] [           main] org.springframework.test.context.cache   : Spring test ApplicationContext cache statistics: [DefaultContextCache@6ee7c941 size = 1, maxSize = 32, parentContextCount = 0, hitCount = 87, missCount = 1, failureCount = 0]
2025-05-28T20:58:01.302+02:00 DEBUG 2092 --- [wanchinchun] [           main] org.springframework.test.context.cache   : Spring test ApplicationContext cache statistics: [DefaultContextCache@6ee7c941 size = 1, maxSize = 32, parentContextCount = 0, hitCount = 88, missCount = 1, failureCount = 0]
2025-05-28T20:58:01.304+02:00 DEBUG 2092 --- [wanchinchun] [           main] org.springframework.test.context.cache   : Spring test ApplicationContext cache statistics: [DefaultContextCache@6ee7c941 size = 1, maxSize = 32, parentContextCount = 0, hitCount = 89, missCount = 1, failureCount = 0]
2025-05-28T20:58:01.304+02:00 DEBUG 2092 --- [wanchinchun] [           main] org.springframework.test.context.cache   : Spring test ApplicationContext cache statistics: [DefaultContextCache@6ee7c941 size = 1, maxSize = 32, parentContextCount = 0, hitCount = 90, missCount = 1, failureCount = 0]
2025-05-28T20:58:01.304+02:00 DEBUG 2092 --- [wanchinchun] [           main] .c.s.DirtiesContextTestExecutionListener : After test method: class [WanchinchunApplicationTests], method [getAllCategories_NoAuthorizationHeader_ReturnsUnauthorized], class annotated with @DirtiesContext [false] with mode [null], method annotated with @DirtiesContext [false] with mode [null]
]]></system-out>
  </testcase>
  <testcase name="updateCategory_InvalidAuthorizationHeader_ReturnsUnauthorized" classname="com.uma.wanchinchun.WanchinchunApplicationTests" time="0.011">
    <system-out><![CDATA[2025-05-28T20:58:01.305+02:00 DEBUG 2092 --- [wanchinchun] [           main] DependencyInjectionTestExecutionListener : Performing dependency injection for test class com.uma.wanchinchun.WanchinchunApplicationTests
2025-05-28T20:58:01.305+02:00 DEBUG 2092 --- [wanchinchun] [           main] org.springframework.test.context.cache   : Spring test ApplicationContext cache statistics: [DefaultContextCache@6ee7c941 size = 1, maxSize = 32, parentContextCount = 0, hitCount = 91, missCount = 1, failureCount = 0]
2025-05-28T20:58:01.305+02:00 DEBUG 2092 --- [wanchinchun] [           main] org.springframework.test.context.cache   : Spring test ApplicationContext cache statistics: [DefaultContextCache@6ee7c941 size = 1, maxSize = 32, parentContextCount = 0, hitCount = 92, missCount = 1, failureCount = 0]
2025-05-28T20:58:01.306+02:00 DEBUG 2092 --- [wanchinchun] [           main] sContextBeforeModesTestExecutionListener : Before test method: class [WanchinchunApplicationTests], method [updateCategory_InvalidAuthorizationHeader_ReturnsUnauthorized], class annotated with @DirtiesContext [false] with mode [null], method annotated with @DirtiesContext [false] with mode [null]
2025-05-28T20:58:01.306+02:00 DEBUG 2092 --- [wanchinchun] [           main] org.springframework.test.context.cache   : Spring test ApplicationContext cache statistics: [DefaultContextCache@6ee7c941 size = 1, maxSize = 32, parentContextCount = 0, hitCount = 93, missCount = 1, failureCount = 0]
2025-05-28T20:58:01.306+02:00 DEBUG 2092 --- [wanchinchun] [           main] org.springframework.test.context.cache   : Spring test ApplicationContext cache statistics: [DefaultContextCache@6ee7c941 size = 1, maxSize = 32, parentContextCount = 0, hitCount = 94, missCount = 1, failureCount = 0]
2025-05-28T20:58:01.306+02:00 DEBUG 2092 --- [wanchinchun] [           main] org.springframework.test.context.cache   : Spring test ApplicationContext cache statistics: [DefaultContextCache@6ee7c941 size = 1, maxSize = 32, parentContextCount = 0, hitCount = 95, missCount = 1, failureCount = 0]
2025-05-28T20:58:01.307+02:00 DEBUG 2092 --- [wanchinchun] [           main] org.springframework.test.context.cache   : Spring test ApplicationContext cache statistics: [DefaultContextCache@6ee7c941 size = 1, maxSize = 32, parentContextCount = 0, hitCount = 96, missCount = 1, failureCount = 0]
2025-05-28T20:58:01.308+02:00 DEBUG 2092 --- [wanchinchun] [           main] o.s.web.client.RestTemplate              : HTTP PUT http://localhost:2151/categoria-producto/1
2025-05-28T20:58:01.308+02:00 DEBUG 2092 --- [wanchinchun] [           main] o.s.web.client.RestTemplate              : Accept=[text/plain, application/json, application/*+json, */*]
2025-05-28T20:58:01.308+02:00 DEBUG 2092 --- [wanchinchun] [           main] o.s.web.client.RestTemplate              : Writing [{"nombre": "Categoria Actualizada"}] as "application/json"
2025-05-28T20:58:01.309+02:00 DEBUG 2092 --- [wanchinchun] [o-auto-1-exec-9] o.s.web.servlet.DispatcherServlet        : PUT "/categoria-producto/1", parameters={}
2025-05-28T20:58:01.311+02:00 DEBUG 2092 --- [wanchinchun] [o-auto-1-exec-9] s.w.s.m.m.a.RequestMappingHandlerMapping : Mapped to com.uma.wanchinchun.controllers.CategoryController#updateCategory(Long, CategoryDTO, String)
2025-05-28T20:58:01.311+02:00 DEBUG 2092 --- [wanchinchun] [o-auto-1-exec-9] o.j.s.OpenEntityManagerInViewInterceptor : Opening JPA EntityManager in OpenEntityManagerInViewInterceptor
2025-05-28T20:58:01.312+02:00 DEBUG 2092 --- [wanchinchun] [o-auto-1-exec-9] m.m.a.RequestResponseBodyMethodProcessor : Read "application/json;charset=UTF-8" to [com.uma.wanchinchun.dtos.CategoryDTO@56b88771]
2025-05-28T20:58:01.313+02:00 DEBUG 2092 --- [wanchinchun] [o-auto-1-exec-9] o.s.w.s.m.m.a.HttpEntityMethodProcessor  : Using 'application/json', given [text/plain, application/json, application/*+json, */*] and supported [application/json, application/*+json]
2025-05-28T20:58:01.313+02:00 DEBUG 2092 --- [wanchinchun] [o-auto-1-exec-9] o.s.w.s.m.m.a.HttpEntityMethodProcessor  : Nothing to write: null body
2025-05-28T20:58:01.313+02:00 DEBUG 2092 --- [wanchinchun] [o-auto-1-exec-9] o.j.s.OpenEntityManagerInViewInterceptor : Closing JPA EntityManager in OpenEntityManagerInViewInterceptor
2025-05-28T20:58:01.313+02:00 DEBUG 2092 --- [wanchinchun] [o-auto-1-exec-9] o.s.web.servlet.DispatcherServlet        : Completed 401 UNAUTHORIZED
2025-05-28T20:58:01.314+02:00 DEBUG 2092 --- [wanchinchun] [           main] o.s.web.client.RestTemplate              : Response 401 UNAUTHORIZED
2025-05-28T20:58:01.314+02:00 DEBUG 2092 --- [wanchinchun] [           main] org.springframework.test.context.cache   : Spring test ApplicationContext cache statistics: [DefaultContextCache@6ee7c941 size = 1, maxSize = 32, parentContextCount = 0, hitCount = 97, missCount = 1, failureCount = 0]
2025-05-28T20:58:01.314+02:00 DEBUG 2092 --- [wanchinchun] [           main] org.springframework.test.context.cache   : Spring test ApplicationContext cache statistics: [DefaultContextCache@6ee7c941 size = 1, maxSize = 32, parentContextCount = 0, hitCount = 98, missCount = 1, failureCount = 0]
2025-05-28T20:58:01.315+02:00 DEBUG 2092 --- [wanchinchun] [           main] org.springframework.test.context.cache   : Spring test ApplicationContext cache statistics: [DefaultContextCache@6ee7c941 size = 1, maxSize = 32, parentContextCount = 0, hitCount = 99, missCount = 1, failureCount = 0]
2025-05-28T20:58:01.315+02:00 DEBUG 2092 --- [wanchinchun] [           main] org.springframework.test.context.cache   : Spring test ApplicationContext cache statistics: [DefaultContextCache@6ee7c941 size = 1, maxSize = 32, parentContextCount = 0, hitCount = 100, missCount = 1, failureCount = 0]
2025-05-28T20:58:01.315+02:00 DEBUG 2092 --- [wanchinchun] [           main] org.springframework.test.context.cache   : Spring test ApplicationContext cache statistics: [DefaultContextCache@6ee7c941 size = 1, maxSize = 32, parentContextCount = 0, hitCount = 101, missCount = 1, failureCount = 0]
2025-05-28T20:58:01.315+02:00 DEBUG 2092 --- [wanchinchun] [           main] org.springframework.test.context.cache   : Spring test ApplicationContext cache statistics: [DefaultContextCache@6ee7c941 size = 1, maxSize = 32, parentContextCount = 0, hitCount = 102, missCount = 1, failureCount = 0]
2025-05-28T20:58:01.316+02:00 DEBUG 2092 --- [wanchinchun] [           main] org.springframework.test.context.cache   : Spring test ApplicationContext cache statistics: [DefaultContextCache@6ee7c941 size = 1, maxSize = 32, parentContextCount = 0, hitCount = 103, missCount = 1, failureCount = 0]
2025-05-28T20:58:01.316+02:00 DEBUG 2092 --- [wanchinchun] [           main] .c.s.DirtiesContextTestExecutionListener : After test method: class [WanchinchunApplicationTests], method [updateCategory_InvalidAuthorizationHeader_ReturnsUnauthorized], class annotated with @DirtiesContext [false] with mode [null], method annotated with @DirtiesContext [false] with mode [null]
]]></system-out>
  </testcase>
  <testcase name="createCategory_InvalidAuthorizationHeader_ReturnsUnauthorized" classname="com.uma.wanchinchun.WanchinchunApplicationTests" time="0.012">
    <system-out><![CDATA[2025-05-28T20:58:01.316+02:00 DEBUG 2092 --- [wanchinchun] [           main] DependencyInjectionTestExecutionListener : Performing dependency injection for test class com.uma.wanchinchun.WanchinchunApplicationTests
2025-05-28T20:58:01.317+02:00 DEBUG 2092 --- [wanchinchun] [           main] org.springframework.test.context.cache   : Spring test ApplicationContext cache statistics: [DefaultContextCache@6ee7c941 size = 1, maxSize = 32, parentContextCount = 0, hitCount = 104, missCount = 1, failureCount = 0]
2025-05-28T20:58:01.317+02:00 DEBUG 2092 --- [wanchinchun] [           main] org.springframework.test.context.cache   : Spring test ApplicationContext cache statistics: [DefaultContextCache@6ee7c941 size = 1, maxSize = 32, parentContextCount = 0, hitCount = 105, missCount = 1, failureCount = 0]
2025-05-28T20:58:01.317+02:00 DEBUG 2092 --- [wanchinchun] [           main] sContextBeforeModesTestExecutionListener : Before test method: class [WanchinchunApplicationTests], method [createCategory_InvalidAuthorizationHeader_ReturnsUnauthorized], class annotated with @DirtiesContext [false] with mode [null], method annotated with @DirtiesContext [false] with mode [null]
2025-05-28T20:58:01.318+02:00 DEBUG 2092 --- [wanchinchun] [           main] org.springframework.test.context.cache   : Spring test ApplicationContext cache statistics: [DefaultContextCache@6ee7c941 size = 1, maxSize = 32, parentContextCount = 0, hitCount = 106, missCount = 1, failureCount = 0]
2025-05-28T20:58:01.318+02:00 DEBUG 2092 --- [wanchinchun] [           main] org.springframework.test.context.cache   : Spring test ApplicationContext cache statistics: [DefaultContextCache@6ee7c941 size = 1, maxSize = 32, parentContextCount = 0, hitCount = 107, missCount = 1, failureCount = 0]
2025-05-28T20:58:01.318+02:00 DEBUG 2092 --- [wanchinchun] [           main] org.springframework.test.context.cache   : Spring test ApplicationContext cache statistics: [DefaultContextCache@6ee7c941 size = 1, maxSize = 32, parentContextCount = 0, hitCount = 108, missCount = 1, failureCount = 0]
2025-05-28T20:58:01.319+02:00 DEBUG 2092 --- [wanchinchun] [           main] org.springframework.test.context.cache   : Spring test ApplicationContext cache statistics: [DefaultContextCache@6ee7c941 size = 1, maxSize = 32, parentContextCount = 0, hitCount = 109, missCount = 1, failureCount = 0]
2025-05-28T20:58:01.320+02:00 DEBUG 2092 --- [wanchinchun] [           main] o.s.web.client.RestTemplate              : HTTP POST http://localhost:2151/categoria-producto
2025-05-28T20:58:01.320+02:00 DEBUG 2092 --- [wanchinchun] [           main] o.s.web.client.RestTemplate              : Accept=[text/plain, application/json, application/*+json, */*]
2025-05-28T20:58:01.320+02:00 DEBUG 2092 --- [wanchinchun] [           main] o.s.web.client.RestTemplate              : Writing [{"nombre": "Nueva Categoria"}] as "application/json"
2025-05-28T20:58:01.324+02:00 DEBUG 2092 --- [wanchinchun] [o-auto-1-exec-8] o.s.web.servlet.DispatcherServlet        : POST "/categoria-producto", parameters={}
2025-05-28T20:58:01.324+02:00 DEBUG 2092 --- [wanchinchun] [o-auto-1-exec-8] s.w.s.m.m.a.RequestMappingHandlerMapping : Mapped to com.uma.wanchinchun.controllers.CategoryController#createCategory(CategoryDTO, String)
2025-05-28T20:58:01.324+02:00 DEBUG 2092 --- [wanchinchun] [o-auto-1-exec-8] o.j.s.OpenEntityManagerInViewInterceptor : Opening JPA EntityManager in OpenEntityManagerInViewInterceptor
2025-05-28T20:58:01.325+02:00 DEBUG 2092 --- [wanchinchun] [o-auto-1-exec-8] m.m.a.RequestResponseBodyMethodProcessor : Read "application/json;charset=UTF-8" to [com.uma.wanchinchun.dtos.CategoryDTO@7d497244]
2025-05-28T20:58:01.326+02:00 DEBUG 2092 --- [wanchinchun] [o-auto-1-exec-8] o.s.w.s.m.m.a.HttpEntityMethodProcessor  : Using 'application/json', given [text/plain, application/json, application/*+json, */*] and supported [application/json, application/*+json]
2025-05-28T20:58:01.326+02:00 DEBUG 2092 --- [wanchinchun] [o-auto-1-exec-8] o.s.w.s.m.m.a.HttpEntityMethodProcessor  : Nothing to write: null body
2025-05-28T20:58:01.326+02:00 DEBUG 2092 --- [wanchinchun] [o-auto-1-exec-8] o.j.s.OpenEntityManagerInViewInterceptor : Closing JPA EntityManager in OpenEntityManagerInViewInterceptor
2025-05-28T20:58:01.326+02:00 DEBUG 2092 --- [wanchinchun] [o-auto-1-exec-8] o.s.web.servlet.DispatcherServlet        : Completed 401 UNAUTHORIZED
2025-05-28T20:58:01.327+02:00 DEBUG 2092 --- [wanchinchun] [           main] o.s.web.client.RestTemplate              : Response 401 UNAUTHORIZED
2025-05-28T20:58:01.327+02:00 DEBUG 2092 --- [wanchinchun] [           main] org.springframework.test.context.cache   : Spring test ApplicationContext cache statistics: [DefaultContextCache@6ee7c941 size = 1, maxSize = 32, parentContextCount = 0, hitCount = 110, missCount = 1, failureCount = 0]
2025-05-28T20:58:01.327+02:00 DEBUG 2092 --- [wanchinchun] [           main] org.springframework.test.context.cache   : Spring test ApplicationContext cache statistics: [DefaultContextCache@6ee7c941 size = 1, maxSize = 32, parentContextCount = 0, hitCount = 111, missCount = 1, failureCount = 0]
2025-05-28T20:58:01.328+02:00 DEBUG 2092 --- [wanchinchun] [           main] org.springframework.test.context.cache   : Spring test ApplicationContext cache statistics: [DefaultContextCache@6ee7c941 size = 1, maxSize = 32, parentContextCount = 0, hitCount = 112, missCount = 1, failureCount = 0]
2025-05-28T20:58:01.328+02:00 DEBUG 2092 --- [wanchinchun] [           main] org.springframework.test.context.cache   : Spring test ApplicationContext cache statistics: [DefaultContextCache@6ee7c941 size = 1, maxSize = 32, parentContextCount = 0, hitCount = 113, missCount = 1, failureCount = 0]
2025-05-28T20:58:01.328+02:00 DEBUG 2092 --- [wanchinchun] [           main] org.springframework.test.context.cache   : Spring test ApplicationContext cache statistics: [DefaultContextCache@6ee7c941 size = 1, maxSize = 32, parentContextCount = 0, hitCount = 114, missCount = 1, failureCount = 0]
2025-05-28T20:58:01.328+02:00 DEBUG 2092 --- [wanchinchun] [           main] org.springframework.test.context.cache   : Spring test ApplicationContext cache statistics: [DefaultContextCache@6ee7c941 size = 1, maxSize = 32, parentContextCount = 0, hitCount = 115, missCount = 1, failureCount = 0]
2025-05-28T20:58:01.329+02:00 DEBUG 2092 --- [wanchinchun] [           main] org.springframework.test.context.cache   : Spring test ApplicationContext cache statistics: [DefaultContextCache@6ee7c941 size = 1, maxSize = 32, parentContextCount = 0, hitCount = 116, missCount = 1, failureCount = 0]
2025-05-28T20:58:01.329+02:00 DEBUG 2092 --- [wanchinchun] [           main] .c.s.DirtiesContextTestExecutionListener : After test method: class [WanchinchunApplicationTests], method [createCategory_InvalidAuthorizationHeader_ReturnsUnauthorized], class annotated with @DirtiesContext [false] with mode [null], method annotated with @DirtiesContext [false] with mode [null]
]]></system-out>
  </testcase>
  <testcase name="deleteCategory_InsufficientPermissions_ReturnsForbidden" classname="com.uma.wanchinchun.WanchinchunApplicationTests" time="0.012">
    <system-out><![CDATA[2025-05-28T20:58:01.329+02:00 DEBUG 2092 --- [wanchinchun] [           main] DependencyInjectionTestExecutionListener : Performing dependency injection for test class com.uma.wanchinchun.WanchinchunApplicationTests
2025-05-28T20:58:01.329+02:00 DEBUG 2092 --- [wanchinchun] [           main] org.springframework.test.context.cache   : Spring test ApplicationContext cache statistics: [DefaultContextCache@6ee7c941 size = 1, maxSize = 32, parentContextCount = 0, hitCount = 117, missCount = 1, failureCount = 0]
2025-05-28T20:58:01.330+02:00 DEBUG 2092 --- [wanchinchun] [           main] org.springframework.test.context.cache   : Spring test ApplicationContext cache statistics: [DefaultContextCache@6ee7c941 size = 1, maxSize = 32, parentContextCount = 0, hitCount = 118, missCount = 1, failureCount = 0]
2025-05-28T20:58:01.331+02:00 DEBUG 2092 --- [wanchinchun] [           main] sContextBeforeModesTestExecutionListener : Before test method: class [WanchinchunApplicationTests], method [deleteCategory_InsufficientPermissions_ReturnsForbidden], class annotated with @DirtiesContext [false] with mode [null], method annotated with @DirtiesContext [false] with mode [null]
2025-05-28T20:58:01.331+02:00 DEBUG 2092 --- [wanchinchun] [           main] org.springframework.test.context.cache   : Spring test ApplicationContext cache statistics: [DefaultContextCache@6ee7c941 size = 1, maxSize = 32, parentContextCount = 0, hitCount = 119, missCount = 1, failureCount = 0]
2025-05-28T20:58:01.331+02:00 DEBUG 2092 --- [wanchinchun] [           main] org.springframework.test.context.cache   : Spring test ApplicationContext cache statistics: [DefaultContextCache@6ee7c941 size = 1, maxSize = 32, parentContextCount = 0, hitCount = 120, missCount = 1, failureCount = 0]
2025-05-28T20:58:01.333+02:00 DEBUG 2092 --- [wanchinchun] [           main] org.springframework.test.context.cache   : Spring test ApplicationContext cache statistics: [DefaultContextCache@6ee7c941 size = 1, maxSize = 32, parentContextCount = 0, hitCount = 121, missCount = 1, failureCount = 0]
2025-05-28T20:58:01.333+02:00 DEBUG 2092 --- [wanchinchun] [           main] org.springframework.test.context.cache   : Spring test ApplicationContext cache statistics: [DefaultContextCache@6ee7c941 size = 1, maxSize = 32, parentContextCount = 0, hitCount = 122, missCount = 1, failureCount = 0]
2025-05-28T20:58:01.334+02:00 DEBUG 2092 --- [wanchinchun] [           main] o.s.web.client.RestTemplate              : HTTP DELETE http://localhost:2151/categoria-producto/1
2025-05-28T20:58:01.334+02:00 DEBUG 2092 --- [wanchinchun] [           main] o.s.web.client.RestTemplate              : Accept=[text/plain, application/json, application/*+json, */*]
2025-05-28T20:58:01.336+02:00 DEBUG 2092 --- [wanchinchun] [-auto-1-exec-10] o.s.web.servlet.DispatcherServlet        : DELETE "/categoria-producto/1", parameters={}
2025-05-28T20:58:01.337+02:00 DEBUG 2092 --- [wanchinchun] [-auto-1-exec-10] s.w.s.m.m.a.RequestMappingHandlerMapping : Mapped to com.uma.wanchinchun.controllers.CategoryController#deleteCategory(Long, String)
2025-05-28T20:58:01.337+02:00 DEBUG 2092 --- [wanchinchun] [-auto-1-exec-10] o.j.s.OpenEntityManagerInViewInterceptor : Opening JPA EntityManager in OpenEntityManagerInViewInterceptor
2025-05-28T20:58:01.338+02:00 DEBUG 2092 --- [wanchinchun] [-auto-1-exec-10] o.s.w.s.m.m.a.HttpEntityMethodProcessor  : Using 'application/json', given [text/plain, application/json, application/*+json, */*] and supported [application/json, application/*+json]
2025-05-28T20:58:01.338+02:00 DEBUG 2092 --- [wanchinchun] [-auto-1-exec-10] o.s.w.s.m.m.a.HttpEntityMethodProcessor  : Nothing to write: null body
2025-05-28T20:58:01.338+02:00 DEBUG 2092 --- [wanchinchun] [-auto-1-exec-10] o.j.s.OpenEntityManagerInViewInterceptor : Closing JPA EntityManager in OpenEntityManagerInViewInterceptor
2025-05-28T20:58:01.338+02:00 DEBUG 2092 --- [wanchinchun] [-auto-1-exec-10] o.s.web.servlet.DispatcherServlet        : Completed 403 FORBIDDEN
2025-05-28T20:58:01.339+02:00 DEBUG 2092 --- [wanchinchun] [           main] o.s.web.client.RestTemplate              : Response 403 FORBIDDEN
2025-05-28T20:58:01.339+02:00 DEBUG 2092 --- [wanchinchun] [           main] org.springframework.test.context.cache   : Spring test ApplicationContext cache statistics: [DefaultContextCache@6ee7c941 size = 1, maxSize = 32, parentContextCount = 0, hitCount = 123, missCount = 1, failureCount = 0]
2025-05-28T20:58:01.339+02:00 DEBUG 2092 --- [wanchinchun] [           main] org.springframework.test.context.cache   : Spring test ApplicationContext cache statistics: [DefaultContextCache@6ee7c941 size = 1, maxSize = 32, parentContextCount = 0, hitCount = 124, missCount = 1, failureCount = 0]
2025-05-28T20:58:01.340+02:00 DEBUG 2092 --- [wanchinchun] [           main] org.springframework.test.context.cache   : Spring test ApplicationContext cache statistics: [DefaultContextCache@6ee7c941 size = 1, maxSize = 32, parentContextCount = 0, hitCount = 125, missCount = 1, failureCount = 0]
2025-05-28T20:58:01.340+02:00 DEBUG 2092 --- [wanchinchun] [           main] org.springframework.test.context.cache   : Spring test ApplicationContext cache statistics: [DefaultContextCache@6ee7c941 size = 1, maxSize = 32, parentContextCount = 0, hitCount = 126, missCount = 1, failureCount = 0]
2025-05-28T20:58:01.340+02:00 DEBUG 2092 --- [wanchinchun] [           main] org.springframework.test.context.cache   : Spring test ApplicationContext cache statistics: [DefaultContextCache@6ee7c941 size = 1, maxSize = 32, parentContextCount = 0, hitCount = 127, missCount = 1, failureCount = 0]
2025-05-28T20:58:01.340+02:00 DEBUG 2092 --- [wanchinchun] [           main] org.springframework.test.context.cache   : Spring test ApplicationContext cache statistics: [DefaultContextCache@6ee7c941 size = 1, maxSize = 32, parentContextCount = 0, hitCount = 128, missCount = 1, failureCount = 0]
2025-05-28T20:58:01.341+02:00 DEBUG 2092 --- [wanchinchun] [           main] org.springframework.test.context.cache   : Spring test ApplicationContext cache statistics: [DefaultContextCache@6ee7c941 size = 1, maxSize = 32, parentContextCount = 0, hitCount = 129, missCount = 1, failureCount = 0]
2025-05-28T20:58:01.341+02:00 DEBUG 2092 --- [wanchinchun] [           main] .c.s.DirtiesContextTestExecutionListener : After test method: class [WanchinchunApplicationTests], method [deleteCategory_InsufficientPermissions_ReturnsForbidden], class annotated with @DirtiesContext [false] with mode [null], method annotated with @DirtiesContext [false] with mode [null]
]]></system-out>
  </testcase>
  <testcase name="deleteCategory_InvalidAuthorizationHeader_ReturnsUnauthorized" classname="com.uma.wanchinchun.WanchinchunApplicationTests" time="0.01">
    <system-out><![CDATA[2025-05-28T20:58:01.343+02:00 DEBUG 2092 --- [wanchinchun] [           main] DependencyInjectionTestExecutionListener : Performing dependency injection for test class com.uma.wanchinchun.WanchinchunApplicationTests
2025-05-28T20:58:01.344+02:00 DEBUG 2092 --- [wanchinchun] [           main] org.springframework.test.context.cache   : Spring test ApplicationContext cache statistics: [DefaultContextCache@6ee7c941 size = 1, maxSize = 32, parentContextCount = 0, hitCount = 130, missCount = 1, failureCount = 0]
2025-05-28T20:58:01.344+02:00 DEBUG 2092 --- [wanchinchun] [           main] org.springframework.test.context.cache   : Spring test ApplicationContext cache statistics: [DefaultContextCache@6ee7c941 size = 1, maxSize = 32, parentContextCount = 0, hitCount = 131, missCount = 1, failureCount = 0]
2025-05-28T20:58:01.345+02:00 DEBUG 2092 --- [wanchinchun] [           main] sContextBeforeModesTestExecutionListener : Before test method: class [WanchinchunApplicationTests], method [deleteCategory_InvalidAuthorizationHeader_ReturnsUnauthorized], class annotated with @DirtiesContext [false] with mode [null], method annotated with @DirtiesContext [false] with mode [null]
2025-05-28T20:58:01.346+02:00 DEBUG 2092 --- [wanchinchun] [           main] org.springframework.test.context.cache   : Spring test ApplicationContext cache statistics: [DefaultContextCache@6ee7c941 size = 1, maxSize = 32, parentContextCount = 0, hitCount = 132, missCount = 1, failureCount = 0]
2025-05-28T20:58:01.346+02:00 DEBUG 2092 --- [wanchinchun] [           main] org.springframework.test.context.cache   : Spring test ApplicationContext cache statistics: [DefaultContextCache@6ee7c941 size = 1, maxSize = 32, parentContextCount = 0, hitCount = 133, missCount = 1, failureCount = 0]
2025-05-28T20:58:01.346+02:00 DEBUG 2092 --- [wanchinchun] [           main] org.springframework.test.context.cache   : Spring test ApplicationContext cache statistics: [DefaultContextCache@6ee7c941 size = 1, maxSize = 32, parentContextCount = 0, hitCount = 134, missCount = 1, failureCount = 0]
2025-05-28T20:58:01.347+02:00 DEBUG 2092 --- [wanchinchun] [           main] org.springframework.test.context.cache   : Spring test ApplicationContext cache statistics: [DefaultContextCache@6ee7c941 size = 1, maxSize = 32, parentContextCount = 0, hitCount = 135, missCount = 1, failureCount = 0]
2025-05-28T20:58:01.347+02:00 DEBUG 2092 --- [wanchinchun] [           main] o.s.web.client.RestTemplate              : HTTP DELETE http://localhost:2151/categoria-producto/1
2025-05-28T20:58:01.348+02:00 DEBUG 2092 --- [wanchinchun] [           main] o.s.web.client.RestTemplate              : Accept=[text/plain, application/json, application/*+json, */*]
2025-05-28T20:58:01.349+02:00 DEBUG 2092 --- [wanchinchun] [o-auto-1-exec-1] o.s.web.servlet.DispatcherServlet        : DELETE "/categoria-producto/1", parameters={}
2025-05-28T20:58:01.349+02:00 DEBUG 2092 --- [wanchinchun] [o-auto-1-exec-1] s.w.s.m.m.a.RequestMappingHandlerMapping : Mapped to com.uma.wanchinchun.controllers.CategoryController#deleteCategory(Long, String)
2025-05-28T20:58:01.349+02:00 DEBUG 2092 --- [wanchinchun] [o-auto-1-exec-1] o.j.s.OpenEntityManagerInViewInterceptor : Opening JPA EntityManager in OpenEntityManagerInViewInterceptor
2025-05-28T20:58:01.350+02:00 DEBUG 2092 --- [wanchinchun] [o-auto-1-exec-1] o.s.w.s.m.m.a.HttpEntityMethodProcessor  : Using 'application/json', given [text/plain, application/json, application/*+json, */*] and supported [application/json, application/*+json]
2025-05-28T20:58:01.350+02:00 DEBUG 2092 --- [wanchinchun] [o-auto-1-exec-1] o.s.w.s.m.m.a.HttpEntityMethodProcessor  : Nothing to write: null body
2025-05-28T20:58:01.350+02:00 DEBUG 2092 --- [wanchinchun] [o-auto-1-exec-1] o.j.s.OpenEntityManagerInViewInterceptor : Closing JPA EntityManager in OpenEntityManagerInViewInterceptor
2025-05-28T20:58:01.350+02:00 DEBUG 2092 --- [wanchinchun] [o-auto-1-exec-1] o.s.web.servlet.DispatcherServlet        : Completed 401 UNAUTHORIZED
2025-05-28T20:58:01.352+02:00 DEBUG 2092 --- [wanchinchun] [           main] o.s.web.client.RestTemplate              : Response 401 UNAUTHORIZED
2025-05-28T20:58:01.352+02:00 DEBUG 2092 --- [wanchinchun] [           main] org.springframework.test.context.cache   : Spring test ApplicationContext cache statistics: [DefaultContextCache@6ee7c941 size = 1, maxSize = 32, parentContextCount = 0, hitCount = 136, missCount = 1, failureCount = 0]
2025-05-28T20:58:01.352+02:00 DEBUG 2092 --- [wanchinchun] [           main] org.springframework.test.context.cache   : Spring test ApplicationContext cache statistics: [DefaultContextCache@6ee7c941 size = 1, maxSize = 32, parentContextCount = 0, hitCount = 137, missCount = 1, failureCount = 0]
2025-05-28T20:58:01.352+02:00 DEBUG 2092 --- [wanchinchun] [           main] org.springframework.test.context.cache   : Spring test ApplicationContext cache statistics: [DefaultContextCache@6ee7c941 size = 1, maxSize = 32, parentContextCount = 0, hitCount = 138, missCount = 1, failureCount = 0]
2025-05-28T20:58:01.352+02:00 DEBUG 2092 --- [wanchinchun] [           main] org.springframework.test.context.cache   : Spring test ApplicationContext cache statistics: [DefaultContextCache@6ee7c941 size = 1, maxSize = 32, parentContextCount = 0, hitCount = 139, missCount = 1, failureCount = 0]
2025-05-28T20:58:01.352+02:00 DEBUG 2092 --- [wanchinchun] [           main] org.springframework.test.context.cache   : Spring test ApplicationContext cache statistics: [DefaultContextCache@6ee7c941 size = 1, maxSize = 32, parentContextCount = 0, hitCount = 140, missCount = 1, failureCount = 0]
2025-05-28T20:58:01.354+02:00 DEBUG 2092 --- [wanchinchun] [           main] org.springframework.test.context.cache   : Spring test ApplicationContext cache statistics: [DefaultContextCache@6ee7c941 size = 1, maxSize = 32, parentContextCount = 0, hitCount = 141, missCount = 1, failureCount = 0]
2025-05-28T20:58:01.354+02:00 DEBUG 2092 --- [wanchinchun] [           main] org.springframework.test.context.cache   : Spring test ApplicationContext cache statistics: [DefaultContextCache@6ee7c941 size = 1, maxSize = 32, parentContextCount = 0, hitCount = 142, missCount = 1, failureCount = 0]
2025-05-28T20:58:01.354+02:00 DEBUG 2092 --- [wanchinchun] [           main] .c.s.DirtiesContextTestExecutionListener : After test method: class [WanchinchunApplicationTests], method [deleteCategory_InvalidAuthorizationHeader_ReturnsUnauthorized], class annotated with @DirtiesContext [false] with mode [null], method annotated with @DirtiesContext [false] with mode [null]
]]></system-out>
  </testcase>
  <testcase name="getAllCategories_ReturnsOk" classname="com.uma.wanchinchun.WanchinchunApplicationTests" time="0.074">
    <system-out><![CDATA[2025-05-28T20:58:01.356+02:00 DEBUG 2092 --- [wanchinchun] [           main] DependencyInjectionTestExecutionListener : Performing dependency injection for test class com.uma.wanchinchun.WanchinchunApplicationTests
2025-05-28T20:58:01.356+02:00 DEBUG 2092 --- [wanchinchun] [           main] org.springframework.test.context.cache   : Spring test ApplicationContext cache statistics: [DefaultContextCache@6ee7c941 size = 1, maxSize = 32, parentContextCount = 0, hitCount = 143, missCount = 1, failureCount = 0]
2025-05-28T20:58:01.357+02:00 DEBUG 2092 --- [wanchinchun] [           main] org.springframework.test.context.cache   : Spring test ApplicationContext cache statistics: [DefaultContextCache@6ee7c941 size = 1, maxSize = 32, parentContextCount = 0, hitCount = 144, missCount = 1, failureCount = 0]
2025-05-28T20:58:01.357+02:00 DEBUG 2092 --- [wanchinchun] [           main] sContextBeforeModesTestExecutionListener : Before test method: class [WanchinchunApplicationTests], method [getAllCategories_ReturnsOk], class annotated with @DirtiesContext [false] with mode [null], method annotated with @DirtiesContext [false] with mode [null]
2025-05-28T20:58:01.357+02:00 DEBUG 2092 --- [wanchinchun] [           main] org.springframework.test.context.cache   : Spring test ApplicationContext cache statistics: [DefaultContextCache@6ee7c941 size = 1, maxSize = 32, parentContextCount = 0, hitCount = 145, missCount = 1, failureCount = 0]
2025-05-28T20:58:01.359+02:00 DEBUG 2092 --- [wanchinchun] [           main] org.springframework.test.context.cache   : Spring test ApplicationContext cache statistics: [DefaultContextCache@6ee7c941 size = 1, maxSize = 32, parentContextCount = 0, hitCount = 146, missCount = 1, failureCount = 0]
2025-05-28T20:58:01.359+02:00 DEBUG 2092 --- [wanchinchun] [           main] org.springframework.test.context.cache   : Spring test ApplicationContext cache statistics: [DefaultContextCache@6ee7c941 size = 1, maxSize = 32, parentContextCount = 0, hitCount = 147, missCount = 1, failureCount = 0]
2025-05-28T20:58:01.360+02:00 DEBUG 2092 --- [wanchinchun] [           main] org.springframework.test.context.cache   : Spring test ApplicationContext cache statistics: [DefaultContextCache@6ee7c941 size = 1, maxSize = 32, parentContextCount = 0, hitCount = 148, missCount = 1, failureCount = 0]
2025-05-28T20:58:01.360+02:00 DEBUG 2092 --- [wanchinchun] [           main] o.s.web.client.RestTemplate              : HTTP GET http://localhost:2151/categoria-producto
2025-05-28T20:58:01.360+02:00 DEBUG 2092 --- [wanchinchun] [           main] o.s.web.client.RestTemplate              : Accept=[text/plain, application/json, application/*+json, */*]
2025-05-28T20:58:01.362+02:00 DEBUG 2092 --- [wanchinchun] [o-auto-1-exec-3] o.s.web.servlet.DispatcherServlet        : GET "/categoria-producto", parameters={}
2025-05-28T20:58:01.362+02:00 DEBUG 2092 --- [wanchinchun] [o-auto-1-exec-3] s.w.s.m.m.a.RequestMappingHandlerMapping : Mapped to com.uma.wanchinchun.controllers.CategoryController#getAllCategories(String)
2025-05-28T20:58:01.362+02:00 DEBUG 2092 --- [wanchinchun] [o-auto-1-exec-3] o.j.s.OpenEntityManagerInViewInterceptor : Opening JPA EntityManager in OpenEntityManagerInViewInterceptor
2025-05-28T20:58:01.364+02:00 DEBUG 2092 --- [wanchinchun] [o-auto-1-exec-3] o.s.orm.jpa.JpaTransactionManager        : Found thread-bound EntityManager [SessionImpl(958888184<open>)] for JPA transaction
2025-05-28T20:58:01.364+02:00 DEBUG 2092 --- [wanchinchun] [o-auto-1-exec-3] o.s.orm.jpa.JpaTransactionManager        : Creating new transaction with name [org.springframework.data.jpa.repository.support.SimpleJpaRepository.findAll]: PROPAGATION_REQUIRED,ISOLATION_DEFAULT,readOnly
2025-05-28T20:58:01.364+02:00 DEBUG 2092 --- [wanchinchun] [o-auto-1-exec-3] o.s.jdbc.datasource.DataSourceUtils      : Setting JDBC Connection [HikariProxyConnection@1251926527 wrapping conn0: url=jdbc:h2:file:./data/wanchinchun_db user=SA] read-only
2025-05-28T20:58:01.364+02:00 DEBUG 2092 --- [wanchinchun] [o-auto-1-exec-3] o.h.e.t.internal.TransactionImpl         : On TransactionImpl creation, JpaCompliance#isJpaTransactionComplianceEnabled == false
2025-05-28T20:58:01.364+02:00 DEBUG 2092 --- [wanchinchun] [o-auto-1-exec-3] o.h.e.t.internal.TransactionImpl         : begin
2025-05-28T20:58:01.364+02:00 DEBUG 2092 --- [wanchinchun] [o-auto-1-exec-3] o.s.orm.jpa.JpaTransactionManager        : Exposing JPA transaction as JDBC [org.springframework.orm.jpa.vendor.HibernateJpaDialect$HibernateConnectionHandle@50e716dd]
2025-05-28T20:58:01.411+02:00 DEBUG 2092 --- [wanchinchun] [o-auto-1-exec-3] org.hibernate.orm.sql.ast.create         : Created new SQL alias : c1_0
2025-05-28T20:58:01.411+02:00 DEBUG 2092 --- [wanchinchun] [o-auto-1-exec-3] org.hibernate.orm.sql.ast.create         : Registration of TableGroup [StandardTableGroup(com.uma.wanchinchun.models.Category(11))] with identifierForTableGroup [com.uma.wanchinchun.models.Category] for NavigablePath [com.uma.wanchinchun.models.Category] 
2025-05-28T20:58:01.418+02:00 DEBUG 2092 --- [wanchinchun] [o-auto-1-exec-3] org.hibernate.orm.results.graph.AST      : DomainResult Graph:
 \-EntityResultImpl [com.uma.wanchinchun.models.Category(11)]
 |  +-BasicFetch [com.uma.wanchinchun.models.Category(11).nombre]
 |  \-DelayedCollectionFetch [com.uma.wanchinchun.models.Category(11).productos]

2025-05-28T20:58:01.418+02:00 DEBUG 2092 --- [wanchinchun] [o-auto-1-exec-3] org.hibernate.orm.sql.ast.tree           : SQL AST Tree:
    SelectStatement {
      FromClause {
        StandardTableGroup (c1 : com.uma.wanchinchun.models.Category(11)) {
          primaryTableReference : categorias as c1_0
        }
      }
    }

2025-05-28T20:58:01.420+02:00 DEBUG 2092 --- [wanchinchun] [o-auto-1-exec-3] org.hibernate.orm.sql.exec               : Skipping reading Query result cache data: cache-enabled = false, cache-mode = NORMAL
2025-05-28T20:58:01.420+02:00 DEBUG 2092 --- [wanchinchun] [o-auto-1-exec-3] org.hibernate.SQL                        : 
    select
        c1_0.id,
        c1_0.nombre 
    from
        categorias c1_0
Hibernate: 
    select
        c1_0.id,
        c1_0.nombre 
    from
        categorias c1_0
2025-05-28T20:58:01.421+02:00 DEBUG 2092 --- [wanchinchun] [o-auto-1-exec-3] org.hibernate.orm.results                : Initializer list:
	  com.uma.wanchinchun.models.Category(11).productos -> DelayedCollectionInitializer(com.uma.wanchinchun.models.Category(11).productos)@77312200 (PluralAttribute(com.uma.wanchinchun.models.Category.productos))
	  com.uma.wanchinchun.models.Category(11) -> EntityJoinedFetchInitializer(com.uma.wanchinchun.models.Category(11))@1096639592 (SingleTableEntityPersister(com.uma.wanchinchun.models.Category))

2025-05-28T20:58:01.422+02:00 DEBUG 2092 --- [wanchinchun] [o-auto-1-exec-3] o.s.orm.jpa.JpaTransactionManager        : Initiating transaction commit
2025-05-28T20:58:01.422+02:00 DEBUG 2092 --- [wanchinchun] [o-auto-1-exec-3] o.s.orm.jpa.JpaTransactionManager        : Committing JPA transaction on EntityManager [SessionImpl(958888184<open>)]
2025-05-28T20:58:01.422+02:00 DEBUG 2092 --- [wanchinchun] [o-auto-1-exec-3] o.h.e.t.internal.TransactionImpl         : committing
2025-05-28T20:58:01.422+02:00 DEBUG 2092 --- [wanchinchun] [o-auto-1-exec-3] o.s.jdbc.datasource.DataSourceUtils      : Resetting read-only flag of JDBC Connection [HikariProxyConnection@1251926527 wrapping conn0: url=jdbc:h2:file:./data/wanchinchun_db user=SA]
2025-05-28T20:58:01.422+02:00 DEBUG 2092 --- [wanchinchun] [o-auto-1-exec-3] o.s.orm.jpa.JpaTransactionManager        : Not closing pre-bound JPA EntityManager after transaction
2025-05-28T20:58:01.423+02:00 DEBUG 2092 --- [wanchinchun] [o-auto-1-exec-3] org.hibernate.orm.sql.exec               : Skipping reading Query result cache data: cache-enabled = false, cache-mode = IGNORE
2025-05-28T20:58:01.423+02:00 DEBUG 2092 --- [wanchinchun] [o-auto-1-exec-3] org.hibernate.SQL                        : 
    select
        p1_0.categoria_id,
        p1_1.id,
        p1_1.creado,
        p1_1.gtin,
        p1_1.id_cuenta,
        p1_1.miniatura,
        p1_1.modificado,
        p1_1.nombre,
        p1_1.sku,
        p1_1.texto_corto 
    from
        producto_categoria p1_0 
    join
        productos p1_1 
            on p1_1.id=p1_0.producto_id 
    where
        p1_0.categoria_id=?
Hibernate: 
    select
        p1_0.categoria_id,
        p1_1.id,
        p1_1.creado,
        p1_1.gtin,
        p1_1.id_cuenta,
        p1_1.miniatura,
        p1_1.modificado,
        p1_1.nombre,
        p1_1.sku,
        p1_1.texto_corto 
    from
        producto_categoria p1_0 
    join
        productos p1_1 
            on p1_1.id=p1_0.producto_id 
    where
        p1_0.categoria_id=?
2025-05-28T20:58:01.423+02:00 DEBUG 2092 --- [wanchinchun] [o-auto-1-exec-3] o.h.sql.results.internal.ResultsHelper   : Collection fully initialized: [com.uma.wanchinchun.models.Category.productos#2]
2025-05-28T20:58:01.423+02:00 DEBUG 2092 --- [wanchinchun] [o-auto-1-exec-3] org.hibernate.orm.sql.exec               : Skipping reading Query result cache data: cache-enabled = false, cache-mode = IGNORE
2025-05-28T20:58:01.423+02:00 DEBUG 2092 --- [wanchinchun] [o-auto-1-exec-3] org.hibernate.SQL                        : 
    select
        p1_0.categoria_id,
        p1_1.id,
        p1_1.creado,
        p1_1.gtin,
        p1_1.id_cuenta,
        p1_1.miniatura,
        p1_1.modificado,
        p1_1.nombre,
        p1_1.sku,
        p1_1.texto_corto 
    from
        producto_categoria p1_0 
    join
        productos p1_1 
            on p1_1.id=p1_0.producto_id 
    where
        p1_0.categoria_id=?
Hibernate: 
    select
        p1_0.categoria_id,
        p1_1.id,
        p1_1.creado,
        p1_1.gtin,
        p1_1.id_cuenta,
        p1_1.miniatura,
        p1_1.modificado,
        p1_1.nombre,
        p1_1.sku,
        p1_1.texto_corto 
    from
        producto_categoria p1_0 
    join
        productos p1_1 
            on p1_1.id=p1_0.producto_id 
    where
        p1_0.categoria_id=?
2025-05-28T20:58:01.424+02:00 DEBUG 2092 --- [wanchinchun] [o-auto-1-exec-3] o.h.sql.results.internal.ResultsHelper   : Collection fully initialized: [com.uma.wanchinchun.models.Category.productos#3]
2025-05-28T20:58:01.425+02:00 DEBUG 2092 --- [wanchinchun] [o-auto-1-exec-3] o.s.w.s.m.m.a.HttpEntityMethodProcessor  : Using 'application/json', given [text/plain, application/json, application/*+json, */*] and supported [application/json, application/*+json]
2025-05-28T20:58:01.425+02:00 DEBUG 2092 --- [wanchinchun] [o-auto-1-exec-3] o.s.w.s.m.m.a.HttpEntityMethodProcessor  : Writing [[com.uma.wanchinchun.dtos.CategoryDTO@76300a15, com.uma.wanchinchun.dtos.CategoryDTO@1415b869]]
2025-05-28T20:58:01.426+02:00 DEBUG 2092 --- [wanchinchun] [o-auto-1-exec-3] o.j.s.OpenEntityManagerInViewInterceptor : Closing JPA EntityManager in OpenEntityManagerInViewInterceptor
2025-05-28T20:58:01.426+02:00 DEBUG 2092 --- [wanchinchun] [o-auto-1-exec-3] o.s.web.servlet.DispatcherServlet        : Completed 200 OK
2025-05-28T20:58:01.426+02:00 DEBUG 2092 --- [wanchinchun] [           main] o.s.web.client.RestTemplate              : Response 200 OK
2025-05-28T20:58:01.426+02:00 DEBUG 2092 --- [wanchinchun] [           main] o.s.web.client.RestTemplate              : Reading to [java.lang.String] as "application/json"
2025-05-28T20:58:01.428+02:00 DEBUG 2092 --- [wanchinchun] [           main] org.springframework.test.context.cache   : Spring test ApplicationContext cache statistics: [DefaultContextCache@6ee7c941 size = 1, maxSize = 32, parentContextCount = 0, hitCount = 149, missCount = 1, failureCount = 0]
2025-05-28T20:58:01.429+02:00 DEBUG 2092 --- [wanchinchun] [           main] org.springframework.test.context.cache   : Spring test ApplicationContext cache statistics: [DefaultContextCache@6ee7c941 size = 1, maxSize = 32, parentContextCount = 0, hitCount = 150, missCount = 1, failureCount = 0]
2025-05-28T20:58:01.429+02:00 DEBUG 2092 --- [wanchinchun] [           main] org.springframework.test.context.cache   : Spring test ApplicationContext cache statistics: [DefaultContextCache@6ee7c941 size = 1, maxSize = 32, parentContextCount = 0, hitCount = 151, missCount = 1, failureCount = 0]
2025-05-28T20:58:01.429+02:00 DEBUG 2092 --- [wanchinchun] [           main] org.springframework.test.context.cache   : Spring test ApplicationContext cache statistics: [DefaultContextCache@6ee7c941 size = 1, maxSize = 32, parentContextCount = 0, hitCount = 152, missCount = 1, failureCount = 0]
2025-05-28T20:58:01.430+02:00 DEBUG 2092 --- [wanchinchun] [           main] org.springframework.test.context.cache   : Spring test ApplicationContext cache statistics: [DefaultContextCache@6ee7c941 size = 1, maxSize = 32, parentContextCount = 0, hitCount = 153, missCount = 1, failureCount = 0]
2025-05-28T20:58:01.430+02:00 DEBUG 2092 --- [wanchinchun] [           main] org.springframework.test.context.cache   : Spring test ApplicationContext cache statistics: [DefaultContextCache@6ee7c941 size = 1, maxSize = 32, parentContextCount = 0, hitCount = 154, missCount = 1, failureCount = 0]
2025-05-28T20:58:01.431+02:00 DEBUG 2092 --- [wanchinchun] [           main] org.springframework.test.context.cache   : Spring test ApplicationContext cache statistics: [DefaultContextCache@6ee7c941 size = 1, maxSize = 32, parentContextCount = 0, hitCount = 155, missCount = 1, failureCount = 0]
2025-05-28T20:58:01.431+02:00 DEBUG 2092 --- [wanchinchun] [           main] .c.s.DirtiesContextTestExecutionListener : After test method: class [WanchinchunApplicationTests], method [getAllCategories_ReturnsOk], class annotated with @DirtiesContext [false] with mode [null], method annotated with @DirtiesContext [false] with mode [null]
]]></system-out>
  </testcase>
</testsuite>